-- The C compiler identification is GNU 13.2.0
-- The CXX compiler identification is GNU 13.2.0
-- Detecting C compiler ABI info
-- Detecting C compiler ABI info - done
-- Check for working C compiler: /usr/bin/cc - skipped
-- Detecting C compile features
-- Detecting C compile features - done
-- Detecting CXX compiler ABI info
-- Detecting CXX compiler ABI info - done
-- Check for working CXX compiler: /usr/bin/c++ - skipped
-- Detecting CXX compile features
-- Detecting CXX compile features - done
-- Found ament_cmake: 2.5.2 (/opt/ros/jazzy/share/ament_cmake/cmake)
-- Found Python3: /usr/bin/python3 (found version "3.12.3") found components: Interpreter 
-- Found rosidl_default_generators: 1.6.0 (/opt/ros/jazzy/share/rosidl_default_generators/cmake)
-- Using all available rosidl_typesupport_c: rosidl_typesupport_fastrtps_c;rosidl_typesupport_introspection_c
-- Using all available rosidl_typesupport_cpp: rosidl_typesupport_fastrtps_cpp;rosidl_typesupport_introspection_cpp
-- Found rosidl_adapter: 4.6.4 (/opt/ros/jazzy/share/rosidl_adapter/cmake)
-- Found ament_cmake_ros: 0.12.0 (/opt/ros/jazzy/share/ament_cmake_ros/cmake)
-- Using all available rosidl_typesupport_c: rosidl_typesupport_fastrtps_c;rosidl_typesupport_introspection_c
-- Using all available rosidl_typesupport_cpp: rosidl_typesupport_fastrtps_cpp;rosidl_typesupport_introspection_cpp
-- Found python_cmake_module: 0.11.1 (/opt/ros/jazzy/share/python_cmake_module/cmake)
-- Found PythonExtra: /usr/bin/python3  
-- Found Python3: /usr/bin/python3 (found version "3.12.3") found components: Interpreter Development NumPy Development.Module Development.Embed 
-- Configuring done (11.1s)
-- Generating done (0.2s)
-- Build files have been written to: /home/robotica/nao_ws/src/build/speech_interfaces
[  1%] [34m[1mGenerating type hashes for ROS interfaces[0m
[  1%] Built target ament_cmake_python_copy_speech_interfaces
[  1%] Built target speech_interfaces__rosidl_generator_type_description
[  3%] [34m[1mGenerating C code for ROS interfaces[0m
[  4%] [34m[1mGenerating C++ code for ROS interfaces[0m
running egg_info
creating speech_interfaces.egg-info
writing speech_interfaces.egg-info/PKG-INFO
writing dependency_links to speech_interfaces.egg-info/dependency_links.txt
writing top-level names to speech_interfaces.egg-info/top_level.txt
writing manifest file 'speech_interfaces.egg-info/SOURCES.txt'
reading manifest file 'speech_interfaces.egg-info/SOURCES.txt'
writing manifest file 'speech_interfaces.egg-info/SOURCES.txt'
[  4%] Built target ament_cmake_python_build_speech_interfaces_egg
[  6%] [32mBuilding C object CMakeFiles/speech_interfaces__rosidl_generator_c.dir/rosidl_generator_c/speech_interfaces/srv/detail/speak__description.c.o[0m
[  7%] [32mBuilding C object CMakeFiles/speech_interfaces__rosidl_generator_c.dir/rosidl_generator_c/speech_interfaces/srv/detail/speak__functions.c.o[0m
[  9%] [32mBuilding C object CMakeFiles/speech_interfaces__rosidl_generator_c.dir/rosidl_generator_c/speech_interfaces/srv/detail/speak__type_support.c.o[0m
[ 10%] [32mBuilding C object CMakeFiles/speech_interfaces__rosidl_generator_c.dir/rosidl_generator_c/speech_interfaces/srv/detail/play_song__description.c.o[0m
[ 12%] [32mBuilding C object CMakeFiles/speech_interfaces__rosidl_generator_c.dir/rosidl_generator_c/speech_interfaces/srv/detail/play_song__functions.c.o[0m
[ 14%] [32mBuilding C object CMakeFiles/speech_interfaces__rosidl_generator_c.dir/rosidl_generator_c/speech_interfaces/srv/detail/play_song__type_support.c.o[0m
[ 15%] [32mBuilding C object CMakeFiles/speech_interfaces__rosidl_generator_c.dir/rosidl_generator_c/speech_interfaces/srv/detail/change_voice__description.c.o[0m
[ 17%] [32mBuilding C object CMakeFiles/speech_interfaces__rosidl_generator_c.dir/rosidl_generator_c/speech_interfaces/srv/detail/change_voice__functions.c.o[0m
[ 18%] [32mBuilding C object CMakeFiles/speech_interfaces__rosidl_generator_c.dir/rosidl_generator_c/speech_interfaces/srv/detail/change_voice__type_support.c.o[0m
[ 20%] [32mBuilding C object CMakeFiles/speech_interfaces__rosidl_generator_c.dir/rosidl_generator_c/speech_interfaces/srv/detail/list_voices__description.c.o[0m
[ 21%] [32mBuilding C object CMakeFiles/speech_interfaces__rosidl_generator_c.dir/rosidl_generator_c/speech_interfaces/srv/detail/list_voices__functions.c.o[0m
[ 23%] [32mBuilding C object CMakeFiles/speech_interfaces__rosidl_generator_c.dir/rosidl_generator_c/speech_interfaces/srv/detail/list_voices__type_support.c.o[0m
[ 25%] [32m[1mLinking C shared library libspeech_interfaces__rosidl_generator_c.so[0m
[ 25%] Built target speech_interfaces__rosidl_generator_c
[ 25%] Built target speech_interfaces__cpp
[ 26%] [34m[1mGenerating C type support dispatch for ROS interfaces[0m
[ 28%] [32mBuilding CXX object CMakeFiles/speech_interfaces__rosidl_typesupport_c.dir/rosidl_typesupport_c/speech_interfaces/srv/speak__type_support.cpp.o[0m
[ 29%] [32mBuilding CXX object CMakeFiles/speech_interfaces__rosidl_typesupport_c.dir/rosidl_typesupport_c/speech_interfaces/srv/play_song__type_support.cpp.o[0m
[ 31%] [32mBuilding CXX object CMakeFiles/speech_interfaces__rosidl_typesupport_c.dir/rosidl_typesupport_c/speech_interfaces/srv/change_voice__type_support.cpp.o[0m
[ 32%] [32mBuilding CXX object CMakeFiles/speech_interfaces__rosidl_typesupport_c.dir/rosidl_typesupport_c/speech_interfaces/srv/list_voices__type_support.cpp.o[0m
[ 34%] [32m[1mLinking CXX shared library libspeech_interfaces__rosidl_typesupport_c.so[0m
[ 34%] Built target speech_interfaces__rosidl_typesupport_c
[ 35%] [34m[1mGenerating C++ type support for eProsima Fast-RTPS[0m
[ 37%] [32mBuilding CXX object CMakeFiles/speech_interfaces__rosidl_typesupport_fastrtps_cpp.dir/rosidl_typesupport_fastrtps_cpp/speech_interfaces/srv/detail/dds_fastrtps/speak__type_support.cpp.o[0m
[ 39%] [32mBuilding CXX object CMakeFiles/speech_interfaces__rosidl_typesupport_fastrtps_cpp.dir/rosidl_typesupport_fastrtps_cpp/speech_interfaces/srv/detail/dds_fastrtps/play_song__type_support.cpp.o[0m
[ 40%] [32mBuilding CXX object CMakeFiles/speech_interfaces__rosidl_typesupport_fastrtps_cpp.dir/rosidl_typesupport_fastrtps_cpp/speech_interfaces/srv/detail/dds_fastrtps/change_voice__type_support.cpp.o[0m
[ 42%] [32mBuilding CXX object CMakeFiles/speech_interfaces__rosidl_typesupport_fastrtps_cpp.dir/rosidl_typesupport_fastrtps_cpp/speech_interfaces/srv/detail/dds_fastrtps/list_voices__type_support.cpp.o[0m
[ 43%] [32m[1mLinking CXX shared library libspeech_interfaces__rosidl_typesupport_fastrtps_cpp.so[0m
[ 43%] Built target speech_interfaces__rosidl_typesupport_fastrtps_cpp
[ 45%] [34m[1mGenerating C++ introspection for ROS interfaces[0m
[ 46%] [32mBuilding CXX object CMakeFiles/speech_interfaces__rosidl_typesupport_introspection_cpp.dir/rosidl_typesupport_introspection_cpp/speech_interfaces/srv/detail/speak__type_support.cpp.o[0m
[ 48%] [32mBuilding CXX object CMakeFiles/speech_interfaces__rosidl_typesupport_introspection_cpp.dir/rosidl_typesupport_introspection_cpp/speech_interfaces/srv/detail/play_song__type_support.cpp.o[0m
[ 50%] [32mBuilding CXX object CMakeFiles/speech_interfaces__rosidl_typesupport_introspection_cpp.dir/rosidl_typesupport_introspection_cpp/speech_interfaces/srv/detail/change_voice__type_support.cpp.o[0m
[ 51%] [32mBuilding CXX object CMakeFiles/speech_interfaces__rosidl_typesupport_introspection_cpp.dir/rosidl_typesupport_introspection_cpp/speech_interfaces/srv/detail/list_voices__type_support.cpp.o[0m
[ 53%] [32m[1mLinking CXX shared library libspeech_interfaces__rosidl_typesupport_introspection_cpp.so[0m
[ 53%] Built target speech_interfaces__rosidl_typesupport_introspection_cpp
[ 54%] [34m[1mGenerating C++ type support dispatch for ROS interfaces[0m
[ 56%] [32mBuilding CXX object CMakeFiles/speech_interfaces__rosidl_typesupport_cpp.dir/rosidl_typesupport_cpp/speech_interfaces/srv/speak__type_support.cpp.o[0m
[ 57%] [32mBuilding CXX object CMakeFiles/speech_interfaces__rosidl_typesupport_cpp.dir/rosidl_typesupport_cpp/speech_interfaces/srv/play_song__type_support.cpp.o[0m
[ 59%] [32mBuilding CXX object CMakeFiles/speech_interfaces__rosidl_typesupport_cpp.dir/rosidl_typesupport_cpp/speech_interfaces/srv/change_voice__type_support.cpp.o[0m
[ 60%] [32mBuilding CXX object CMakeFiles/speech_interfaces__rosidl_typesupport_cpp.dir/rosidl_typesupport_cpp/speech_interfaces/srv/list_voices__type_support.cpp.o[0m
[ 62%] [32m[1mLinking CXX shared library libspeech_interfaces__rosidl_typesupport_cpp.so[0m
[ 62%] Built target speech_interfaces__rosidl_typesupport_cpp
[ 64%] [34m[1mGenerating C introspection for ROS interfaces[0m
[ 65%] [32mBuilding C object CMakeFiles/speech_interfaces__rosidl_typesupport_introspection_c.dir/rosidl_typesupport_introspection_c/speech_interfaces/srv/detail/speak__type_support.c.o[0m
[ 67%] [32mBuilding C object CMakeFiles/speech_interfaces__rosidl_typesupport_introspection_c.dir/rosidl_typesupport_introspection_c/speech_interfaces/srv/detail/change_voice__type_support.c.o[0m
[ 68%] [32mBuilding C object CMakeFiles/speech_interfaces__rosidl_typesupport_introspection_c.dir/rosidl_typesupport_introspection_c/speech_interfaces/srv/detail/list_voices__type_support.c.o[0m
[ 70%] [32mBuilding C object CMakeFiles/speech_interfaces__rosidl_typesupport_introspection_c.dir/rosidl_typesupport_introspection_c/speech_interfaces/srv/detail/play_song__type_support.c.o[0m
[ 71%] [32m[1mLinking C shared library libspeech_interfaces__rosidl_typesupport_introspection_c.so[0m
[ 71%] Built target speech_interfaces__rosidl_typesupport_introspection_c
[ 73%] [34m[1mGenerating C type support for eProsima Fast-RTPS[0m
[ 75%] [32mBuilding CXX object CMakeFiles/speech_interfaces__rosidl_typesupport_fastrtps_c.dir/rosidl_typesupport_fastrtps_c/speech_interfaces/srv/detail/speak__type_support_c.cpp.o[0m
[ 76%] [32mBuilding CXX object CMakeFiles/speech_interfaces__rosidl_typesupport_fastrtps_c.dir/rosidl_typesupport_fastrtps_c/speech_interfaces/srv/detail/list_voices__type_support_c.cpp.o[0m
[ 78%] [32mBuilding CXX object CMakeFiles/speech_interfaces__rosidl_typesupport_fastrtps_c.dir/rosidl_typesupport_fastrtps_c/speech_interfaces/srv/detail/change_voice__type_support_c.cpp.o[0m
[ 79%] [32mBuilding CXX object CMakeFiles/speech_interfaces__rosidl_typesupport_fastrtps_c.dir/rosidl_typesupport_fastrtps_c/speech_interfaces/srv/detail/play_song__type_support_c.cpp.o[0m
[ 81%] [32m[1mLinking CXX shared library libspeech_interfaces__rosidl_typesupport_fastrtps_c.so[0m
[ 81%] Built target speech_interfaces__rosidl_typesupport_fastrtps_c
[ 81%] Built target speech_interfaces
[ 82%] [34m[1mGenerating Python code for ROS interfaces[0m
[ 82%] Built target speech_interfaces__py
[ 84%] [32mBuilding C object CMakeFiles/speech_interfaces__rosidl_generator_py.dir/rosidl_generator_py/speech_interfaces/srv/_speak_s.c.o[0m
[ 85%] [32mBuilding C object CMakeFiles/speech_interfaces__rosidl_generator_py.dir/rosidl_generator_py/speech_interfaces/srv/_list_voices_s.c.o[0m
[ 87%] [32mBuilding C object CMakeFiles/speech_interfaces__rosidl_generator_py.dir/rosidl_generator_py/speech_interfaces/srv/_change_voice_s.c.o[0m
[ 89%] [32mBuilding C object CMakeFiles/speech_interfaces__rosidl_generator_py.dir/rosidl_generator_py/speech_interfaces/srv/_play_song_s.c.o[0m
[ 90%] [32m[1mLinking C shared library libspeech_interfaces__rosidl_generator_py.so[0m
[ 90%] Built target speech_interfaces__rosidl_generator_py
[ 92%] [32mBuilding C object CMakeFiles/speech_interfaces_s__rosidl_typesupport_fastrtps_c.dir/rosidl_generator_py/speech_interfaces/_speech_interfaces_s.ep.rosidl_typesupport_fastrtps_c.c.o[0m
[ 93%] [32m[1mLinking C shared module rosidl_generator_py/speech_interfaces/speech_interfaces_s__rosidl_typesupport_fastrtps_c.so[0m
[ 93%] Built target speech_interfaces_s__rosidl_typesupport_fastrtps_c
[ 95%] [32mBuilding C object CMakeFiles/speech_interfaces_s__rosidl_typesupport_c.dir/rosidl_generator_py/speech_interfaces/_speech_interfaces_s.ep.rosidl_typesupport_c.c.o[0m
[ 96%] [32m[1mLinking C shared module rosidl_generator_py/speech_interfaces/speech_interfaces_s__rosidl_typesupport_c.so[0m
[ 96%] Built target speech_interfaces_s__rosidl_typesupport_c
[ 98%] [32mBuilding C object CMakeFiles/speech_interfaces_s__rosidl_typesupport_introspection_c.dir/rosidl_generator_py/speech_interfaces/_speech_interfaces_s.ep.rosidl_typesupport_introspection_c.c.o[0m
[100%] [32m[1mLinking C shared module rosidl_generator_py/speech_interfaces/speech_interfaces_s__rosidl_typesupport_introspection_c.so[0m
[100%] Built target speech_interfaces_s__rosidl_typesupport_introspection_c
-- Install configuration: ""
-- Installing: /home/robotica/nao_ws/src/install/speech_interfaces/share/ament_index/resource_index/rosidl_interfaces/speech_interfaces
-- Installing: /home/robotica/nao_ws/src/install/speech_interfaces/share/speech_interfaces/srv/Speak.json
-- Installing: /home/robotica/nao_ws/src/install/speech_interfaces/share/speech_interfaces/srv/PlaySong.json
-- Installing: /home/robotica/nao_ws/src/install/speech_interfaces/share/speech_interfaces/srv/ChangeVoice.json
-- Installing: /home/robotica/nao_ws/src/install/speech_interfaces/share/speech_interfaces/srv/ListVoices.json
-- Installing: /home/robotica/nao_ws/src/install/speech_interfaces/include/speech_interfaces/speech_interfaces
-- Installing: /home/robotica/nao_ws/src/install/speech_interfaces/include/speech_interfaces/speech_interfaces/srv
-- Installing: /home/robotica/nao_ws/src/install/speech_interfaces/include/speech_interfaces/speech_interfaces/srv/play_song.h
-- Installing: /home/robotica/nao_ws/src/install/speech_interfaces/include/speech_interfaces/speech_interfaces/srv/speak.h
-- Installing: /home/robotica/nao_ws/src/install/speech_interfaces/include/speech_interfaces/speech_interfaces/srv/list_voices.h
-- Installing: /home/robotica/nao_ws/src/install/speech_interfaces/include/speech_interfaces/speech_interfaces/srv/change_voice.h
-- Installing: /home/robotica/nao_ws/src/install/speech_interfaces/include/speech_interfaces/speech_interfaces/srv/detail
-- Installing: /home/robotica/nao_ws/src/install/speech_interfaces/include/speech_interfaces/speech_interfaces/srv/detail/change_voice__functions.c
-- Installing: /home/robotica/nao_ws/src/install/speech_interfaces/include/speech_interfaces/speech_interfaces/srv/detail/play_song__functions.h
-- Installing: /home/robotica/nao_ws/src/install/speech_interfaces/include/speech_interfaces/speech_interfaces/srv/detail/play_song__type_support.c
-- Installing: /home/robotica/nao_ws/src/install/speech_interfaces/include/speech_interfaces/speech_interfaces/srv/detail/speak__functions.h
-- Installing: /home/robotica/nao_ws/src/install/speech_interfaces/include/speech_interfaces/speech_interfaces/srv/detail/play_song__functions.c
-- Installing: /home/robotica/nao_ws/src/install/speech_interfaces/include/speech_interfaces/speech_interfaces/srv/detail/list_voices__description.c
-- Installing: /home/robotica/nao_ws/src/install/speech_interfaces/include/speech_interfaces/speech_interfaces/srv/detail/list_voices__functions.c
-- Installing: /home/robotica/nao_ws/src/install/speech_interfaces/include/speech_interfaces/speech_interfaces/srv/detail/speak__type_support.c
-- Installing: /home/robotica/nao_ws/src/install/speech_interfaces/include/speech_interfaces/speech_interfaces/srv/detail/change_voice__functions.h
-- Installing: /home/robotica/nao_ws/src/install/speech_interfaces/include/speech_interfaces/speech_interfaces/srv/detail/list_voices__type_support.h
-- Installing: /home/robotica/nao_ws/src/install/speech_interfaces/include/speech_interfaces/speech_interfaces/srv/detail/play_song__type_support.h
-- Installing: /home/robotica/nao_ws/src/install/speech_interfaces/include/speech_interfaces/speech_interfaces/srv/detail/change_voice__type_support.h
-- Installing: /home/robotica/nao_ws/src/install/speech_interfaces/include/speech_interfaces/speech_interfaces/srv/detail/play_song__description.c
-- Installing: /home/robotica/nao_ws/src/install/speech_interfaces/include/speech_interfaces/speech_interfaces/srv/detail/change_voice__description.c
-- Installing: /home/robotica/nao_ws/src/install/speech_interfaces/include/speech_interfaces/speech_interfaces/srv/detail/speak__struct.h
-- Installing: /home/robotica/nao_ws/src/install/speech_interfaces/include/speech_interfaces/speech_interfaces/srv/detail/list_voices__functions.h
-- Installing: /home/robotica/nao_ws/src/install/speech_interfaces/include/speech_interfaces/speech_interfaces/srv/detail/speak__description.c
-- Installing: /home/robotica/nao_ws/src/install/speech_interfaces/include/speech_interfaces/speech_interfaces/srv/detail/change_voice__struct.h
-- Installing: /home/robotica/nao_ws/src/install/speech_interfaces/include/speech_interfaces/speech_interfaces/srv/detail/speak__functions.c
-- Installing: /home/robotica/nao_ws/src/install/speech_interfaces/include/speech_interfaces/speech_interfaces/srv/detail/change_voice__type_support.c
-- Installing: /home/robotica/nao_ws/src/install/speech_interfaces/include/speech_interfaces/speech_interfaces/srv/detail/play_song__struct.h
-- Installing: /home/robotica/nao_ws/src/install/speech_interfaces/include/speech_interfaces/speech_interfaces/srv/detail/speak__type_support.h
-- Installing: /home/robotica/nao_ws/src/install/speech_interfaces/include/speech_interfaces/speech_interfaces/srv/detail/list_voices__struct.h
-- Installing: /home/robotica/nao_ws/src/install/speech_interfaces/include/speech_interfaces/speech_interfaces/srv/detail/list_voices__type_support.c
-- Installing: /home/robotica/nao_ws/src/install/speech_interfaces/include/speech_interfaces/speech_interfaces/msg
-- Installing: /home/robotica/nao_ws/src/install/speech_interfaces/include/speech_interfaces/speech_interfaces/msg/rosidl_generator_c__visibility_control.h
-- Installing: /home/robotica/nao_ws/src/install/speech_interfaces/share/speech_interfaces/environment/library_path.sh
-- Installing: /home/robotica/nao_ws/src/install/speech_interfaces/share/speech_interfaces/environment/library_path.dsv
-- Installing: /home/robotica/nao_ws/src/install/speech_interfaces/lib/libspeech_interfaces__rosidl_generator_c.so
-- Set non-toolchain portion of runtime path of "/home/robotica/nao_ws/src/install/speech_interfaces/lib/libspeech_interfaces__rosidl_generator_c.so" to ""
-- Up-to-date: /home/robotica/nao_ws/src/install/speech_interfaces/include/speech_interfaces/speech_interfaces
-- Up-to-date: /home/robotica/nao_ws/src/install/speech_interfaces/include/speech_interfaces/speech_interfaces/srv
-- Up-to-date: /home/robotica/nao_ws/src/install/speech_interfaces/include/speech_interfaces/speech_interfaces/srv/detail
-- Installing: /home/robotica/nao_ws/src/install/speech_interfaces/include/speech_interfaces/speech_interfaces/srv/detail/change_voice__rosidl_typesupport_fastrtps_c.h
-- Installing: /home/robotica/nao_ws/src/install/speech_interfaces/include/speech_interfaces/speech_interfaces/srv/detail/play_song__rosidl_typesupport_fastrtps_c.h
-- Installing: /home/robotica/nao_ws/src/install/speech_interfaces/include/speech_interfaces/speech_interfaces/srv/detail/list_voices__rosidl_typesupport_fastrtps_c.h
-- Installing: /home/robotica/nao_ws/src/install/speech_interfaces/include/speech_interfaces/speech_interfaces/srv/detail/speak__rosidl_typesupport_fastrtps_c.h
-- Up-to-date: /home/robotica/nao_ws/src/install/speech_interfaces/include/speech_interfaces/speech_interfaces/msg
-- Installing: /home/robotica/nao_ws/src/install/speech_interfaces/include/speech_interfaces/speech_interfaces/msg/rosidl_typesupport_fastrtps_c__visibility_control.h
-- Installing: /home/robotica/nao_ws/src/install/speech_interfaces/lib/libspeech_interfaces__rosidl_typesupport_fastrtps_c.so
-- Set non-toolchain portion of runtime path of "/home/robotica/nao_ws/src/install/speech_interfaces/lib/libspeech_interfaces__rosidl_typesupport_fastrtps_c.so" to ""
-- Up-to-date: /home/robotica/nao_ws/src/install/speech_interfaces/include/speech_interfaces/speech_interfaces
-- Up-to-date: /home/robotica/nao_ws/src/install/speech_interfaces/include/speech_interfaces/speech_interfaces/srv
-- Up-to-date: /home/robotica/nao_ws/src/install/speech_interfaces/include/speech_interfaces/speech_interfaces/srv/detail
-- Installing: /home/robotica/nao_ws/src/install/speech_interfaces/include/speech_interfaces/speech_interfaces/srv/detail/play_song__type_support.c
-- Installing: /home/robotica/nao_ws/src/install/speech_interfaces/include/speech_interfaces/speech_interfaces/srv/detail/speak__type_support.c
-- Installing: /home/robotica/nao_ws/src/install/speech_interfaces/include/speech_interfaces/speech_interfaces/srv/detail/play_song__rosidl_typesupport_introspection_c.h
-- Installing: /home/robotica/nao_ws/src/install/speech_interfaces/include/speech_interfaces/speech_interfaces/srv/detail/list_voices__rosidl_typesupport_introspection_c.h
-- Installing: /home/robotica/nao_ws/src/install/speech_interfaces/include/speech_interfaces/speech_interfaces/srv/detail/change_voice__rosidl_typesupport_introspection_c.h
-- Installing: /home/robotica/nao_ws/src/install/speech_interfaces/include/speech_interfaces/speech_interfaces/srv/detail/speak__rosidl_typesupport_introspection_c.h
-- Installing: /home/robotica/nao_ws/src/install/speech_interfaces/include/speech_interfaces/speech_interfaces/srv/detail/change_voice__type_support.c
-- Installing: /home/robotica/nao_ws/src/install/speech_interfaces/include/speech_interfaces/speech_interfaces/srv/detail/list_voices__type_support.c
-- Up-to-date: /home/robotica/nao_ws/src/install/speech_interfaces/include/speech_interfaces/speech_interfaces/msg
-- Installing: /home/robotica/nao_ws/src/install/speech_interfaces/include/speech_interfaces/speech_interfaces/msg/rosidl_typesupport_introspection_c__visibility_control.h
-- Installing: /home/robotica/nao_ws/src/install/speech_interfaces/lib/libspeech_interfaces__rosidl_typesupport_introspection_c.so
-- Set non-toolchain portion of runtime path of "/home/robotica/nao_ws/src/install/speech_interfaces/lib/libspeech_interfaces__rosidl_typesupport_introspection_c.so" to ""
-- Installing: /home/robotica/nao_ws/src/install/speech_interfaces/lib/libspeech_interfaces__rosidl_typesupport_c.so
-- Set non-toolchain portion of runtime path of "/home/robotica/nao_ws/src/install/speech_interfaces/lib/libspeech_interfaces__rosidl_typesupport_c.so" to ""
-- Up-to-date: /home/robotica/nao_ws/src/install/speech_interfaces/include/speech_interfaces/speech_interfaces
-- Up-to-date: /home/robotica/nao_ws/src/install/speech_interfaces/include/speech_interfaces/speech_interfaces/srv
-- Installing: /home/robotica/nao_ws/src/install/speech_interfaces/include/speech_interfaces/speech_interfaces/srv/list_voices.hpp
-- Installing: /home/robotica/nao_ws/src/install/speech_interfaces/include/speech_interfaces/speech_interfaces/srv/speak.hpp
-- Installing: /home/robotica/nao_ws/src/install/speech_interfaces/include/speech_interfaces/speech_interfaces/srv/change_voice.hpp
-- Up-to-date: /home/robotica/nao_ws/src/install/speech_interfaces/include/speech_interfaces/speech_interfaces/srv/detail
-- Installing: /home/robotica/nao_ws/src/install/speech_interfaces/include/speech_interfaces/speech_interfaces/srv/detail/list_voices__type_support.hpp
-- Installing: /home/robotica/nao_ws/src/install/speech_interfaces/include/speech_interfaces/speech_interfaces/srv/detail/speak__traits.hpp
-- Installing: /home/robotica/nao_ws/src/install/speech_interfaces/include/speech_interfaces/speech_interfaces/srv/detail/change_voice__builder.hpp
-- Installing: /home/robotica/nao_ws/src/install/speech_interfaces/include/speech_interfaces/speech_interfaces/srv/detail/play_song__struct.hpp
-- Installing: /home/robotica/nao_ws/src/install/speech_interfaces/include/speech_interfaces/speech_interfaces/srv/detail/speak__builder.hpp
-- Installing: /home/robotica/nao_ws/src/install/speech_interfaces/include/speech_interfaces/speech_interfaces/srv/detail/speak__type_support.hpp
-- Installing: /home/robotica/nao_ws/src/install/speech_interfaces/include/speech_interfaces/speech_interfaces/srv/detail/play_song__builder.hpp
-- Installing: /home/robotica/nao_ws/src/install/speech_interfaces/include/speech_interfaces/speech_interfaces/srv/detail/list_voices__builder.hpp
-- Installing: /home/robotica/nao_ws/src/install/speech_interfaces/include/speech_interfaces/speech_interfaces/srv/detail/change_voice__type_support.hpp
-- Installing: /home/robotica/nao_ws/src/install/speech_interfaces/include/speech_interfaces/speech_interfaces/srv/detail/change_voice__traits.hpp
-- Installing: /home/robotica/nao_ws/src/install/speech_interfaces/include/speech_interfaces/speech_interfaces/srv/detail/change_voice__struct.hpp
-- Installing: /home/robotica/nao_ws/src/install/speech_interfaces/include/speech_interfaces/speech_interfaces/srv/detail/play_song__traits.hpp
-- Installing: /home/robotica/nao_ws/src/install/speech_interfaces/include/speech_interfaces/speech_interfaces/srv/detail/play_song__type_support.hpp
-- Installing: /home/robotica/nao_ws/src/install/speech_interfaces/include/speech_interfaces/speech_interfaces/srv/detail/speak__struct.hpp
-- Installing: /home/robotica/nao_ws/src/install/speech_interfaces/include/speech_interfaces/speech_interfaces/srv/detail/list_voices__struct.hpp
-- Installing: /home/robotica/nao_ws/src/install/speech_interfaces/include/speech_interfaces/speech_interfaces/srv/detail/list_voices__traits.hpp
-- Installing: /home/robotica/nao_ws/src/install/speech_interfaces/include/speech_interfaces/speech_interfaces/srv/play_song.hpp
-- Up-to-date: /home/robotica/nao_ws/src/install/speech_interfaces/include/speech_interfaces/speech_interfaces/msg
-- Installing: /home/robotica/nao_ws/src/install/speech_interfaces/include/speech_interfaces/speech_interfaces/msg/rosidl_generator_cpp__visibility_control.hpp
-- Up-to-date: /home/robotica/nao_ws/src/install/speech_interfaces/include/speech_interfaces/speech_interfaces
-- Up-to-date: /home/robotica/nao_ws/src/install/speech_interfaces/include/speech_interfaces/speech_interfaces/srv
-- Up-to-date: /home/robotica/nao_ws/src/install/speech_interfaces/include/speech_interfaces/speech_interfaces/srv/detail
-- Installing: /home/robotica/nao_ws/src/install/speech_interfaces/include/speech_interfaces/speech_interfaces/srv/detail/speak__rosidl_typesupport_fastrtps_cpp.hpp
-- Installing: /home/robotica/nao_ws/src/install/speech_interfaces/include/speech_interfaces/speech_interfaces/srv/detail/list_voices__rosidl_typesupport_fastrtps_cpp.hpp
-- Installing: /home/robotica/nao_ws/src/install/speech_interfaces/include/speech_interfaces/speech_interfaces/srv/detail/play_song__rosidl_typesupport_fastrtps_cpp.hpp
-- Installing: /home/robotica/nao_ws/src/install/speech_interfaces/include/speech_interfaces/speech_interfaces/srv/detail/change_voice__rosidl_typesupport_fastrtps_cpp.hpp
-- Installing: /home/robotica/nao_ws/src/install/speech_interfaces/include/speech_interfaces/speech_interfaces/srv/detail/dds_fastrtps
-- Up-to-date: /home/robotica/nao_ws/src/install/speech_interfaces/include/speech_interfaces/speech_interfaces/msg
-- Installing: /home/robotica/nao_ws/src/install/speech_interfaces/include/speech_interfaces/speech_interfaces/msg/rosidl_typesupport_fastrtps_cpp__visibility_control.h
-- Installing: /home/robotica/nao_ws/src/install/speech_interfaces/lib/libspeech_interfaces__rosidl_typesupport_fastrtps_cpp.so
-- Set non-toolchain portion of runtime path of "/home/robotica/nao_ws/src/install/speech_interfaces/lib/libspeech_interfaces__rosidl_typesupport_fastrtps_cpp.so" to ""
-- Up-to-date: /home/robotica/nao_ws/src/install/speech_interfaces/include/speech_interfaces/speech_interfaces
-- Up-to-date: /home/robotica/nao_ws/src/install/speech_interfaces/include/speech_interfaces/speech_interfaces/srv
-- Up-to-date: /home/robotica/nao_ws/src/install/speech_interfaces/include/speech_interfaces/speech_interfaces/srv/detail
-- Installing: /home/robotica/nao_ws/src/install/speech_interfaces/include/speech_interfaces/speech_interfaces/srv/detail/list_voices__type_support.cpp
-- Installing: /home/robotica/nao_ws/src/install/speech_interfaces/include/speech_interfaces/speech_interfaces/srv/detail/speak__rosidl_typesupport_introspection_cpp.hpp
-- Installing: /home/robotica/nao_ws/src/install/speech_interfaces/include/speech_interfaces/speech_interfaces/srv/detail/change_voice__rosidl_typesupport_introspection_cpp.hpp
-- Installing: /home/robotica/nao_ws/src/install/speech_interfaces/include/speech_interfaces/speech_interfaces/srv/detail/speak__type_support.cpp
-- Installing: /home/robotica/nao_ws/src/install/speech_interfaces/include/speech_interfaces/speech_interfaces/srv/detail/play_song__type_support.cpp
-- Installing: /home/robotica/nao_ws/src/install/speech_interfaces/include/speech_interfaces/speech_interfaces/srv/detail/list_voices__rosidl_typesupport_introspection_cpp.hpp
-- Installing: /home/robotica/nao_ws/src/install/speech_interfaces/include/speech_interfaces/speech_interfaces/srv/detail/change_voice__type_support.cpp
-- Installing: /home/robotica/nao_ws/src/install/speech_interfaces/include/speech_interfaces/speech_interfaces/srv/detail/play_song__rosidl_typesupport_introspection_cpp.hpp
-- Installing: /home/robotica/nao_ws/src/install/speech_interfaces/lib/libspeech_interfaces__rosidl_typesupport_introspection_cpp.so
-- Set non-toolchain portion of runtime path of "/home/robotica/nao_ws/src/install/speech_interfaces/lib/libspeech_interfaces__rosidl_typesupport_introspection_cpp.so" to ""
-- Installing: /home/robotica/nao_ws/src/install/speech_interfaces/lib/libspeech_interfaces__rosidl_typesupport_cpp.so
-- Set non-toolchain portion of runtime path of "/home/robotica/nao_ws/src/install/speech_interfaces/lib/libspeech_interfaces__rosidl_typesupport_cpp.so" to ""
-- Installing: /home/robotica/nao_ws/src/install/speech_interfaces/share/speech_interfaces/environment/pythonpath.sh
-- Installing: /home/robotica/nao_ws/src/install/speech_interfaces/share/speech_interfaces/environment/pythonpath.dsv
-- Installing: /home/robotica/nao_ws/src/install/speech_interfaces/lib/python3.12/site-packages/speech_interfaces-0.0.0-py3.12.egg-info
-- Installing: /home/robotica/nao_ws/src/install/speech_interfaces/lib/python3.12/site-packages/speech_interfaces-0.0.0-py3.12.egg-info/PKG-INFO
-- Installing: /home/robotica/nao_ws/src/install/speech_interfaces/lib/python3.12/site-packages/speech_interfaces-0.0.0-py3.12.egg-info/top_level.txt
-- Installing: /home/robotica/nao_ws/src/install/speech_interfaces/lib/python3.12/site-packages/speech_interfaces-0.0.0-py3.12.egg-info/dependency_links.txt
-- Installing: /home/robotica/nao_ws/src/install/speech_interfaces/lib/python3.12/site-packages/speech_interfaces-0.0.0-py3.12.egg-info/SOURCES.txt
-- Installing: /home/robotica/nao_ws/src/install/speech_interfaces/lib/python3.12/site-packages/speech_interfaces
-- Installing: /home/robotica/nao_ws/src/install/speech_interfaces/lib/python3.12/site-packages/speech_interfaces/_speech_interfaces_s.ep.rosidl_typesupport_c.c
-- Installing: /home/robotica/nao_ws/src/install/speech_interfaces/lib/python3.12/site-packages/speech_interfaces/srv
-- Installing: /home/robotica/nao_ws/src/install/speech_interfaces/lib/python3.12/site-packages/speech_interfaces/srv/_list_voices_s.c
-- Installing: /home/robotica/nao_ws/src/install/speech_interfaces/lib/python3.12/site-packages/speech_interfaces/srv/_speak.py
-- Installing: /home/robotica/nao_ws/src/install/speech_interfaces/lib/python3.12/site-packages/speech_interfaces/srv/_change_voice.py
-- Installing: /home/robotica/nao_ws/src/install/speech_interfaces/lib/python3.12/site-packages/speech_interfaces/srv/_play_song_s.c
-- Installing: /home/robotica/nao_ws/src/install/speech_interfaces/lib/python3.12/site-packages/speech_interfaces/srv/__init__.py
-- Installing: /home/robotica/nao_ws/src/install/speech_interfaces/lib/python3.12/site-packages/speech_interfaces/srv/_play_song.py
-- Installing: /home/robotica/nao_ws/src/install/speech_interfaces/lib/python3.12/site-packages/speech_interfaces/srv/_speak_s.c
-- Installing: /home/robotica/nao_ws/src/install/speech_interfaces/lib/python3.12/site-packages/speech_interfaces/srv/_change_voice_s.c
-- Installing: /home/robotica/nao_ws/src/install/speech_interfaces/lib/python3.12/site-packages/speech_interfaces/srv/_list_voices.py
-- Installing: /home/robotica/nao_ws/src/install/speech_interfaces/lib/python3.12/site-packages/speech_interfaces/speech_interfaces_s__rosidl_typesupport_fastrtps_c.so
-- Installing: /home/robotica/nao_ws/src/install/speech_interfaces/lib/python3.12/site-packages/speech_interfaces/_speech_interfaces_s.ep.rosidl_typesupport_introspection_c.c
-- Installing: /home/robotica/nao_ws/src/install/speech_interfaces/lib/python3.12/site-packages/speech_interfaces/__init__.py
-- Installing: /home/robotica/nao_ws/src/install/speech_interfaces/lib/python3.12/site-packages/speech_interfaces/speech_interfaces_s__rosidl_typesupport_introspection_c.so
-- Installing: /home/robotica/nao_ws/src/install/speech_interfaces/lib/python3.12/site-packages/speech_interfaces/_speech_interfaces_s.ep.rosidl_typesupport_fastrtps_c.c
-- Installing: /home/robotica/nao_ws/src/install/speech_interfaces/lib/python3.12/site-packages/speech_interfaces/speech_interfaces_s__rosidl_typesupport_c.so
Listing '/home/robotica/nao_ws/src/install/speech_interfaces/lib/python3.12/site-packages/speech_interfaces'...
Compiling '/home/robotica/nao_ws/src/install/speech_interfaces/lib/python3.12/site-packages/speech_interfaces/__init__.py'...
Listing '/home/robotica/nao_ws/src/install/speech_interfaces/lib/python3.12/site-packages/speech_interfaces/srv'...
Compiling '/home/robotica/nao_ws/src/install/speech_interfaces/lib/python3.12/site-packages/speech_interfaces/srv/__init__.py'...
Compiling '/home/robotica/nao_ws/src/install/speech_interfaces/lib/python3.12/site-packages/speech_interfaces/srv/_change_voice.py'...
Compiling '/home/robotica/nao_ws/src/install/speech_interfaces/lib/python3.12/site-packages/speech_interfaces/srv/_list_voices.py'...
Compiling '/home/robotica/nao_ws/src/install/speech_interfaces/lib/python3.12/site-packages/speech_interfaces/srv/_play_song.py'...
Compiling '/home/robotica/nao_ws/src/install/speech_interfaces/lib/python3.12/site-packages/speech_interfaces/srv/_speak.py'...
-- Installing: /home/robotica/nao_ws/src/install/speech_interfaces/lib/python3.12/site-packages/speech_interfaces/speech_interfaces_s__rosidl_typesupport_fastrtps_c.so
-- Set non-toolchain portion of runtime path of "/home/robotica/nao_ws/src/install/speech_interfaces/lib/python3.12/site-packages/speech_interfaces/speech_interfaces_s__rosidl_typesupport_fastrtps_c.so" to ""
-- Installing: /home/robotica/nao_ws/src/install/speech_interfaces/lib/python3.12/site-packages/speech_interfaces/speech_interfaces_s__rosidl_typesupport_introspection_c.so
-- Set non-toolchain portion of runtime path of "/home/robotica/nao_ws/src/install/speech_interfaces/lib/python3.12/site-packages/speech_interfaces/speech_interfaces_s__rosidl_typesupport_introspection_c.so" to ""
-- Installing: /home/robotica/nao_ws/src/install/speech_interfaces/lib/python3.12/site-packages/speech_interfaces/speech_interfaces_s__rosidl_typesupport_c.so
-- Set non-toolchain portion of runtime path of "/home/robotica/nao_ws/src/install/speech_interfaces/lib/python3.12/site-packages/speech_interfaces/speech_interfaces_s__rosidl_typesupport_c.so" to ""
-- Installing: /home/robotica/nao_ws/src/install/speech_interfaces/lib/libspeech_interfaces__rosidl_generator_py.so
-- Set non-toolchain portion of runtime path of "/home/robotica/nao_ws/src/install/speech_interfaces/lib/libspeech_interfaces__rosidl_generator_py.so" to ""
-- Installing: /home/robotica/nao_ws/src/install/speech_interfaces/share/speech_interfaces/srv/Speak.idl
-- Installing: /home/robotica/nao_ws/src/install/speech_interfaces/share/speech_interfaces/srv/PlaySong.idl
-- Installing: /home/robotica/nao_ws/src/install/speech_interfaces/share/speech_interfaces/srv/ChangeVoice.idl
-- Installing: /home/robotica/nao_ws/src/install/speech_interfaces/share/speech_interfaces/srv/ListVoices.idl
-- Installing: /home/robotica/nao_ws/src/install/speech_interfaces/share/speech_interfaces/srv/Speak.srv
-- Installing: /home/robotica/nao_ws/src/install/speech_interfaces/share/speech_interfaces/srv/PlaySong.srv
-- Installing: /home/robotica/nao_ws/src/install/speech_interfaces/share/speech_interfaces/srv/ChangeVoice.srv
-- Installing: /home/robotica/nao_ws/src/install/speech_interfaces/share/speech_interfaces/srv/ListVoices.srv
-- Installing: /home/robotica/nao_ws/src/install/speech_interfaces/share/ament_index/resource_index/package_run_dependencies/speech_interfaces
-- Installing: /home/robotica/nao_ws/src/install/speech_interfaces/share/ament_index/resource_index/parent_prefix_path/speech_interfaces
-- Installing: /home/robotica/nao_ws/src/install/speech_interfaces/share/speech_interfaces/environment/ament_prefix_path.sh
-- Installing: /home/robotica/nao_ws/src/install/speech_interfaces/share/speech_interfaces/environment/ament_prefix_path.dsv
-- Installing: /home/robotica/nao_ws/src/install/speech_interfaces/share/speech_interfaces/environment/path.sh
-- Installing: /home/robotica/nao_ws/src/install/speech_interfaces/share/speech_interfaces/environment/path.dsv
-- Installing: /home/robotica/nao_ws/src/install/speech_interfaces/share/speech_interfaces/local_setup.bash
-- Installing: /home/robotica/nao_ws/src/install/speech_interfaces/share/speech_interfaces/local_setup.sh
-- Installing: /home/robotica/nao_ws/src/install/speech_interfaces/share/speech_interfaces/local_setup.zsh
-- Installing: /home/robotica/nao_ws/src/install/speech_interfaces/share/speech_interfaces/local_setup.dsv
-- Installing: /home/robotica/nao_ws/src/install/speech_interfaces/share/speech_interfaces/package.dsv
-- Installing: /home/robotica/nao_ws/src/install/speech_interfaces/share/ament_index/resource_index/packages/speech_interfaces
-- Installing: /home/robotica/nao_ws/src/install/speech_interfaces/share/speech_interfaces/cmake/export_speech_interfaces__rosidl_generator_cExport.cmake
-- Installing: /home/robotica/nao_ws/src/install/speech_interfaces/share/speech_interfaces/cmake/export_speech_interfaces__rosidl_generator_cExport-noconfig.cmake
-- Installing: /home/robotica/nao_ws/src/install/speech_interfaces/share/speech_interfaces/cmake/export_speech_interfaces__rosidl_typesupport_fastrtps_cExport.cmake
-- Installing: /home/robotica/nao_ws/src/install/speech_interfaces/share/speech_interfaces/cmake/export_speech_interfaces__rosidl_typesupport_fastrtps_cExport-noconfig.cmake
-- Installing: /home/robotica/nao_ws/src/install/speech_interfaces/share/speech_interfaces/cmake/speech_interfaces__rosidl_typesupport_introspection_cExport.cmake
-- Installing: /home/robotica/nao_ws/src/install/speech_interfaces/share/speech_interfaces/cmake/speech_interfaces__rosidl_typesupport_introspection_cExport-noconfig.cmake
-- Installing: /home/robotica/nao_ws/src/install/speech_interfaces/share/speech_interfaces/cmake/speech_interfaces__rosidl_typesupport_cExport.cmake
-- Installing: /home/robotica/nao_ws/src/install/speech_interfaces/share/speech_interfaces/cmake/speech_interfaces__rosidl_typesupport_cExport-noconfig.cmake
-- Installing: /home/robotica/nao_ws/src/install/speech_interfaces/share/speech_interfaces/cmake/export_speech_interfaces__rosidl_generator_cppExport.cmake
-- Installing: /home/robotica/nao_ws/src/install/speech_interfaces/share/speech_interfaces/cmake/export_speech_interfaces__rosidl_typesupport_fastrtps_cppExport.cmake
-- Installing: /home/robotica/nao_ws/src/install/speech_interfaces/share/speech_interfaces/cmake/export_speech_interfaces__rosidl_typesupport_fastrtps_cppExport-noconfig.cmake
-- Installing: /home/robotica/nao_ws/src/install/speech_interfaces/share/speech_interfaces/cmake/speech_interfaces__rosidl_typesupport_introspection_cppExport.cmake
-- Installing: /home/robotica/nao_ws/src/install/speech_interfaces/share/speech_interfaces/cmake/speech_interfaces__rosidl_typesupport_introspection_cppExport-noconfig.cmake
-- Installing: /home/robotica/nao_ws/src/install/speech_interfaces/share/speech_interfaces/cmake/speech_interfaces__rosidl_typesupport_cppExport.cmake
-- Installing: /home/robotica/nao_ws/src/install/speech_interfaces/share/speech_interfaces/cmake/speech_interfaces__rosidl_typesupport_cppExport-noconfig.cmake
-- Installing: /home/robotica/nao_ws/src/install/speech_interfaces/share/speech_interfaces/cmake/export_speech_interfaces__rosidl_generator_pyExport.cmake
-- Installing: /home/robotica/nao_ws/src/install/speech_interfaces/share/speech_interfaces/cmake/export_speech_interfaces__rosidl_generator_pyExport-noconfig.cmake
-- Installing: /home/robotica/nao_ws/src/install/speech_interfaces/share/speech_interfaces/cmake/rosidl_cmake-extras.cmake
-- Installing: /home/robotica/nao_ws/src/install/speech_interfaces/share/speech_interfaces/cmake/ament_cmake_export_dependencies-extras.cmake
-- Installing: /home/robotica/nao_ws/src/install/speech_interfaces/share/speech_interfaces/cmake/ament_cmake_export_include_directories-extras.cmake
-- Installing: /home/robotica/nao_ws/src/install/speech_interfaces/share/speech_interfaces/cmake/ament_cmake_export_libraries-extras.cmake
-- Installing: /home/robotica/nao_ws/src/install/speech_interfaces/share/speech_interfaces/cmake/ament_cmake_export_targets-extras.cmake
-- Installing: /home/robotica/nao_ws/src/install/speech_interfaces/share/speech_interfaces/cmake/rosidl_cmake_export_typesupport_targets-extras.cmake
-- Installing: /home/robotica/nao_ws/src/install/speech_interfaces/share/speech_interfaces/cmake/rosidl_cmake_export_typesupport_libraries-extras.cmake
-- Installing: /home/robotica/nao_ws/src/install/speech_interfaces/share/speech_interfaces/cmake/speech_interfacesConfig.cmake
-- Installing: /home/robotica/nao_ws/src/install/speech_interfaces/share/speech_interfaces/cmake/speech_interfacesConfig-version.cmake
-- Installing: /home/robotica/nao_ws/src/install/speech_interfaces/share/speech_interfaces/package.xml
