[2.220s] Invoking command in '/home/fai/nao_ws/src/manipulation': CMAKE_PREFIX_PATH=/home/fai/nao_ws/install/manipulation_interfaces:/home/fai/nao_ws/install/speech_interfaces:/home/fai/nao_ws/install/perception_interfaces:/home/fai/nao_ws/install/navigation_interfaces:/opt/ros/jazzy/opt/gz_math_vendor:/opt/ros/jazzy/opt/gz_utils_vendor:/opt/ros/jazzy/opt/gz_cmake_vendor DEBUGINFOD_URLS=https://debuginfod.ubuntu.com LD_LIBRARY_PATH=/home/fai/nao_ws/install/manipulation_interfaces/lib:/home/fai/nao_ws/install/speech_interfaces/lib:/home/fai/nao_ws/install/perception_interfaces/lib:/home/fai/nao_ws/install/navigation_interfaces/lib:/opt/ros/jazzy/opt/rviz_ogre_vendor/lib:/opt/ros/jazzy/lib/x86_64-linux-gnu:/opt/ros/jazzy/opt/gz_math_vendor/lib:/opt/ros/jazzy/opt/gz_utils_vendor/lib:/opt/ros/jazzy/opt/gz_cmake_vendor/lib:/opt/ros/jazzy/lib PYTHONPATH=/home/fai/nao_ws/build/manipulation/prefix_override:/usr/lib/python3/dist-packages/colcon_core/task/python/colcon_distutils_commands:/home/fai/nao_ws/install/manipulation/lib/python3.12/site-packages:/home/fai/nao_ws/install/manipulation_interfaces/lib/python3.12/site-packages:/home/fai/nao_ws/install/web_controller/lib/python3.12/site-packages:/home/fai/nao_ws/install/speech/lib/python3.12/site-packages:/home/fai/nao_ws/install/nao_tasks/lib/python3.12/site-packages:/home/fai/nao_ws/install/integration/lib/python3.12/site-packages:/home/fai/nao_ws/install/speech_interfaces/lib/python3.12/site-packages:/home/fai/nao_ws/install/perception/lib/python3.12/site-packages:/home/fai/nao_ws/install/perception_interfaces/lib/python3.12/site-packages:/home/fai/nao_ws/install/navigation/lib/python3.12/site-packages:/home/fai/nao_ws/install/navigation_interfaces/lib/python3.12/site-packages:/home/fai/nao_ws/install/nao_qi_ros2_package/lib/python3.12/site-packages:/home/fai/nao_ws/install/manipulation/lib/python3.12/site-packages:/opt/ros/jazzy/lib/python3.12/site-packages /usr/bin/python3 -W ignore:setup.py install is deprecated setup.py egg_info --egg-base ../../build/manipulation build --build-base /home/fai/nao_ws/build/manipulation/build install --record /home/fai/nao_ws/build/manipulation/install.log --single-version-externally-managed install_data
[2.714s] running egg_info
[2.716s] creating ../../build/manipulation/manipulation.egg-info
[2.753s] writing ../../build/manipulation/manipulation.egg-info/PKG-INFO
[2.756s] writing dependency_links to ../../build/manipulation/manipulation.egg-info/dependency_links.txt
[2.757s] writing entry points to ../../build/manipulation/manipulation.egg-info/entry_points.txt
[2.757s] writing requirements to ../../build/manipulation/manipulation.egg-info/requires.txt
[2.757s] writing top-level names to ../../build/manipulation/manipulation.egg-info/top_level.txt
[2.757s] writing manifest file '../../build/manipulation/manipulation.egg-info/SOURCES.txt'
[2.846s] reading manifest file '../../build/manipulation/manipulation.egg-info/SOURCES.txt'
[2.849s] writing manifest file '../../build/manipulation/manipulation.egg-info/SOURCES.txt'
[2.850s] running build
[2.850s] running build_py
[2.852s] creating /home/fai/nao_ws/build/manipulation/build
[2.855s] creating /home/fai/nao_ws/build/manipulation/build/lib
[2.855s] creating /home/fai/nao_ws/build/manipulation/build/lib/manipulation
[2.855s] copying manipulation/manipulation_node.py -> /home/fai/nao_ws/build/manipulation/build/lib/manipulation
[2.855s] copying manipulation/__init__.py -> /home/fai/nao_ws/build/manipulation/build/lib/manipulation
[2.856s] running install
[2.871s] running install_lib
[2.979s] creating /home/fai/nao_ws/install/manipulation/lib/python3.12/site-packages/manipulation
[2.980s] copying /home/fai/nao_ws/build/manipulation/build/lib/manipulation/manipulation_node.py -> /home/fai/nao_ws/install/manipulation/lib/python3.12/site-packages/manipulation
[2.980s] copying /home/fai/nao_ws/build/manipulation/build/lib/manipulation/__init__.py -> /home/fai/nao_ws/install/manipulation/lib/python3.12/site-packages/manipulation
[2.980s] byte-compiling /home/fai/nao_ws/install/manipulation/lib/python3.12/site-packages/manipulation/manipulation_node.py to manipulation_node.cpython-312.pyc
[2.989s] byte-compiling /home/fai/nao_ws/install/manipulation/lib/python3.12/site-packages/manipulation/__init__.py to __init__.cpython-312.pyc
[2.992s] running install_data
[2.992s] creating /home/fai/nao_ws/install/manipulation/share/ament_index
[2.993s] creating /home/fai/nao_ws/install/manipulation/share/ament_index/resource_index
[2.993s] creating /home/fai/nao_ws/install/manipulation/share/ament_index/resource_index/packages
[2.993s] copying resource/manipulation -> /home/fai/nao_ws/install/manipulation/share/ament_index/resource_index/packages
[2.993s] copying package.xml -> /home/fai/nao_ws/install/manipulation/share/manipulation
[2.994s] running install_egg_info
[3.113s] Copying ../../build/manipulation/manipulation.egg-info to /home/fai/nao_ws/install/manipulation/lib/python3.12/site-packages/manipulation-0.0.0-py3.12.egg-info
[3.119s] running install_scripts
[3.482s] Installing manipulation_node script to /home/fai/nao_ws/install/manipulation/lib/manipulation
[3.487s] writing list of installed files to '/home/fai/nao_ws/build/manipulation/install.log'
[3.555s] Invoked command in '/home/fai/nao_ws/src/manipulation' returned '0': CMAKE_PREFIX_PATH=/home/fai/nao_ws/install/manipulation_interfaces:/home/fai/nao_ws/install/speech_interfaces:/home/fai/nao_ws/install/perception_interfaces:/home/fai/nao_ws/install/navigation_interfaces:/opt/ros/jazzy/opt/gz_math_vendor:/opt/ros/jazzy/opt/gz_utils_vendor:/opt/ros/jazzy/opt/gz_cmake_vendor DEBUGINFOD_URLS=https://debuginfod.ubuntu.com LD_LIBRARY_PATH=/home/fai/nao_ws/install/manipulation_interfaces/lib:/home/fai/nao_ws/install/speech_interfaces/lib:/home/fai/nao_ws/install/perception_interfaces/lib:/home/fai/nao_ws/install/navigation_interfaces/lib:/opt/ros/jazzy/opt/rviz_ogre_vendor/lib:/opt/ros/jazzy/lib/x86_64-linux-gnu:/opt/ros/jazzy/opt/gz_math_vendor/lib:/opt/ros/jazzy/opt/gz_utils_vendor/lib:/opt/ros/jazzy/opt/gz_cmake_vendor/lib:/opt/ros/jazzy/lib PYTHONPATH=/home/fai/nao_ws/build/manipulation/prefix_override:/usr/lib/python3/dist-packages/colcon_core/task/python/colcon_distutils_commands:/home/fai/nao_ws/install/manipulation/lib/python3.12/site-packages:/home/fai/nao_ws/install/manipulation_interfaces/lib/python3.12/site-packages:/home/fai/nao_ws/install/web_controller/lib/python3.12/site-packages:/home/fai/nao_ws/install/speech/lib/python3.12/site-packages:/home/fai/nao_ws/install/nao_tasks/lib/python3.12/site-packages:/home/fai/nao_ws/install/integration/lib/python3.12/site-packages:/home/fai/nao_ws/install/speech_interfaces/lib/python3.12/site-packages:/home/fai/nao_ws/install/perception/lib/python3.12/site-packages:/home/fai/nao_ws/install/perception_interfaces/lib/python3.12/site-packages:/home/fai/nao_ws/install/navigation/lib/python3.12/site-packages:/home/fai/nao_ws/install/navigation_interfaces/lib/python3.12/site-packages:/home/fai/nao_ws/install/nao_qi_ros2_package/lib/python3.12/site-packages:/home/fai/nao_ws/install/manipulation/lib/python3.12/site-packages:/opt/ros/jazzy/lib/python3.12/site-packages /usr/bin/python3 -W ignore:setup.py install is deprecated setup.py egg_info --egg-base ../../build/manipulation build --build-base /home/fai/nao_ws/build/manipulation/build install --record /home/fai/nao_ws/build/manipulation/install.log --single-version-externally-managed install_data
