[2.850s] Invoking command in '/home/fai/nao_ws/src/integration': DEBUGINFOD_URLS=https://debuginfod.ubuntu.com PYTHONPATH=/home/fai/nao_ws/build/integration/prefix_override:/usr/lib/python3/dist-packages/colcon_core/task/python/colcon_distutils_commands:/home/fai/nao_ws/install/integration/lib/python3.12/site-packages:/home/fai/nao_ws/install/speech_interfaces/lib/python3.12/site-packages:/home/fai/nao_ws/install/perception_interfaces/lib/python3.12/site-packages:/home/fai/nao_ws/install/navigation_interfaces/lib/python3.12/site-packages:/home/fai/nao_ws/install/manipulation_interfaces/lib/python3.12/site-packages:/home/fai/nao_ws/install/web_controller/lib/python3.12/site-packages:/home/fai/nao_ws/install/speech/lib/python3.12/site-packages:/home/fai/nao_ws/install/nao_tasks/lib/python3.12/site-packages:/home/fai/nao_ws/install/integration/lib/python3.12/site-packages:/home/fai/nao_ws/install/perception/lib/python3.12/site-packages:/home/fai/nao_ws/install/navigation/lib/python3.12/site-packages:/home/fai/nao_ws/install/nao_qi_ros2_package/lib/python3.12/site-packages:/home/fai/nao_ws/install/manipulation/lib/python3.12/site-packages:/opt/ros/jazzy/lib/python3.12/site-packages /usr/bin/python3 -W ignore:setup.py install is deprecated setup.py egg_info --egg-base ../../build/integration build --build-base /home/fai/nao_ws/build/integration/build install --record /home/fai/nao_ws/build/integration/install.log --single-version-externally-managed install_data
[3.506s] running egg_info
[3.508s] creating ../../build/integration/integration.egg-info
[3.547s] writing ../../build/integration/integration.egg-info/PKG-INFO
[3.551s] writing dependency_links to ../../build/integration/integration.egg-info/dependency_links.txt
[3.551s] writing entry points to ../../build/integration/integration.egg-info/entry_points.txt
[3.551s] writing requirements to ../../build/integration/integration.egg-info/requires.txt
[3.552s] writing top-level names to ../../build/integration/integration.egg-info/top_level.txt
[3.552s] writing manifest file '../../build/integration/integration.egg-info/SOURCES.txt'
[3.632s] reading manifest file '../../build/integration/integration.egg-info/SOURCES.txt'
[3.633s] writing manifest file '../../build/integration/integration.egg-info/SOURCES.txt'
[3.633s] running build
[3.634s] running build_py
[3.634s] creating /home/fai/nao_ws/build/integration/build
[3.634s] creating /home/fai/nao_ws/build/integration/build/lib
[3.635s] creating /home/fai/nao_ws/build/integration/build/lib/integration
[3.635s] copying integration/__init__.py -> /home/fai/nao_ws/build/integration/build/lib/integration
[3.635s] copying integration/integration_interface.py -> /home/fai/nao_ws/build/integration/build/lib/integration
[3.636s] creating /home/fai/nao_ws/build/integration/build/lib/integration/tasks
[3.636s] copying integration/tasks/task_one.py -> /home/fai/nao_ws/build/integration/build/lib/integration/tasks
[3.636s] copying integration/tasks/demo_task.py -> /home/fai/nao_ws/build/integration/build/lib/integration/tasks
[3.637s] copying integration/tasks/__init__.py -> /home/fai/nao_ws/build/integration/build/lib/integration/tasks
[3.637s] running install
[3.647s] running install_lib
[3.685s] creating /home/fai/nao_ws/install/integration/lib/python3.12/site-packages/integration
[3.686s] copying /home/fai/nao_ws/build/integration/build/lib/integration/__init__.py -> /home/fai/nao_ws/install/integration/lib/python3.12/site-packages/integration
[3.686s] creating /home/fai/nao_ws/install/integration/lib/python3.12/site-packages/integration/tasks
[3.687s] copying /home/fai/nao_ws/build/integration/build/lib/integration/tasks/task_one.py -> /home/fai/nao_ws/install/integration/lib/python3.12/site-packages/integration/tasks
[3.687s] copying /home/fai/nao_ws/build/integration/build/lib/integration/tasks/demo_task.py -> /home/fai/nao_ws/install/integration/lib/python3.12/site-packages/integration/tasks
[3.687s] copying /home/fai/nao_ws/build/integration/build/lib/integration/tasks/__init__.py -> /home/fai/nao_ws/install/integration/lib/python3.12/site-packages/integration/tasks
[3.688s] copying /home/fai/nao_ws/build/integration/build/lib/integration/integration_interface.py -> /home/fai/nao_ws/install/integration/lib/python3.12/site-packages/integration
[3.688s] byte-compiling /home/fai/nao_ws/install/integration/lib/python3.12/site-packages/integration/__init__.py to __init__.cpython-312.pyc
[3.689s] byte-compiling /home/fai/nao_ws/install/integration/lib/python3.12/site-packages/integration/tasks/task_one.py to task_one.cpython-312.pyc
[3.691s] byte-compiling /home/fai/nao_ws/install/integration/lib/python3.12/site-packages/integration/tasks/demo_task.py to demo_task.cpython-312.pyc
[3.693s] byte-compiling /home/fai/nao_ws/install/integration/lib/python3.12/site-packages/integration/tasks/__init__.py to __init__.cpython-312.pyc
[3.694s] byte-compiling /home/fai/nao_ws/install/integration/lib/python3.12/site-packages/integration/integration_interface.py to integration_interface.cpython-312.pyc
[3.699s] running install_data
[3.699s] creating /home/fai/nao_ws/install/integration/share/ament_index
[3.700s] creating /home/fai/nao_ws/install/integration/share/ament_index/resource_index
[3.700s] creating /home/fai/nao_ws/install/integration/share/ament_index/resource_index/packages
[3.700s] copying resource/integration -> /home/fai/nao_ws/install/integration/share/ament_index/resource_index/packages
[3.701s] copying package.xml -> /home/fai/nao_ws/install/integration/share/integration
[3.701s] running install_egg_info
[3.743s] Copying ../../build/integration/integration.egg-info to /home/fai/nao_ws/install/integration/lib/python3.12/site-packages/integration-0.0.0-py3.12.egg-info
[3.745s] running install_scripts
[4.116s] Installing demo_task script to /home/fai/nao_ws/install/integration/lib/integration
[4.116s] Installing integration_interface script to /home/fai/nao_ws/install/integration/lib/integration
[4.116s] Installing task_one script to /home/fai/nao_ws/install/integration/lib/integration
[4.119s] writing list of installed files to '/home/fai/nao_ws/build/integration/install.log'
[4.191s] Invoked command in '/home/fai/nao_ws/src/integration' returned '0': DEBUGINFOD_URLS=https://debuginfod.ubuntu.com PYTHONPATH=/home/fai/nao_ws/build/integration/prefix_override:/usr/lib/python3/dist-packages/colcon_core/task/python/colcon_distutils_commands:/home/fai/nao_ws/install/integration/lib/python3.12/site-packages:/home/fai/nao_ws/install/speech_interfaces/lib/python3.12/site-packages:/home/fai/nao_ws/install/perception_interfaces/lib/python3.12/site-packages:/home/fai/nao_ws/install/navigation_interfaces/lib/python3.12/site-packages:/home/fai/nao_ws/install/manipulation_interfaces/lib/python3.12/site-packages:/home/fai/nao_ws/install/web_controller/lib/python3.12/site-packages:/home/fai/nao_ws/install/speech/lib/python3.12/site-packages:/home/fai/nao_ws/install/nao_tasks/lib/python3.12/site-packages:/home/fai/nao_ws/install/integration/lib/python3.12/site-packages:/home/fai/nao_ws/install/perception/lib/python3.12/site-packages:/home/fai/nao_ws/install/navigation/lib/python3.12/site-packages:/home/fai/nao_ws/install/nao_qi_ros2_package/lib/python3.12/site-packages:/home/fai/nao_ws/install/manipulation/lib/python3.12/site-packages:/opt/ros/jazzy/lib/python3.12/site-packages /usr/bin/python3 -W ignore:setup.py install is deprecated setup.py egg_info --egg-base ../../build/integration build --build-base /home/fai/nao_ws/build/integration/build install --record /home/fai/nao_ws/build/integration/install.log --single-version-externally-managed install_data
