[  0%] Built target ament_cmake_python_copy_speech_interfaces
[  1%] Built target speech_interfaces__rosidl_generator_type_description
[  3%] Built target speech_interfaces__cpp
[ 25%] Built target speech_interfaces__rosidl_generator_c
[ 34%] Built target speech_interfaces__rosidl_typesupport_cpp
[ 43%] Built target speech_interfaces__rosidl_typesupport_introspection_cpp
[ 53%] Built target speech_interfaces__rosidl_typesupport_fastrtps_cpp
[ 62%] Built target speech_interfaces__rosidl_typesupport_fastrtps_c
[ 71%] Built target speech_interfaces__rosidl_typesupport_introspection_c
[ 81%] Built target speech_interfaces__rosidl_typesupport_c
[ 81%] Built target speech_interfaces
[ 82%] Built target speech_interfaces__py
[ 90%] Built target speech_interfaces__rosidl_generator_py
[ 93%] Built target speech_interfaces_s__rosidl_typesupport_fastrtps_c
[ 96%] Built target speech_interfaces_s__rosidl_typesupport_c
[100%] Built target speech_interfaces_s__rosidl_typesupport_introspection_c
running egg_info
writing speech_interfaces.egg-info/PKG-INFO
writing dependency_links to speech_interfaces.egg-info/dependency_links.txt
writing top-level names to speech_interfaces.egg-info/top_level.txt
reading manifest file 'speech_interfaces.egg-info/SOURCES.txt'
writing manifest file 'speech_interfaces.egg-info/SOURCES.txt'
[100%] Built target ament_cmake_python_build_speech_interfaces_egg
-- Install configuration: ""
-- Up-to-date: /home/robotica/nao_ws/src/install/speech_interfaces/share/ament_index/resource_index/rosidl_interfaces/speech_interfaces
-- Up-to-date: /home/robotica/nao_ws/src/install/speech_interfaces/share/speech_interfaces/srv/Speak.json
-- Up-to-date: /home/robotica/nao_ws/src/install/speech_interfaces/share/speech_interfaces/srv/PlaySong.json
-- Up-to-date: /home/robotica/nao_ws/src/install/speech_interfaces/share/speech_interfaces/srv/ChangeVoice.json
-- Up-to-date: /home/robotica/nao_ws/src/install/speech_interfaces/share/speech_interfaces/srv/ListVoices.json
-- Up-to-date: /home/robotica/nao_ws/src/install/speech_interfaces/include/speech_interfaces/speech_interfaces
-- Up-to-date: /home/robotica/nao_ws/src/install/speech_interfaces/include/speech_interfaces/speech_interfaces/srv
-- Up-to-date: /home/robotica/nao_ws/src/install/speech_interfaces/include/speech_interfaces/speech_interfaces/srv/play_song.h
-- Up-to-date: /home/robotica/nao_ws/src/install/speech_interfaces/include/speech_interfaces/speech_interfaces/srv/speak.h
-- Up-to-date: /home/robotica/nao_ws/src/install/speech_interfaces/include/speech_interfaces/speech_interfaces/srv/list_voices.h
-- Up-to-date: /home/robotica/nao_ws/src/install/speech_interfaces/include/speech_interfaces/speech_interfaces/srv/change_voice.h
-- Up-to-date: /home/robotica/nao_ws/src/install/speech_interfaces/include/speech_interfaces/speech_interfaces/srv/detail
-- Up-to-date: /home/robotica/nao_ws/src/install/speech_interfaces/include/speech_interfaces/speech_interfaces/srv/detail/change_voice__functions.c
-- Up-to-date: /home/robotica/nao_ws/src/install/speech_interfaces/include/speech_interfaces/speech_interfaces/srv/detail/play_song__functions.h
-- Installing: /home/robotica/nao_ws/src/install/speech_interfaces/include/speech_interfaces/speech_interfaces/srv/detail/play_song__type_support.c
-- Up-to-date: /home/robotica/nao_ws/src/install/speech_interfaces/include/speech_interfaces/speech_interfaces/srv/detail/speak__functions.h
-- Up-to-date: /home/robotica/nao_ws/src/install/speech_interfaces/include/speech_interfaces/speech_interfaces/srv/detail/play_song__functions.c
-- Up-to-date: /home/robotica/nao_ws/src/install/speech_interfaces/include/speech_interfaces/speech_interfaces/srv/detail/list_voices__description.c
-- Up-to-date: /home/robotica/nao_ws/src/install/speech_interfaces/include/speech_interfaces/speech_interfaces/srv/detail/list_voices__functions.c
-- Installing: /home/robotica/nao_ws/src/install/speech_interfaces/include/speech_interfaces/speech_interfaces/srv/detail/speak__type_support.c
-- Up-to-date: /home/robotica/nao_ws/src/install/speech_interfaces/include/speech_interfaces/speech_interfaces/srv/detail/change_voice__functions.h
-- Up-to-date: /home/robotica/nao_ws/src/install/speech_interfaces/include/speech_interfaces/speech_interfaces/srv/detail/list_voices__type_support.h
-- Up-to-date: /home/robotica/nao_ws/src/install/speech_interfaces/include/speech_interfaces/speech_interfaces/srv/detail/play_song__type_support.h
-- Up-to-date: /home/robotica/nao_ws/src/install/speech_interfaces/include/speech_interfaces/speech_interfaces/srv/detail/change_voice__type_support.h
-- Up-to-date: /home/robotica/nao_ws/src/install/speech_interfaces/include/speech_interfaces/speech_interfaces/srv/detail/play_song__description.c
-- Up-to-date: /home/robotica/nao_ws/src/install/speech_interfaces/include/speech_interfaces/speech_interfaces/srv/detail/change_voice__description.c
-- Up-to-date: /home/robotica/nao_ws/src/install/speech_interfaces/include/speech_interfaces/speech_interfaces/srv/detail/speak__struct.h
-- Up-to-date: /home/robotica/nao_ws/src/install/speech_interfaces/include/speech_interfaces/speech_interfaces/srv/detail/list_voices__functions.h
-- Up-to-date: /home/robotica/nao_ws/src/install/speech_interfaces/include/speech_interfaces/speech_interfaces/srv/detail/speak__description.c
-- Up-to-date: /home/robotica/nao_ws/src/install/speech_interfaces/include/speech_interfaces/speech_interfaces/srv/detail/change_voice__struct.h
-- Up-to-date: /home/robotica/nao_ws/src/install/speech_interfaces/include/speech_interfaces/speech_interfaces/srv/detail/speak__functions.c
-- Installing: /home/robotica/nao_ws/src/install/speech_interfaces/include/speech_interfaces/speech_interfaces/srv/detail/change_voice__type_support.c
-- Up-to-date: /home/robotica/nao_ws/src/install/speech_interfaces/include/speech_interfaces/speech_interfaces/srv/detail/play_song__struct.h
-- Up-to-date: /home/robotica/nao_ws/src/install/speech_interfaces/include/speech_interfaces/speech_interfaces/srv/detail/speak__type_support.h
-- Up-to-date: /home/robotica/nao_ws/src/install/speech_interfaces/include/speech_interfaces/speech_interfaces/srv/detail/list_voices__struct.h
-- Installing: /home/robotica/nao_ws/src/install/speech_interfaces/include/speech_interfaces/speech_interfaces/srv/detail/list_voices__type_support.c
-- Up-to-date: /home/robotica/nao_ws/src/install/speech_interfaces/include/speech_interfaces/speech_interfaces/msg
-- Up-to-date: /home/robotica/nao_ws/src/install/speech_interfaces/include/speech_interfaces/speech_interfaces/msg/rosidl_generator_c__visibility_control.h
-- Up-to-date: /home/robotica/nao_ws/src/install/speech_interfaces/share/speech_interfaces/environment/library_path.sh
-- Up-to-date: /home/robotica/nao_ws/src/install/speech_interfaces/share/speech_interfaces/environment/library_path.dsv
-- Up-to-date: /home/robotica/nao_ws/src/install/speech_interfaces/lib/libspeech_interfaces__rosidl_generator_c.so
-- Up-to-date: /home/robotica/nao_ws/src/install/speech_interfaces/include/speech_interfaces/speech_interfaces
-- Up-to-date: /home/robotica/nao_ws/src/install/speech_interfaces/include/speech_interfaces/speech_interfaces/srv
-- Up-to-date: /home/robotica/nao_ws/src/install/speech_interfaces/include/speech_interfaces/speech_interfaces/srv/detail
-- Up-to-date: /home/robotica/nao_ws/src/install/speech_interfaces/include/speech_interfaces/speech_interfaces/srv/detail/change_voice__rosidl_typesupport_fastrtps_c.h
-- Up-to-date: /home/robotica/nao_ws/src/install/speech_interfaces/include/speech_interfaces/speech_interfaces/srv/detail/play_song__rosidl_typesupport_fastrtps_c.h
-- Up-to-date: /home/robotica/nao_ws/src/install/speech_interfaces/include/speech_interfaces/speech_interfaces/srv/detail/list_voices__rosidl_typesupport_fastrtps_c.h
-- Up-to-date: /home/robotica/nao_ws/src/install/speech_interfaces/include/speech_interfaces/speech_interfaces/srv/detail/speak__rosidl_typesupport_fastrtps_c.h
-- Up-to-date: /home/robotica/nao_ws/src/install/speech_interfaces/include/speech_interfaces/speech_interfaces/msg
-- Up-to-date: /home/robotica/nao_ws/src/install/speech_interfaces/include/speech_interfaces/speech_interfaces/msg/rosidl_typesupport_fastrtps_c__visibility_control.h
-- Up-to-date: /home/robotica/nao_ws/src/install/speech_interfaces/lib/libspeech_interfaces__rosidl_typesupport_fastrtps_c.so
-- Up-to-date: /home/robotica/nao_ws/src/install/speech_interfaces/include/speech_interfaces/speech_interfaces
-- Up-to-date: /home/robotica/nao_ws/src/install/speech_interfaces/include/speech_interfaces/speech_interfaces/srv
-- Up-to-date: /home/robotica/nao_ws/src/install/speech_interfaces/include/speech_interfaces/speech_interfaces/srv/detail
-- Installing: /home/robotica/nao_ws/src/install/speech_interfaces/include/speech_interfaces/speech_interfaces/srv/detail/play_song__type_support.c
-- Installing: /home/robotica/nao_ws/src/install/speech_interfaces/include/speech_interfaces/speech_interfaces/srv/detail/speak__type_support.c
-- Up-to-date: /home/robotica/nao_ws/src/install/speech_interfaces/include/speech_interfaces/speech_interfaces/srv/detail/play_song__rosidl_typesupport_introspection_c.h
-- Up-to-date: /home/robotica/nao_ws/src/install/speech_interfaces/include/speech_interfaces/speech_interfaces/srv/detail/list_voices__rosidl_typesupport_introspection_c.h
-- Up-to-date: /home/robotica/nao_ws/src/install/speech_interfaces/include/speech_interfaces/speech_interfaces/srv/detail/change_voice__rosidl_typesupport_introspection_c.h
-- Up-to-date: /home/robotica/nao_ws/src/install/speech_interfaces/include/speech_interfaces/speech_interfaces/srv/detail/speak__rosidl_typesupport_introspection_c.h
-- Installing: /home/robotica/nao_ws/src/install/speech_interfaces/include/speech_interfaces/speech_interfaces/srv/detail/change_voice__type_support.c
-- Installing: /home/robotica/nao_ws/src/install/speech_interfaces/include/speech_interfaces/speech_interfaces/srv/detail/list_voices__type_support.c
-- Up-to-date: /home/robotica/nao_ws/src/install/speech_interfaces/include/speech_interfaces/speech_interfaces/msg
-- Up-to-date: /home/robotica/nao_ws/src/install/speech_interfaces/include/speech_interfaces/speech_interfaces/msg/rosidl_typesupport_introspection_c__visibility_control.h
-- Up-to-date: /home/robotica/nao_ws/src/install/speech_interfaces/lib/libspeech_interfaces__rosidl_typesupport_introspection_c.so
-- Up-to-date: /home/robotica/nao_ws/src/install/speech_interfaces/lib/libspeech_interfaces__rosidl_typesupport_c.so
-- Up-to-date: /home/robotica/nao_ws/src/install/speech_interfaces/include/speech_interfaces/speech_interfaces
-- Up-to-date: /home/robotica/nao_ws/src/install/speech_interfaces/include/speech_interfaces/speech_interfaces/srv
-- Up-to-date: /home/robotica/nao_ws/src/install/speech_interfaces/include/speech_interfaces/speech_interfaces/srv/list_voices.hpp
-- Up-to-date: /home/robotica/nao_ws/src/install/speech_interfaces/include/speech_interfaces/speech_interfaces/srv/speak.hpp
-- Up-to-date: /home/robotica/nao_ws/src/install/speech_interfaces/include/speech_interfaces/speech_interfaces/srv/change_voice.hpp
-- Up-to-date: /home/robotica/nao_ws/src/install/speech_interfaces/include/speech_interfaces/speech_interfaces/srv/detail
-- Up-to-date: /home/robotica/nao_ws/src/install/speech_interfaces/include/speech_interfaces/speech_interfaces/srv/detail/list_voices__type_support.hpp
-- Up-to-date: /home/robotica/nao_ws/src/install/speech_interfaces/include/speech_interfaces/speech_interfaces/srv/detail/speak__traits.hpp
-- Up-to-date: /home/robotica/nao_ws/src/install/speech_interfaces/include/speech_interfaces/speech_interfaces/srv/detail/change_voice__builder.hpp
-- Up-to-date: /home/robotica/nao_ws/src/install/speech_interfaces/include/speech_interfaces/speech_interfaces/srv/detail/play_song__struct.hpp
-- Up-to-date: /home/robotica/nao_ws/src/install/speech_interfaces/include/speech_interfaces/speech_interfaces/srv/detail/speak__builder.hpp
-- Up-to-date: /home/robotica/nao_ws/src/install/speech_interfaces/include/speech_interfaces/speech_interfaces/srv/detail/speak__type_support.hpp
-- Up-to-date: /home/robotica/nao_ws/src/install/speech_interfaces/include/speech_interfaces/speech_interfaces/srv/detail/play_song__builder.hpp
-- Up-to-date: /home/robotica/nao_ws/src/install/speech_interfaces/include/speech_interfaces/speech_interfaces/srv/detail/list_voices__builder.hpp
-- Up-to-date: /home/robotica/nao_ws/src/install/speech_interfaces/include/speech_interfaces/speech_interfaces/srv/detail/change_voice__type_support.hpp
-- Up-to-date: /home/robotica/nao_ws/src/install/speech_interfaces/include/speech_interfaces/speech_interfaces/srv/detail/change_voice__traits.hpp
-- Up-to-date: /home/robotica/nao_ws/src/install/speech_interfaces/include/speech_interfaces/speech_interfaces/srv/detail/change_voice__struct.hpp
-- Up-to-date: /home/robotica/nao_ws/src/install/speech_interfaces/include/speech_interfaces/speech_interfaces/srv/detail/play_song__traits.hpp
-- Up-to-date: /home/robotica/nao_ws/src/install/speech_interfaces/include/speech_interfaces/speech_interfaces/srv/detail/play_song__type_support.hpp
-- Up-to-date: /home/robotica/nao_ws/src/install/speech_interfaces/include/speech_interfaces/speech_interfaces/srv/detail/speak__struct.hpp
-- Up-to-date: /home/robotica/nao_ws/src/install/speech_interfaces/include/speech_interfaces/speech_interfaces/srv/detail/list_voices__struct.hpp
-- Up-to-date: /home/robotica/nao_ws/src/install/speech_interfaces/include/speech_interfaces/speech_interfaces/srv/detail/list_voices__traits.hpp
-- Up-to-date: /home/robotica/nao_ws/src/install/speech_interfaces/include/speech_interfaces/speech_interfaces/srv/play_song.hpp
-- Up-to-date: /home/robotica/nao_ws/src/install/speech_interfaces/include/speech_interfaces/speech_interfaces/msg
-- Up-to-date: /home/robotica/nao_ws/src/install/speech_interfaces/include/speech_interfaces/speech_interfaces/msg/rosidl_generator_cpp__visibility_control.hpp
-- Up-to-date: /home/robotica/nao_ws/src/install/speech_interfaces/include/speech_interfaces/speech_interfaces
-- Up-to-date: /home/robotica/nao_ws/src/install/speech_interfaces/include/speech_interfaces/speech_interfaces/srv
-- Up-to-date: /home/robotica/nao_ws/src/install/speech_interfaces/include/speech_interfaces/speech_interfaces/srv/detail
-- Up-to-date: /home/robotica/nao_ws/src/install/speech_interfaces/include/speech_interfaces/speech_interfaces/srv/detail/speak__rosidl_typesupport_fastrtps_cpp.hpp
-- Up-to-date: /home/robotica/nao_ws/src/install/speech_interfaces/include/speech_interfaces/speech_interfaces/srv/detail/list_voices__rosidl_typesupport_fastrtps_cpp.hpp
-- Up-to-date: /home/robotica/nao_ws/src/install/speech_interfaces/include/speech_interfaces/speech_interfaces/srv/detail/play_song__rosidl_typesupport_fastrtps_cpp.hpp
-- Up-to-date: /home/robotica/nao_ws/src/install/speech_interfaces/include/speech_interfaces/speech_interfaces/srv/detail/change_voice__rosidl_typesupport_fastrtps_cpp.hpp
-- Up-to-date: /home/robotica/nao_ws/src/install/speech_interfaces/include/speech_interfaces/speech_interfaces/srv/detail/dds_fastrtps
-- Up-to-date: /home/robotica/nao_ws/src/install/speech_interfaces/include/speech_interfaces/speech_interfaces/msg
-- Up-to-date: /home/robotica/nao_ws/src/install/speech_interfaces/include/speech_interfaces/speech_interfaces/msg/rosidl_typesupport_fastrtps_cpp__visibility_control.h
-- Up-to-date: /home/robotica/nao_ws/src/install/speech_interfaces/lib/libspeech_interfaces__rosidl_typesupport_fastrtps_cpp.so
-- Up-to-date: /home/robotica/nao_ws/src/install/speech_interfaces/include/speech_interfaces/speech_interfaces
-- Up-to-date: /home/robotica/nao_ws/src/install/speech_interfaces/include/speech_interfaces/speech_interfaces/srv
-- Up-to-date: /home/robotica/nao_ws/src/install/speech_interfaces/include/speech_interfaces/speech_interfaces/srv/detail
-- Up-to-date: /home/robotica/nao_ws/src/install/speech_interfaces/include/speech_interfaces/speech_interfaces/srv/detail/list_voices__type_support.cpp
-- Up-to-date: /home/robotica/nao_ws/src/install/speech_interfaces/include/speech_interfaces/speech_interfaces/srv/detail/speak__rosidl_typesupport_introspection_cpp.hpp
-- Up-to-date: /home/robotica/nao_ws/src/install/speech_interfaces/include/speech_interfaces/speech_interfaces/srv/detail/change_voice__rosidl_typesupport_introspection_cpp.hpp
-- Up-to-date: /home/robotica/nao_ws/src/install/speech_interfaces/include/speech_interfaces/speech_interfaces/srv/detail/speak__type_support.cpp
-- Up-to-date: /home/robotica/nao_ws/src/install/speech_interfaces/include/speech_interfaces/speech_interfaces/srv/detail/play_song__type_support.cpp
-- Up-to-date: /home/robotica/nao_ws/src/install/speech_interfaces/include/speech_interfaces/speech_interfaces/srv/detail/list_voices__rosidl_typesupport_introspection_cpp.hpp
-- Up-to-date: /home/robotica/nao_ws/src/install/speech_interfaces/include/speech_interfaces/speech_interfaces/srv/detail/change_voice__type_support.cpp
-- Up-to-date: /home/robotica/nao_ws/src/install/speech_interfaces/include/speech_interfaces/speech_interfaces/srv/detail/play_song__rosidl_typesupport_introspection_cpp.hpp
-- Up-to-date: /home/robotica/nao_ws/src/install/speech_interfaces/lib/libspeech_interfaces__rosidl_typesupport_introspection_cpp.so
-- Up-to-date: /home/robotica/nao_ws/src/install/speech_interfaces/lib/libspeech_interfaces__rosidl_typesupport_cpp.so
-- Up-to-date: /home/robotica/nao_ws/src/install/speech_interfaces/share/speech_interfaces/environment/pythonpath.sh
-- Up-to-date: /home/robotica/nao_ws/src/install/speech_interfaces/share/speech_interfaces/environment/pythonpath.dsv
-- Up-to-date: /home/robotica/nao_ws/src/install/speech_interfaces/lib/python3.12/site-packages/speech_interfaces-0.0.0-py3.12.egg-info
-- Installing: /home/robotica/nao_ws/src/install/speech_interfaces/lib/python3.12/site-packages/speech_interfaces-0.0.0-py3.12.egg-info/PKG-INFO
-- Installing: /home/robotica/nao_ws/src/install/speech_interfaces/lib/python3.12/site-packages/speech_interfaces-0.0.0-py3.12.egg-info/top_level.txt
-- Installing: /home/robotica/nao_ws/src/install/speech_interfaces/lib/python3.12/site-packages/speech_interfaces-0.0.0-py3.12.egg-info/dependency_links.txt
-- Installing: /home/robotica/nao_ws/src/install/speech_interfaces/lib/python3.12/site-packages/speech_interfaces-0.0.0-py3.12.egg-info/SOURCES.txt
-- Up-to-date: /home/robotica/nao_ws/src/install/speech_interfaces/lib/python3.12/site-packages/speech_interfaces
-- Up-to-date: /home/robotica/nao_ws/src/install/speech_interfaces/lib/python3.12/site-packages/speech_interfaces/_speech_interfaces_s.ep.rosidl_typesupport_c.c
-- Up-to-date: /home/robotica/nao_ws/src/install/speech_interfaces/lib/python3.12/site-packages/speech_interfaces/srv
-- Up-to-date: /home/robotica/nao_ws/src/install/speech_interfaces/lib/python3.12/site-packages/speech_interfaces/srv/_list_voices_s.c
-- Up-to-date: /home/robotica/nao_ws/src/install/speech_interfaces/lib/python3.12/site-packages/speech_interfaces/srv/_speak.py
-- Up-to-date: /home/robotica/nao_ws/src/install/speech_interfaces/lib/python3.12/site-packages/speech_interfaces/srv/_change_voice.py
-- Up-to-date: /home/robotica/nao_ws/src/install/speech_interfaces/lib/python3.12/site-packages/speech_interfaces/srv/_play_song_s.c
-- Up-to-date: /home/robotica/nao_ws/src/install/speech_interfaces/lib/python3.12/site-packages/speech_interfaces/srv/__init__.py
-- Up-to-date: /home/robotica/nao_ws/src/install/speech_interfaces/lib/python3.12/site-packages/speech_interfaces/srv/_play_song.py
-- Up-to-date: /home/robotica/nao_ws/src/install/speech_interfaces/lib/python3.12/site-packages/speech_interfaces/srv/_speak_s.c
-- Up-to-date: /home/robotica/nao_ws/src/install/speech_interfaces/lib/python3.12/site-packages/speech_interfaces/srv/_change_voice_s.c
-- Up-to-date: /home/robotica/nao_ws/src/install/speech_interfaces/lib/python3.12/site-packages/speech_interfaces/srv/_list_voices.py
-- Up-to-date: /home/robotica/nao_ws/src/install/speech_interfaces/lib/python3.12/site-packages/speech_interfaces/speech_interfaces_s__rosidl_typesupport_fastrtps_c.so
-- Up-to-date: /home/robotica/nao_ws/src/install/speech_interfaces/lib/python3.12/site-packages/speech_interfaces/_speech_interfaces_s.ep.rosidl_typesupport_introspection_c.c
-- Up-to-date: /home/robotica/nao_ws/src/install/speech_interfaces/lib/python3.12/site-packages/speech_interfaces/__init__.py
-- Up-to-date: /home/robotica/nao_ws/src/install/speech_interfaces/lib/python3.12/site-packages/speech_interfaces/speech_interfaces_s__rosidl_typesupport_introspection_c.so
-- Up-to-date: /home/robotica/nao_ws/src/install/speech_interfaces/lib/python3.12/site-packages/speech_interfaces/_speech_interfaces_s.ep.rosidl_typesupport_fastrtps_c.c
-- Up-to-date: /home/robotica/nao_ws/src/install/speech_interfaces/lib/python3.12/site-packages/speech_interfaces/speech_interfaces_s__rosidl_typesupport_c.so
Listing '/home/robotica/nao_ws/src/install/speech_interfaces/lib/python3.12/site-packages/speech_interfaces'...
Listing '/home/robotica/nao_ws/src/install/speech_interfaces/lib/python3.12/site-packages/speech_interfaces/srv'...
-- Up-to-date: /home/robotica/nao_ws/src/install/speech_interfaces/lib/python3.12/site-packages/speech_interfaces/speech_interfaces_s__rosidl_typesupport_fastrtps_c.so
-- Up-to-date: /home/robotica/nao_ws/src/install/speech_interfaces/lib/python3.12/site-packages/speech_interfaces/speech_interfaces_s__rosidl_typesupport_introspection_c.so
-- Up-to-date: /home/robotica/nao_ws/src/install/speech_interfaces/lib/python3.12/site-packages/speech_interfaces/speech_interfaces_s__rosidl_typesupport_c.so
-- Up-to-date: /home/robotica/nao_ws/src/install/speech_interfaces/lib/libspeech_interfaces__rosidl_generator_py.so
-- Up-to-date: /home/robotica/nao_ws/src/install/speech_interfaces/share/speech_interfaces/srv/Speak.idl
-- Up-to-date: /home/robotica/nao_ws/src/install/speech_interfaces/share/speech_interfaces/srv/PlaySong.idl
-- Up-to-date: /home/robotica/nao_ws/src/install/speech_interfaces/share/speech_interfaces/srv/ChangeVoice.idl
-- Up-to-date: /home/robotica/nao_ws/src/install/speech_interfaces/share/speech_interfaces/srv/ListVoices.idl
-- Up-to-date: /home/robotica/nao_ws/src/install/speech_interfaces/share/speech_interfaces/srv/Speak.srv
-- Up-to-date: /home/robotica/nao_ws/src/install/speech_interfaces/share/speech_interfaces/srv/PlaySong.srv
-- Up-to-date: /home/robotica/nao_ws/src/install/speech_interfaces/share/speech_interfaces/srv/ChangeVoice.srv
-- Up-to-date: /home/robotica/nao_ws/src/install/speech_interfaces/share/speech_interfaces/srv/ListVoices.srv
-- Up-to-date: /home/robotica/nao_ws/src/install/speech_interfaces/share/ament_index/resource_index/package_run_dependencies/speech_interfaces
-- Up-to-date: /home/robotica/nao_ws/src/install/speech_interfaces/share/ament_index/resource_index/parent_prefix_path/speech_interfaces
-- Up-to-date: /home/robotica/nao_ws/src/install/speech_interfaces/share/speech_interfaces/environment/ament_prefix_path.sh
-- Up-to-date: /home/robotica/nao_ws/src/install/speech_interfaces/share/speech_interfaces/environment/ament_prefix_path.dsv
-- Up-to-date: /home/robotica/nao_ws/src/install/speech_interfaces/share/speech_interfaces/environment/path.sh
-- Up-to-date: /home/robotica/nao_ws/src/install/speech_interfaces/share/speech_interfaces/environment/path.dsv
-- Up-to-date: /home/robotica/nao_ws/src/install/speech_interfaces/share/speech_interfaces/local_setup.bash
-- Up-to-date: /home/robotica/nao_ws/src/install/speech_interfaces/share/speech_interfaces/local_setup.sh
-- Up-to-date: /home/robotica/nao_ws/src/install/speech_interfaces/share/speech_interfaces/local_setup.zsh
-- Up-to-date: /home/robotica/nao_ws/src/install/speech_interfaces/share/speech_interfaces/local_setup.dsv
-- Installing: /home/robotica/nao_ws/src/install/speech_interfaces/share/speech_interfaces/package.dsv
-- Up-to-date: /home/robotica/nao_ws/src/install/speech_interfaces/share/ament_index/resource_index/packages/speech_interfaces
-- Up-to-date: /home/robotica/nao_ws/src/install/speech_interfaces/share/speech_interfaces/cmake/export_speech_interfaces__rosidl_generator_cExport.cmake
-- Up-to-date: /home/robotica/nao_ws/src/install/speech_interfaces/share/speech_interfaces/cmake/export_speech_interfaces__rosidl_generator_cExport-noconfig.cmake
-- Up-to-date: /home/robotica/nao_ws/src/install/speech_interfaces/share/speech_interfaces/cmake/export_speech_interfaces__rosidl_typesupport_fastrtps_cExport.cmake
-- Up-to-date: /home/robotica/nao_ws/src/install/speech_interfaces/share/speech_interfaces/cmake/export_speech_interfaces__rosidl_typesupport_fastrtps_cExport-noconfig.cmake
-- Up-to-date: /home/robotica/nao_ws/src/install/speech_interfaces/share/speech_interfaces/cmake/speech_interfaces__rosidl_typesupport_introspection_cExport.cmake
-- Up-to-date: /home/robotica/nao_ws/src/install/speech_interfaces/share/speech_interfaces/cmake/speech_interfaces__rosidl_typesupport_introspection_cExport-noconfig.cmake
-- Up-to-date: /home/robotica/nao_ws/src/install/speech_interfaces/share/speech_interfaces/cmake/speech_interfaces__rosidl_typesupport_cExport.cmake
-- Up-to-date: /home/robotica/nao_ws/src/install/speech_interfaces/share/speech_interfaces/cmake/speech_interfaces__rosidl_typesupport_cExport-noconfig.cmake
-- Up-to-date: /home/robotica/nao_ws/src/install/speech_interfaces/share/speech_interfaces/cmake/export_speech_interfaces__rosidl_generator_cppExport.cmake
-- Up-to-date: /home/robotica/nao_ws/src/install/speech_interfaces/share/speech_interfaces/cmake/export_speech_interfaces__rosidl_typesupport_fastrtps_cppExport.cmake
-- Up-to-date: /home/robotica/nao_ws/src/install/speech_interfaces/share/speech_interfaces/cmake/export_speech_interfaces__rosidl_typesupport_fastrtps_cppExport-noconfig.cmake
-- Up-to-date: /home/robotica/nao_ws/src/install/speech_interfaces/share/speech_interfaces/cmake/speech_interfaces__rosidl_typesupport_introspection_cppExport.cmake
-- Up-to-date: /home/robotica/nao_ws/src/install/speech_interfaces/share/speech_interfaces/cmake/speech_interfaces__rosidl_typesupport_introspection_cppExport-noconfig.cmake
-- Up-to-date: /home/robotica/nao_ws/src/install/speech_interfaces/share/speech_interfaces/cmake/speech_interfaces__rosidl_typesupport_cppExport.cmake
-- Up-to-date: /home/robotica/nao_ws/src/install/speech_interfaces/share/speech_interfaces/cmake/speech_interfaces__rosidl_typesupport_cppExport-noconfig.cmake
-- Up-to-date: /home/robotica/nao_ws/src/install/speech_interfaces/share/speech_interfaces/cmake/export_speech_interfaces__rosidl_generator_pyExport.cmake
-- Up-to-date: /home/robotica/nao_ws/src/install/speech_interfaces/share/speech_interfaces/cmake/export_speech_interfaces__rosidl_generator_pyExport-noconfig.cmake
-- Up-to-date: /home/robotica/nao_ws/src/install/speech_interfaces/share/speech_interfaces/cmake/rosidl_cmake-extras.cmake
-- Up-to-date: /home/robotica/nao_ws/src/install/speech_interfaces/share/speech_interfaces/cmake/ament_cmake_export_dependencies-extras.cmake
-- Up-to-date: /home/robotica/nao_ws/src/install/speech_interfaces/share/speech_interfaces/cmake/ament_cmake_export_include_directories-extras.cmake
-- Up-to-date: /home/robotica/nao_ws/src/install/speech_interfaces/share/speech_interfaces/cmake/ament_cmake_export_libraries-extras.cmake
-- Up-to-date: /home/robotica/nao_ws/src/install/speech_interfaces/share/speech_interfaces/cmake/ament_cmake_export_targets-extras.cmake
-- Up-to-date: /home/robotica/nao_ws/src/install/speech_interfaces/share/speech_interfaces/cmake/rosidl_cmake_export_typesupport_targets-extras.cmake
-- Up-to-date: /home/robotica/nao_ws/src/install/speech_interfaces/share/speech_interfaces/cmake/rosidl_cmake_export_typesupport_libraries-extras.cmake
-- Up-to-date: /home/robotica/nao_ws/src/install/speech_interfaces/share/speech_interfaces/cmake/speech_interfacesConfig.cmake
-- Up-to-date: /home/robotica/nao_ws/src/install/speech_interfaces/share/speech_interfaces/cmake/speech_interfacesConfig-version.cmake
-- Up-to-date: /home/robotica/nao_ws/src/install/speech_interfaces/share/speech_interfaces/package.xml
