[0.042s] Invoking command in '/home/robotica/nao_ws/src/build/speech_interfaces': CMAKE_PREFIX_PATH=${CMAKE_PREFIX_PATH}:/home/robotica/nao_ws/src/install/web_controller:/home/robotica/nao_ws/src/install/speech:/home/robotica/nao_ws/src/install/integration:/home/robotica/nao_ws/src/install/rest_api:/home/robotica/nao_ws/src/install/perception:/home/robotica/nao_ws/src/install/navigation:/home/robotica/nao_ws/src/install/nao_qi_ros2_package:/home/robotica/nao_ws/src/install/manipulation:/home/robotica/nao_ws/install/web_controller:/home/robotica/nao_ws/install/speech:/home/robotica/nao_ws/install/integration:/home/robotica/nao_ws/install/rest_api:/home/robotica/nao_ws/install/perception:/home/robotica/nao_ws/install/navigation:/home/robotica/nao_ws/install/nao_qi_ros2_package:/home/robotica/nao_ws/install/manipulation:/opt/ros/jazzy DEBUGINFOD_URLS=https://debuginfod.ubuntu.com /usr/bin/cmake --build /home/robotica/nao_ws/src/build/speech_interfaces -- -j4 -l4
[0.263s] [  0%] Built target ament_cmake_python_copy_speech_interfaces
[0.272s] [  1%] Built target speech_interfaces__rosidl_generator_type_description
[0.495s] [  3%] Built target speech_interfaces__cpp
[0.509s] [ 25%] Built target speech_interfaces__rosidl_generator_c
[0.739s] [ 34%] Built target speech_interfaces__rosidl_typesupport_cpp
[0.740s] [ 43%] Built target speech_interfaces__rosidl_typesupport_introspection_cpp
[0.881s] [ 53%] Built target speech_interfaces__rosidl_typesupport_fastrtps_cpp
[0.936s] [ 62%] Built target speech_interfaces__rosidl_typesupport_fastrtps_c
[0.984s] [ 71%] Built target speech_interfaces__rosidl_typesupport_introspection_c
[1.064s] [ 81%] Built target speech_interfaces__rosidl_typesupport_c
[1.159s] [ 81%] Built target speech_interfaces
[1.301s] [ 82%] Built target speech_interfaces__py
[1.517s] [ 90%] Built target speech_interfaces__rosidl_generator_py
[1.686s] [ 93%] Built target speech_interfaces_s__rosidl_typesupport_fastrtps_c
[1.699s] [ 96%] Built target speech_interfaces_s__rosidl_typesupport_c
[1.768s] [100%] Built target speech_interfaces_s__rosidl_typesupport_introspection_c
[2.564s] running egg_info
[2.681s] writing speech_interfaces.egg-info/PKG-INFO
[2.683s] writing dependency_links to speech_interfaces.egg-info/dependency_links.txt
[2.684s] writing top-level names to speech_interfaces.egg-info/top_level.txt
[3.251s] reading manifest file 'speech_interfaces.egg-info/SOURCES.txt'
[3.251s] writing manifest file 'speech_interfaces.egg-info/SOURCES.txt'
[3.332s] [100%] Built target ament_cmake_python_build_speech_interfaces_egg
[3.392s] Invoked command in '/home/robotica/nao_ws/src/build/speech_interfaces' returned '0': CMAKE_PREFIX_PATH=${CMAKE_PREFIX_PATH}:/home/robotica/nao_ws/src/install/web_controller:/home/robotica/nao_ws/src/install/speech:/home/robotica/nao_ws/src/install/integration:/home/robotica/nao_ws/src/install/rest_api:/home/robotica/nao_ws/src/install/perception:/home/robotica/nao_ws/src/install/navigation:/home/robotica/nao_ws/src/install/nao_qi_ros2_package:/home/robotica/nao_ws/src/install/manipulation:/home/robotica/nao_ws/install/web_controller:/home/robotica/nao_ws/install/speech:/home/robotica/nao_ws/install/integration:/home/robotica/nao_ws/install/rest_api:/home/robotica/nao_ws/install/perception:/home/robotica/nao_ws/install/navigation:/home/robotica/nao_ws/install/nao_qi_ros2_package:/home/robotica/nao_ws/install/manipulation:/opt/ros/jazzy DEBUGINFOD_URLS=https://debuginfod.ubuntu.com /usr/bin/cmake --build /home/robotica/nao_ws/src/build/speech_interfaces -- -j4 -l4
[4.953s] Invoking command in '/home/robotica/nao_ws/src/build/speech_interfaces': CMAKE_PREFIX_PATH=${CMAKE_PREFIX_PATH}:/home/robotica/nao_ws/src/install/web_controller:/home/robotica/nao_ws/src/install/speech:/home/robotica/nao_ws/src/install/integration:/home/robotica/nao_ws/src/install/rest_api:/home/robotica/nao_ws/src/install/perception:/home/robotica/nao_ws/src/install/navigation:/home/robotica/nao_ws/src/install/nao_qi_ros2_package:/home/robotica/nao_ws/src/install/manipulation:/home/robotica/nao_ws/install/web_controller:/home/robotica/nao_ws/install/speech:/home/robotica/nao_ws/install/integration:/home/robotica/nao_ws/install/rest_api:/home/robotica/nao_ws/install/perception:/home/robotica/nao_ws/install/navigation:/home/robotica/nao_ws/install/nao_qi_ros2_package:/home/robotica/nao_ws/install/manipulation:/opt/ros/jazzy DEBUGINFOD_URLS=https://debuginfod.ubuntu.com /usr/bin/cmake --install /home/robotica/nao_ws/src/build/speech_interfaces
[5.016s] -- Install configuration: ""
[5.017s] -- Up-to-date: /home/robotica/nao_ws/src/install/speech_interfaces/share/ament_index/resource_index/rosidl_interfaces/speech_interfaces
[5.017s] -- Up-to-date: /home/robotica/nao_ws/src/install/speech_interfaces/share/speech_interfaces/srv/Speak.json
[5.020s] -- Up-to-date: /home/robotica/nao_ws/src/install/speech_interfaces/share/speech_interfaces/srv/PlaySong.json
[5.020s] -- Up-to-date: /home/robotica/nao_ws/src/install/speech_interfaces/share/speech_interfaces/srv/ChangeVoice.json
[5.021s] -- Up-to-date: /home/robotica/nao_ws/src/install/speech_interfaces/share/speech_interfaces/srv/ListVoices.json
[5.021s] -- Up-to-date: /home/robotica/nao_ws/src/install/speech_interfaces/include/speech_interfaces/speech_interfaces
[5.022s] -- Up-to-date: /home/robotica/nao_ws/src/install/speech_interfaces/include/speech_interfaces/speech_interfaces/srv
[5.024s] -- Up-to-date: /home/robotica/nao_ws/src/install/speech_interfaces/include/speech_interfaces/speech_interfaces/srv/play_song.h
[5.026s] -- Up-to-date: /home/robotica/nao_ws/src/install/speech_interfaces/include/speech_interfaces/speech_interfaces/srv/speak.h
[5.026s] -- Up-to-date: /home/robotica/nao_ws/src/install/speech_interfaces/include/speech_interfaces/speech_interfaces/srv/list_voices.h
[5.027s] -- Up-to-date: /home/robotica/nao_ws/src/install/speech_interfaces/include/speech_interfaces/speech_interfaces/srv/change_voice.h
[5.027s] -- Up-to-date: /home/robotica/nao_ws/src/install/speech_interfaces/include/speech_interfaces/speech_interfaces/srv/detail
[5.027s] -- Up-to-date: /home/robotica/nao_ws/src/install/speech_interfaces/include/speech_interfaces/speech_interfaces/srv/detail/change_voice__functions.c
[5.027s] -- Up-to-date: /home/robotica/nao_ws/src/install/speech_interfaces/include/speech_interfaces/speech_interfaces/srv/detail/play_song__functions.h
[5.028s] -- Installing: /home/robotica/nao_ws/src/install/speech_interfaces/include/speech_interfaces/speech_interfaces/srv/detail/play_song__type_support.c
[5.028s] -- Up-to-date: /home/robotica/nao_ws/src/install/speech_interfaces/include/speech_interfaces/speech_interfaces/srv/detail/speak__functions.h
[5.034s] -- Up-to-date: /home/robotica/nao_ws/src/install/speech_interfaces/include/speech_interfaces/speech_interfaces/srv/detail/play_song__functions.c
[5.035s] -- Up-to-date: /home/robotica/nao_ws/src/install/speech_interfaces/include/speech_interfaces/speech_interfaces/srv/detail/list_voices__description.c
[5.035s] -- Up-to-date: /home/robotica/nao_ws/src/install/speech_interfaces/include/speech_interfaces/speech_interfaces/srv/detail/list_voices__functions.c
[5.035s] -- Installing: /home/robotica/nao_ws/src/install/speech_interfaces/include/speech_interfaces/speech_interfaces/srv/detail/speak__type_support.c
[5.036s] -- Up-to-date: /home/robotica/nao_ws/src/install/speech_interfaces/include/speech_interfaces/speech_interfaces/srv/detail/change_voice__functions.h
[5.036s] -- Up-to-date: /home/robotica/nao_ws/src/install/speech_interfaces/include/speech_interfaces/speech_interfaces/srv/detail/list_voices__type_support.h
[5.036s] -- Up-to-date: /home/robotica/nao_ws/src/install/speech_interfaces/include/speech_interfaces/speech_interfaces/srv/detail/play_song__type_support.h
[5.036s] -- Up-to-date: /home/robotica/nao_ws/src/install/speech_interfaces/include/speech_interfaces/speech_interfaces/srv/detail/change_voice__type_support.h
[5.036s] -- Up-to-date: /home/robotica/nao_ws/src/install/speech_interfaces/include/speech_interfaces/speech_interfaces/srv/detail/play_song__description.c
[5.037s] -- Up-to-date: /home/robotica/nao_ws/src/install/speech_interfaces/include/speech_interfaces/speech_interfaces/srv/detail/change_voice__description.c
[5.037s] -- Up-to-date: /home/robotica/nao_ws/src/install/speech_interfaces/include/speech_interfaces/speech_interfaces/srv/detail/speak__struct.h
[5.041s] -- Up-to-date: /home/robotica/nao_ws/src/install/speech_interfaces/include/speech_interfaces/speech_interfaces/srv/detail/list_voices__functions.h
[5.041s] -- Up-to-date: /home/robotica/nao_ws/src/install/speech_interfaces/include/speech_interfaces/speech_interfaces/srv/detail/speak__description.c
[5.041s] -- Up-to-date: /home/robotica/nao_ws/src/install/speech_interfaces/include/speech_interfaces/speech_interfaces/srv/detail/change_voice__struct.h
[5.041s] -- Up-to-date: /home/robotica/nao_ws/src/install/speech_interfaces/include/speech_interfaces/speech_interfaces/srv/detail/speak__functions.c
[5.042s] -- Installing: /home/robotica/nao_ws/src/install/speech_interfaces/include/speech_interfaces/speech_interfaces/srv/detail/change_voice__type_support.c
[5.042s] -- Up-to-date: /home/robotica/nao_ws/src/install/speech_interfaces/include/speech_interfaces/speech_interfaces/srv/detail/play_song__struct.h
[5.042s] -- Up-to-date: /home/robotica/nao_ws/src/install/speech_interfaces/include/speech_interfaces/speech_interfaces/srv/detail/speak__type_support.h
[5.042s] -- Up-to-date: /home/robotica/nao_ws/src/install/speech_interfaces/include/speech_interfaces/speech_interfaces/srv/detail/list_voices__struct.h
[5.042s] -- Installing: /home/robotica/nao_ws/src/install/speech_interfaces/include/speech_interfaces/speech_interfaces/srv/detail/list_voices__type_support.c
[5.043s] -- Up-to-date: /home/robotica/nao_ws/src/install/speech_interfaces/include/speech_interfaces/speech_interfaces/msg
[5.043s] -- Up-to-date: /home/robotica/nao_ws/src/install/speech_interfaces/include/speech_interfaces/speech_interfaces/msg/rosidl_generator_c__visibility_control.h
[5.046s] -- Up-to-date: /home/robotica/nao_ws/src/install/speech_interfaces/share/speech_interfaces/environment/library_path.sh
[5.046s] -- Up-to-date: /home/robotica/nao_ws/src/install/speech_interfaces/share/speech_interfaces/environment/library_path.dsv
[5.047s] -- Up-to-date: /home/robotica/nao_ws/src/install/speech_interfaces/lib/libspeech_interfaces__rosidl_generator_c.so
[5.047s] -- Up-to-date: /home/robotica/nao_ws/src/install/speech_interfaces/include/speech_interfaces/speech_interfaces
[5.047s] -- Up-to-date: /home/robotica/nao_ws/src/install/speech_interfaces/include/speech_interfaces/speech_interfaces/srv
[5.047s] -- Up-to-date: /home/robotica/nao_ws/src/install/speech_interfaces/include/speech_interfaces/speech_interfaces/srv/detail
[5.047s] -- Up-to-date: /home/robotica/nao_ws/src/install/speech_interfaces/include/speech_interfaces/speech_interfaces/srv/detail/change_voice__rosidl_typesupport_fastrtps_c.h
[5.048s] -- Up-to-date: /home/robotica/nao_ws/src/install/speech_interfaces/include/speech_interfaces/speech_interfaces/srv/detail/play_song__rosidl_typesupport_fastrtps_c.h
[5.048s] -- Up-to-date: /home/robotica/nao_ws/src/install/speech_interfaces/include/speech_interfaces/speech_interfaces/srv/detail/list_voices__rosidl_typesupport_fastrtps_c.h
[5.048s] -- Up-to-date: /home/robotica/nao_ws/src/install/speech_interfaces/include/speech_interfaces/speech_interfaces/srv/detail/speak__rosidl_typesupport_fastrtps_c.h
[5.048s] -- Up-to-date: /home/robotica/nao_ws/src/install/speech_interfaces/include/speech_interfaces/speech_interfaces/msg
[5.049s] -- Up-to-date: /home/robotica/nao_ws/src/install/speech_interfaces/include/speech_interfaces/speech_interfaces/msg/rosidl_typesupport_fastrtps_c__visibility_control.h
[5.049s] -- Up-to-date: /home/robotica/nao_ws/src/install/speech_interfaces/lib/libspeech_interfaces__rosidl_typesupport_fastrtps_c.so
[5.055s] -- Up-to-date: /home/robotica/nao_ws/src/install/speech_interfaces/include/speech_interfaces/speech_interfaces
[5.060s] -- Up-to-date: /home/robotica/nao_ws/src/install/speech_interfaces/include/speech_interfaces/speech_interfaces/srv
[5.061s] -- Up-to-date: /home/robotica/nao_ws/src/install/speech_interfaces/include/speech_interfaces/speech_interfaces/srv/detail
[5.061s] -- Installing: /home/robotica/nao_ws/src/install/speech_interfaces/include/speech_interfaces/speech_interfaces/srv/detail/play_song__type_support.c
[5.061s] -- Installing: /home/robotica/nao_ws/src/install/speech_interfaces/include/speech_interfaces/speech_interfaces/srv/detail/speak__type_support.c
[5.061s] -- Up-to-date: /home/robotica/nao_ws/src/install/speech_interfaces/include/speech_interfaces/speech_interfaces/srv/detail/play_song__rosidl_typesupport_introspection_c.h
[5.062s] -- Up-to-date: /home/robotica/nao_ws/src/install/speech_interfaces/include/speech_interfaces/speech_interfaces/srv/detail/list_voices__rosidl_typesupport_introspection_c.h
[5.062s] -- Up-to-date: /home/robotica/nao_ws/src/install/speech_interfaces/include/speech_interfaces/speech_interfaces/srv/detail/change_voice__rosidl_typesupport_introspection_c.h
[5.062s] -- Up-to-date: /home/robotica/nao_ws/src/install/speech_interfaces/include/speech_interfaces/speech_interfaces/srv/detail/speak__rosidl_typesupport_introspection_c.h
[5.062s] -- Installing: /home/robotica/nao_ws/src/install/speech_interfaces/include/speech_interfaces/speech_interfaces/srv/detail/change_voice__type_support.c
[5.063s] -- Installing: /home/robotica/nao_ws/src/install/speech_interfaces/include/speech_interfaces/speech_interfaces/srv/detail/list_voices__type_support.c
[5.063s] -- Up-to-date: /home/robotica/nao_ws/src/install/speech_interfaces/include/speech_interfaces/speech_interfaces/msg
[5.066s] -- Up-to-date: /home/robotica/nao_ws/src/install/speech_interfaces/include/speech_interfaces/speech_interfaces/msg/rosidl_typesupport_introspection_c__visibility_control.h
[5.067s] -- Up-to-date: /home/robotica/nao_ws/src/install/speech_interfaces/lib/libspeech_interfaces__rosidl_typesupport_introspection_c.so
[5.067s] -- Up-to-date: /home/robotica/nao_ws/src/install/speech_interfaces/lib/libspeech_interfaces__rosidl_typesupport_c.so
[5.071s] -- Up-to-date: /home/robotica/nao_ws/src/install/speech_interfaces/include/speech_interfaces/speech_interfaces
[5.071s] -- Up-to-date: /home/robotica/nao_ws/src/install/speech_interfaces/include/speech_interfaces/speech_interfaces/srv
[5.071s] -- Up-to-date: /home/robotica/nao_ws/src/install/speech_interfaces/include/speech_interfaces/speech_interfaces/srv/list_voices.hpp
[5.072s] -- Up-to-date: /home/robotica/nao_ws/src/install/speech_interfaces/include/speech_interfaces/speech_interfaces/srv/speak.hpp
[5.072s] -- Up-to-date: /home/robotica/nao_ws/src/install/speech_interfaces/include/speech_interfaces/speech_interfaces/srv/change_voice.hpp
[5.072s] -- Up-to-date: /home/robotica/nao_ws/src/install/speech_interfaces/include/speech_interfaces/speech_interfaces/srv/detail
[5.073s] -- Up-to-date: /home/robotica/nao_ws/src/install/speech_interfaces/include/speech_interfaces/speech_interfaces/srv/detail/list_voices__type_support.hpp
[5.073s] -- Up-to-date: /home/robotica/nao_ws/src/install/speech_interfaces/include/speech_interfaces/speech_interfaces/srv/detail/speak__traits.hpp
[5.073s] -- Up-to-date: /home/robotica/nao_ws/src/install/speech_interfaces/include/speech_interfaces/speech_interfaces/srv/detail/change_voice__builder.hpp
[5.073s] -- Up-to-date: /home/robotica/nao_ws/src/install/speech_interfaces/include/speech_interfaces/speech_interfaces/srv/detail/play_song__struct.hpp
[5.074s] -- Up-to-date: /home/robotica/nao_ws/src/install/speech_interfaces/include/speech_interfaces/speech_interfaces/srv/detail/speak__builder.hpp
[5.074s] -- Up-to-date: /home/robotica/nao_ws/src/install/speech_interfaces/include/speech_interfaces/speech_interfaces/srv/detail/speak__type_support.hpp
[5.074s] -- Up-to-date: /home/robotica/nao_ws/src/install/speech_interfaces/include/speech_interfaces/speech_interfaces/srv/detail/play_song__builder.hpp
[5.074s] -- Up-to-date: /home/robotica/nao_ws/src/install/speech_interfaces/include/speech_interfaces/speech_interfaces/srv/detail/list_voices__builder.hpp
[5.075s] -- Up-to-date: /home/robotica/nao_ws/src/install/speech_interfaces/include/speech_interfaces/speech_interfaces/srv/detail/change_voice__type_support.hpp
[5.075s] -- Up-to-date: /home/robotica/nao_ws/src/install/speech_interfaces/include/speech_interfaces/speech_interfaces/srv/detail/change_voice__traits.hpp
[5.075s] -- Up-to-date: /home/robotica/nao_ws/src/install/speech_interfaces/include/speech_interfaces/speech_interfaces/srv/detail/change_voice__struct.hpp
[5.075s] -- Up-to-date: /home/robotica/nao_ws/src/install/speech_interfaces/include/speech_interfaces/speech_interfaces/srv/detail/play_song__traits.hpp
[5.076s] -- Up-to-date: /home/robotica/nao_ws/src/install/speech_interfaces/include/speech_interfaces/speech_interfaces/srv/detail/play_song__type_support.hpp
[5.076s] -- Up-to-date: /home/robotica/nao_ws/src/install/speech_interfaces/include/speech_interfaces/speech_interfaces/srv/detail/speak__struct.hpp
[5.076s] -- Up-to-date: /home/robotica/nao_ws/src/install/speech_interfaces/include/speech_interfaces/speech_interfaces/srv/detail/list_voices__struct.hpp
[5.077s] -- Up-to-date: /home/robotica/nao_ws/src/install/speech_interfaces/include/speech_interfaces/speech_interfaces/srv/detail/list_voices__traits.hpp
[5.077s] -- Up-to-date: /home/robotica/nao_ws/src/install/speech_interfaces/include/speech_interfaces/speech_interfaces/srv/play_song.hpp
[5.077s] -- Up-to-date: /home/robotica/nao_ws/src/install/speech_interfaces/include/speech_interfaces/speech_interfaces/msg
[5.083s] -- Up-to-date: /home/robotica/nao_ws/src/install/speech_interfaces/include/speech_interfaces/speech_interfaces/msg/rosidl_generator_cpp__visibility_control.hpp
[5.083s] -- Up-to-date: /home/robotica/nao_ws/src/install/speech_interfaces/include/speech_interfaces/speech_interfaces
[5.083s] -- Up-to-date: /home/robotica/nao_ws/src/install/speech_interfaces/include/speech_interfaces/speech_interfaces/srv
[5.083s] -- Up-to-date: /home/robotica/nao_ws/src/install/speech_interfaces/include/speech_interfaces/speech_interfaces/srv/detail
[5.084s] -- Up-to-date: /home/robotica/nao_ws/src/install/speech_interfaces/include/speech_interfaces/speech_interfaces/srv/detail/speak__rosidl_typesupport_fastrtps_cpp.hpp
[5.084s] -- Up-to-date: /home/robotica/nao_ws/src/install/speech_interfaces/include/speech_interfaces/speech_interfaces/srv/detail/list_voices__rosidl_typesupport_fastrtps_cpp.hpp
[5.084s] -- Up-to-date: /home/robotica/nao_ws/src/install/speech_interfaces/include/speech_interfaces/speech_interfaces/srv/detail/play_song__rosidl_typesupport_fastrtps_cpp.hpp
[5.084s] -- Up-to-date: /home/robotica/nao_ws/src/install/speech_interfaces/include/speech_interfaces/speech_interfaces/srv/detail/change_voice__rosidl_typesupport_fastrtps_cpp.hpp
[5.085s] -- Up-to-date: /home/robotica/nao_ws/src/install/speech_interfaces/include/speech_interfaces/speech_interfaces/srv/detail/dds_fastrtps
[5.085s] -- Up-to-date: /home/robotica/nao_ws/src/install/speech_interfaces/include/speech_interfaces/speech_interfaces/msg
[5.088s] -- Up-to-date: /home/robotica/nao_ws/src/install/speech_interfaces/include/speech_interfaces/speech_interfaces/msg/rosidl_typesupport_fastrtps_cpp__visibility_control.h
[5.088s] -- Up-to-date: /home/robotica/nao_ws/src/install/speech_interfaces/lib/libspeech_interfaces__rosidl_typesupport_fastrtps_cpp.so
[5.088s] -- Up-to-date: /home/robotica/nao_ws/src/install/speech_interfaces/include/speech_interfaces/speech_interfaces
[5.089s] -- Up-to-date: /home/robotica/nao_ws/src/install/speech_interfaces/include/speech_interfaces/speech_interfaces/srv
[5.089s] -- Up-to-date: /home/robotica/nao_ws/src/install/speech_interfaces/include/speech_interfaces/speech_interfaces/srv/detail
[5.089s] -- Up-to-date: /home/robotica/nao_ws/src/install/speech_interfaces/include/speech_interfaces/speech_interfaces/srv/detail/list_voices__type_support.cpp
[5.089s] -- Up-to-date: /home/robotica/nao_ws/src/install/speech_interfaces/include/speech_interfaces/speech_interfaces/srv/detail/speak__rosidl_typesupport_introspection_cpp.hpp
[5.090s] -- Up-to-date: /home/robotica/nao_ws/src/install/speech_interfaces/include/speech_interfaces/speech_interfaces/srv/detail/change_voice__rosidl_typesupport_introspection_cpp.hpp
[5.090s] -- Up-to-date: /home/robotica/nao_ws/src/install/speech_interfaces/include/speech_interfaces/speech_interfaces/srv/detail/speak__type_support.cpp
[5.095s] -- Up-to-date: /home/robotica/nao_ws/src/install/speech_interfaces/include/speech_interfaces/speech_interfaces/srv/detail/play_song__type_support.cpp
[5.095s] -- Up-to-date: /home/robotica/nao_ws/src/install/speech_interfaces/include/speech_interfaces/speech_interfaces/srv/detail/list_voices__rosidl_typesupport_introspection_cpp.hpp
[5.096s] -- Up-to-date: /home/robotica/nao_ws/src/install/speech_interfaces/include/speech_interfaces/speech_interfaces/srv/detail/change_voice__type_support.cpp
[5.097s] -- Up-to-date: /home/robotica/nao_ws/src/install/speech_interfaces/include/speech_interfaces/speech_interfaces/srv/detail/play_song__rosidl_typesupport_introspection_cpp.hpp
[5.097s] -- Up-to-date: /home/robotica/nao_ws/src/install/speech_interfaces/lib/libspeech_interfaces__rosidl_typesupport_introspection_cpp.so
[5.097s] -- Up-to-date: /home/robotica/nao_ws/src/install/speech_interfaces/lib/libspeech_interfaces__rosidl_typesupport_cpp.so
[5.098s] -- Up-to-date: /home/robotica/nao_ws/src/install/speech_interfaces/share/speech_interfaces/environment/pythonpath.sh
[5.098s] -- Up-to-date: /home/robotica/nao_ws/src/install/speech_interfaces/share/speech_interfaces/environment/pythonpath.dsv
[5.099s] -- Up-to-date: /home/robotica/nao_ws/src/install/speech_interfaces/lib/python3.12/site-packages/speech_interfaces-0.0.0-py3.12.egg-info
[5.099s] -- Installing: /home/robotica/nao_ws/src/install/speech_interfaces/lib/python3.12/site-packages/speech_interfaces-0.0.0-py3.12.egg-info/PKG-INFO
[5.100s] -- Installing: /home/robotica/nao_ws/src/install/speech_interfaces/lib/python3.12/site-packages/speech_interfaces-0.0.0-py3.12.egg-info/top_level.txt
[5.102s] -- Installing: /home/robotica/nao_ws/src/install/speech_interfaces/lib/python3.12/site-packages/speech_interfaces-0.0.0-py3.12.egg-info/dependency_links.txt
[5.103s] -- Installing: /home/robotica/nao_ws/src/install/speech_interfaces/lib/python3.12/site-packages/speech_interfaces-0.0.0-py3.12.egg-info/SOURCES.txt
[5.103s] -- Up-to-date: /home/robotica/nao_ws/src/install/speech_interfaces/lib/python3.12/site-packages/speech_interfaces
[5.103s] -- Up-to-date: /home/robotica/nao_ws/src/install/speech_interfaces/lib/python3.12/site-packages/speech_interfaces/_speech_interfaces_s.ep.rosidl_typesupport_c.c
[5.103s] -- Up-to-date: /home/robotica/nao_ws/src/install/speech_interfaces/lib/python3.12/site-packages/speech_interfaces/srv
[5.103s] -- Up-to-date: /home/robotica/nao_ws/src/install/speech_interfaces/lib/python3.12/site-packages/speech_interfaces/srv/_list_voices_s.c
[5.104s] -- Up-to-date: /home/robotica/nao_ws/src/install/speech_interfaces/lib/python3.12/site-packages/speech_interfaces/srv/_speak.py
[5.108s] -- Up-to-date: /home/robotica/nao_ws/src/install/speech_interfaces/lib/python3.12/site-packages/speech_interfaces/srv/_change_voice.py
[5.108s] -- Up-to-date: /home/robotica/nao_ws/src/install/speech_interfaces/lib/python3.12/site-packages/speech_interfaces/srv/_play_song_s.c
[5.108s] -- Up-to-date: /home/robotica/nao_ws/src/install/speech_interfaces/lib/python3.12/site-packages/speech_interfaces/srv/__init__.py
[5.109s] -- Up-to-date: /home/robotica/nao_ws/src/install/speech_interfaces/lib/python3.12/site-packages/speech_interfaces/srv/_play_song.py
[5.109s] -- Up-to-date: /home/robotica/nao_ws/src/install/speech_interfaces/lib/python3.12/site-packages/speech_interfaces/srv/_speak_s.c
[5.109s] -- Up-to-date: /home/robotica/nao_ws/src/install/speech_interfaces/lib/python3.12/site-packages/speech_interfaces/srv/_change_voice_s.c
[5.109s] -- Up-to-date: /home/robotica/nao_ws/src/install/speech_interfaces/lib/python3.12/site-packages/speech_interfaces/srv/_list_voices.py
[5.110s] -- Up-to-date: /home/robotica/nao_ws/src/install/speech_interfaces/lib/python3.12/site-packages/speech_interfaces/speech_interfaces_s__rosidl_typesupport_fastrtps_c.so
[5.110s] -- Up-to-date: /home/robotica/nao_ws/src/install/speech_interfaces/lib/python3.12/site-packages/speech_interfaces/_speech_interfaces_s.ep.rosidl_typesupport_introspection_c.c
[5.111s] -- Up-to-date: /home/robotica/nao_ws/src/install/speech_interfaces/lib/python3.12/site-packages/speech_interfaces/__init__.py
[5.111s] -- Up-to-date: /home/robotica/nao_ws/src/install/speech_interfaces/lib/python3.12/site-packages/speech_interfaces/speech_interfaces_s__rosidl_typesupport_introspection_c.so
[5.111s] -- Up-to-date: /home/robotica/nao_ws/src/install/speech_interfaces/lib/python3.12/site-packages/speech_interfaces/_speech_interfaces_s.ep.rosidl_typesupport_fastrtps_c.c
[5.112s] -- Up-to-date: /home/robotica/nao_ws/src/install/speech_interfaces/lib/python3.12/site-packages/speech_interfaces/speech_interfaces_s__rosidl_typesupport_c.so
[5.316s] Listing '/home/robotica/nao_ws/src/install/speech_interfaces/lib/python3.12/site-packages/speech_interfaces'...
[5.317s] Listing '/home/robotica/nao_ws/src/install/speech_interfaces/lib/python3.12/site-packages/speech_interfaces/srv'...
[5.353s] -- Up-to-date: /home/robotica/nao_ws/src/install/speech_interfaces/lib/python3.12/site-packages/speech_interfaces/speech_interfaces_s__rosidl_typesupport_fastrtps_c.so
[5.354s] -- Up-to-date: /home/robotica/nao_ws/src/install/speech_interfaces/lib/python3.12/site-packages/speech_interfaces/speech_interfaces_s__rosidl_typesupport_introspection_c.so
[5.355s] -- Up-to-date: /home/robotica/nao_ws/src/install/speech_interfaces/lib/python3.12/site-packages/speech_interfaces/speech_interfaces_s__rosidl_typesupport_c.so
[5.358s] -- Up-to-date: /home/robotica/nao_ws/src/install/speech_interfaces/lib/libspeech_interfaces__rosidl_generator_py.so
[5.359s] -- Up-to-date: /home/robotica/nao_ws/src/install/speech_interfaces/share/speech_interfaces/srv/Speak.idl
[5.359s] -- Up-to-date: /home/robotica/nao_ws/src/install/speech_interfaces/share/speech_interfaces/srv/PlaySong.idl
[5.359s] -- Up-to-date: /home/robotica/nao_ws/src/install/speech_interfaces/share/speech_interfaces/srv/ChangeVoice.idl
[5.359s] -- Up-to-date: /home/robotica/nao_ws/src/install/speech_interfaces/share/speech_interfaces/srv/ListVoices.idl
[5.364s] -- Up-to-date: /home/robotica/nao_ws/src/install/speech_interfaces/share/speech_interfaces/srv/Speak.srv
[5.368s] -- Up-to-date: /home/robotica/nao_ws/src/install/speech_interfaces/share/speech_interfaces/srv/PlaySong.srv
[5.370s] -- Up-to-date: /home/robotica/nao_ws/src/install/speech_interfaces/share/speech_interfaces/srv/ChangeVoice.srv
[5.372s] -- Up-to-date: /home/robotica/nao_ws/src/install/speech_interfaces/share/speech_interfaces/srv/ListVoices.srv
[5.373s] -- Up-to-date: /home/robotica/nao_ws/src/install/speech_interfaces/share/ament_index/resource_index/package_run_dependencies/speech_interfaces
[5.373s] -- Up-to-date: /home/robotica/nao_ws/src/install/speech_interfaces/share/ament_index/resource_index/parent_prefix_path/speech_interfaces
[5.373s] -- Up-to-date: /home/robotica/nao_ws/src/install/speech_interfaces/share/speech_interfaces/environment/ament_prefix_path.sh
[5.373s] -- Up-to-date: /home/robotica/nao_ws/src/install/speech_interfaces/share/speech_interfaces/environment/ament_prefix_path.dsv
[5.374s] -- Up-to-date: /home/robotica/nao_ws/src/install/speech_interfaces/share/speech_interfaces/environment/path.sh
[5.374s] -- Up-to-date: /home/robotica/nao_ws/src/install/speech_interfaces/share/speech_interfaces/environment/path.dsv
[5.374s] -- Up-to-date: /home/robotica/nao_ws/src/install/speech_interfaces/share/speech_interfaces/local_setup.bash
[5.374s] -- Up-to-date: /home/robotica/nao_ws/src/install/speech_interfaces/share/speech_interfaces/local_setup.sh
[5.375s] -- Up-to-date: /home/robotica/nao_ws/src/install/speech_interfaces/share/speech_interfaces/local_setup.zsh
[5.375s] -- Up-to-date: /home/robotica/nao_ws/src/install/speech_interfaces/share/speech_interfaces/local_setup.dsv
[5.376s] -- Installing: /home/robotica/nao_ws/src/install/speech_interfaces/share/speech_interfaces/package.dsv
[5.376s] -- Up-to-date: /home/robotica/nao_ws/src/install/speech_interfaces/share/ament_index/resource_index/packages/speech_interfaces
[5.378s] -- Up-to-date: /home/robotica/nao_ws/src/install/speech_interfaces/share/speech_interfaces/cmake/export_speech_interfaces__rosidl_generator_cExport.cmake
[5.378s] -- Up-to-date: /home/robotica/nao_ws/src/install/speech_interfaces/share/speech_interfaces/cmake/export_speech_interfaces__rosidl_generator_cExport-noconfig.cmake
[5.379s] -- Up-to-date: /home/robotica/nao_ws/src/install/speech_interfaces/share/speech_interfaces/cmake/export_speech_interfaces__rosidl_typesupport_fastrtps_cExport.cmake
[5.379s] -- Up-to-date: /home/robotica/nao_ws/src/install/speech_interfaces/share/speech_interfaces/cmake/export_speech_interfaces__rosidl_typesupport_fastrtps_cExport-noconfig.cmake
[5.379s] -- Up-to-date: /home/robotica/nao_ws/src/install/speech_interfaces/share/speech_interfaces/cmake/speech_interfaces__rosidl_typesupport_introspection_cExport.cmake
[5.379s] -- Up-to-date: /home/robotica/nao_ws/src/install/speech_interfaces/share/speech_interfaces/cmake/speech_interfaces__rosidl_typesupport_introspection_cExport-noconfig.cmake
[5.380s] -- Up-to-date: /home/robotica/nao_ws/src/install/speech_interfaces/share/speech_interfaces/cmake/speech_interfaces__rosidl_typesupport_cExport.cmake
[5.380s] -- Up-to-date: /home/robotica/nao_ws/src/install/speech_interfaces/share/speech_interfaces/cmake/speech_interfaces__rosidl_typesupport_cExport-noconfig.cmake
[5.380s] -- Up-to-date: /home/robotica/nao_ws/src/install/speech_interfaces/share/speech_interfaces/cmake/export_speech_interfaces__rosidl_generator_cppExport.cmake
[5.380s] -- Up-to-date: /home/robotica/nao_ws/src/install/speech_interfaces/share/speech_interfaces/cmake/export_speech_interfaces__rosidl_typesupport_fastrtps_cppExport.cmake
[5.381s] -- Up-to-date: /home/robotica/nao_ws/src/install/speech_interfaces/share/speech_interfaces/cmake/export_speech_interfaces__rosidl_typesupport_fastrtps_cppExport-noconfig.cmake
[5.381s] -- Up-to-date: /home/robotica/nao_ws/src/install/speech_interfaces/share/speech_interfaces/cmake/speech_interfaces__rosidl_typesupport_introspection_cppExport.cmake
[5.384s] -- Up-to-date: /home/robotica/nao_ws/src/install/speech_interfaces/share/speech_interfaces/cmake/speech_interfaces__rosidl_typesupport_introspection_cppExport-noconfig.cmake
[5.384s] -- Up-to-date: /home/robotica/nao_ws/src/install/speech_interfaces/share/speech_interfaces/cmake/speech_interfaces__rosidl_typesupport_cppExport.cmake
[5.385s] -- Up-to-date: /home/robotica/nao_ws/src/install/speech_interfaces/share/speech_interfaces/cmake/speech_interfaces__rosidl_typesupport_cppExport-noconfig.cmake
[5.385s] -- Up-to-date: /home/robotica/nao_ws/src/install/speech_interfaces/share/speech_interfaces/cmake/export_speech_interfaces__rosidl_generator_pyExport.cmake
[5.385s] -- Up-to-date: /home/robotica/nao_ws/src/install/speech_interfaces/share/speech_interfaces/cmake/export_speech_interfaces__rosidl_generator_pyExport-noconfig.cmake
[5.385s] -- Up-to-date: /home/robotica/nao_ws/src/install/speech_interfaces/share/speech_interfaces/cmake/rosidl_cmake-extras.cmake
[5.386s] -- Up-to-date: /home/robotica/nao_ws/src/install/speech_interfaces/share/speech_interfaces/cmake/ament_cmake_export_dependencies-extras.cmake
[5.386s] -- Up-to-date: /home/robotica/nao_ws/src/install/speech_interfaces/share/speech_interfaces/cmake/ament_cmake_export_include_directories-extras.cmake
[5.389s] -- Up-to-date: /home/robotica/nao_ws/src/install/speech_interfaces/share/speech_interfaces/cmake/ament_cmake_export_libraries-extras.cmake
[5.390s] -- Up-to-date: /home/robotica/nao_ws/src/install/speech_interfaces/share/speech_interfaces/cmake/ament_cmake_export_targets-extras.cmake
[5.390s] -- Up-to-date: /home/robotica/nao_ws/src/install/speech_interfaces/share/speech_interfaces/cmake/rosidl_cmake_export_typesupport_targets-extras.cmake
[5.393s] -- Up-to-date: /home/robotica/nao_ws/src/install/speech_interfaces/share/speech_interfaces/cmake/rosidl_cmake_export_typesupport_libraries-extras.cmake
[5.394s] -- Up-to-date: /home/robotica/nao_ws/src/install/speech_interfaces/share/speech_interfaces/cmake/speech_interfacesConfig.cmake
[5.394s] -- Up-to-date: /home/robotica/nao_ws/src/install/speech_interfaces/share/speech_interfaces/cmake/speech_interfacesConfig-version.cmake
[5.394s] -- Up-to-date: /home/robotica/nao_ws/src/install/speech_interfaces/share/speech_interfaces/package.xml
[6.973s] Invoked command in '/home/robotica/nao_ws/src/build/speech_interfaces' returned '0': CMAKE_PREFIX_PATH=${CMAKE_PREFIX_PATH}:/home/robotica/nao_ws/src/install/web_controller:/home/robotica/nao_ws/src/install/speech:/home/robotica/nao_ws/src/install/integration:/home/robotica/nao_ws/src/install/rest_api:/home/robotica/nao_ws/src/install/perception:/home/robotica/nao_ws/src/install/navigation:/home/robotica/nao_ws/src/install/nao_qi_ros2_package:/home/robotica/nao_ws/src/install/manipulation:/home/robotica/nao_ws/install/web_controller:/home/robotica/nao_ws/install/speech:/home/robotica/nao_ws/install/integration:/home/robotica/nao_ws/install/rest_api:/home/robotica/nao_ws/install/perception:/home/robotica/nao_ws/install/navigation:/home/robotica/nao_ws/install/nao_qi_ros2_package:/home/robotica/nao_ws/install/manipulation:/opt/ros/jazzy DEBUGINFOD_URLS=https://debuginfod.ubuntu.com /usr/bin/cmake --install /home/robotica/nao_ws/src/build/speech_interfaces
