[0.041s] Invoking command in '/home/fai/nao_ws/build/manipulation_interfaces': CMAKE_PREFIX_PATH=${CMAKE_PREFIX_PATH}:/home/fai/nao_ws/install/nao_tasks:/home/fai/nao_ws/install/web_controller:/home/fai/nao_ws/install/speech:/home/fai/nao_ws/install/integration:/home/fai/nao_ws/install/perception:/home/fai/nao_ws/install/navigation:/home/fai/nao_ws/install/nao_qi_ros2_package:/home/fai/nao_ws/install/manipulation:/opt/ros/jazzy DEBUGINFOD_URLS=https://debuginfod.ubuntu.com /usr/bin/cmake --build /home/fai/nao_ws/build/manipulation_interfaces -- -j4 -l4
[0.204s] [  2%] Built target manipulation_interfaces__rosidl_generator_type_description
[0.264s] [  2%] Built target ament_cmake_python_copy_manipulation_interfaces
[0.374s] [ 17%] Built target manipulation_interfaces__rosidl_generator_c
[0.399s] [ 20%] Built target manipulation_interfaces__cpp
[0.592s] [ 29%] Built target manipulation_interfaces__rosidl_typesupport_fastrtps_c
[0.626s] [ 38%] Built target manipulation_interfaces__rosidl_typesupport_c
[0.634s] [ 47%] Built target manipulation_interfaces__rosidl_typesupport_introspection_c
[0.694s] [ 55%] Built target manipulation_interfaces__rosidl_typesupport_fastrtps_cpp
[0.784s] [ 64%] Built target manipulation_interfaces__rosidl_typesupport_cpp
[0.831s] [ 73%] Built target manipulation_interfaces__rosidl_typesupport_introspection_cpp
[0.945s] [ 73%] Built target manipulation_interfaces
[1.070s] [ 76%] Built target manipulation_interfaces__py
[1.242s] [ 82%] Built target manipulation_interfaces__rosidl_generator_py
[1.409s] [ 88%] Built target manipulation_interfaces_s__rosidl_typesupport_fastrtps_c
[1.445s] [ 94%] Built target manipulation_interfaces_s__rosidl_typesupport_introspection_c
[1.453s] [100%] Built target manipulation_interfaces_s__rosidl_typesupport_c
[1.853s] running egg_info
[1.930s] writing manipulation_interfaces.egg-info/PKG-INFO
[1.930s] writing dependency_links to manipulation_interfaces.egg-info/dependency_links.txt
[1.930s] writing top-level names to manipulation_interfaces.egg-info/top_level.txt
[2.173s] reading manifest file 'manipulation_interfaces.egg-info/SOURCES.txt'
[2.174s] writing manifest file 'manipulation_interfaces.egg-info/SOURCES.txt'
[2.263s] [100%] Built target ament_cmake_python_build_manipulation_interfaces_egg
[2.289s] Invoked command in '/home/fai/nao_ws/build/manipulation_interfaces' returned '0': CMAKE_PREFIX_PATH=${CMAKE_PREFIX_PATH}:/home/fai/nao_ws/install/nao_tasks:/home/fai/nao_ws/install/web_controller:/home/fai/nao_ws/install/speech:/home/fai/nao_ws/install/integration:/home/fai/nao_ws/install/perception:/home/fai/nao_ws/install/navigation:/home/fai/nao_ws/install/nao_qi_ros2_package:/home/fai/nao_ws/install/manipulation:/opt/ros/jazzy DEBUGINFOD_URLS=https://debuginfod.ubuntu.com /usr/bin/cmake --build /home/fai/nao_ws/build/manipulation_interfaces -- -j4 -l4
[2.774s] Invoking command in '/home/fai/nao_ws/build/manipulation_interfaces': CMAKE_PREFIX_PATH=${CMAKE_PREFIX_PATH}:/home/fai/nao_ws/install/nao_tasks:/home/fai/nao_ws/install/web_controller:/home/fai/nao_ws/install/speech:/home/fai/nao_ws/install/integration:/home/fai/nao_ws/install/perception:/home/fai/nao_ws/install/navigation:/home/fai/nao_ws/install/nao_qi_ros2_package:/home/fai/nao_ws/install/manipulation:/opt/ros/jazzy DEBUGINFOD_URLS=https://debuginfod.ubuntu.com /usr/bin/cmake --install /home/fai/nao_ws/build/manipulation_interfaces
[2.791s] -- Install configuration: ""
[2.792s] -- Up-to-date: /home/fai/nao_ws/install/manipulation_interfaces/share/ament_index/resource_index/rosidl_interfaces/manipulation_interfaces
[2.792s] -- Up-to-date: /home/fai/nao_ws/install/manipulation_interfaces/share/manipulation_interfaces/srv/MoveArm.json
[2.792s] -- Up-to-date: /home/fai/nao_ws/install/manipulation_interfaces/include/manipulation_interfaces/manipulation_interfaces
[2.793s] -- Up-to-date: /home/fai/nao_ws/install/manipulation_interfaces/include/manipulation_interfaces/manipulation_interfaces/srv
[2.794s] -- Up-to-date: /home/fai/nao_ws/install/manipulation_interfaces/include/manipulation_interfaces/manipulation_interfaces/srv/move_arm.h
[2.794s] -- Up-to-date: /home/fai/nao_ws/install/manipulation_interfaces/include/manipulation_interfaces/manipulation_interfaces/srv/detail
[2.795s] -- Up-to-date: /home/fai/nao_ws/install/manipulation_interfaces/include/manipulation_interfaces/manipulation_interfaces/srv/detail/move_arm__struct.h
[2.796s] -- Installing: /home/fai/nao_ws/install/manipulation_interfaces/include/manipulation_interfaces/manipulation_interfaces/srv/detail/move_arm__type_support.c
[2.796s] -- Up-to-date: /home/fai/nao_ws/install/manipulation_interfaces/include/manipulation_interfaces/manipulation_interfaces/srv/detail/move_arm__functions.h
[2.797s] -- Up-to-date: /home/fai/nao_ws/install/manipulation_interfaces/include/manipulation_interfaces/manipulation_interfaces/srv/detail/move_arm__type_support.h
[2.797s] -- Up-to-date: /home/fai/nao_ws/install/manipulation_interfaces/include/manipulation_interfaces/manipulation_interfaces/srv/detail/move_arm__description.c
[2.797s] -- Up-to-date: /home/fai/nao_ws/install/manipulation_interfaces/include/manipulation_interfaces/manipulation_interfaces/srv/detail/move_arm__functions.c
[2.797s] -- Up-to-date: /home/fai/nao_ws/install/manipulation_interfaces/include/manipulation_interfaces/manipulation_interfaces/msg
[2.798s] -- Up-to-date: /home/fai/nao_ws/install/manipulation_interfaces/include/manipulation_interfaces/manipulation_interfaces/msg/rosidl_generator_c__visibility_control.h
[2.798s] -- Up-to-date: /home/fai/nao_ws/install/manipulation_interfaces/share/manipulation_interfaces/environment/library_path.sh
[2.798s] -- Up-to-date: /home/fai/nao_ws/install/manipulation_interfaces/share/manipulation_interfaces/environment/library_path.dsv
[2.803s] -- Up-to-date: /home/fai/nao_ws/install/manipulation_interfaces/lib/libmanipulation_interfaces__rosidl_generator_c.so
[2.807s] -- Up-to-date: /home/fai/nao_ws/install/manipulation_interfaces/include/manipulation_interfaces/manipulation_interfaces
[2.808s] -- Up-to-date: /home/fai/nao_ws/install/manipulation_interfaces/include/manipulation_interfaces/manipulation_interfaces/srv
[2.808s] -- Up-to-date: /home/fai/nao_ws/install/manipulation_interfaces/include/manipulation_interfaces/manipulation_interfaces/srv/detail
[2.810s] -- Up-to-date: /home/fai/nao_ws/install/manipulation_interfaces/include/manipulation_interfaces/manipulation_interfaces/srv/detail/move_arm__rosidl_typesupport_fastrtps_c.h
[2.812s] -- Up-to-date: /home/fai/nao_ws/install/manipulation_interfaces/include/manipulation_interfaces/manipulation_interfaces/msg
[2.813s] -- Up-to-date: /home/fai/nao_ws/install/manipulation_interfaces/include/manipulation_interfaces/manipulation_interfaces/msg/rosidl_typesupport_fastrtps_c__visibility_control.h
[2.818s] -- Up-to-date: /home/fai/nao_ws/install/manipulation_interfaces/lib/libmanipulation_interfaces__rosidl_typesupport_fastrtps_c.so
[2.819s] -- Up-to-date: /home/fai/nao_ws/install/manipulation_interfaces/include/manipulation_interfaces/manipulation_interfaces
[2.819s] -- Up-to-date: /home/fai/nao_ws/install/manipulation_interfaces/include/manipulation_interfaces/manipulation_interfaces/srv
[2.819s] -- Up-to-date: /home/fai/nao_ws/install/manipulation_interfaces/include/manipulation_interfaces/manipulation_interfaces/srv/detail
[2.820s] -- Up-to-date: /home/fai/nao_ws/install/manipulation_interfaces/include/manipulation_interfaces/manipulation_interfaces/srv/detail/move_arm__rosidl_typesupport_introspection_c.h
[2.820s] -- Installing: /home/fai/nao_ws/install/manipulation_interfaces/include/manipulation_interfaces/manipulation_interfaces/srv/detail/move_arm__type_support.c
[2.822s] -- Up-to-date: /home/fai/nao_ws/install/manipulation_interfaces/include/manipulation_interfaces/manipulation_interfaces/msg
[2.822s] -- Up-to-date: /home/fai/nao_ws/install/manipulation_interfaces/include/manipulation_interfaces/manipulation_interfaces/msg/rosidl_typesupport_introspection_c__visibility_control.h
[2.824s] -- Up-to-date: /home/fai/nao_ws/install/manipulation_interfaces/lib/libmanipulation_interfaces__rosidl_typesupport_introspection_c.so
[2.844s] -- Up-to-date: /home/fai/nao_ws/install/manipulation_interfaces/lib/libmanipulation_interfaces__rosidl_typesupport_c.so
[2.844s] -- Up-to-date: /home/fai/nao_ws/install/manipulation_interfaces/include/manipulation_interfaces/manipulation_interfaces
[2.845s] -- Up-to-date: /home/fai/nao_ws/install/manipulation_interfaces/include/manipulation_interfaces/manipulation_interfaces/srv
[2.845s] -- Up-to-date: /home/fai/nao_ws/install/manipulation_interfaces/include/manipulation_interfaces/manipulation_interfaces/srv/move_arm.hpp
[2.845s] -- Up-to-date: /home/fai/nao_ws/install/manipulation_interfaces/include/manipulation_interfaces/manipulation_interfaces/srv/detail
[2.845s] -- Up-to-date: /home/fai/nao_ws/install/manipulation_interfaces/include/manipulation_interfaces/manipulation_interfaces/srv/detail/move_arm__type_support.hpp
[2.846s] -- Up-to-date: /home/fai/nao_ws/install/manipulation_interfaces/include/manipulation_interfaces/manipulation_interfaces/srv/detail/move_arm__struct.hpp
[2.846s] -- Up-to-date: /home/fai/nao_ws/install/manipulation_interfaces/include/manipulation_interfaces/manipulation_interfaces/srv/detail/move_arm__builder.hpp
[2.846s] -- Up-to-date: /home/fai/nao_ws/install/manipulation_interfaces/include/manipulation_interfaces/manipulation_interfaces/srv/detail/move_arm__traits.hpp
[2.846s] -- Up-to-date: /home/fai/nao_ws/install/manipulation_interfaces/include/manipulation_interfaces/manipulation_interfaces/msg
[2.847s] -- Up-to-date: /home/fai/nao_ws/install/manipulation_interfaces/include/manipulation_interfaces/manipulation_interfaces/msg/rosidl_generator_cpp__visibility_control.hpp
[2.847s] -- Up-to-date: /home/fai/nao_ws/install/manipulation_interfaces/include/manipulation_interfaces/manipulation_interfaces
[2.847s] -- Up-to-date: /home/fai/nao_ws/install/manipulation_interfaces/include/manipulation_interfaces/manipulation_interfaces/srv
[2.847s] -- Up-to-date: /home/fai/nao_ws/install/manipulation_interfaces/include/manipulation_interfaces/manipulation_interfaces/srv/detail
[2.847s] -- Up-to-date: /home/fai/nao_ws/install/manipulation_interfaces/include/manipulation_interfaces/manipulation_interfaces/srv/detail/move_arm__rosidl_typesupport_fastrtps_cpp.hpp
[2.848s] -- Up-to-date: /home/fai/nao_ws/install/manipulation_interfaces/include/manipulation_interfaces/manipulation_interfaces/srv/detail/dds_fastrtps
[2.848s] -- Up-to-date: /home/fai/nao_ws/install/manipulation_interfaces/include/manipulation_interfaces/manipulation_interfaces/msg
[2.848s] -- Up-to-date: /home/fai/nao_ws/install/manipulation_interfaces/include/manipulation_interfaces/manipulation_interfaces/msg/rosidl_typesupport_fastrtps_cpp__visibility_control.h
[2.848s] -- Up-to-date: /home/fai/nao_ws/install/manipulation_interfaces/lib/libmanipulation_interfaces__rosidl_typesupport_fastrtps_cpp.so
[2.849s] -- Up-to-date: /home/fai/nao_ws/install/manipulation_interfaces/include/manipulation_interfaces/manipulation_interfaces
[2.849s] -- Up-to-date: /home/fai/nao_ws/install/manipulation_interfaces/include/manipulation_interfaces/manipulation_interfaces/srv
[2.850s] -- Up-to-date: /home/fai/nao_ws/install/manipulation_interfaces/include/manipulation_interfaces/manipulation_interfaces/srv/detail
[2.850s] -- Up-to-date: /home/fai/nao_ws/install/manipulation_interfaces/include/manipulation_interfaces/manipulation_interfaces/srv/detail/move_arm__rosidl_typesupport_introspection_cpp.hpp
[2.850s] -- Up-to-date: /home/fai/nao_ws/install/manipulation_interfaces/include/manipulation_interfaces/manipulation_interfaces/srv/detail/move_arm__type_support.cpp
[2.850s] -- Up-to-date: /home/fai/nao_ws/install/manipulation_interfaces/lib/libmanipulation_interfaces__rosidl_typesupport_introspection_cpp.so
[2.851s] -- Up-to-date: /home/fai/nao_ws/install/manipulation_interfaces/lib/libmanipulation_interfaces__rosidl_typesupport_cpp.so
[2.851s] -- Up-to-date: /home/fai/nao_ws/install/manipulation_interfaces/share/manipulation_interfaces/environment/pythonpath.sh
[2.851s] -- Up-to-date: /home/fai/nao_ws/install/manipulation_interfaces/share/manipulation_interfaces/environment/pythonpath.dsv
[2.851s] -- Up-to-date: /home/fai/nao_ws/install/manipulation_interfaces/lib/python3.12/site-packages/manipulation_interfaces-0.0.1-py3.12.egg-info
[2.852s] -- Installing: /home/fai/nao_ws/install/manipulation_interfaces/lib/python3.12/site-packages/manipulation_interfaces-0.0.1-py3.12.egg-info/PKG-INFO
[2.852s] -- Installing: /home/fai/nao_ws/install/manipulation_interfaces/lib/python3.12/site-packages/manipulation_interfaces-0.0.1-py3.12.egg-info/top_level.txt
[2.852s] -- Installing: /home/fai/nao_ws/install/manipulation_interfaces/lib/python3.12/site-packages/manipulation_interfaces-0.0.1-py3.12.egg-info/dependency_links.txt
[2.852s] -- Installing: /home/fai/nao_ws/install/manipulation_interfaces/lib/python3.12/site-packages/manipulation_interfaces-0.0.1-py3.12.egg-info/SOURCES.txt
[2.853s] -- Up-to-date: /home/fai/nao_ws/install/manipulation_interfaces/lib/python3.12/site-packages/manipulation_interfaces
[2.853s] -- Up-to-date: /home/fai/nao_ws/install/manipulation_interfaces/lib/python3.12/site-packages/manipulation_interfaces/srv
[2.853s] -- Up-to-date: /home/fai/nao_ws/install/manipulation_interfaces/lib/python3.12/site-packages/manipulation_interfaces/srv/_move_arm.py
[2.853s] -- Up-to-date: /home/fai/nao_ws/install/manipulation_interfaces/lib/python3.12/site-packages/manipulation_interfaces/srv/__init__.py
[2.854s] -- Up-to-date: /home/fai/nao_ws/install/manipulation_interfaces/lib/python3.12/site-packages/manipulation_interfaces/srv/_move_arm_s.c
[2.854s] -- Up-to-date: /home/fai/nao_ws/install/manipulation_interfaces/lib/python3.12/site-packages/manipulation_interfaces/_manipulation_interfaces_s.ep.rosidl_typesupport_introspection_c.c
[2.854s] -- Up-to-date: /home/fai/nao_ws/install/manipulation_interfaces/lib/python3.12/site-packages/manipulation_interfaces/manipulation_interfaces_s__rosidl_typesupport_c.so
[2.854s] -- Up-to-date: /home/fai/nao_ws/install/manipulation_interfaces/lib/python3.12/site-packages/manipulation_interfaces/manipulation_interfaces_s__rosidl_typesupport_fastrtps_c.so
[2.855s] -- Up-to-date: /home/fai/nao_ws/install/manipulation_interfaces/lib/python3.12/site-packages/manipulation_interfaces/_manipulation_interfaces_s.ep.rosidl_typesupport_fastrtps_c.c
[2.855s] -- Up-to-date: /home/fai/nao_ws/install/manipulation_interfaces/lib/python3.12/site-packages/manipulation_interfaces/__init__.py
[2.855s] -- Up-to-date: /home/fai/nao_ws/install/manipulation_interfaces/lib/python3.12/site-packages/manipulation_interfaces/_manipulation_interfaces_s.ep.rosidl_typesupport_c.c
[2.855s] -- Up-to-date: /home/fai/nao_ws/install/manipulation_interfaces/lib/python3.12/site-packages/manipulation_interfaces/manipulation_interfaces_s__rosidl_typesupport_introspection_c.so
[2.938s] Listing '/home/fai/nao_ws/install/manipulation_interfaces/lib/python3.12/site-packages/manipulation_interfaces'...
[2.938s] Listing '/home/fai/nao_ws/install/manipulation_interfaces/lib/python3.12/site-packages/manipulation_interfaces/srv'...
[2.962s] -- Up-to-date: /home/fai/nao_ws/install/manipulation_interfaces/lib/python3.12/site-packages/manipulation_interfaces/manipulation_interfaces_s__rosidl_typesupport_fastrtps_c.so
[2.962s] -- Up-to-date: /home/fai/nao_ws/install/manipulation_interfaces/lib/python3.12/site-packages/manipulation_interfaces/manipulation_interfaces_s__rosidl_typesupport_introspection_c.so
[2.962s] -- Up-to-date: /home/fai/nao_ws/install/manipulation_interfaces/lib/python3.12/site-packages/manipulation_interfaces/manipulation_interfaces_s__rosidl_typesupport_c.so
[2.963s] -- Up-to-date: /home/fai/nao_ws/install/manipulation_interfaces/lib/libmanipulation_interfaces__rosidl_generator_py.so
[2.964s] -- Up-to-date: /home/fai/nao_ws/install/manipulation_interfaces/share/manipulation_interfaces/srv/MoveArm.idl
[2.964s] -- Up-to-date: /home/fai/nao_ws/install/manipulation_interfaces/share/manipulation_interfaces/srv/MoveArm.srv
[2.964s] -- Up-to-date: /home/fai/nao_ws/install/manipulation_interfaces/share/ament_index/resource_index/package_run_dependencies/manipulation_interfaces
[2.966s] -- Up-to-date: /home/fai/nao_ws/install/manipulation_interfaces/share/ament_index/resource_index/parent_prefix_path/manipulation_interfaces
[2.966s] -- Up-to-date: /home/fai/nao_ws/install/manipulation_interfaces/share/manipulation_interfaces/environment/ament_prefix_path.sh
[2.966s] -- Up-to-date: /home/fai/nao_ws/install/manipulation_interfaces/share/manipulation_interfaces/environment/ament_prefix_path.dsv
[2.971s] -- Up-to-date: /home/fai/nao_ws/install/manipulation_interfaces/share/manipulation_interfaces/environment/path.sh
[2.971s] -- Up-to-date: /home/fai/nao_ws/install/manipulation_interfaces/share/manipulation_interfaces/environment/path.dsv
[2.972s] -- Up-to-date: /home/fai/nao_ws/install/manipulation_interfaces/share/manipulation_interfaces/local_setup.bash
[2.972s] -- Up-to-date: /home/fai/nao_ws/install/manipulation_interfaces/share/manipulation_interfaces/local_setup.sh
[2.972s] -- Up-to-date: /home/fai/nao_ws/install/manipulation_interfaces/share/manipulation_interfaces/local_setup.zsh
[2.973s] -- Up-to-date: /home/fai/nao_ws/install/manipulation_interfaces/share/manipulation_interfaces/local_setup.dsv
[2.973s] -- Installing: /home/fai/nao_ws/install/manipulation_interfaces/share/manipulation_interfaces/package.dsv
[2.974s] -- Up-to-date: /home/fai/nao_ws/install/manipulation_interfaces/share/ament_index/resource_index/packages/manipulation_interfaces
[2.976s] -- Up-to-date: /home/fai/nao_ws/install/manipulation_interfaces/share/manipulation_interfaces/cmake/export_manipulation_interfaces__rosidl_generator_cExport.cmake
[2.976s] -- Up-to-date: /home/fai/nao_ws/install/manipulation_interfaces/share/manipulation_interfaces/cmake/export_manipulation_interfaces__rosidl_generator_cExport-noconfig.cmake
[2.978s] -- Up-to-date: /home/fai/nao_ws/install/manipulation_interfaces/share/manipulation_interfaces/cmake/export_manipulation_interfaces__rosidl_typesupport_fastrtps_cExport.cmake
[2.979s] -- Up-to-date: /home/fai/nao_ws/install/manipulation_interfaces/share/manipulation_interfaces/cmake/export_manipulation_interfaces__rosidl_typesupport_fastrtps_cExport-noconfig.cmake
[2.979s] -- Up-to-date: /home/fai/nao_ws/install/manipulation_interfaces/share/manipulation_interfaces/cmake/manipulation_interfaces__rosidl_typesupport_introspection_cExport.cmake
[2.981s] -- Up-to-date: /home/fai/nao_ws/install/manipulation_interfaces/share/manipulation_interfaces/cmake/manipulation_interfaces__rosidl_typesupport_introspection_cExport-noconfig.cmake
[2.981s] -- Up-to-date: /home/fai/nao_ws/install/manipulation_interfaces/share/manipulation_interfaces/cmake/manipulation_interfaces__rosidl_typesupport_cExport.cmake
[2.982s] -- Up-to-date: /home/fai/nao_ws/install/manipulation_interfaces/share/manipulation_interfaces/cmake/manipulation_interfaces__rosidl_typesupport_cExport-noconfig.cmake
[2.982s] -- Up-to-date: /home/fai/nao_ws/install/manipulation_interfaces/share/manipulation_interfaces/cmake/export_manipulation_interfaces__rosidl_generator_cppExport.cmake
[2.982s] -- Up-to-date: /home/fai/nao_ws/install/manipulation_interfaces/share/manipulation_interfaces/cmake/export_manipulation_interfaces__rosidl_typesupport_fastrtps_cppExport.cmake
[2.982s] -- Up-to-date: /home/fai/nao_ws/install/manipulation_interfaces/share/manipulation_interfaces/cmake/export_manipulation_interfaces__rosidl_typesupport_fastrtps_cppExport-noconfig.cmake
[2.983s] -- Up-to-date: /home/fai/nao_ws/install/manipulation_interfaces/share/manipulation_interfaces/cmake/manipulation_interfaces__rosidl_typesupport_introspection_cppExport.cmake
[2.983s] -- Up-to-date: /home/fai/nao_ws/install/manipulation_interfaces/share/manipulation_interfaces/cmake/manipulation_interfaces__rosidl_typesupport_introspection_cppExport-noconfig.cmake
[2.983s] -- Up-to-date: /home/fai/nao_ws/install/manipulation_interfaces/share/manipulation_interfaces/cmake/manipulation_interfaces__rosidl_typesupport_cppExport.cmake
[2.984s] -- Up-to-date: /home/fai/nao_ws/install/manipulation_interfaces/share/manipulation_interfaces/cmake/manipulation_interfaces__rosidl_typesupport_cppExport-noconfig.cmake
[2.984s] -- Up-to-date: /home/fai/nao_ws/install/manipulation_interfaces/share/manipulation_interfaces/cmake/export_manipulation_interfaces__rosidl_generator_pyExport.cmake
[2.984s] -- Up-to-date: /home/fai/nao_ws/install/manipulation_interfaces/share/manipulation_interfaces/cmake/export_manipulation_interfaces__rosidl_generator_pyExport-noconfig.cmake
[2.985s] -- Up-to-date: /home/fai/nao_ws/install/manipulation_interfaces/share/manipulation_interfaces/cmake/rosidl_cmake-extras.cmake
[2.985s] -- Up-to-date: /home/fai/nao_ws/install/manipulation_interfaces/share/manipulation_interfaces/cmake/ament_cmake_export_dependencies-extras.cmake
[2.985s] -- Up-to-date: /home/fai/nao_ws/install/manipulation_interfaces/share/manipulation_interfaces/cmake/ament_cmake_export_include_directories-extras.cmake
[2.986s] -- Up-to-date: /home/fai/nao_ws/install/manipulation_interfaces/share/manipulation_interfaces/cmake/ament_cmake_export_libraries-extras.cmake
[2.986s] -- Up-to-date: /home/fai/nao_ws/install/manipulation_interfaces/share/manipulation_interfaces/cmake/ament_cmake_export_targets-extras.cmake
[2.986s] -- Up-to-date: /home/fai/nao_ws/install/manipulation_interfaces/share/manipulation_interfaces/cmake/rosidl_cmake_export_typesupport_targets-extras.cmake
[2.986s] -- Up-to-date: /home/fai/nao_ws/install/manipulation_interfaces/share/manipulation_interfaces/cmake/rosidl_cmake_export_typesupport_libraries-extras.cmake
[2.987s] -- Up-to-date: /home/fai/nao_ws/install/manipulation_interfaces/share/manipulation_interfaces/cmake/manipulation_interfacesConfig.cmake
[2.987s] -- Up-to-date: /home/fai/nao_ws/install/manipulation_interfaces/share/manipulation_interfaces/cmake/manipulation_interfacesConfig-version.cmake
[2.987s] -- Up-to-date: /home/fai/nao_ws/install/manipulation_interfaces/share/manipulation_interfaces/package.xml
[3.039s] Invoked command in '/home/fai/nao_ws/build/manipulation_interfaces' returned '0': CMAKE_PREFIX_PATH=${CMAKE_PREFIX_PATH}:/home/fai/nao_ws/install/nao_tasks:/home/fai/nao_ws/install/web_controller:/home/fai/nao_ws/install/speech:/home/fai/nao_ws/install/integration:/home/fai/nao_ws/install/perception:/home/fai/nao_ws/install/navigation:/home/fai/nao_ws/install/nao_qi_ros2_package:/home/fai/nao_ws/install/manipulation:/opt/ros/jazzy DEBUGINFOD_URLS=https://debuginfod.ubuntu.com /usr/bin/cmake --install /home/fai/nao_ws/build/manipulation_interfaces
