/home/fai/nao_ws/install/integration/lib/python3.12/site-packages/integration/__init__.py
/home/fai/nao_ws/install/integration/lib/python3.12/site-packages/integration/integration_interface.py
/home/fai/nao_ws/install/integration/lib/python3.12/site-packages/integration/tasks/task_one.py
/home/fai/nao_ws/install/integration/lib/python3.12/site-packages/integration/tasks/demo_task.py
/home/fai/nao_ws/install/integration/lib/python3.12/site-packages/integration/tasks/__init__.py
/home/fai/nao_ws/install/integration/lib/python3.12/site-packages/integration/__pycache__/__init__.cpython-312.pyc
/home/fai/nao_ws/install/integration/lib/python3.12/site-packages/integration/__pycache__/integration_interface.cpython-312.pyc
/home/fai/nao_ws/install/integration/lib/python3.12/site-packages/integration/tasks/__pycache__/task_one.cpython-312.pyc
/home/fai/nao_ws/install/integration/lib/python3.12/site-packages/integration/tasks/__pycache__/demo_task.cpython-312.pyc
/home/fai/nao_ws/install/integration/lib/python3.12/site-packages/integration/tasks/__pycache__/__init__.cpython-312.pyc
/home/fai/nao_ws/install/integration/share/ament_index/resource_index/packages/integration
/home/fai/nao_ws/install/integration/share/integration/package.xml
/home/fai/nao_ws/install/integration/lib/python3.12/site-packages/integration-0.0.0-py3.12.egg-info/zip-safe
/home/fai/nao_ws/install/integration/lib/python3.12/site-packages/integration-0.0.0-py3.12.egg-info/PKG-INFO
/home/fai/nao_ws/install/integration/lib/python3.12/site-packages/integration-0.0.0-py3.12.egg-info/entry_points.txt
/home/fai/nao_ws/install/integration/lib/python3.12/site-packages/integration-0.0.0-py3.12.egg-info/top_level.txt
/home/fai/nao_ws/install/integration/lib/python3.12/site-packages/integration-0.0.0-py3.12.egg-info/dependency_links.txt
/home/fai/nao_ws/install/integration/lib/python3.12/site-packages/integration-0.0.0-py3.12.egg-info/SOURCES.txt
/home/fai/nao_ws/install/integration/lib/python3.12/site-packages/integration-0.0.0-py3.12.egg-info/requires.txt
/home/fai/nao_ws/install/integration/lib/integration/demo_task
/home/fai/nao_ws/install/integration/lib/integration/integration_interface
/home/fai/nao_ws/install/integration/lib/integration/task_one
