[3.942s] Invoking command in '/home/fai/nao_ws/src/integration': DEBUGINFOD_URLS=https://debuginfod.ubuntu.com PYTHONPATH=/home/fai/nao_ws/build/integration/prefix_override:/usr/lib/python3/dist-packages/colcon_core/task/python/colcon_distutils_commands:/home/fai/nao_ws/install/integration/lib/python3.12/site-packages:/home/fai/nao_ws/install/speech_interfaces/lib/python3.12/site-packages:/home/fai/nao_ws/install/perception_interfaces/lib/python3.12/site-packages:/home/fai/nao_ws/install/navigation_interfaces/lib/python3.12/site-packages:/home/fai/nao_ws/install/manipulation_interfaces/lib/python3.12/site-packages:/home/fai/nao_ws/install/nao_tasks/lib/python3.12/site-packages:/home/fai/nao_ws/install/web_controller/lib/python3.12/site-packages:/home/fai/nao_ws/install/speech/lib/python3.12/site-packages:/home/fai/nao_ws/install/integration/lib/python3.12/site-packages:/home/fai/nao_ws/install/perception/lib/python3.12/site-packages:/home/fai/nao_ws/install/navigation/lib/python3.12/site-packages:/home/fai/nao_ws/install/nao_qi_ros2_package/lib/python3.12/site-packages:/home/fai/nao_ws/install/manipulation/lib/python3.12/site-packages:/opt/ros/jazzy/lib/python3.12/site-packages /usr/bin/python3 -W ignore:setup.py install is deprecated setup.py egg_info --egg-base ../../build/integration build --build-base /home/fai/nao_ws/build/integration/build install --record /home/fai/nao_ws/build/integration/install.log --single-version-externally-managed install_data
[4.794s] running egg_info
[4.859s] writing ../../build/integration/integration.egg-info/PKG-INFO
[4.860s] writing dependency_links to ../../build/integration/integration.egg-info/dependency_links.txt
[4.861s] writing entry points to ../../build/integration/integration.egg-info/entry_points.txt
[4.861s] writing requirements to ../../build/integration/integration.egg-info/requires.txt
[4.861s] writing top-level names to ../../build/integration/integration.egg-info/top_level.txt
[5.000s] reading manifest file '../../build/integration/integration.egg-info/SOURCES.txt'
[5.002s] writing manifest file '../../build/integration/integration.egg-info/SOURCES.txt'
[5.004s] running build
[5.004s] running build_py
[5.005s] copying integration/integration_interface.py -> /home/fai/nao_ws/build/integration/build/lib/integration
[5.008s] running install
[5.025s] running install_lib
[5.091s] copying /home/fai/nao_ws/build/integration/build/lib/integration/integration_interface.py -> /home/fai/nao_ws/install/integration/lib/python3.12/site-packages/integration
[5.095s] byte-compiling /home/fai/nao_ws/install/integration/lib/python3.12/site-packages/integration/integration_interface.py to integration_interface.cpython-312.pyc
[5.097s] running install_data
[5.097s] running install_egg_info
[5.167s] removing '/home/fai/nao_ws/install/integration/lib/python3.12/site-packages/integration-0.0.0-py3.12.egg-info' (and everything under it)
[5.170s] Copying ../../build/integration/integration.egg-info to /home/fai/nao_ws/install/integration/lib/python3.12/site-packages/integration-0.0.0-py3.12.egg-info
[5.171s] running install_scripts
[5.583s] Installing integration_interface script to /home/fai/nao_ws/install/integration/lib/integration
[5.584s] Installing task_one script to /home/fai/nao_ws/install/integration/lib/integration
[5.585s] writing list of installed files to '/home/fai/nao_ws/build/integration/install.log'
[5.672s] Invoked command in '/home/fai/nao_ws/src/integration' returned '0': DEBUGINFOD_URLS=https://debuginfod.ubuntu.com PYTHONPATH=/home/fai/nao_ws/build/integration/prefix_override:/usr/lib/python3/dist-packages/colcon_core/task/python/colcon_distutils_commands:/home/fai/nao_ws/install/integration/lib/python3.12/site-packages:/home/fai/nao_ws/install/speech_interfaces/lib/python3.12/site-packages:/home/fai/nao_ws/install/perception_interfaces/lib/python3.12/site-packages:/home/fai/nao_ws/install/navigation_interfaces/lib/python3.12/site-packages:/home/fai/nao_ws/install/manipulation_interfaces/lib/python3.12/site-packages:/home/fai/nao_ws/install/nao_tasks/lib/python3.12/site-packages:/home/fai/nao_ws/install/web_controller/lib/python3.12/site-packages:/home/fai/nao_ws/install/speech/lib/python3.12/site-packages:/home/fai/nao_ws/install/integration/lib/python3.12/site-packages:/home/fai/nao_ws/install/perception/lib/python3.12/site-packages:/home/fai/nao_ws/install/navigation/lib/python3.12/site-packages:/home/fai/nao_ws/install/nao_qi_ros2_package/lib/python3.12/site-packages:/home/fai/nao_ws/install/manipulation/lib/python3.12/site-packages:/opt/ros/jazzy/lib/python3.12/site-packages /usr/bin/python3 -W ignore:setup.py install is deprecated setup.py egg_info --egg-base ../../build/integration build --build-base /home/fai/nao_ws/build/integration/build install --record /home/fai/nao_ws/build/integration/install.log --single-version-externally-managed install_data
