[0.034s] Invoking command in '/home/fai/nao_ws/build/speech_interfaces': CMAKE_PREFIX_PATH=${CMAKE_PREFIX_PATH}:/home/fai/nao_ws/install/nao_tasks:/home/fai/nao_ws/install/web_controller:/home/fai/nao_ws/install/speech:/home/fai/nao_ws/install/integration:/home/fai/nao_ws/install/perception:/home/fai/nao_ws/install/navigation:/home/fai/nao_ws/install/nao_qi_ros2_package:/home/fai/nao_ws/install/manipulation:/opt/ros/jazzy DEBUGINFOD_URLS=https://debuginfod.ubuntu.com /usr/bin/cmake --build /home/fai/nao_ws/build/speech_interfaces -- -j4 -l4
[0.248s] [  2%] Built target speech_interfaces__rosidl_generator_type_description
[0.361s] [  2%] Built target ament_cmake_python_copy_speech_interfaces
[0.401s] [  4%] Built target speech_interfaces__cpp
[0.475s] [ 22%] Built target speech_interfaces__rosidl_generator_c
[0.630s] [ 31%] Built target speech_interfaces__rosidl_typesupport_cpp
[0.789s] [ 40%] Built target speech_interfaces__rosidl_typesupport_introspection_cpp
[0.812s] [ 50%] Built target speech_interfaces__rosidl_typesupport_fastrtps_cpp
[1.052s] [ 59%] Built target speech_interfaces__rosidl_typesupport_c
[1.114s] [ 68%] Built target speech_interfaces__rosidl_typesupport_fastrtps_c
[1.130s] [ 77%] Built target speech_interfaces__rosidl_typesupport_introspection_c
[1.315s] [ 77%] Built target speech_interfaces
[1.526s] [ 79%] Built target speech_interfaces__py
[1.699s] [ 86%] Built target speech_interfaces__rosidl_generator_py
[1.888s] [ 90%] Built target speech_interfaces_s__rosidl_typesupport_c
[1.914s] [ 95%] Built target speech_interfaces_s__rosidl_typesupport_fastrtps_c
[1.925s] [100%] Built target speech_interfaces_s__rosidl_typesupport_introspection_c
[2.448s] running egg_info
[2.539s] writing speech_interfaces.egg-info/PKG-INFO
[2.540s] writing dependency_links to speech_interfaces.egg-info/dependency_links.txt
[2.540s] writing top-level names to speech_interfaces.egg-info/top_level.txt
[2.828s] reading manifest file 'speech_interfaces.egg-info/SOURCES.txt'
[2.829s] writing manifest file 'speech_interfaces.egg-info/SOURCES.txt'
[2.926s] [100%] Built target ament_cmake_python_build_speech_interfaces_egg
[3.346s] Invoked command in '/home/fai/nao_ws/build/speech_interfaces' returned '0': CMAKE_PREFIX_PATH=${CMAKE_PREFIX_PATH}:/home/fai/nao_ws/install/nao_tasks:/home/fai/nao_ws/install/web_controller:/home/fai/nao_ws/install/speech:/home/fai/nao_ws/install/integration:/home/fai/nao_ws/install/perception:/home/fai/nao_ws/install/navigation:/home/fai/nao_ws/install/nao_qi_ros2_package:/home/fai/nao_ws/install/manipulation:/opt/ros/jazzy DEBUGINFOD_URLS=https://debuginfod.ubuntu.com /usr/bin/cmake --build /home/fai/nao_ws/build/speech_interfaces -- -j4 -l4
[3.940s] Invoking command in '/home/fai/nao_ws/build/speech_interfaces': CMAKE_PREFIX_PATH=${CMAKE_PREFIX_PATH}:/home/fai/nao_ws/install/nao_tasks:/home/fai/nao_ws/install/web_controller:/home/fai/nao_ws/install/speech:/home/fai/nao_ws/install/integration:/home/fai/nao_ws/install/perception:/home/fai/nao_ws/install/navigation:/home/fai/nao_ws/install/nao_qi_ros2_package:/home/fai/nao_ws/install/manipulation:/opt/ros/jazzy DEBUGINFOD_URLS=https://debuginfod.ubuntu.com /usr/bin/cmake --install /home/fai/nao_ws/build/speech_interfaces
[3.959s] -- Install configuration: ""
[3.959s] -- Up-to-date: /home/fai/nao_ws/install/speech_interfaces/share/ament_index/resource_index/rosidl_interfaces/speech_interfaces
[3.959s] -- Up-to-date: /home/fai/nao_ws/install/speech_interfaces/share/speech_interfaces/srv/Speak.json
[3.960s] -- Up-to-date: /home/fai/nao_ws/install/speech_interfaces/share/speech_interfaces/srv/PlaySong.json
[3.960s] -- Up-to-date: /home/fai/nao_ws/install/speech_interfaces/include/speech_interfaces/speech_interfaces
[3.961s] -- Up-to-date: /home/fai/nao_ws/install/speech_interfaces/include/speech_interfaces/speech_interfaces/srv
[3.961s] -- Up-to-date: /home/fai/nao_ws/install/speech_interfaces/include/speech_interfaces/speech_interfaces/srv/play_song.h
[3.961s] -- Up-to-date: /home/fai/nao_ws/install/speech_interfaces/include/speech_interfaces/speech_interfaces/srv/speak.h
[3.962s] -- Up-to-date: /home/fai/nao_ws/install/speech_interfaces/include/speech_interfaces/speech_interfaces/srv/detail
[3.962s] -- Up-to-date: /home/fai/nao_ws/install/speech_interfaces/include/speech_interfaces/speech_interfaces/srv/detail/play_song__functions.h
[3.962s] -- Installing: /home/fai/nao_ws/install/speech_interfaces/include/speech_interfaces/speech_interfaces/srv/detail/play_song__type_support.c
[3.962s] -- Up-to-date: /home/fai/nao_ws/install/speech_interfaces/include/speech_interfaces/speech_interfaces/srv/detail/speak__functions.h
[3.963s] -- Up-to-date: /home/fai/nao_ws/install/speech_interfaces/include/speech_interfaces/speech_interfaces/srv/detail/play_song__functions.c
[3.963s] -- Installing: /home/fai/nao_ws/install/speech_interfaces/include/speech_interfaces/speech_interfaces/srv/detail/speak__type_support.c
[3.963s] -- Up-to-date: /home/fai/nao_ws/install/speech_interfaces/include/speech_interfaces/speech_interfaces/srv/detail/play_song__type_support.h
[3.963s] -- Up-to-date: /home/fai/nao_ws/install/speech_interfaces/include/speech_interfaces/speech_interfaces/srv/detail/play_song__description.c
[3.967s] -- Up-to-date: /home/fai/nao_ws/install/speech_interfaces/include/speech_interfaces/speech_interfaces/srv/detail/speak__struct.h
[3.968s] -- Up-to-date: /home/fai/nao_ws/install/speech_interfaces/include/speech_interfaces/speech_interfaces/srv/detail/speak__description.c
[3.968s] -- Up-to-date: /home/fai/nao_ws/install/speech_interfaces/include/speech_interfaces/speech_interfaces/srv/detail/speak__functions.c
[3.968s] -- Up-to-date: /home/fai/nao_ws/install/speech_interfaces/include/speech_interfaces/speech_interfaces/srv/detail/play_song__struct.h
[3.969s] -- Up-to-date: /home/fai/nao_ws/install/speech_interfaces/include/speech_interfaces/speech_interfaces/srv/detail/speak__type_support.h
[3.969s] -- Up-to-date: /home/fai/nao_ws/install/speech_interfaces/include/speech_interfaces/speech_interfaces/msg
[3.969s] -- Up-to-date: /home/fai/nao_ws/install/speech_interfaces/include/speech_interfaces/speech_interfaces/msg/rosidl_generator_c__visibility_control.h
[3.969s] -- Up-to-date: /home/fai/nao_ws/install/speech_interfaces/share/speech_interfaces/environment/library_path.sh
[3.972s] -- Up-to-date: /home/fai/nao_ws/install/speech_interfaces/share/speech_interfaces/environment/library_path.dsv
[3.972s] -- Up-to-date: /home/fai/nao_ws/install/speech_interfaces/lib/libspeech_interfaces__rosidl_generator_c.so
[3.973s] -- Up-to-date: /home/fai/nao_ws/install/speech_interfaces/include/speech_interfaces/speech_interfaces
[3.974s] -- Up-to-date: /home/fai/nao_ws/install/speech_interfaces/include/speech_interfaces/speech_interfaces/srv
[3.974s] -- Up-to-date: /home/fai/nao_ws/install/speech_interfaces/include/speech_interfaces/speech_interfaces/srv/detail
[3.974s] -- Up-to-date: /home/fai/nao_ws/install/speech_interfaces/include/speech_interfaces/speech_interfaces/srv/detail/play_song__rosidl_typesupport_fastrtps_c.h
[3.974s] -- Up-to-date: /home/fai/nao_ws/install/speech_interfaces/include/speech_interfaces/speech_interfaces/srv/detail/speak__rosidl_typesupport_fastrtps_c.h
[3.974s] -- Up-to-date: /home/fai/nao_ws/install/speech_interfaces/include/speech_interfaces/speech_interfaces/msg
[3.975s] -- Up-to-date: /home/fai/nao_ws/install/speech_interfaces/include/speech_interfaces/speech_interfaces/msg/rosidl_typesupport_fastrtps_c__visibility_control.h
[3.981s] -- Up-to-date: /home/fai/nao_ws/install/speech_interfaces/lib/libspeech_interfaces__rosidl_typesupport_fastrtps_c.so
[3.981s] -- Up-to-date: /home/fai/nao_ws/install/speech_interfaces/include/speech_interfaces/speech_interfaces
[3.981s] -- Up-to-date: /home/fai/nao_ws/install/speech_interfaces/include/speech_interfaces/speech_interfaces/srv
[3.981s] -- Up-to-date: /home/fai/nao_ws/install/speech_interfaces/include/speech_interfaces/speech_interfaces/srv/detail
[3.982s] -- Installing: /home/fai/nao_ws/install/speech_interfaces/include/speech_interfaces/speech_interfaces/srv/detail/play_song__type_support.c
[3.982s] -- Installing: /home/fai/nao_ws/install/speech_interfaces/include/speech_interfaces/speech_interfaces/srv/detail/speak__type_support.c
[3.982s] -- Up-to-date: /home/fai/nao_ws/install/speech_interfaces/include/speech_interfaces/speech_interfaces/srv/detail/play_song__rosidl_typesupport_introspection_c.h
[3.983s] -- Up-to-date: /home/fai/nao_ws/install/speech_interfaces/include/speech_interfaces/speech_interfaces/srv/detail/speak__rosidl_typesupport_introspection_c.h
[3.983s] -- Up-to-date: /home/fai/nao_ws/install/speech_interfaces/include/speech_interfaces/speech_interfaces/msg
[3.983s] -- Up-to-date: /home/fai/nao_ws/install/speech_interfaces/include/speech_interfaces/speech_interfaces/msg/rosidl_typesupport_introspection_c__visibility_control.h
[3.984s] -- Up-to-date: /home/fai/nao_ws/install/speech_interfaces/lib/libspeech_interfaces__rosidl_typesupport_introspection_c.so
[3.984s] -- Up-to-date: /home/fai/nao_ws/install/speech_interfaces/lib/libspeech_interfaces__rosidl_typesupport_c.so
[3.984s] -- Up-to-date: /home/fai/nao_ws/install/speech_interfaces/include/speech_interfaces/speech_interfaces
[3.984s] -- Up-to-date: /home/fai/nao_ws/install/speech_interfaces/include/speech_interfaces/speech_interfaces/srv
[3.985s] -- Up-to-date: /home/fai/nao_ws/install/speech_interfaces/include/speech_interfaces/speech_interfaces/srv/speak.hpp
[3.986s] -- Up-to-date: /home/fai/nao_ws/install/speech_interfaces/include/speech_interfaces/speech_interfaces/srv/detail
[3.987s] -- Up-to-date: /home/fai/nao_ws/install/speech_interfaces/include/speech_interfaces/speech_interfaces/srv/detail/speak__traits.hpp
[3.987s] -- Up-to-date: /home/fai/nao_ws/install/speech_interfaces/include/speech_interfaces/speech_interfaces/srv/detail/play_song__struct.hpp
[3.987s] -- Up-to-date: /home/fai/nao_ws/install/speech_interfaces/include/speech_interfaces/speech_interfaces/srv/detail/speak__builder.hpp
[3.987s] -- Up-to-date: /home/fai/nao_ws/install/speech_interfaces/include/speech_interfaces/speech_interfaces/srv/detail/speak__type_support.hpp
[3.988s] -- Up-to-date: /home/fai/nao_ws/install/speech_interfaces/include/speech_interfaces/speech_interfaces/srv/detail/play_song__builder.hpp
[3.988s] -- Up-to-date: /home/fai/nao_ws/install/speech_interfaces/include/speech_interfaces/speech_interfaces/srv/detail/play_song__traits.hpp
[3.988s] -- Up-to-date: /home/fai/nao_ws/install/speech_interfaces/include/speech_interfaces/speech_interfaces/srv/detail/play_song__type_support.hpp
[3.988s] -- Up-to-date: /home/fai/nao_ws/install/speech_interfaces/include/speech_interfaces/speech_interfaces/srv/detail/speak__struct.hpp
[3.989s] -- Up-to-date: /home/fai/nao_ws/install/speech_interfaces/include/speech_interfaces/speech_interfaces/srv/play_song.hpp
[3.990s] -- Up-to-date: /home/fai/nao_ws/install/speech_interfaces/include/speech_interfaces/speech_interfaces/msg
[3.991s] -- Up-to-date: /home/fai/nao_ws/install/speech_interfaces/include/speech_interfaces/speech_interfaces/msg/rosidl_generator_cpp__visibility_control.hpp
[3.991s] -- Up-to-date: /home/fai/nao_ws/install/speech_interfaces/include/speech_interfaces/speech_interfaces
[3.991s] -- Up-to-date: /home/fai/nao_ws/install/speech_interfaces/include/speech_interfaces/speech_interfaces/srv
[3.991s] -- Up-to-date: /home/fai/nao_ws/install/speech_interfaces/include/speech_interfaces/speech_interfaces/srv/detail
[3.994s] -- Up-to-date: /home/fai/nao_ws/install/speech_interfaces/include/speech_interfaces/speech_interfaces/srv/detail/speak__rosidl_typesupport_fastrtps_cpp.hpp
[3.994s] -- Up-to-date: /home/fai/nao_ws/install/speech_interfaces/include/speech_interfaces/speech_interfaces/srv/detail/play_song__rosidl_typesupport_fastrtps_cpp.hpp
[3.994s] -- Up-to-date: /home/fai/nao_ws/install/speech_interfaces/include/speech_interfaces/speech_interfaces/srv/detail/dds_fastrtps
[3.995s] -- Up-to-date: /home/fai/nao_ws/install/speech_interfaces/include/speech_interfaces/speech_interfaces/msg
[3.995s] -- Up-to-date: /home/fai/nao_ws/install/speech_interfaces/include/speech_interfaces/speech_interfaces/msg/rosidl_typesupport_fastrtps_cpp__visibility_control.h
[3.995s] -- Up-to-date: /home/fai/nao_ws/install/speech_interfaces/lib/libspeech_interfaces__rosidl_typesupport_fastrtps_cpp.so
[3.995s] -- Up-to-date: /home/fai/nao_ws/install/speech_interfaces/include/speech_interfaces/speech_interfaces
[3.996s] -- Up-to-date: /home/fai/nao_ws/install/speech_interfaces/include/speech_interfaces/speech_interfaces/srv
[3.996s] -- Up-to-date: /home/fai/nao_ws/install/speech_interfaces/include/speech_interfaces/speech_interfaces/srv/detail
[3.996s] -- Up-to-date: /home/fai/nao_ws/install/speech_interfaces/include/speech_interfaces/speech_interfaces/srv/detail/speak__rosidl_typesupport_introspection_cpp.hpp
[3.996s] -- Up-to-date: /home/fai/nao_ws/install/speech_interfaces/include/speech_interfaces/speech_interfaces/srv/detail/speak__type_support.cpp
[3.997s] -- Up-to-date: /home/fai/nao_ws/install/speech_interfaces/include/speech_interfaces/speech_interfaces/srv/detail/play_song__type_support.cpp
[3.997s] -- Up-to-date: /home/fai/nao_ws/install/speech_interfaces/include/speech_interfaces/speech_interfaces/srv/detail/play_song__rosidl_typesupport_introspection_cpp.hpp
[3.997s] -- Up-to-date: /home/fai/nao_ws/install/speech_interfaces/lib/libspeech_interfaces__rosidl_typesupport_introspection_cpp.so
[3.997s] -- Up-to-date: /home/fai/nao_ws/install/speech_interfaces/lib/libspeech_interfaces__rosidl_typesupport_cpp.so
[3.998s] -- Up-to-date: /home/fai/nao_ws/install/speech_interfaces/share/speech_interfaces/environment/pythonpath.sh
[3.998s] -- Up-to-date: /home/fai/nao_ws/install/speech_interfaces/share/speech_interfaces/environment/pythonpath.dsv
[3.998s] -- Up-to-date: /home/fai/nao_ws/install/speech_interfaces/lib/python3.12/site-packages/speech_interfaces-0.0.0-py3.12.egg-info
[3.998s] -- Installing: /home/fai/nao_ws/install/speech_interfaces/lib/python3.12/site-packages/speech_interfaces-0.0.0-py3.12.egg-info/PKG-INFO
[3.999s] -- Installing: /home/fai/nao_ws/install/speech_interfaces/lib/python3.12/site-packages/speech_interfaces-0.0.0-py3.12.egg-info/top_level.txt
[3.999s] -- Installing: /home/fai/nao_ws/install/speech_interfaces/lib/python3.12/site-packages/speech_interfaces-0.0.0-py3.12.egg-info/dependency_links.txt
[3.999s] -- Installing: /home/fai/nao_ws/install/speech_interfaces/lib/python3.12/site-packages/speech_interfaces-0.0.0-py3.12.egg-info/SOURCES.txt
[3.999s] -- Up-to-date: /home/fai/nao_ws/install/speech_interfaces/lib/python3.12/site-packages/speech_interfaces
[4.000s] -- Up-to-date: /home/fai/nao_ws/install/speech_interfaces/lib/python3.12/site-packages/speech_interfaces/_speech_interfaces_s.ep.rosidl_typesupport_c.c
[4.000s] -- Up-to-date: /home/fai/nao_ws/install/speech_interfaces/lib/python3.12/site-packages/speech_interfaces/srv
[4.000s] -- Up-to-date: /home/fai/nao_ws/install/speech_interfaces/lib/python3.12/site-packages/speech_interfaces/srv/_speak.py
[4.000s] -- Up-to-date: /home/fai/nao_ws/install/speech_interfaces/lib/python3.12/site-packages/speech_interfaces/srv/_play_song_s.c
[4.001s] -- Up-to-date: /home/fai/nao_ws/install/speech_interfaces/lib/python3.12/site-packages/speech_interfaces/srv/__init__.py
[4.001s] -- Up-to-date: /home/fai/nao_ws/install/speech_interfaces/lib/python3.12/site-packages/speech_interfaces/srv/_play_song.py
[4.001s] -- Up-to-date: /home/fai/nao_ws/install/speech_interfaces/lib/python3.12/site-packages/speech_interfaces/srv/_speak_s.c
[4.001s] -- Up-to-date: /home/fai/nao_ws/install/speech_interfaces/lib/python3.12/site-packages/speech_interfaces/speech_interfaces_s__rosidl_typesupport_fastrtps_c.so
[4.002s] -- Up-to-date: /home/fai/nao_ws/install/speech_interfaces/lib/python3.12/site-packages/speech_interfaces/_speech_interfaces_s.ep.rosidl_typesupport_introspection_c.c
[4.002s] -- Up-to-date: /home/fai/nao_ws/install/speech_interfaces/lib/python3.12/site-packages/speech_interfaces/__init__.py
[4.002s] -- Up-to-date: /home/fai/nao_ws/install/speech_interfaces/lib/python3.12/site-packages/speech_interfaces/speech_interfaces_s__rosidl_typesupport_introspection_c.so
[4.010s] -- Up-to-date: /home/fai/nao_ws/install/speech_interfaces/lib/python3.12/site-packages/speech_interfaces/_speech_interfaces_s.ep.rosidl_typesupport_fastrtps_c.c
[4.010s] -- Up-to-date: /home/fai/nao_ws/install/speech_interfaces/lib/python3.12/site-packages/speech_interfaces/speech_interfaces_s__rosidl_typesupport_c.so
[4.149s] Listing '/home/fai/nao_ws/install/speech_interfaces/lib/python3.12/site-packages/speech_interfaces'...
[4.150s] Listing '/home/fai/nao_ws/install/speech_interfaces/lib/python3.12/site-packages/speech_interfaces/srv'...
[4.165s] -- Up-to-date: /home/fai/nao_ws/install/speech_interfaces/lib/python3.12/site-packages/speech_interfaces/speech_interfaces_s__rosidl_typesupport_fastrtps_c.so
[4.166s] -- Up-to-date: /home/fai/nao_ws/install/speech_interfaces/lib/python3.12/site-packages/speech_interfaces/speech_interfaces_s__rosidl_typesupport_introspection_c.so
[4.167s] -- Up-to-date: /home/fai/nao_ws/install/speech_interfaces/lib/python3.12/site-packages/speech_interfaces/speech_interfaces_s__rosidl_typesupport_c.so
[4.168s] -- Up-to-date: /home/fai/nao_ws/install/speech_interfaces/lib/libspeech_interfaces__rosidl_generator_py.so
[4.171s] -- Up-to-date: /home/fai/nao_ws/install/speech_interfaces/share/speech_interfaces/srv/Speak.idl
[4.172s] -- Up-to-date: /home/fai/nao_ws/install/speech_interfaces/share/speech_interfaces/srv/PlaySong.idl
[4.172s] -- Up-to-date: /home/fai/nao_ws/install/speech_interfaces/share/speech_interfaces/srv/Speak.srv
[4.172s] -- Up-to-date: /home/fai/nao_ws/install/speech_interfaces/share/speech_interfaces/srv/PlaySong.srv
[4.173s] -- Up-to-date: /home/fai/nao_ws/install/speech_interfaces/share/ament_index/resource_index/package_run_dependencies/speech_interfaces
[4.173s] -- Up-to-date: /home/fai/nao_ws/install/speech_interfaces/share/ament_index/resource_index/parent_prefix_path/speech_interfaces
[4.174s] -- Up-to-date: /home/fai/nao_ws/install/speech_interfaces/share/speech_interfaces/environment/ament_prefix_path.sh
[4.174s] -- Up-to-date: /home/fai/nao_ws/install/speech_interfaces/share/speech_interfaces/environment/ament_prefix_path.dsv
[4.175s] -- Up-to-date: /home/fai/nao_ws/install/speech_interfaces/share/speech_interfaces/environment/path.sh
[4.176s] -- Up-to-date: /home/fai/nao_ws/install/speech_interfaces/share/speech_interfaces/environment/path.dsv
[4.176s] -- Up-to-date: /home/fai/nao_ws/install/speech_interfaces/share/speech_interfaces/local_setup.bash
[4.176s] -- Up-to-date: /home/fai/nao_ws/install/speech_interfaces/share/speech_interfaces/local_setup.sh
[4.177s] -- Up-to-date: /home/fai/nao_ws/install/speech_interfaces/share/speech_interfaces/local_setup.zsh
[4.177s] -- Up-to-date: /home/fai/nao_ws/install/speech_interfaces/share/speech_interfaces/local_setup.dsv
[4.181s] -- Installing: /home/fai/nao_ws/install/speech_interfaces/share/speech_interfaces/package.dsv
[4.182s] -- Up-to-date: /home/fai/nao_ws/install/speech_interfaces/share/ament_index/resource_index/packages/speech_interfaces
[4.182s] -- Up-to-date: /home/fai/nao_ws/install/speech_interfaces/share/speech_interfaces/cmake/export_speech_interfaces__rosidl_generator_cExport.cmake
[4.182s] -- Up-to-date: /home/fai/nao_ws/install/speech_interfaces/share/speech_interfaces/cmake/export_speech_interfaces__rosidl_generator_cExport-noconfig.cmake
[4.183s] -- Up-to-date: /home/fai/nao_ws/install/speech_interfaces/share/speech_interfaces/cmake/export_speech_interfaces__rosidl_typesupport_fastrtps_cExport.cmake
[4.183s] -- Up-to-date: /home/fai/nao_ws/install/speech_interfaces/share/speech_interfaces/cmake/export_speech_interfaces__rosidl_typesupport_fastrtps_cExport-noconfig.cmake
[4.183s] -- Up-to-date: /home/fai/nao_ws/install/speech_interfaces/share/speech_interfaces/cmake/speech_interfaces__rosidl_typesupport_introspection_cExport.cmake
[4.187s] -- Up-to-date: /home/fai/nao_ws/install/speech_interfaces/share/speech_interfaces/cmake/speech_interfaces__rosidl_typesupport_introspection_cExport-noconfig.cmake
[4.187s] -- Up-to-date: /home/fai/nao_ws/install/speech_interfaces/share/speech_interfaces/cmake/speech_interfaces__rosidl_typesupport_cExport.cmake
[4.187s] -- Up-to-date: /home/fai/nao_ws/install/speech_interfaces/share/speech_interfaces/cmake/speech_interfaces__rosidl_typesupport_cExport-noconfig.cmake
[4.188s] -- Up-to-date: /home/fai/nao_ws/install/speech_interfaces/share/speech_interfaces/cmake/export_speech_interfaces__rosidl_generator_cppExport.cmake
[4.188s] -- Up-to-date: /home/fai/nao_ws/install/speech_interfaces/share/speech_interfaces/cmake/export_speech_interfaces__rosidl_typesupport_fastrtps_cppExport.cmake
[4.188s] -- Up-to-date: /home/fai/nao_ws/install/speech_interfaces/share/speech_interfaces/cmake/export_speech_interfaces__rosidl_typesupport_fastrtps_cppExport-noconfig.cmake
[4.188s] -- Up-to-date: /home/fai/nao_ws/install/speech_interfaces/share/speech_interfaces/cmake/speech_interfaces__rosidl_typesupport_introspection_cppExport.cmake
[4.190s] -- Up-to-date: /home/fai/nao_ws/install/speech_interfaces/share/speech_interfaces/cmake/speech_interfaces__rosidl_typesupport_introspection_cppExport-noconfig.cmake
[4.191s] -- Up-to-date: /home/fai/nao_ws/install/speech_interfaces/share/speech_interfaces/cmake/speech_interfaces__rosidl_typesupport_cppExport.cmake
[4.191s] -- Up-to-date: /home/fai/nao_ws/install/speech_interfaces/share/speech_interfaces/cmake/speech_interfaces__rosidl_typesupport_cppExport-noconfig.cmake
[4.192s] -- Up-to-date: /home/fai/nao_ws/install/speech_interfaces/share/speech_interfaces/cmake/export_speech_interfaces__rosidl_generator_pyExport.cmake
[4.192s] -- Up-to-date: /home/fai/nao_ws/install/speech_interfaces/share/speech_interfaces/cmake/export_speech_interfaces__rosidl_generator_pyExport-noconfig.cmake
[4.192s] -- Up-to-date: /home/fai/nao_ws/install/speech_interfaces/share/speech_interfaces/cmake/rosidl_cmake-extras.cmake
[4.192s] -- Up-to-date: /home/fai/nao_ws/install/speech_interfaces/share/speech_interfaces/cmake/ament_cmake_export_dependencies-extras.cmake
[4.193s] -- Up-to-date: /home/fai/nao_ws/install/speech_interfaces/share/speech_interfaces/cmake/ament_cmake_export_include_directories-extras.cmake
[4.193s] -- Up-to-date: /home/fai/nao_ws/install/speech_interfaces/share/speech_interfaces/cmake/ament_cmake_export_libraries-extras.cmake
[4.193s] -- Up-to-date: /home/fai/nao_ws/install/speech_interfaces/share/speech_interfaces/cmake/ament_cmake_export_targets-extras.cmake
[4.194s] -- Up-to-date: /home/fai/nao_ws/install/speech_interfaces/share/speech_interfaces/cmake/rosidl_cmake_export_typesupport_targets-extras.cmake
[4.194s] -- Up-to-date: /home/fai/nao_ws/install/speech_interfaces/share/speech_interfaces/cmake/rosidl_cmake_export_typesupport_libraries-extras.cmake
[4.194s] -- Up-to-date: /home/fai/nao_ws/install/speech_interfaces/share/speech_interfaces/cmake/speech_interfacesConfig.cmake
[4.194s] -- Up-to-date: /home/fai/nao_ws/install/speech_interfaces/share/speech_interfaces/cmake/speech_interfacesConfig-version.cmake
[4.195s] -- Up-to-date: /home/fai/nao_ws/install/speech_interfaces/share/speech_interfaces/package.xml
[4.242s] Invoked command in '/home/fai/nao_ws/build/speech_interfaces' returned '0': CMAKE_PREFIX_PATH=${CMAKE_PREFIX_PATH}:/home/fai/nao_ws/install/nao_tasks:/home/fai/nao_ws/install/web_controller:/home/fai/nao_ws/install/speech:/home/fai/nao_ws/install/integration:/home/fai/nao_ws/install/perception:/home/fai/nao_ws/install/navigation:/home/fai/nao_ws/install/nao_qi_ros2_package:/home/fai/nao_ws/install/manipulation:/opt/ros/jazzy DEBUGINFOD_URLS=https://debuginfod.ubuntu.com /usr/bin/cmake --install /home/fai/nao_ws/build/speech_interfaces
