[4.017s] Invoking command in '/home/fai/nao_ws/src/nao_qi_ros2_package': DEBUGINFOD_URLS=https://debuginfod.ubuntu.com PYTHONPATH=/home/fai/nao_ws/build/nao_qi_ros2_package/prefix_override:/usr/lib/python3/dist-packages/colcon_core/task/python/colcon_distutils_commands:/home/fai/nao_ws/install/nao_qi_ros2_package/lib/python3.12/site-packages:${PYTHONPATH} /usr/bin/python3 -W ignore:setup.py install is deprecated setup.py egg_info --egg-base ../../build/nao_qi_ros2_package build --build-base /home/fai/nao_ws/build/nao_qi_ros2_package/build install --record /home/fai/nao_ws/build/nao_qi_ros2_package/install.log --single-version-externally-managed install_data
[5.011s] running egg_info
[5.014s] creating ../../build/nao_qi_ros2_package/nao_qi_ros2_package.egg-info
[5.153s] writing ../../build/nao_qi_ros2_package/nao_qi_ros2_package.egg-info/PKG-INFO
[5.153s] writing dependency_links to ../../build/nao_qi_ros2_package/nao_qi_ros2_package.egg-info/dependency_links.txt
[5.159s] writing entry points to ../../build/nao_qi_ros2_package/nao_qi_ros2_package.egg-info/entry_points.txt
[5.159s] writing requirements to ../../build/nao_qi_ros2_package/nao_qi_ros2_package.egg-info/requires.txt
[5.159s] writing top-level names to ../../build/nao_qi_ros2_package/nao_qi_ros2_package.egg-info/top_level.txt
[5.159s] writing manifest file '../../build/nao_qi_ros2_package/nao_qi_ros2_package.egg-info/SOURCES.txt'
[5.455s] reading manifest file '../../build/nao_qi_ros2_package/nao_qi_ros2_package.egg-info/SOURCES.txt'
[5.460s] writing manifest file '../../build/nao_qi_ros2_package/nao_qi_ros2_package.egg-info/SOURCES.txt'
[5.460s] running build
[5.460s] running build_py
[5.461s] creating /home/fai/nao_ws/build/nao_qi_ros2_package/build
[5.461s] creating /home/fai/nao_ws/build/nao_qi_ros2_package/build/lib
[5.461s] creating /home/fai/nao_ws/build/nao_qi_ros2_package/build/lib/nao_qi_ros2_package
[5.465s] copying nao_qi_ros2_package/nao_talker.py -> /home/fai/nao_ws/build/nao_qi_ros2_package/build/lib/nao_qi_ros2_package
[5.465s] copying nao_qi_ros2_package/__init__.py -> /home/fai/nao_ws/build/nao_qi_ros2_package/build/lib/nao_qi_ros2_package
[5.465s] running install
[5.506s] running install_lib
[5.697s] creating /home/fai/nao_ws/install/nao_qi_ros2_package/lib/python3.12/site-packages/nao_qi_ros2_package
[5.697s] copying /home/fai/nao_ws/build/nao_qi_ros2_package/build/lib/nao_qi_ros2_package/nao_talker.py -> /home/fai/nao_ws/install/nao_qi_ros2_package/lib/python3.12/site-packages/nao_qi_ros2_package
[5.698s] copying /home/fai/nao_ws/build/nao_qi_ros2_package/build/lib/nao_qi_ros2_package/__init__.py -> /home/fai/nao_ws/install/nao_qi_ros2_package/lib/python3.12/site-packages/nao_qi_ros2_package
[5.699s] byte-compiling /home/fai/nao_ws/install/nao_qi_ros2_package/lib/python3.12/site-packages/nao_qi_ros2_package/nao_talker.py to nao_talker.cpython-312.pyc
[5.714s] byte-compiling /home/fai/nao_ws/install/nao_qi_ros2_package/lib/python3.12/site-packages/nao_qi_ros2_package/__init__.py to __init__.cpython-312.pyc
[5.714s] running install_data
[5.714s] creating /home/fai/nao_ws/install/nao_qi_ros2_package/share/ament_index
[5.714s] creating /home/fai/nao_ws/install/nao_qi_ros2_package/share/ament_index/resource_index
[5.715s] creating /home/fai/nao_ws/install/nao_qi_ros2_package/share/ament_index/resource_index/packages
[5.715s] copying resource/nao_qi_ros2_package -> /home/fai/nao_ws/install/nao_qi_ros2_package/share/ament_index/resource_index/packages
[5.715s] copying package.xml -> /home/fai/nao_ws/install/nao_qi_ros2_package/share/nao_qi_ros2_package
[5.715s] running install_egg_info
[5.851s] Copying ../../build/nao_qi_ros2_package/nao_qi_ros2_package.egg-info to /home/fai/nao_ws/install/nao_qi_ros2_package/lib/python3.12/site-packages/nao_qi_ros2_package-0.0.1-py3.12.egg-info
[5.853s] running install_scripts
[6.623s] Installing nao_talker script to /home/fai/nao_ws/install/nao_qi_ros2_package/lib/nao_qi_ros2_package
[6.634s] writing list of installed files to '/home/fai/nao_ws/build/nao_qi_ros2_package/install.log'
[6.746s] Invoked command in '/home/fai/nao_ws/src/nao_qi_ros2_package' returned '0': DEBUGINFOD_URLS=https://debuginfod.ubuntu.com PYTHONPATH=/home/fai/nao_ws/build/nao_qi_ros2_package/prefix_override:/usr/lib/python3/dist-packages/colcon_core/task/python/colcon_distutils_commands:/home/fai/nao_ws/install/nao_qi_ros2_package/lib/python3.12/site-packages:${PYTHONPATH} /usr/bin/python3 -W ignore:setup.py install is deprecated setup.py egg_info --egg-base ../../build/nao_qi_ros2_package build --build-base /home/fai/nao_ws/build/nao_qi_ros2_package/build install --record /home/fai/nao_ws/build/nao_qi_ros2_package/install.log --single-version-externally-managed install_data
