[3.557s] Invoking command in '/home/fai/nao_ws/src/speech': DEBUGINFOD_URLS=https://debuginfod.ubuntu.com PYTHONPATH=/home/fai/nao_ws/build/speech/prefix_override:/usr/lib/python3/dist-packages/colcon_core/task/python/colcon_distutils_commands:/home/fai/nao_ws/install/speech/lib/python3.12/site-packages:/home/fai/nao_ws/install/speech_interfaces/lib/python3.12/site-packages:/home/fai/nao_ws/install/nao_tasks/lib/python3.12/site-packages:/home/fai/nao_ws/install/web_controller/lib/python3.12/site-packages:/home/fai/nao_ws/install/speech/lib/python3.12/site-packages:/home/fai/nao_ws/install/integration/lib/python3.12/site-packages:/home/fai/nao_ws/install/perception/lib/python3.12/site-packages:/home/fai/nao_ws/install/perception_interfaces/lib/python3.12/site-packages:/home/fai/nao_ws/install/navigation/lib/python3.12/site-packages:/home/fai/nao_ws/install/navigation_interfaces/lib/python3.12/site-packages:/home/fai/nao_ws/install/nao_qi_ros2_package/lib/python3.12/site-packages:/home/fai/nao_ws/install/manipulation/lib/python3.12/site-packages:/home/fai/nao_ws/install/manipulation_interfaces/lib/python3.12/site-packages:/opt/ros/jazzy/lib/python3.12/site-packages /usr/bin/python3 -W ignore:setup.py install is deprecated setup.py egg_info --egg-base ../../build/speech build --build-base /home/fai/nao_ws/build/speech/build install --record /home/fai/nao_ws/build/speech/install.log --single-version-externally-managed install_data
[4.184s] running egg_info
[4.185s] creating ../../build/speech/speech.egg-info
[4.223s] writing ../../build/speech/speech.egg-info/PKG-INFO
[4.224s] writing dependency_links to ../../build/speech/speech.egg-info/dependency_links.txt
[4.224s] writing entry points to ../../build/speech/speech.egg-info/entry_points.txt
[4.224s] writing requirements to ../../build/speech/speech.egg-info/requires.txt
[4.224s] writing top-level names to ../../build/speech/speech.egg-info/top_level.txt
[4.225s] writing manifest file '../../build/speech/speech.egg-info/SOURCES.txt'
[4.308s] reading manifest file '../../build/speech/speech.egg-info/SOURCES.txt'
[4.309s] writing manifest file '../../build/speech/speech.egg-info/SOURCES.txt'
[4.309s] running build
[4.310s] running build_py
[4.310s] creating /home/fai/nao_ws/build/speech/build
[4.310s] creating /home/fai/nao_ws/build/speech/build/lib
[4.311s] creating /home/fai/nao_ws/build/speech/build/lib/speech
[4.311s] copying speech/__init__.py -> /home/fai/nao_ws/build/speech/build/lib/speech
[4.312s] copying speech/speech_node.py -> /home/fai/nao_ws/build/speech/build/lib/speech
[4.312s] running install
[4.322s] running install_lib
[4.366s] creating /home/fai/nao_ws/install/speech/lib/python3.12/site-packages/speech
[4.366s] copying /home/fai/nao_ws/build/speech/build/lib/speech/__init__.py -> /home/fai/nao_ws/install/speech/lib/python3.12/site-packages/speech
[4.367s] copying /home/fai/nao_ws/build/speech/build/lib/speech/speech_node.py -> /home/fai/nao_ws/install/speech/lib/python3.12/site-packages/speech
[4.367s] byte-compiling /home/fai/nao_ws/install/speech/lib/python3.12/site-packages/speech/__init__.py to __init__.cpython-312.pyc
[4.368s] byte-compiling /home/fai/nao_ws/install/speech/lib/python3.12/site-packages/speech/speech_node.py to speech_node.cpython-312.pyc
[4.370s] running install_data
[4.370s] creating /home/fai/nao_ws/install/speech/share/ament_index
[4.371s] creating /home/fai/nao_ws/install/speech/share/ament_index/resource_index
[4.371s] creating /home/fai/nao_ws/install/speech/share/ament_index/resource_index/packages
[4.371s] copying resource/speech -> /home/fai/nao_ws/install/speech/share/ament_index/resource_index/packages
[4.372s] copying package.xml -> /home/fai/nao_ws/install/speech/share/speech
[4.372s] running install_egg_info
[4.426s] Copying ../../build/speech/speech.egg-info to /home/fai/nao_ws/install/speech/lib/python3.12/site-packages/speech-0.0.0-py3.12.egg-info
[4.428s] running install_scripts
[4.716s] Installing speech_node script to /home/fai/nao_ws/install/speech/lib/speech
[4.716s] writing list of installed files to '/home/fai/nao_ws/build/speech/install.log'
[4.776s] Invoked command in '/home/fai/nao_ws/src/speech' returned '0': DEBUGINFOD_URLS=https://debuginfod.ubuntu.com PYTHONPATH=/home/fai/nao_ws/build/speech/prefix_override:/usr/lib/python3/dist-packages/colcon_core/task/python/colcon_distutils_commands:/home/fai/nao_ws/install/speech/lib/python3.12/site-packages:/home/fai/nao_ws/install/speech_interfaces/lib/python3.12/site-packages:/home/fai/nao_ws/install/nao_tasks/lib/python3.12/site-packages:/home/fai/nao_ws/install/web_controller/lib/python3.12/site-packages:/home/fai/nao_ws/install/speech/lib/python3.12/site-packages:/home/fai/nao_ws/install/integration/lib/python3.12/site-packages:/home/fai/nao_ws/install/perception/lib/python3.12/site-packages:/home/fai/nao_ws/install/perception_interfaces/lib/python3.12/site-packages:/home/fai/nao_ws/install/navigation/lib/python3.12/site-packages:/home/fai/nao_ws/install/navigation_interfaces/lib/python3.12/site-packages:/home/fai/nao_ws/install/nao_qi_ros2_package/lib/python3.12/site-packages:/home/fai/nao_ws/install/manipulation/lib/python3.12/site-packages:/home/fai/nao_ws/install/manipulation_interfaces/lib/python3.12/site-packages:/opt/ros/jazzy/lib/python3.12/site-packages /usr/bin/python3 -W ignore:setup.py install is deprecated setup.py egg_info --egg-base ../../build/speech build --build-base /home/fai/nao_ws/build/speech/build install --record /home/fai/nao_ws/build/speech/install.log --single-version-externally-managed install_data
