[7.442s] Invoking command in '/home/fai/nao_ws/src/nao_tasks': CMAKE_PREFIX_PATH=/home/fai/nao_ws/install/speech_interfaces:/home/fai/nao_ws/install/navigation_interfaces:/home/fai/nao_ws/install/manipulation_interfaces:/home/fai/nao_ws/install/perception_interfaces:/opt/ros/jazzy/opt/gz_math_vendor:/opt/ros/jazzy/opt/gz_utils_vendor:/opt/ros/jazzy/opt/gz_cmake_vendor DEBUGINFOD_URLS=https://debuginfod.ubuntu.com LD_LIBRARY_PATH=/home/fai/nao_ws/install/speech_interfaces/lib:/home/fai/nao_ws/install/navigation_interfaces/lib:/home/fai/nao_ws/install/manipulation_interfaces/lib:/home/fai/nao_ws/install/perception_interfaces/lib:/opt/ros/jazzy/opt/rviz_ogre_vendor/lib:/opt/ros/jazzy/lib/x86_64-linux-gnu:/opt/ros/jazzy/opt/gz_math_vendor/lib:/opt/ros/jazzy/opt/gz_utils_vendor/lib:/opt/ros/jazzy/opt/gz_cmake_vendor/lib:/opt/ros/jazzy/lib PYTHONPATH=/home/fai/nao_ws/build/nao_tasks/prefix_override:/usr/lib/python3/dist-packages/colcon_core/task/python/colcon_distutils_commands:/home/fai/nao_ws/install/nao_tasks/lib/python3.12/site-packages:/home/fai/nao_ws/install/speech_interfaces/lib/python3.12/site-packages:/home/fai/nao_ws/install/navigation_interfaces/lib/python3.12/site-packages:/home/fai/nao_ws/install/manipulation_interfaces/lib/python3.12/site-packages:/home/fai/nao_ws/install/nao_tasks/lib/python3.12/site-packages:/home/fai/nao_ws/install/web_controller/lib/python3.12/site-packages:/home/fai/nao_ws/install/speech/lib/python3.12/site-packages:/home/fai/nao_ws/install/integration/lib/python3.12/site-packages:/home/fai/nao_ws/install/perception/lib/python3.12/site-packages:/home/fai/nao_ws/install/perception_interfaces/lib/python3.12/site-packages:/home/fai/nao_ws/install/navigation/lib/python3.12/site-packages:/home/fai/nao_ws/install/nao_qi_ros2_package/lib/python3.12/site-packages:/home/fai/nao_ws/install/manipulation/lib/python3.12/site-packages:/opt/ros/jazzy/lib/python3.12/site-packages /usr/bin/python3 -W ignore:setup.py install is deprecated setup.py egg_info --egg-base ../../build/nao_tasks build --build-base /home/fai/nao_ws/build/nao_tasks/build install --record /home/fai/nao_ws/build/nao_tasks/install.log --single-version-externally-managed install_data
[8.977s] running egg_info
[8.977s] creating ../../build/nao_tasks/nao_tasks.egg-info
[9.039s] writing ../../build/nao_tasks/nao_tasks.egg-info/PKG-INFO
[9.041s] writing dependency_links to ../../build/nao_tasks/nao_tasks.egg-info/dependency_links.txt
[9.041s] writing entry points to ../../build/nao_tasks/nao_tasks.egg-info/entry_points.txt
[9.042s] writing requirements to ../../build/nao_tasks/nao_tasks.egg-info/requires.txt
[9.042s] writing top-level names to ../../build/nao_tasks/nao_tasks.egg-info/top_level.txt
[9.042s] writing manifest file '../../build/nao_tasks/nao_tasks.egg-info/SOURCES.txt'
[9.177s] reading manifest file '../../build/nao_tasks/nao_tasks.egg-info/SOURCES.txt'
[9.177s] writing manifest file '../../build/nao_tasks/nao_tasks.egg-info/SOURCES.txt'
[9.178s] running build
[9.178s] running build_py
[9.178s] creating /home/fai/nao_ws/build/nao_tasks/build
[9.183s] creating /home/fai/nao_ws/build/nao_tasks/build/lib
[9.183s] creating /home/fai/nao_ws/build/nao_tasks/build/lib/nao_tasks
[9.183s] copying nao_tasks/__init__.py -> /home/fai/nao_ws/build/nao_tasks/build/lib/nao_tasks
[9.186s] running install
[9.200s] running install_lib
[9.276s] creating /home/fai/nao_ws/install/nao_tasks/lib/python3.12/site-packages/nao_tasks
[9.276s] copying /home/fai/nao_ws/build/nao_tasks/build/lib/nao_tasks/__init__.py -> /home/fai/nao_ws/install/nao_tasks/lib/python3.12/site-packages/nao_tasks
[9.277s] byte-compiling /home/fai/nao_ws/install/nao_tasks/lib/python3.12/site-packages/nao_tasks/__init__.py to __init__.cpython-312.pyc
[9.277s] running install_data
[9.279s] creating /home/fai/nao_ws/install/nao_tasks/share/ament_index
[9.279s] creating /home/fai/nao_ws/install/nao_tasks/share/ament_index/resource_index
[9.280s] creating /home/fai/nao_ws/install/nao_tasks/share/ament_index/resource_index/packages
[9.280s] copying resource/nao_tasks -> /home/fai/nao_ws/install/nao_tasks/share/ament_index/resource_index/packages
[9.280s] copying package.xml -> /home/fai/nao_ws/install/nao_tasks/share/nao_tasks
[9.280s] running install_egg_info
[9.354s] Copying ../../build/nao_tasks/nao_tasks.egg-info to /home/fai/nao_ws/install/nao_tasks/lib/python3.12/site-packages/nao_tasks-0.0.0-py3.12.egg-info
[9.361s] running install_scripts
[9.910s] Installing task_one script to /home/fai/nao_ws/install/nao_tasks/lib/nao_tasks
[9.911s] writing list of installed files to '/home/fai/nao_ws/build/nao_tasks/install.log'
[10.024s] Invoked command in '/home/fai/nao_ws/src/nao_tasks' returned '0': CMAKE_PREFIX_PATH=/home/fai/nao_ws/install/speech_interfaces:/home/fai/nao_ws/install/navigation_interfaces:/home/fai/nao_ws/install/manipulation_interfaces:/home/fai/nao_ws/install/perception_interfaces:/opt/ros/jazzy/opt/gz_math_vendor:/opt/ros/jazzy/opt/gz_utils_vendor:/opt/ros/jazzy/opt/gz_cmake_vendor DEBUGINFOD_URLS=https://debuginfod.ubuntu.com LD_LIBRARY_PATH=/home/fai/nao_ws/install/speech_interfaces/lib:/home/fai/nao_ws/install/navigation_interfaces/lib:/home/fai/nao_ws/install/manipulation_interfaces/lib:/home/fai/nao_ws/install/perception_interfaces/lib:/opt/ros/jazzy/opt/rviz_ogre_vendor/lib:/opt/ros/jazzy/lib/x86_64-linux-gnu:/opt/ros/jazzy/opt/gz_math_vendor/lib:/opt/ros/jazzy/opt/gz_utils_vendor/lib:/opt/ros/jazzy/opt/gz_cmake_vendor/lib:/opt/ros/jazzy/lib PYTHONPATH=/home/fai/nao_ws/build/nao_tasks/prefix_override:/usr/lib/python3/dist-packages/colcon_core/task/python/colcon_distutils_commands:/home/fai/nao_ws/install/nao_tasks/lib/python3.12/site-packages:/home/fai/nao_ws/install/speech_interfaces/lib/python3.12/site-packages:/home/fai/nao_ws/install/navigation_interfaces/lib/python3.12/site-packages:/home/fai/nao_ws/install/manipulation_interfaces/lib/python3.12/site-packages:/home/fai/nao_ws/install/nao_tasks/lib/python3.12/site-packages:/home/fai/nao_ws/install/web_controller/lib/python3.12/site-packages:/home/fai/nao_ws/install/speech/lib/python3.12/site-packages:/home/fai/nao_ws/install/integration/lib/python3.12/site-packages:/home/fai/nao_ws/install/perception/lib/python3.12/site-packages:/home/fai/nao_ws/install/perception_interfaces/lib/python3.12/site-packages:/home/fai/nao_ws/install/navigation/lib/python3.12/site-packages:/home/fai/nao_ws/install/nao_qi_ros2_package/lib/python3.12/site-packages:/home/fai/nao_ws/install/manipulation/lib/python3.12/site-packages:/opt/ros/jazzy/lib/python3.12/site-packages /usr/bin/python3 -W ignore:setup.py install is deprecated setup.py egg_info --egg-base ../../build/nao_tasks build --build-base /home/fai/nao_ws/build/nao_tasks/build install --record /home/fai/nao_ws/build/nao_tasks/install.log --single-version-externally-managed install_data
