-- The C compiler identification is GNU 13.2.0
-- The CXX compiler identification is GNU 13.2.0
-- Detecting C compiler ABI info
-- Detecting C compiler ABI info - done
-- Check for working C compiler: /usr/bin/cc - skipped
-- Detecting C compile features
-- Detecting C compile features - done
-- Detecting CXX compiler ABI info
-- Detecting CXX compiler ABI info - done
-- Check for working CXX compiler: /usr/bin/c++ - skipped
-- Detecting CXX compile features
-- Detecting CXX compile features - done
-- Found ament_cmake: 2.5.2 (/opt/ros/jazzy/share/ament_cmake/cmake)
-- Found Python3: /usr/bin/python3 (found version "3.12.3") found components: Interpreter 
-- Found rosidl_default_generators: 1.6.0 (/opt/ros/jazzy/share/rosidl_default_generators/cmake)
-- Using all available rosidl_typesupport_c: rosidl_typesupport_fastrtps_c;rosidl_typesupport_introspection_c
-- Using all available rosidl_typesupport_cpp: rosidl_typesupport_fastrtps_cpp;rosidl_typesupport_introspection_cpp
-- Found rosidl_adapter: 4.6.4 (/opt/ros/jazzy/share/rosidl_adapter/cmake)
-- Found geometry_msgs: 5.3.5 (/opt/ros/jazzy/share/geometry_msgs/cmake)
-- Found ament_cmake_ros: 0.12.0 (/opt/ros/jazzy/share/ament_cmake_ros/cmake)
-- Using all available rosidl_typesupport_c: rosidl_typesupport_fastrtps_c;rosidl_typesupport_introspection_c
-- Using all available rosidl_typesupport_cpp: rosidl_typesupport_fastrtps_cpp;rosidl_typesupport_introspection_cpp
-- Found python_cmake_module: 0.11.1 (/opt/ros/jazzy/share/python_cmake_module/cmake)
-- Found PythonExtra: /usr/bin/python3  
-- Found Python3: /usr/bin/python3 (found version "3.12.3") found components: Interpreter Development NumPy Development.Module Development.Embed 
-- Configuring done (11.5s)
-- Generating done (0.3s)
-- Build files have been written to: /home/fai/nao_ws/build/navigation_interfaces
[  2%] [34m[1mGenerating type hashes for ROS interfaces[0m
[  2%] Built target ament_cmake_python_copy_navigation_interfaces
[  2%] Built target navigation_interfaces__rosidl_generator_type_description
[  5%] [34m[1mGenerating C++ code for ROS interfaces[0m
[  8%] [34m[1mGenerating C code for ROS interfaces[0m
running egg_info
creating navigation_interfaces.egg-info
writing navigation_interfaces.egg-info/PKG-INFO
writing dependency_links to navigation_interfaces.egg-info/dependency_links.txt
writing top-level names to navigation_interfaces.egg-info/top_level.txt
writing manifest file 'navigation_interfaces.egg-info/SOURCES.txt'
reading manifest file 'navigation_interfaces.egg-info/SOURCES.txt'
writing manifest file 'navigation_interfaces.egg-info/SOURCES.txt'
[  8%] Built target ament_cmake_python_build_navigation_interfaces_egg
[ 11%] [32mBuilding C object CMakeFiles/navigation_interfaces__rosidl_generator_c.dir/rosidl_generator_c/navigation_interfaces/action/detail/navigation_to_pose__type_support.c.o[0m
[ 14%] [32mBuilding C object CMakeFiles/navigation_interfaces__rosidl_generator_c.dir/rosidl_generator_c/navigation_interfaces/action/detail/navigation_to_pose__description.c.o[0m
[ 17%] [32mBuilding C object CMakeFiles/navigation_interfaces__rosidl_generator_c.dir/rosidl_generator_c/navigation_interfaces/action/detail/navigation_to_pose__functions.c.o[0m
[ 17%] Built target navigation_interfaces__cpp
[ 20%] [32m[1mLinking C shared library libnavigation_interfaces__rosidl_generator_c.so[0m
[ 20%] Built target navigation_interfaces__rosidl_generator_c
[ 23%] [34m[1mGenerating C type support for eProsima Fast-RTPS[0m
[ 26%] [34m[1mGenerating C introspection for ROS interfaces[0m
[ 29%] [34m[1mGenerating C type support dispatch for ROS interfaces[0m
[ 32%] [34m[1mGenerating C++ type support for eProsima Fast-RTPS[0m
[ 35%] [32mBuilding CXX object CMakeFiles/navigation_interfaces__rosidl_typesupport_c.dir/rosidl_typesupport_c/navigation_interfaces/action/navigation_to_pose__type_support.cpp.o[0m
[ 38%] [32m[1mLinking CXX shared library libnavigation_interfaces__rosidl_typesupport_c.so[0m
[ 41%] [32mBuilding CXX object CMakeFiles/navigation_interfaces__rosidl_typesupport_fastrtps_c.dir/rosidl_typesupport_fastrtps_c/navigation_interfaces/action/detail/navigation_to_pose__type_support_c.cpp.o[0m
[ 41%] Built target navigation_interfaces__rosidl_typesupport_c
[ 44%] [32mBuilding C object CMakeFiles/navigation_interfaces__rosidl_typesupport_introspection_c.dir/rosidl_typesupport_introspection_c/navigation_interfaces/action/detail/navigation_to_pose__type_support.c.o[0m
[ 47%] [32m[1mLinking C shared library libnavigation_interfaces__rosidl_typesupport_introspection_c.so[0m
[ 47%] Built target navigation_interfaces__rosidl_typesupport_introspection_c
[ 50%] [32mBuilding CXX object CMakeFiles/navigation_interfaces__rosidl_typesupport_fastrtps_cpp.dir/rosidl_typesupport_fastrtps_cpp/navigation_interfaces/action/detail/dds_fastrtps/navigation_to_pose__type_support.cpp.o[0m
[ 52%] [32m[1mLinking CXX shared library libnavigation_interfaces__rosidl_typesupport_fastrtps_c.so[0m
[ 52%] Built target navigation_interfaces__rosidl_typesupport_fastrtps_c
[ 55%] [32m[1mLinking CXX shared library libnavigation_interfaces__rosidl_typesupport_fastrtps_cpp.so[0m
[ 55%] Built target navigation_interfaces__rosidl_typesupport_fastrtps_cpp
[ 58%] [34m[1mGenerating C++ type support dispatch for ROS interfaces[0m
[ 61%] [32mBuilding CXX object CMakeFiles/navigation_interfaces__rosidl_typesupport_cpp.dir/rosidl_typesupport_cpp/navigation_interfaces/action/navigation_to_pose__type_support.cpp.o[0m
[ 64%] [32m[1mLinking CXX shared library libnavigation_interfaces__rosidl_typesupport_cpp.so[0m
[ 64%] Built target navigation_interfaces__rosidl_typesupport_cpp
[ 67%] [34m[1mGenerating C++ introspection for ROS interfaces[0m
[ 70%] [32mBuilding CXX object CMakeFiles/navigation_interfaces__rosidl_typesupport_introspection_cpp.dir/rosidl_typesupport_introspection_cpp/navigation_interfaces/action/detail/navigation_to_pose__type_support.cpp.o[0m
[ 73%] [32m[1mLinking CXX shared library libnavigation_interfaces__rosidl_typesupport_introspection_cpp.so[0m
[ 73%] Built target navigation_interfaces__rosidl_typesupport_introspection_cpp
[ 73%] Built target navigation_interfaces
[ 76%] [34m[1mGenerating Python code for ROS interfaces[0m
[ 76%] Built target navigation_interfaces__py
[ 79%] [32mBuilding C object CMakeFiles/navigation_interfaces__rosidl_generator_py.dir/rosidl_generator_py/navigation_interfaces/action/_navigation_to_pose_s.c.o[0m
[ 82%] [32m[1mLinking C shared library libnavigation_interfaces__rosidl_generator_py.so[0m
[ 82%] Built target navigation_interfaces__rosidl_generator_py
[ 85%] [32mBuilding C object CMakeFiles/navigation_interfaces_s__rosidl_typesupport_fastrtps_c.dir/rosidl_generator_py/navigation_interfaces/_navigation_interfaces_s.ep.rosidl_typesupport_fastrtps_c.c.o[0m
[ 88%] [32m[1mLinking C shared module rosidl_generator_py/navigation_interfaces/navigation_interfaces_s__rosidl_typesupport_fastrtps_c.so[0m
[ 88%] Built target navigation_interfaces_s__rosidl_typesupport_fastrtps_c
[ 91%] [32mBuilding C object CMakeFiles/navigation_interfaces_s__rosidl_typesupport_c.dir/rosidl_generator_py/navigation_interfaces/_navigation_interfaces_s.ep.rosidl_typesupport_c.c.o[0m
[ 94%] [32m[1mLinking C shared module rosidl_generator_py/navigation_interfaces/navigation_interfaces_s__rosidl_typesupport_c.so[0m
[ 94%] Built target navigation_interfaces_s__rosidl_typesupport_c
[ 97%] [32mBuilding C object CMakeFiles/navigation_interfaces_s__rosidl_typesupport_introspection_c.dir/rosidl_generator_py/navigation_interfaces/_navigation_interfaces_s.ep.rosidl_typesupport_introspection_c.c.o[0m
[100%] [32m[1mLinking C shared module rosidl_generator_py/navigation_interfaces/navigation_interfaces_s__rosidl_typesupport_introspection_c.so[0m
[100%] Built target navigation_interfaces_s__rosidl_typesupport_introspection_c
-- Install configuration: ""
-- Installing: /home/fai/nao_ws/install/navigation_interfaces/share/ament_index/resource_index/rosidl_interfaces/navigation_interfaces
-- Installing: /home/fai/nao_ws/install/navigation_interfaces/share/navigation_interfaces/action/NavigationToPose.json
-- Installing: /home/fai/nao_ws/install/navigation_interfaces/include/navigation_interfaces/navigation_interfaces
-- Installing: /home/fai/nao_ws/install/navigation_interfaces/include/navigation_interfaces/navigation_interfaces/msg
-- Installing: /home/fai/nao_ws/install/navigation_interfaces/include/navigation_interfaces/navigation_interfaces/msg/rosidl_generator_c__visibility_control.h
-- Installing: /home/fai/nao_ws/install/navigation_interfaces/include/navigation_interfaces/navigation_interfaces/action
-- Installing: /home/fai/nao_ws/install/navigation_interfaces/include/navigation_interfaces/navigation_interfaces/action/navigation_to_pose.h
-- Installing: /home/fai/nao_ws/install/navigation_interfaces/include/navigation_interfaces/navigation_interfaces/action/detail
-- Installing: /home/fai/nao_ws/install/navigation_interfaces/include/navigation_interfaces/navigation_interfaces/action/detail/navigation_to_pose__description.c
-- Installing: /home/fai/nao_ws/install/navigation_interfaces/include/navigation_interfaces/navigation_interfaces/action/detail/navigation_to_pose__type_support.h
-- Installing: /home/fai/nao_ws/install/navigation_interfaces/include/navigation_interfaces/navigation_interfaces/action/detail/navigation_to_pose__functions.c
-- Installing: /home/fai/nao_ws/install/navigation_interfaces/include/navigation_interfaces/navigation_interfaces/action/detail/navigation_to_pose__functions.h
-- Installing: /home/fai/nao_ws/install/navigation_interfaces/include/navigation_interfaces/navigation_interfaces/action/detail/navigation_to_pose__type_support.c
-- Installing: /home/fai/nao_ws/install/navigation_interfaces/include/navigation_interfaces/navigation_interfaces/action/detail/navigation_to_pose__struct.h
-- Installing: /home/fai/nao_ws/install/navigation_interfaces/share/navigation_interfaces/environment/library_path.sh
-- Installing: /home/fai/nao_ws/install/navigation_interfaces/share/navigation_interfaces/environment/library_path.dsv
-- Installing: /home/fai/nao_ws/install/navigation_interfaces/lib/libnavigation_interfaces__rosidl_generator_c.so
-- Set non-toolchain portion of runtime path of "/home/fai/nao_ws/install/navigation_interfaces/lib/libnavigation_interfaces__rosidl_generator_c.so" to ""
-- Up-to-date: /home/fai/nao_ws/install/navigation_interfaces/include/navigation_interfaces/navigation_interfaces
-- Up-to-date: /home/fai/nao_ws/install/navigation_interfaces/include/navigation_interfaces/navigation_interfaces/msg
-- Installing: /home/fai/nao_ws/install/navigation_interfaces/include/navigation_interfaces/navigation_interfaces/msg/rosidl_typesupport_fastrtps_c__visibility_control.h
-- Up-to-date: /home/fai/nao_ws/install/navigation_interfaces/include/navigation_interfaces/navigation_interfaces/action
-- Up-to-date: /home/fai/nao_ws/install/navigation_interfaces/include/navigation_interfaces/navigation_interfaces/action/detail
-- Installing: /home/fai/nao_ws/install/navigation_interfaces/include/navigation_interfaces/navigation_interfaces/action/detail/navigation_to_pose__rosidl_typesupport_fastrtps_c.h
-- Installing: /home/fai/nao_ws/install/navigation_interfaces/lib/libnavigation_interfaces__rosidl_typesupport_fastrtps_c.so
-- Set non-toolchain portion of runtime path of "/home/fai/nao_ws/install/navigation_interfaces/lib/libnavigation_interfaces__rosidl_typesupport_fastrtps_c.so" to ""
-- Up-to-date: /home/fai/nao_ws/install/navigation_interfaces/include/navigation_interfaces/navigation_interfaces
-- Up-to-date: /home/fai/nao_ws/install/navigation_interfaces/include/navigation_interfaces/navigation_interfaces/msg
-- Installing: /home/fai/nao_ws/install/navigation_interfaces/include/navigation_interfaces/navigation_interfaces/msg/rosidl_typesupport_introspection_c__visibility_control.h
-- Up-to-date: /home/fai/nao_ws/install/navigation_interfaces/include/navigation_interfaces/navigation_interfaces/action
-- Up-to-date: /home/fai/nao_ws/install/navigation_interfaces/include/navigation_interfaces/navigation_interfaces/action/detail
-- Installing: /home/fai/nao_ws/install/navigation_interfaces/include/navigation_interfaces/navigation_interfaces/action/detail/navigation_to_pose__rosidl_typesupport_introspection_c.h
-- Installing: /home/fai/nao_ws/install/navigation_interfaces/include/navigation_interfaces/navigation_interfaces/action/detail/navigation_to_pose__type_support.c
-- Installing: /home/fai/nao_ws/install/navigation_interfaces/lib/libnavigation_interfaces__rosidl_typesupport_introspection_c.so
-- Set non-toolchain portion of runtime path of "/home/fai/nao_ws/install/navigation_interfaces/lib/libnavigation_interfaces__rosidl_typesupport_introspection_c.so" to ""
-- Installing: /home/fai/nao_ws/install/navigation_interfaces/lib/libnavigation_interfaces__rosidl_typesupport_c.so
-- Set non-toolchain portion of runtime path of "/home/fai/nao_ws/install/navigation_interfaces/lib/libnavigation_interfaces__rosidl_typesupport_c.so" to ""
-- Up-to-date: /home/fai/nao_ws/install/navigation_interfaces/include/navigation_interfaces/navigation_interfaces
-- Up-to-date: /home/fai/nao_ws/install/navigation_interfaces/include/navigation_interfaces/navigation_interfaces/msg
-- Installing: /home/fai/nao_ws/install/navigation_interfaces/include/navigation_interfaces/navigation_interfaces/msg/rosidl_generator_cpp__visibility_control.hpp
-- Up-to-date: /home/fai/nao_ws/install/navigation_interfaces/include/navigation_interfaces/navigation_interfaces/action
-- Installing: /home/fai/nao_ws/install/navigation_interfaces/include/navigation_interfaces/navigation_interfaces/action/navigation_to_pose.hpp
-- Up-to-date: /home/fai/nao_ws/install/navigation_interfaces/include/navigation_interfaces/navigation_interfaces/action/detail
-- Installing: /home/fai/nao_ws/install/navigation_interfaces/include/navigation_interfaces/navigation_interfaces/action/detail/navigation_to_pose__type_support.hpp
-- Installing: /home/fai/nao_ws/install/navigation_interfaces/include/navigation_interfaces/navigation_interfaces/action/detail/navigation_to_pose__traits.hpp
-- Installing: /home/fai/nao_ws/install/navigation_interfaces/include/navigation_interfaces/navigation_interfaces/action/detail/navigation_to_pose__builder.hpp
-- Installing: /home/fai/nao_ws/install/navigation_interfaces/include/navigation_interfaces/navigation_interfaces/action/detail/navigation_to_pose__struct.hpp
-- Up-to-date: /home/fai/nao_ws/install/navigation_interfaces/include/navigation_interfaces/navigation_interfaces
-- Up-to-date: /home/fai/nao_ws/install/navigation_interfaces/include/navigation_interfaces/navigation_interfaces/msg
-- Installing: /home/fai/nao_ws/install/navigation_interfaces/include/navigation_interfaces/navigation_interfaces/msg/rosidl_typesupport_fastrtps_cpp__visibility_control.h
-- Up-to-date: /home/fai/nao_ws/install/navigation_interfaces/include/navigation_interfaces/navigation_interfaces/action
-- Up-to-date: /home/fai/nao_ws/install/navigation_interfaces/include/navigation_interfaces/navigation_interfaces/action/detail
-- Installing: /home/fai/nao_ws/install/navigation_interfaces/include/navigation_interfaces/navigation_interfaces/action/detail/navigation_to_pose__rosidl_typesupport_fastrtps_cpp.hpp
-- Installing: /home/fai/nao_ws/install/navigation_interfaces/include/navigation_interfaces/navigation_interfaces/action/detail/dds_fastrtps
-- Installing: /home/fai/nao_ws/install/navigation_interfaces/lib/libnavigation_interfaces__rosidl_typesupport_fastrtps_cpp.so
-- Set non-toolchain portion of runtime path of "/home/fai/nao_ws/install/navigation_interfaces/lib/libnavigation_interfaces__rosidl_typesupport_fastrtps_cpp.so" to ""
-- Up-to-date: /home/fai/nao_ws/install/navigation_interfaces/include/navigation_interfaces/navigation_interfaces
-- Up-to-date: /home/fai/nao_ws/install/navigation_interfaces/include/navigation_interfaces/navigation_interfaces/action
-- Up-to-date: /home/fai/nao_ws/install/navigation_interfaces/include/navigation_interfaces/navigation_interfaces/action/detail
-- Installing: /home/fai/nao_ws/install/navigation_interfaces/include/navigation_interfaces/navigation_interfaces/action/detail/navigation_to_pose__type_support.cpp
-- Installing: /home/fai/nao_ws/install/navigation_interfaces/include/navigation_interfaces/navigation_interfaces/action/detail/navigation_to_pose__rosidl_typesupport_introspection_cpp.hpp
-- Installing: /home/fai/nao_ws/install/navigation_interfaces/lib/libnavigation_interfaces__rosidl_typesupport_introspection_cpp.so
-- Set non-toolchain portion of runtime path of "/home/fai/nao_ws/install/navigation_interfaces/lib/libnavigation_interfaces__rosidl_typesupport_introspection_cpp.so" to ""
-- Installing: /home/fai/nao_ws/install/navigation_interfaces/lib/libnavigation_interfaces__rosidl_typesupport_cpp.so
-- Set non-toolchain portion of runtime path of "/home/fai/nao_ws/install/navigation_interfaces/lib/libnavigation_interfaces__rosidl_typesupport_cpp.so" to ""
-- Installing: /home/fai/nao_ws/install/navigation_interfaces/share/navigation_interfaces/environment/pythonpath.sh
-- Installing: /home/fai/nao_ws/install/navigation_interfaces/share/navigation_interfaces/environment/pythonpath.dsv
-- Installing: /home/fai/nao_ws/install/navigation_interfaces/lib/python3.12/site-packages/navigation_interfaces-0.0.0-py3.12.egg-info
-- Installing: /home/fai/nao_ws/install/navigation_interfaces/lib/python3.12/site-packages/navigation_interfaces-0.0.0-py3.12.egg-info/PKG-INFO
-- Installing: /home/fai/nao_ws/install/navigation_interfaces/lib/python3.12/site-packages/navigation_interfaces-0.0.0-py3.12.egg-info/top_level.txt
-- Installing: /home/fai/nao_ws/install/navigation_interfaces/lib/python3.12/site-packages/navigation_interfaces-0.0.0-py3.12.egg-info/dependency_links.txt
-- Installing: /home/fai/nao_ws/install/navigation_interfaces/lib/python3.12/site-packages/navigation_interfaces-0.0.0-py3.12.egg-info/SOURCES.txt
-- Installing: /home/fai/nao_ws/install/navigation_interfaces/lib/python3.12/site-packages/navigation_interfaces
-- Installing: /home/fai/nao_ws/install/navigation_interfaces/lib/python3.12/site-packages/navigation_interfaces/_navigation_interfaces_s.ep.rosidl_typesupport_introspection_c.c
-- Installing: /home/fai/nao_ws/install/navigation_interfaces/lib/python3.12/site-packages/navigation_interfaces/navigation_interfaces_s__rosidl_typesupport_introspection_c.so
-- Installing: /home/fai/nao_ws/install/navigation_interfaces/lib/python3.12/site-packages/navigation_interfaces/__init__.py
-- Installing: /home/fai/nao_ws/install/navigation_interfaces/lib/python3.12/site-packages/navigation_interfaces/_navigation_interfaces_s.ep.rosidl_typesupport_fastrtps_c.c
-- Installing: /home/fai/nao_ws/install/navigation_interfaces/lib/python3.12/site-packages/navigation_interfaces/navigation_interfaces_s__rosidl_typesupport_fastrtps_c.so
-- Installing: /home/fai/nao_ws/install/navigation_interfaces/lib/python3.12/site-packages/navigation_interfaces/navigation_interfaces_s__rosidl_typesupport_c.so
-- Installing: /home/fai/nao_ws/install/navigation_interfaces/lib/python3.12/site-packages/navigation_interfaces/_navigation_interfaces_s.ep.rosidl_typesupport_c.c
-- Installing: /home/fai/nao_ws/install/navigation_interfaces/lib/python3.12/site-packages/navigation_interfaces/action
-- Installing: /home/fai/nao_ws/install/navigation_interfaces/lib/python3.12/site-packages/navigation_interfaces/action/_navigation_to_pose.py
-- Installing: /home/fai/nao_ws/install/navigation_interfaces/lib/python3.12/site-packages/navigation_interfaces/action/_navigation_to_pose_s.c
-- Installing: /home/fai/nao_ws/install/navigation_interfaces/lib/python3.12/site-packages/navigation_interfaces/action/__init__.py
Listing '/home/fai/nao_ws/install/navigation_interfaces/lib/python3.12/site-packages/navigation_interfaces'...
Compiling '/home/fai/nao_ws/install/navigation_interfaces/lib/python3.12/site-packages/navigation_interfaces/__init__.py'...
Listing '/home/fai/nao_ws/install/navigation_interfaces/lib/python3.12/site-packages/navigation_interfaces/action'...
Compiling '/home/fai/nao_ws/install/navigation_interfaces/lib/python3.12/site-packages/navigation_interfaces/action/__init__.py'...
Compiling '/home/fai/nao_ws/install/navigation_interfaces/lib/python3.12/site-packages/navigation_interfaces/action/_navigation_to_pose.py'...
-- Installing: /home/fai/nao_ws/install/navigation_interfaces/lib/python3.12/site-packages/navigation_interfaces/navigation_interfaces_s__rosidl_typesupport_fastrtps_c.so
-- Set non-toolchain portion of runtime path of "/home/fai/nao_ws/install/navigation_interfaces/lib/python3.12/site-packages/navigation_interfaces/navigation_interfaces_s__rosidl_typesupport_fastrtps_c.so" to ""
-- Installing: /home/fai/nao_ws/install/navigation_interfaces/lib/python3.12/site-packages/navigation_interfaces/navigation_interfaces_s__rosidl_typesupport_introspection_c.so
-- Set non-toolchain portion of runtime path of "/home/fai/nao_ws/install/navigation_interfaces/lib/python3.12/site-packages/navigation_interfaces/navigation_interfaces_s__rosidl_typesupport_introspection_c.so" to ""
-- Installing: /home/fai/nao_ws/install/navigation_interfaces/lib/python3.12/site-packages/navigation_interfaces/navigation_interfaces_s__rosidl_typesupport_c.so
-- Set non-toolchain portion of runtime path of "/home/fai/nao_ws/install/navigation_interfaces/lib/python3.12/site-packages/navigation_interfaces/navigation_interfaces_s__rosidl_typesupport_c.so" to ""
-- Installing: /home/fai/nao_ws/install/navigation_interfaces/lib/libnavigation_interfaces__rosidl_generator_py.so
-- Set non-toolchain portion of runtime path of "/home/fai/nao_ws/install/navigation_interfaces/lib/libnavigation_interfaces__rosidl_generator_py.so" to ""
-- Installing: /home/fai/nao_ws/install/navigation_interfaces/share/navigation_interfaces/action/NavigationToPose.idl
-- Installing: /home/fai/nao_ws/install/navigation_interfaces/share/navigation_interfaces/action/NavigationToPose.action
-- Installing: /home/fai/nao_ws/install/navigation_interfaces/share/ament_index/resource_index/package_run_dependencies/navigation_interfaces
-- Installing: /home/fai/nao_ws/install/navigation_interfaces/share/ament_index/resource_index/parent_prefix_path/navigation_interfaces
-- Installing: /home/fai/nao_ws/install/navigation_interfaces/share/navigation_interfaces/environment/ament_prefix_path.sh
-- Installing: /home/fai/nao_ws/install/navigation_interfaces/share/navigation_interfaces/environment/ament_prefix_path.dsv
-- Installing: /home/fai/nao_ws/install/navigation_interfaces/share/navigation_interfaces/environment/path.sh
-- Installing: /home/fai/nao_ws/install/navigation_interfaces/share/navigation_interfaces/environment/path.dsv
-- Installing: /home/fai/nao_ws/install/navigation_interfaces/share/navigation_interfaces/local_setup.bash
-- Installing: /home/fai/nao_ws/install/navigation_interfaces/share/navigation_interfaces/local_setup.sh
-- Installing: /home/fai/nao_ws/install/navigation_interfaces/share/navigation_interfaces/local_setup.zsh
-- Installing: /home/fai/nao_ws/install/navigation_interfaces/share/navigation_interfaces/local_setup.dsv
-- Installing: /home/fai/nao_ws/install/navigation_interfaces/share/navigation_interfaces/package.dsv
-- Installing: /home/fai/nao_ws/install/navigation_interfaces/share/ament_index/resource_index/packages/navigation_interfaces
-- Installing: /home/fai/nao_ws/install/navigation_interfaces/share/navigation_interfaces/cmake/export_navigation_interfaces__rosidl_generator_cExport.cmake
-- Installing: /home/fai/nao_ws/install/navigation_interfaces/share/navigation_interfaces/cmake/export_navigation_interfaces__rosidl_generator_cExport-noconfig.cmake
-- Installing: /home/fai/nao_ws/install/navigation_interfaces/share/navigation_interfaces/cmake/export_navigation_interfaces__rosidl_typesupport_fastrtps_cExport.cmake
-- Installing: /home/fai/nao_ws/install/navigation_interfaces/share/navigation_interfaces/cmake/export_navigation_interfaces__rosidl_typesupport_fastrtps_cExport-noconfig.cmake
-- Installing: /home/fai/nao_ws/install/navigation_interfaces/share/navigation_interfaces/cmake/navigation_interfaces__rosidl_typesupport_introspection_cExport.cmake
-- Installing: /home/fai/nao_ws/install/navigation_interfaces/share/navigation_interfaces/cmake/navigation_interfaces__rosidl_typesupport_introspection_cExport-noconfig.cmake
-- Installing: /home/fai/nao_ws/install/navigation_interfaces/share/navigation_interfaces/cmake/navigation_interfaces__rosidl_typesupport_cExport.cmake
-- Installing: /home/fai/nao_ws/install/navigation_interfaces/share/navigation_interfaces/cmake/navigation_interfaces__rosidl_typesupport_cExport-noconfig.cmake
-- Installing: /home/fai/nao_ws/install/navigation_interfaces/share/navigation_interfaces/cmake/export_navigation_interfaces__rosidl_generator_cppExport.cmake
-- Installing: /home/fai/nao_ws/install/navigation_interfaces/share/navigation_interfaces/cmake/export_navigation_interfaces__rosidl_typesupport_fastrtps_cppExport.cmake
-- Installing: /home/fai/nao_ws/install/navigation_interfaces/share/navigation_interfaces/cmake/export_navigation_interfaces__rosidl_typesupport_fastrtps_cppExport-noconfig.cmake
-- Installing: /home/fai/nao_ws/install/navigation_interfaces/share/navigation_interfaces/cmake/navigation_interfaces__rosidl_typesupport_introspection_cppExport.cmake
-- Installing: /home/fai/nao_ws/install/navigation_interfaces/share/navigation_interfaces/cmake/navigation_interfaces__rosidl_typesupport_introspection_cppExport-noconfig.cmake
-- Installing: /home/fai/nao_ws/install/navigation_interfaces/share/navigation_interfaces/cmake/navigation_interfaces__rosidl_typesupport_cppExport.cmake
-- Installing: /home/fai/nao_ws/install/navigation_interfaces/share/navigation_interfaces/cmake/navigation_interfaces__rosidl_typesupport_cppExport-noconfig.cmake
-- Installing: /home/fai/nao_ws/install/navigation_interfaces/share/navigation_interfaces/cmake/export_navigation_interfaces__rosidl_generator_pyExport.cmake
-- Installing: /home/fai/nao_ws/install/navigation_interfaces/share/navigation_interfaces/cmake/export_navigation_interfaces__rosidl_generator_pyExport-noconfig.cmake
-- Installing: /home/fai/nao_ws/install/navigation_interfaces/share/navigation_interfaces/cmake/rosidl_cmake-extras.cmake
-- Installing: /home/fai/nao_ws/install/navigation_interfaces/share/navigation_interfaces/cmake/ament_cmake_export_dependencies-extras.cmake
-- Installing: /home/fai/nao_ws/install/navigation_interfaces/share/navigation_interfaces/cmake/ament_cmake_export_include_directories-extras.cmake
-- Installing: /home/fai/nao_ws/install/navigation_interfaces/share/navigation_interfaces/cmake/ament_cmake_export_libraries-extras.cmake
-- Installing: /home/fai/nao_ws/install/navigation_interfaces/share/navigation_interfaces/cmake/ament_cmake_export_targets-extras.cmake
-- Installing: /home/fai/nao_ws/install/navigation_interfaces/share/navigation_interfaces/cmake/rosidl_cmake_export_typesupport_targets-extras.cmake
-- Installing: /home/fai/nao_ws/install/navigation_interfaces/share/navigation_interfaces/cmake/rosidl_cmake_export_typesupport_libraries-extras.cmake
-- Installing: /home/fai/nao_ws/install/navigation_interfaces/share/navigation_interfaces/cmake/navigation_interfacesConfig.cmake
-- Installing: /home/fai/nao_ws/install/navigation_interfaces/share/navigation_interfaces/cmake/navigation_interfacesConfig-version.cmake
-- Installing: /home/fai/nao_ws/install/navigation_interfaces/share/navigation_interfaces/package.xml
