[0.042s] Invoking command in '/home/fai/nao_ws/build/manipulation_interfaces': CMAKE_PREFIX_PATH=${CMAKE_PREFIX_PATH}:/home/fai/nao_ws/install/web_controller:/home/fai/nao_ws/install/speech:/home/fai/nao_ws/install/nao_tasks:/home/fai/nao_ws/install/integration:/home/fai/nao_ws/install/perception:/home/fai/nao_ws/install/navigation:/home/fai/nao_ws/install/nao_qi_ros2_package:/home/fai/nao_ws/install/manipulation:/opt/ros/jazzy DEBUGINFOD_URLS=https://debuginfod.ubuntu.com /usr/bin/cmake --build /home/fai/nao_ws/build/manipulation_interfaces -- -j4 -l4
[0.238s] [  1%] Built target manipulation_interfaces__rosidl_generator_type_description
[0.292s] [  1%] Built target ament_cmake_python_copy_manipulation_interfaces
[0.396s] [ 23%] Built target manipulation_interfaces__rosidl_generator_c
[0.409s] [ 25%] Built target manipulation_interfaces__cpp
[0.608s] [ 34%] Built target manipulation_interfaces__rosidl_typesupport_c
[0.621s] [ 43%] Built target manipulation_interfaces__rosidl_typesupport_fastrtps_c
[0.625s] [ 53%] Built target manipulation_interfaces__rosidl_typesupport_introspection_c
[0.830s] [ 62%] Built target manipulation_interfaces__rosidl_typesupport_introspection_cpp
[0.852s] [ 71%] Built target manipulation_interfaces__rosidl_typesupport_fastrtps_cpp
[0.898s] [ 81%] Built target manipulation_interfaces__rosidl_typesupport_cpp
[1.046s] [ 81%] Built target manipulation_interfaces
[1.186s] [ 82%] Built target manipulation_interfaces__py
[1.355s] [ 90%] Built target manipulation_interfaces__rosidl_generator_py
[1.487s] [ 93%] Built target manipulation_interfaces_s__rosidl_typesupport_fastrtps_c
[1.507s] [ 96%] Built target manipulation_interfaces_s__rosidl_typesupport_introspection_c
[1.532s] [100%] Built target manipulation_interfaces_s__rosidl_typesupport_c
[1.580s] running egg_info
[1.647s] writing manipulation_interfaces.egg-info/PKG-INFO
[1.648s] writing dependency_links to manipulation_interfaces.egg-info/dependency_links.txt
[1.649s] writing top-level names to manipulation_interfaces.egg-info/top_level.txt
[1.848s] reading manifest file 'manipulation_interfaces.egg-info/SOURCES.txt'
[1.848s] writing manifest file 'manipulation_interfaces.egg-info/SOURCES.txt'
[1.922s] [100%] Built target ament_cmake_python_build_manipulation_interfaces_egg
[1.956s] Invoked command in '/home/fai/nao_ws/build/manipulation_interfaces' returned '0': CMAKE_PREFIX_PATH=${CMAKE_PREFIX_PATH}:/home/fai/nao_ws/install/web_controller:/home/fai/nao_ws/install/speech:/home/fai/nao_ws/install/nao_tasks:/home/fai/nao_ws/install/integration:/home/fai/nao_ws/install/perception:/home/fai/nao_ws/install/navigation:/home/fai/nao_ws/install/nao_qi_ros2_package:/home/fai/nao_ws/install/manipulation:/opt/ros/jazzy DEBUGINFOD_URLS=https://debuginfod.ubuntu.com /usr/bin/cmake --build /home/fai/nao_ws/build/manipulation_interfaces -- -j4 -l4
[2.302s] Invoking command in '/home/fai/nao_ws/build/manipulation_interfaces': CMAKE_PREFIX_PATH=${CMAKE_PREFIX_PATH}:/home/fai/nao_ws/install/web_controller:/home/fai/nao_ws/install/speech:/home/fai/nao_ws/install/nao_tasks:/home/fai/nao_ws/install/integration:/home/fai/nao_ws/install/perception:/home/fai/nao_ws/install/navigation:/home/fai/nao_ws/install/nao_qi_ros2_package:/home/fai/nao_ws/install/manipulation:/opt/ros/jazzy DEBUGINFOD_URLS=https://debuginfod.ubuntu.com /usr/bin/cmake --install /home/fai/nao_ws/build/manipulation_interfaces
[2.324s] -- Install configuration: ""
[2.325s] -- Up-to-date: /home/fai/nao_ws/install/manipulation_interfaces/share/ament_index/resource_index/rosidl_interfaces/manipulation_interfaces
[2.325s] -- Up-to-date: /home/fai/nao_ws/install/manipulation_interfaces/share/manipulation_interfaces/srv/MoveArm.json
[2.325s] -- Up-to-date: /home/fai/nao_ws/install/manipulation_interfaces/share/manipulation_interfaces/srv/StandUp.json
[2.325s] -- Up-to-date: /home/fai/nao_ws/install/manipulation_interfaces/share/manipulation_interfaces/srv/SetPosture.json
[2.326s] -- Up-to-date: /home/fai/nao_ws/install/manipulation_interfaces/share/manipulation_interfaces/srv/SetMode.json
[2.326s] -- Up-to-date: /home/fai/nao_ws/install/manipulation_interfaces/include/manipulation_interfaces/manipulation_interfaces
[2.326s] -- Up-to-date: /home/fai/nao_ws/install/manipulation_interfaces/include/manipulation_interfaces/manipulation_interfaces/srv
[2.326s] -- Up-to-date: /home/fai/nao_ws/install/manipulation_interfaces/include/manipulation_interfaces/manipulation_interfaces/srv/set_posture.h
[2.327s] -- Up-to-date: /home/fai/nao_ws/install/manipulation_interfaces/include/manipulation_interfaces/manipulation_interfaces/srv/stand_up.h
[2.327s] -- Up-to-date: /home/fai/nao_ws/install/manipulation_interfaces/include/manipulation_interfaces/manipulation_interfaces/srv/move_arm.h
[2.327s] -- Up-to-date: /home/fai/nao_ws/install/manipulation_interfaces/include/manipulation_interfaces/manipulation_interfaces/srv/set_mode.h
[2.330s] -- Up-to-date: /home/fai/nao_ws/install/manipulation_interfaces/include/manipulation_interfaces/manipulation_interfaces/srv/detail
[2.331s] -- Up-to-date: /home/fai/nao_ws/install/manipulation_interfaces/include/manipulation_interfaces/manipulation_interfaces/srv/detail/set_mode__type_support.h
[2.332s] -- Installing: /home/fai/nao_ws/install/manipulation_interfaces/include/manipulation_interfaces/manipulation_interfaces/srv/detail/set_mode__type_support.c
[2.333s] -- Up-to-date: /home/fai/nao_ws/install/manipulation_interfaces/include/manipulation_interfaces/manipulation_interfaces/srv/detail/set_posture__type_support.h
[2.335s] -- Up-to-date: /home/fai/nao_ws/install/manipulation_interfaces/include/manipulation_interfaces/manipulation_interfaces/srv/detail/move_arm__struct.h
[2.335s] -- Up-to-date: /home/fai/nao_ws/install/manipulation_interfaces/include/manipulation_interfaces/manipulation_interfaces/srv/detail/set_mode__functions.c
[2.336s] -- Installing: /home/fai/nao_ws/install/manipulation_interfaces/include/manipulation_interfaces/manipulation_interfaces/srv/detail/move_arm__type_support.c
[2.337s] -- Up-to-date: /home/fai/nao_ws/install/manipulation_interfaces/include/manipulation_interfaces/manipulation_interfaces/srv/detail/stand_up__functions.c
[2.341s] -- Up-to-date: /home/fai/nao_ws/install/manipulation_interfaces/include/manipulation_interfaces/manipulation_interfaces/srv/detail/set_posture__functions.h
[2.342s] -- Up-to-date: /home/fai/nao_ws/install/manipulation_interfaces/include/manipulation_interfaces/manipulation_interfaces/srv/detail/move_arm__functions.h
[2.342s] -- Up-to-date: /home/fai/nao_ws/install/manipulation_interfaces/include/manipulation_interfaces/manipulation_interfaces/srv/detail/stand_up__functions.h
[2.342s] -- Up-to-date: /home/fai/nao_ws/install/manipulation_interfaces/include/manipulation_interfaces/manipulation_interfaces/srv/detail/move_arm__type_support.h
[2.342s] -- Up-to-date: /home/fai/nao_ws/install/manipulation_interfaces/include/manipulation_interfaces/manipulation_interfaces/srv/detail/move_arm__description.c
[2.345s] -- Up-to-date: /home/fai/nao_ws/install/manipulation_interfaces/include/manipulation_interfaces/manipulation_interfaces/srv/detail/set_mode__struct.h
[2.346s] -- Up-to-date: /home/fai/nao_ws/install/manipulation_interfaces/include/manipulation_interfaces/manipulation_interfaces/srv/detail/stand_up__description.c
[2.346s] -- Up-to-date: /home/fai/nao_ws/install/manipulation_interfaces/include/manipulation_interfaces/manipulation_interfaces/srv/detail/set_posture__struct.h
[2.347s] -- Up-to-date: /home/fai/nao_ws/install/manipulation_interfaces/include/manipulation_interfaces/manipulation_interfaces/srv/detail/stand_up__struct.h
[2.348s] -- Installing: /home/fai/nao_ws/install/manipulation_interfaces/include/manipulation_interfaces/manipulation_interfaces/srv/detail/stand_up__type_support.c
[2.348s] -- Up-to-date: /home/fai/nao_ws/install/manipulation_interfaces/include/manipulation_interfaces/manipulation_interfaces/srv/detail/set_mode__functions.h
[2.348s] -- Up-to-date: /home/fai/nao_ws/install/manipulation_interfaces/include/manipulation_interfaces/manipulation_interfaces/srv/detail/set_posture__description.c
[2.350s] -- Up-to-date: /home/fai/nao_ws/install/manipulation_interfaces/include/manipulation_interfaces/manipulation_interfaces/srv/detail/stand_up__type_support.h
[2.351s] -- Up-to-date: /home/fai/nao_ws/install/manipulation_interfaces/include/manipulation_interfaces/manipulation_interfaces/srv/detail/set_posture__functions.c
[2.351s] -- Up-to-date: /home/fai/nao_ws/install/manipulation_interfaces/include/manipulation_interfaces/manipulation_interfaces/srv/detail/move_arm__functions.c
[2.352s] -- Up-to-date: /home/fai/nao_ws/install/manipulation_interfaces/include/manipulation_interfaces/manipulation_interfaces/srv/detail/set_mode__description.c
[2.352s] -- Installing: /home/fai/nao_ws/install/manipulation_interfaces/include/manipulation_interfaces/manipulation_interfaces/srv/detail/set_posture__type_support.c
[2.369s] -- Up-to-date: /home/fai/nao_ws/install/manipulation_interfaces/include/manipulation_interfaces/manipulation_interfaces/msg
[2.369s] -- Up-to-date: /home/fai/nao_ws/install/manipulation_interfaces/include/manipulation_interfaces/manipulation_interfaces/msg/rosidl_generator_c__visibility_control.h
[2.370s] -- Up-to-date: /home/fai/nao_ws/install/manipulation_interfaces/share/manipulation_interfaces/environment/library_path.sh
[2.370s] -- Up-to-date: /home/fai/nao_ws/install/manipulation_interfaces/share/manipulation_interfaces/environment/library_path.dsv
[2.370s] -- Up-to-date: /home/fai/nao_ws/install/manipulation_interfaces/lib/libmanipulation_interfaces__rosidl_generator_c.so
[2.371s] -- Up-to-date: /home/fai/nao_ws/install/manipulation_interfaces/include/manipulation_interfaces/manipulation_interfaces
[2.371s] -- Up-to-date: /home/fai/nao_ws/install/manipulation_interfaces/include/manipulation_interfaces/manipulation_interfaces/srv
[2.371s] -- Up-to-date: /home/fai/nao_ws/install/manipulation_interfaces/include/manipulation_interfaces/manipulation_interfaces/srv/detail
[2.371s] -- Up-to-date: /home/fai/nao_ws/install/manipulation_interfaces/include/manipulation_interfaces/manipulation_interfaces/srv/detail/set_mode__rosidl_typesupport_fastrtps_c.h
[2.372s] -- Up-to-date: /home/fai/nao_ws/install/manipulation_interfaces/include/manipulation_interfaces/manipulation_interfaces/srv/detail/set_posture__rosidl_typesupport_fastrtps_c.h
[2.372s] -- Up-to-date: /home/fai/nao_ws/install/manipulation_interfaces/include/manipulation_interfaces/manipulation_interfaces/srv/detail/move_arm__rosidl_typesupport_fastrtps_c.h
[2.372s] -- Up-to-date: /home/fai/nao_ws/install/manipulation_interfaces/include/manipulation_interfaces/manipulation_interfaces/srv/detail/stand_up__rosidl_typesupport_fastrtps_c.h
[2.375s] -- Up-to-date: /home/fai/nao_ws/install/manipulation_interfaces/include/manipulation_interfaces/manipulation_interfaces/msg
[2.375s] -- Up-to-date: /home/fai/nao_ws/install/manipulation_interfaces/include/manipulation_interfaces/manipulation_interfaces/msg/rosidl_typesupport_fastrtps_c__visibility_control.h
[2.375s] -- Up-to-date: /home/fai/nao_ws/install/manipulation_interfaces/lib/libmanipulation_interfaces__rosidl_typesupport_fastrtps_c.so
[2.376s] -- Up-to-date: /home/fai/nao_ws/install/manipulation_interfaces/include/manipulation_interfaces/manipulation_interfaces
[2.376s] -- Up-to-date: /home/fai/nao_ws/install/manipulation_interfaces/include/manipulation_interfaces/manipulation_interfaces/srv
[2.376s] -- Up-to-date: /home/fai/nao_ws/install/manipulation_interfaces/include/manipulation_interfaces/manipulation_interfaces/srv/detail
[2.379s] -- Up-to-date: /home/fai/nao_ws/install/manipulation_interfaces/include/manipulation_interfaces/manipulation_interfaces/srv/detail/set_posture__rosidl_typesupport_introspection_c.h
[2.380s] -- Installing: /home/fai/nao_ws/install/manipulation_interfaces/include/manipulation_interfaces/manipulation_interfaces/srv/detail/set_mode__type_support.c
[2.380s] -- Up-to-date: /home/fai/nao_ws/install/manipulation_interfaces/include/manipulation_interfaces/manipulation_interfaces/srv/detail/move_arm__rosidl_typesupport_introspection_c.h
[2.380s] -- Up-to-date: /home/fai/nao_ws/install/manipulation_interfaces/include/manipulation_interfaces/manipulation_interfaces/srv/detail/stand_up__rosidl_typesupport_introspection_c.h
[2.381s] -- Installing: /home/fai/nao_ws/install/manipulation_interfaces/include/manipulation_interfaces/manipulation_interfaces/srv/detail/move_arm__type_support.c
[2.381s] -- Up-to-date: /home/fai/nao_ws/install/manipulation_interfaces/include/manipulation_interfaces/manipulation_interfaces/srv/detail/set_mode__rosidl_typesupport_introspection_c.h
[2.381s] -- Installing: /home/fai/nao_ws/install/manipulation_interfaces/include/manipulation_interfaces/manipulation_interfaces/srv/detail/stand_up__type_support.c
[2.384s] -- Installing: /home/fai/nao_ws/install/manipulation_interfaces/include/manipulation_interfaces/manipulation_interfaces/srv/detail/set_posture__type_support.c
[2.384s] -- Up-to-date: /home/fai/nao_ws/install/manipulation_interfaces/include/manipulation_interfaces/manipulation_interfaces/msg
[2.384s] -- Up-to-date: /home/fai/nao_ws/install/manipulation_interfaces/include/manipulation_interfaces/manipulation_interfaces/msg/rosidl_typesupport_introspection_c__visibility_control.h
[2.385s] -- Up-to-date: /home/fai/nao_ws/install/manipulation_interfaces/lib/libmanipulation_interfaces__rosidl_typesupport_introspection_c.so
[2.388s] -- Up-to-date: /home/fai/nao_ws/install/manipulation_interfaces/lib/libmanipulation_interfaces__rosidl_typesupport_c.so
[2.390s] -- Up-to-date: /home/fai/nao_ws/install/manipulation_interfaces/include/manipulation_interfaces/manipulation_interfaces
[2.390s] -- Up-to-date: /home/fai/nao_ws/install/manipulation_interfaces/include/manipulation_interfaces/manipulation_interfaces/srv
[2.390s] -- Up-to-date: /home/fai/nao_ws/install/manipulation_interfaces/include/manipulation_interfaces/manipulation_interfaces/srv/move_arm.hpp
[2.391s] -- Up-to-date: /home/fai/nao_ws/install/manipulation_interfaces/include/manipulation_interfaces/manipulation_interfaces/srv/stand_up.hpp
[2.391s] -- Up-to-date: /home/fai/nao_ws/install/manipulation_interfaces/include/manipulation_interfaces/manipulation_interfaces/srv/set_posture.hpp
[2.395s] -- Up-to-date: /home/fai/nao_ws/install/manipulation_interfaces/include/manipulation_interfaces/manipulation_interfaces/srv/detail
[2.395s] -- Up-to-date: /home/fai/nao_ws/install/manipulation_interfaces/include/manipulation_interfaces/manipulation_interfaces/srv/detail/set_posture__struct.hpp
[2.395s] -- Up-to-date: /home/fai/nao_ws/install/manipulation_interfaces/include/manipulation_interfaces/manipulation_interfaces/srv/detail/set_posture__type_support.hpp
[2.397s] -- Up-to-date: /home/fai/nao_ws/install/manipulation_interfaces/include/manipulation_interfaces/manipulation_interfaces/srv/detail/stand_up__traits.hpp
[2.397s] -- Up-to-date: /home/fai/nao_ws/install/manipulation_interfaces/include/manipulation_interfaces/manipulation_interfaces/srv/detail/set_posture__traits.hpp
[2.397s] -- Up-to-date: /home/fai/nao_ws/install/manipulation_interfaces/include/manipulation_interfaces/manipulation_interfaces/srv/detail/set_mode__builder.hpp
[2.398s] -- Up-to-date: /home/fai/nao_ws/install/manipulation_interfaces/include/manipulation_interfaces/manipulation_interfaces/srv/detail/set_mode__struct.hpp
[2.400s] -- Up-to-date: /home/fai/nao_ws/install/manipulation_interfaces/include/manipulation_interfaces/manipulation_interfaces/srv/detail/move_arm__type_support.hpp
[2.400s] -- Up-to-date: /home/fai/nao_ws/install/manipulation_interfaces/include/manipulation_interfaces/manipulation_interfaces/srv/detail/set_mode__type_support.hpp
[2.400s] -- Up-to-date: /home/fai/nao_ws/install/manipulation_interfaces/include/manipulation_interfaces/manipulation_interfaces/srv/detail/move_arm__struct.hpp
[2.402s] -- Up-to-date: /home/fai/nao_ws/install/manipulation_interfaces/include/manipulation_interfaces/manipulation_interfaces/srv/detail/set_mode__traits.hpp
[2.402s] -- Up-to-date: /home/fai/nao_ws/install/manipulation_interfaces/include/manipulation_interfaces/manipulation_interfaces/srv/detail/move_arm__builder.hpp
[2.402s] -- Up-to-date: /home/fai/nao_ws/install/manipulation_interfaces/include/manipulation_interfaces/manipulation_interfaces/srv/detail/stand_up__builder.hpp
[2.403s] -- Up-to-date: /home/fai/nao_ws/install/manipulation_interfaces/include/manipulation_interfaces/manipulation_interfaces/srv/detail/set_posture__builder.hpp
[2.403s] -- Up-to-date: /home/fai/nao_ws/install/manipulation_interfaces/include/manipulation_interfaces/manipulation_interfaces/srv/detail/stand_up__type_support.hpp
[2.404s] -- Up-to-date: /home/fai/nao_ws/install/manipulation_interfaces/include/manipulation_interfaces/manipulation_interfaces/srv/detail/move_arm__traits.hpp
[2.405s] -- Up-to-date: /home/fai/nao_ws/install/manipulation_interfaces/include/manipulation_interfaces/manipulation_interfaces/srv/detail/stand_up__struct.hpp
[2.406s] -- Up-to-date: /home/fai/nao_ws/install/manipulation_interfaces/include/manipulation_interfaces/manipulation_interfaces/srv/set_mode.hpp
[2.406s] -- Up-to-date: /home/fai/nao_ws/install/manipulation_interfaces/include/manipulation_interfaces/manipulation_interfaces/msg
[2.406s] -- Up-to-date: /home/fai/nao_ws/install/manipulation_interfaces/include/manipulation_interfaces/manipulation_interfaces/msg/rosidl_generator_cpp__visibility_control.hpp
[2.407s] -- Up-to-date: /home/fai/nao_ws/install/manipulation_interfaces/include/manipulation_interfaces/manipulation_interfaces
[2.408s] -- Up-to-date: /home/fai/nao_ws/install/manipulation_interfaces/include/manipulation_interfaces/manipulation_interfaces/srv
[2.409s] -- Up-to-date: /home/fai/nao_ws/install/manipulation_interfaces/include/manipulation_interfaces/manipulation_interfaces/srv/detail
[2.411s] -- Up-to-date: /home/fai/nao_ws/install/manipulation_interfaces/include/manipulation_interfaces/manipulation_interfaces/srv/detail/move_arm__rosidl_typesupport_fastrtps_cpp.hpp
[2.412s] -- Up-to-date: /home/fai/nao_ws/install/manipulation_interfaces/include/manipulation_interfaces/manipulation_interfaces/srv/detail/stand_up__rosidl_typesupport_fastrtps_cpp.hpp
[2.412s] -- Up-to-date: /home/fai/nao_ws/install/manipulation_interfaces/include/manipulation_interfaces/manipulation_interfaces/srv/detail/set_posture__rosidl_typesupport_fastrtps_cpp.hpp
[2.412s] -- Up-to-date: /home/fai/nao_ws/install/manipulation_interfaces/include/manipulation_interfaces/manipulation_interfaces/srv/detail/set_mode__rosidl_typesupport_fastrtps_cpp.hpp
[2.412s] -- Up-to-date: /home/fai/nao_ws/install/manipulation_interfaces/include/manipulation_interfaces/manipulation_interfaces/srv/detail/dds_fastrtps
[2.413s] -- Up-to-date: /home/fai/nao_ws/install/manipulation_interfaces/include/manipulation_interfaces/manipulation_interfaces/msg
[2.413s] -- Up-to-date: /home/fai/nao_ws/install/manipulation_interfaces/include/manipulation_interfaces/manipulation_interfaces/msg/rosidl_typesupport_fastrtps_cpp__visibility_control.h
[2.413s] -- Up-to-date: /home/fai/nao_ws/install/manipulation_interfaces/lib/libmanipulation_interfaces__rosidl_typesupport_fastrtps_cpp.so
[2.414s] -- Up-to-date: /home/fai/nao_ws/install/manipulation_interfaces/include/manipulation_interfaces/manipulation_interfaces
[2.417s] -- Up-to-date: /home/fai/nao_ws/install/manipulation_interfaces/include/manipulation_interfaces/manipulation_interfaces/srv
[2.418s] -- Up-to-date: /home/fai/nao_ws/install/manipulation_interfaces/include/manipulation_interfaces/manipulation_interfaces/srv/detail
[2.418s] -- Up-to-date: /home/fai/nao_ws/install/manipulation_interfaces/include/manipulation_interfaces/manipulation_interfaces/srv/detail/set_mode__rosidl_typesupport_introspection_cpp.hpp
[2.418s] -- Up-to-date: /home/fai/nao_ws/install/manipulation_interfaces/include/manipulation_interfaces/manipulation_interfaces/srv/detail/stand_up__rosidl_typesupport_introspection_cpp.hpp
[2.419s] -- Up-to-date: /home/fai/nao_ws/install/manipulation_interfaces/include/manipulation_interfaces/manipulation_interfaces/srv/detail/stand_up__type_support.cpp
[2.419s] -- Up-to-date: /home/fai/nao_ws/install/manipulation_interfaces/include/manipulation_interfaces/manipulation_interfaces/srv/detail/set_mode__type_support.cpp
[2.419s] -- Up-to-date: /home/fai/nao_ws/install/manipulation_interfaces/include/manipulation_interfaces/manipulation_interfaces/srv/detail/move_arm__rosidl_typesupport_introspection_cpp.hpp
[2.420s] -- Up-to-date: /home/fai/nao_ws/install/manipulation_interfaces/include/manipulation_interfaces/manipulation_interfaces/srv/detail/set_posture__type_support.cpp
[2.424s] -- Up-to-date: /home/fai/nao_ws/install/manipulation_interfaces/include/manipulation_interfaces/manipulation_interfaces/srv/detail/move_arm__type_support.cpp
[2.424s] -- Up-to-date: /home/fai/nao_ws/install/manipulation_interfaces/include/manipulation_interfaces/manipulation_interfaces/srv/detail/set_posture__rosidl_typesupport_introspection_cpp.hpp
[2.424s] -- Up-to-date: /home/fai/nao_ws/install/manipulation_interfaces/lib/libmanipulation_interfaces__rosidl_typesupport_introspection_cpp.so
[2.425s] -- Up-to-date: /home/fai/nao_ws/install/manipulation_interfaces/lib/libmanipulation_interfaces__rosidl_typesupport_cpp.so
[2.425s] -- Up-to-date: /home/fai/nao_ws/install/manipulation_interfaces/share/manipulation_interfaces/environment/pythonpath.sh
[2.425s] -- Up-to-date: /home/fai/nao_ws/install/manipulation_interfaces/share/manipulation_interfaces/environment/pythonpath.dsv
[2.425s] -- Up-to-date: /home/fai/nao_ws/install/manipulation_interfaces/lib/python3.12/site-packages/manipulation_interfaces-0.0.1-py3.12.egg-info
[2.426s] -- Installing: /home/fai/nao_ws/install/manipulation_interfaces/lib/python3.12/site-packages/manipulation_interfaces-0.0.1-py3.12.egg-info/PKG-INFO
[2.426s] -- Installing: /home/fai/nao_ws/install/manipulation_interfaces/lib/python3.12/site-packages/manipulation_interfaces-0.0.1-py3.12.egg-info/top_level.txt
[2.429s] -- Installing: /home/fai/nao_ws/install/manipulation_interfaces/lib/python3.12/site-packages/manipulation_interfaces-0.0.1-py3.12.egg-info/dependency_links.txt
[2.443s] -- Installing: /home/fai/nao_ws/install/manipulation_interfaces/lib/python3.12/site-packages/manipulation_interfaces-0.0.1-py3.12.egg-info/SOURCES.txt
[2.443s] -- Up-to-date: /home/fai/nao_ws/install/manipulation_interfaces/lib/python3.12/site-packages/manipulation_interfaces
[2.443s] -- Up-to-date: /home/fai/nao_ws/install/manipulation_interfaces/lib/python3.12/site-packages/manipulation_interfaces/srv
[2.445s] -- Up-to-date: /home/fai/nao_ws/install/manipulation_interfaces/lib/python3.12/site-packages/manipulation_interfaces/srv/_set_mode_s.c
[2.446s] -- Up-to-date: /home/fai/nao_ws/install/manipulation_interfaces/lib/python3.12/site-packages/manipulation_interfaces/srv/_stand_up.py
[2.446s] -- Up-to-date: /home/fai/nao_ws/install/manipulation_interfaces/lib/python3.12/site-packages/manipulation_interfaces/srv/_move_arm.py
[2.446s] -- Up-to-date: /home/fai/nao_ws/install/manipulation_interfaces/lib/python3.12/site-packages/manipulation_interfaces/srv/__init__.py
[2.447s] -- Up-to-date: /home/fai/nao_ws/install/manipulation_interfaces/lib/python3.12/site-packages/manipulation_interfaces/srv/_set_posture.py
[2.447s] -- Up-to-date: /home/fai/nao_ws/install/manipulation_interfaces/lib/python3.12/site-packages/manipulation_interfaces/srv/_set_mode.py
[2.447s] -- Up-to-date: /home/fai/nao_ws/install/manipulation_interfaces/lib/python3.12/site-packages/manipulation_interfaces/srv/_move_arm_s.c
[2.450s] -- Up-to-date: /home/fai/nao_ws/install/manipulation_interfaces/lib/python3.12/site-packages/manipulation_interfaces/srv/_set_posture_s.c
[2.453s] -- Up-to-date: /home/fai/nao_ws/install/manipulation_interfaces/lib/python3.12/site-packages/manipulation_interfaces/srv/_stand_up_s.c
[2.453s] -- Up-to-date: /home/fai/nao_ws/install/manipulation_interfaces/lib/python3.12/site-packages/manipulation_interfaces/_manipulation_interfaces_s.ep.rosidl_typesupport_introspection_c.c
[2.454s] -- Up-to-date: /home/fai/nao_ws/install/manipulation_interfaces/lib/python3.12/site-packages/manipulation_interfaces/manipulation_interfaces_s__rosidl_typesupport_c.so
[2.454s] -- Up-to-date: /home/fai/nao_ws/install/manipulation_interfaces/lib/python3.12/site-packages/manipulation_interfaces/manipulation_interfaces_s__rosidl_typesupport_fastrtps_c.so
[2.454s] -- Up-to-date: /home/fai/nao_ws/install/manipulation_interfaces/lib/python3.12/site-packages/manipulation_interfaces/_manipulation_interfaces_s.ep.rosidl_typesupport_fastrtps_c.c
[2.455s] -- Up-to-date: /home/fai/nao_ws/install/manipulation_interfaces/lib/python3.12/site-packages/manipulation_interfaces/__init__.py
[2.455s] -- Up-to-date: /home/fai/nao_ws/install/manipulation_interfaces/lib/python3.12/site-packages/manipulation_interfaces/_manipulation_interfaces_s.ep.rosidl_typesupport_c.c
[2.455s] -- Up-to-date: /home/fai/nao_ws/install/manipulation_interfaces/lib/python3.12/site-packages/manipulation_interfaces/manipulation_interfaces_s__rosidl_typesupport_introspection_c.so
[2.469s] Listing '/home/fai/nao_ws/install/manipulation_interfaces/lib/python3.12/site-packages/manipulation_interfaces'...
[2.469s] Listing '/home/fai/nao_ws/install/manipulation_interfaces/lib/python3.12/site-packages/manipulation_interfaces/srv'...
[2.482s] -- Up-to-date: /home/fai/nao_ws/install/manipulation_interfaces/lib/python3.12/site-packages/manipulation_interfaces/manipulation_interfaces_s__rosidl_typesupport_fastrtps_c.so
[2.482s] -- Up-to-date: /home/fai/nao_ws/install/manipulation_interfaces/lib/python3.12/site-packages/manipulation_interfaces/manipulation_interfaces_s__rosidl_typesupport_introspection_c.so
[2.482s] -- Up-to-date: /home/fai/nao_ws/install/manipulation_interfaces/lib/python3.12/site-packages/manipulation_interfaces/manipulation_interfaces_s__rosidl_typesupport_c.so
[2.484s] -- Up-to-date: /home/fai/nao_ws/install/manipulation_interfaces/lib/libmanipulation_interfaces__rosidl_generator_py.so
[2.485s] -- Up-to-date: /home/fai/nao_ws/install/manipulation_interfaces/share/manipulation_interfaces/srv/MoveArm.idl
[2.486s] -- Up-to-date: /home/fai/nao_ws/install/manipulation_interfaces/share/manipulation_interfaces/srv/StandUp.idl
[2.493s] -- Up-to-date: /home/fai/nao_ws/install/manipulation_interfaces/share/manipulation_interfaces/srv/SetPosture.idl
[2.493s] -- Up-to-date: /home/fai/nao_ws/install/manipulation_interfaces/share/manipulation_interfaces/srv/SetMode.idl
[2.494s] -- Up-to-date: /home/fai/nao_ws/install/manipulation_interfaces/share/manipulation_interfaces/srv/MoveArm.srv
[2.494s] -- Up-to-date: /home/fai/nao_ws/install/manipulation_interfaces/share/manipulation_interfaces/srv/StandUp.srv
[2.494s] -- Up-to-date: /home/fai/nao_ws/install/manipulation_interfaces/share/manipulation_interfaces/srv/SetPosture.srv
[2.498s] -- Up-to-date: /home/fai/nao_ws/install/manipulation_interfaces/share/manipulation_interfaces/srv/SetMode.srv
[2.498s] -- Up-to-date: /home/fai/nao_ws/install/manipulation_interfaces/share/ament_index/resource_index/package_run_dependencies/manipulation_interfaces
[2.499s] -- Up-to-date: /home/fai/nao_ws/install/manipulation_interfaces/share/ament_index/resource_index/parent_prefix_path/manipulation_interfaces
[2.499s] -- Up-to-date: /home/fai/nao_ws/install/manipulation_interfaces/share/manipulation_interfaces/environment/ament_prefix_path.sh
[2.499s] -- Up-to-date: /home/fai/nao_ws/install/manipulation_interfaces/share/manipulation_interfaces/environment/ament_prefix_path.dsv
[2.500s] -- Up-to-date: /home/fai/nao_ws/install/manipulation_interfaces/share/manipulation_interfaces/environment/path.sh
[2.502s] -- Up-to-date: /home/fai/nao_ws/install/manipulation_interfaces/share/manipulation_interfaces/environment/path.dsv
[2.502s] -- Up-to-date: /home/fai/nao_ws/install/manipulation_interfaces/share/manipulation_interfaces/local_setup.bash
[2.503s] -- Up-to-date: /home/fai/nao_ws/install/manipulation_interfaces/share/manipulation_interfaces/local_setup.sh
[2.504s] -- Up-to-date: /home/fai/nao_ws/install/manipulation_interfaces/share/manipulation_interfaces/local_setup.zsh
[2.505s] -- Up-to-date: /home/fai/nao_ws/install/manipulation_interfaces/share/manipulation_interfaces/local_setup.dsv
[2.505s] -- Installing: /home/fai/nao_ws/install/manipulation_interfaces/share/manipulation_interfaces/package.dsv
[2.508s] -- Up-to-date: /home/fai/nao_ws/install/manipulation_interfaces/share/ament_index/resource_index/packages/manipulation_interfaces
[2.513s] -- Up-to-date: /home/fai/nao_ws/install/manipulation_interfaces/share/manipulation_interfaces/cmake/export_manipulation_interfaces__rosidl_generator_cExport.cmake
[2.514s] -- Up-to-date: /home/fai/nao_ws/install/manipulation_interfaces/share/manipulation_interfaces/cmake/export_manipulation_interfaces__rosidl_generator_cExport-noconfig.cmake
[2.514s] -- Up-to-date: /home/fai/nao_ws/install/manipulation_interfaces/share/manipulation_interfaces/cmake/export_manipulation_interfaces__rosidl_typesupport_fastrtps_cExport.cmake
[2.523s] -- Up-to-date: /home/fai/nao_ws/install/manipulation_interfaces/share/manipulation_interfaces/cmake/export_manipulation_interfaces__rosidl_typesupport_fastrtps_cExport-noconfig.cmake
[2.524s] -- Up-to-date: /home/fai/nao_ws/install/manipulation_interfaces/share/manipulation_interfaces/cmake/manipulation_interfaces__rosidl_typesupport_introspection_cExport.cmake
[2.524s] -- Up-to-date: /home/fai/nao_ws/install/manipulation_interfaces/share/manipulation_interfaces/cmake/manipulation_interfaces__rosidl_typesupport_introspection_cExport-noconfig.cmake
[2.524s] -- Up-to-date: /home/fai/nao_ws/install/manipulation_interfaces/share/manipulation_interfaces/cmake/manipulation_interfaces__rosidl_typesupport_cExport.cmake
[2.525s] -- Up-to-date: /home/fai/nao_ws/install/manipulation_interfaces/share/manipulation_interfaces/cmake/manipulation_interfaces__rosidl_typesupport_cExport-noconfig.cmake
[2.525s] -- Up-to-date: /home/fai/nao_ws/install/manipulation_interfaces/share/manipulation_interfaces/cmake/export_manipulation_interfaces__rosidl_generator_cppExport.cmake
[2.525s] -- Up-to-date: /home/fai/nao_ws/install/manipulation_interfaces/share/manipulation_interfaces/cmake/export_manipulation_interfaces__rosidl_typesupport_fastrtps_cppExport.cmake
[2.526s] -- Up-to-date: /home/fai/nao_ws/install/manipulation_interfaces/share/manipulation_interfaces/cmake/export_manipulation_interfaces__rosidl_typesupport_fastrtps_cppExport-noconfig.cmake
[2.526s] -- Up-to-date: /home/fai/nao_ws/install/manipulation_interfaces/share/manipulation_interfaces/cmake/manipulation_interfaces__rosidl_typesupport_introspection_cppExport.cmake
[2.527s] -- Up-to-date: /home/fai/nao_ws/install/manipulation_interfaces/share/manipulation_interfaces/cmake/manipulation_interfaces__rosidl_typesupport_introspection_cppExport-noconfig.cmake
[2.527s] -- Up-to-date: /home/fai/nao_ws/install/manipulation_interfaces/share/manipulation_interfaces/cmake/manipulation_interfaces__rosidl_typesupport_cppExport.cmake
[2.527s] -- Up-to-date: /home/fai/nao_ws/install/manipulation_interfaces/share/manipulation_interfaces/cmake/manipulation_interfaces__rosidl_typesupport_cppExport-noconfig.cmake
[2.535s] -- Up-to-date: /home/fai/nao_ws/install/manipulation_interfaces/share/manipulation_interfaces/cmake/export_manipulation_interfaces__rosidl_generator_pyExport.cmake
[2.535s] -- Up-to-date: /home/fai/nao_ws/install/manipulation_interfaces/share/manipulation_interfaces/cmake/export_manipulation_interfaces__rosidl_generator_pyExport-noconfig.cmake
[2.539s] -- Up-to-date: /home/fai/nao_ws/install/manipulation_interfaces/share/manipulation_interfaces/cmake/rosidl_cmake-extras.cmake
[2.539s] -- Up-to-date: /home/fai/nao_ws/install/manipulation_interfaces/share/manipulation_interfaces/cmake/ament_cmake_export_dependencies-extras.cmake
[2.539s] -- Up-to-date: /home/fai/nao_ws/install/manipulation_interfaces/share/manipulation_interfaces/cmake/ament_cmake_export_include_directories-extras.cmake
[2.539s] -- Up-to-date: /home/fai/nao_ws/install/manipulation_interfaces/share/manipulation_interfaces/cmake/ament_cmake_export_libraries-extras.cmake
[2.540s] -- Up-to-date: /home/fai/nao_ws/install/manipulation_interfaces/share/manipulation_interfaces/cmake/ament_cmake_export_targets-extras.cmake
[2.540s] -- Up-to-date: /home/fai/nao_ws/install/manipulation_interfaces/share/manipulation_interfaces/cmake/rosidl_cmake_export_typesupport_targets-extras.cmake
[2.540s] -- Up-to-date: /home/fai/nao_ws/install/manipulation_interfaces/share/manipulation_interfaces/cmake/rosidl_cmake_export_typesupport_libraries-extras.cmake
[2.540s] -- Up-to-date: /home/fai/nao_ws/install/manipulation_interfaces/share/manipulation_interfaces/cmake/manipulation_interfacesConfig.cmake
[2.541s] -- Up-to-date: /home/fai/nao_ws/install/manipulation_interfaces/share/manipulation_interfaces/cmake/manipulation_interfacesConfig-version.cmake
[2.541s] -- Up-to-date: /home/fai/nao_ws/install/manipulation_interfaces/share/manipulation_interfaces/package.xml
[2.546s] Invoked command in '/home/fai/nao_ws/build/manipulation_interfaces' returned '0': CMAKE_PREFIX_PATH=${CMAKE_PREFIX_PATH}:/home/fai/nao_ws/install/web_controller:/home/fai/nao_ws/install/speech:/home/fai/nao_ws/install/nao_tasks:/home/fai/nao_ws/install/integration:/home/fai/nao_ws/install/perception:/home/fai/nao_ws/install/navigation:/home/fai/nao_ws/install/nao_qi_ros2_package:/home/fai/nao_ws/install/manipulation:/opt/ros/jazzy DEBUGINFOD_URLS=https://debuginfod.ubuntu.com /usr/bin/cmake --install /home/fai/nao_ws/build/manipulation_interfaces
