[2.134s] Invoking command in '/home/robotica/nao_ws/src/manipulation': CMAKE_PREFIX_PATH=/home/robotica/nao_ws/src/install/manipulation_interfaces:/home/robotica/nao_ws/src/install/speech_interfaces:/home/robotica/nao_ws/src/install/perception_interfaces:/home/robotica/nao_ws/src/install/navigation_interfaces:/home/robotica/nao_ws/install/speech_interfaces:/home/robotica/nao_ws/install/perception_interfaces:/home/robotica/nao_ws/install/navigation_interfaces:/home/robotica/nao_ws/install/manipulation_interfaces:/opt/ros/jazzy/opt/gz_math_vendor:/opt/ros/jazzy/opt/gz_utils_vendor:/opt/ros/jazzy/opt/gz_cmake_vendor DEBUGINFOD_URLS=https://debuginfod.ubuntu.com LD_LIBRARY_PATH=/home/robotica/nao_ws/src/install/manipulation_interfaces/lib:/home/robotica/nao_ws/src/install/speech_interfaces/lib:/home/robotica/nao_ws/src/install/perception_interfaces/lib:/home/robotica/nao_ws/src/install/navigation_interfaces/lib:/home/robotica/nao_ws/install/speech_interfaces/lib:/home/robotica/nao_ws/install/perception_interfaces/lib:/home/robotica/nao_ws/install/navigation_interfaces/lib:/home/robotica/nao_ws/install/manipulation_interfaces/lib:/opt/ros/jazzy/opt/rviz_ogre_vendor/lib:/opt/ros/jazzy/lib/x86_64-linux-gnu:/opt/ros/jazzy/opt/gz_math_vendor/lib:/opt/ros/jazzy/opt/gz_utils_vendor/lib:/opt/ros/jazzy/opt/gz_cmake_vendor/lib:/opt/ros/jazzy/lib PYTHONPATH=/home/robotica/nao_ws/src/build/manipulation/prefix_override:/usr/lib/python3/dist-packages/colcon_core/task/python/colcon_distutils_commands:/home/robotica/nao_ws/src/install/manipulation/lib/python3.12/site-packages:/home/robotica/nao_ws/src/install/manipulation_interfaces/lib/python3.12/site-packages:/home/robotica/nao_ws/src/install/web_controller/lib/python3.12/site-packages:/home/robotica/nao_ws/src/install/speech/lib/python3.12/site-packages:/home/robotica/nao_ws/src/install/integration/lib/python3.12/site-packages:/home/robotica/nao_ws/src/install/speech_interfaces/lib/python3.12/site-packages:/home/robotica/nao_ws/src/install/rest_api/lib/python3.12/site-packages:/home/robotica/nao_ws/src/install/perception/lib/python3.12/site-packages:/home/robotica/nao_ws/src/install/perception_interfaces/lib/python3.12/site-packages:/home/robotica/nao_ws/src/install/navigation/lib/python3.12/site-packages:/home/robotica/nao_ws/src/install/navigation_interfaces/lib/python3.12/site-packages:/home/robotica/nao_ws/src/install/nao_qi_ros2_package/lib/python3.12/site-packages:/home/robotica/nao_ws/src/install/manipulation/lib/python3.12/site-packages:/home/robotica/nao_ws/install/web_controller/lib/python3.12/site-packages:/home/robotica/nao_ws/install/speech/lib/python3.12/site-packages:/home/robotica/nao_ws/install/integration/lib/python3.12/site-packages:/home/robotica/nao_ws/install/speech_interfaces/lib/python3.12/site-packages:/home/robotica/nao_ws/install/rest_api/lib/python3.12/site-packages:/home/robotica/nao_ws/install/perception/lib/python3.12/site-packages:/home/robotica/nao_ws/install/perception_interfaces/lib/python3.12/site-packages:/home/robotica/nao_ws/install/navigation/lib/python3.12/site-packages:/home/robotica/nao_ws/install/navigation_interfaces/lib/python3.12/site-packages:/home/robotica/nao_ws/install/nao_qi_ros2_package/lib/python3.12/site-packages:/home/robotica/nao_ws/install/manipulation/lib/python3.12/site-packages:/home/robotica/nao_ws/install/manipulation_interfaces/lib/python3.12/site-packages:/opt/ros/jazzy/lib/python3.12/site-packages /usr/bin/python3 -W ignore:setup.py install is deprecated setup.py egg_info --egg-base ../build/manipulation build --build-base /home/robotica/nao_ws/src/build/manipulation/build install --record /home/robotica/nao_ws/src/build/manipulation/install.log --single-version-externally-managed install_data
[2.684s] running egg_info
[2.685s] creating ../build/manipulation/manipulation.egg-info
[2.729s] writing ../build/manipulation/manipulation.egg-info/PKG-INFO
[2.729s] writing dependency_links to ../build/manipulation/manipulation.egg-info/dependency_links.txt
[2.729s] writing entry points to ../build/manipulation/manipulation.egg-info/entry_points.txt
[2.730s] writing requirements to ../build/manipulation/manipulation.egg-info/requires.txt
[2.730s] writing top-level names to ../build/manipulation/manipulation.egg-info/top_level.txt
[2.730s] writing manifest file '../build/manipulation/manipulation.egg-info/SOURCES.txt'
[2.819s] reading manifest file '../build/manipulation/manipulation.egg-info/SOURCES.txt'
[2.821s] writing manifest file '../build/manipulation/manipulation.egg-info/SOURCES.txt'
[2.821s] running build
[2.822s] running build_py
[2.822s] creating /home/robotica/nao_ws/src/build/manipulation/build
[2.822s] creating /home/robotica/nao_ws/src/build/manipulation/build/lib
[2.823s] creating /home/robotica/nao_ws/src/build/manipulation/build/lib/manipulation
[2.823s] copying manipulation/manipulation_node.py -> /home/robotica/nao_ws/src/build/manipulation/build/lib/manipulation
[2.824s] copying manipulation/__init__.py -> /home/robotica/nao_ws/src/build/manipulation/build/lib/manipulation
[2.825s] running install
[2.837s] running install_lib
[2.887s] creating /home/robotica/nao_ws/src/install/manipulation/lib/python3.12/site-packages/manipulation
[2.887s] copying /home/robotica/nao_ws/src/build/manipulation/build/lib/manipulation/manipulation_node.py -> /home/robotica/nao_ws/src/install/manipulation/lib/python3.12/site-packages/manipulation
[2.888s] copying /home/robotica/nao_ws/src/build/manipulation/build/lib/manipulation/__init__.py -> /home/robotica/nao_ws/src/install/manipulation/lib/python3.12/site-packages/manipulation
[2.889s] byte-compiling /home/robotica/nao_ws/src/install/manipulation/lib/python3.12/site-packages/manipulation/manipulation_node.py to manipulation_node.cpython-312.pyc
[2.893s] byte-compiling /home/robotica/nao_ws/src/install/manipulation/lib/python3.12/site-packages/manipulation/__init__.py to __init__.cpython-312.pyc
[2.896s] running install_data
[2.896s] creating /home/robotica/nao_ws/src/install/manipulation/share/ament_index
[2.896s] creating /home/robotica/nao_ws/src/install/manipulation/share/ament_index/resource_index
[2.896s] creating /home/robotica/nao_ws/src/install/manipulation/share/ament_index/resource_index/packages
[2.902s] copying resource/manipulation -> /home/robotica/nao_ws/src/install/manipulation/share/ament_index/resource_index/packages
[2.902s] copying package.xml -> /home/robotica/nao_ws/src/install/manipulation/share/manipulation
[2.902s] running install_egg_info
[2.946s] Copying ../build/manipulation/manipulation.egg-info to /home/robotica/nao_ws/src/install/manipulation/lib/python3.12/site-packages/manipulation-0.0.0-py3.12.egg-info
[2.947s] running install_scripts
[3.216s] Installing manipulation_node script to /home/robotica/nao_ws/src/install/manipulation/lib/manipulation
[3.216s] writing list of installed files to '/home/robotica/nao_ws/src/build/manipulation/install.log'
[3.281s] Invoked command in '/home/robotica/nao_ws/src/manipulation' returned '0': CMAKE_PREFIX_PATH=/home/robotica/nao_ws/src/install/manipulation_interfaces:/home/robotica/nao_ws/src/install/speech_interfaces:/home/robotica/nao_ws/src/install/perception_interfaces:/home/robotica/nao_ws/src/install/navigation_interfaces:/home/robotica/nao_ws/install/speech_interfaces:/home/robotica/nao_ws/install/perception_interfaces:/home/robotica/nao_ws/install/navigation_interfaces:/home/robotica/nao_ws/install/manipulation_interfaces:/opt/ros/jazzy/opt/gz_math_vendor:/opt/ros/jazzy/opt/gz_utils_vendor:/opt/ros/jazzy/opt/gz_cmake_vendor DEBUGINFOD_URLS=https://debuginfod.ubuntu.com LD_LIBRARY_PATH=/home/robotica/nao_ws/src/install/manipulation_interfaces/lib:/home/robotica/nao_ws/src/install/speech_interfaces/lib:/home/robotica/nao_ws/src/install/perception_interfaces/lib:/home/robotica/nao_ws/src/install/navigation_interfaces/lib:/home/robotica/nao_ws/install/speech_interfaces/lib:/home/robotica/nao_ws/install/perception_interfaces/lib:/home/robotica/nao_ws/install/navigation_interfaces/lib:/home/robotica/nao_ws/install/manipulation_interfaces/lib:/opt/ros/jazzy/opt/rviz_ogre_vendor/lib:/opt/ros/jazzy/lib/x86_64-linux-gnu:/opt/ros/jazzy/opt/gz_math_vendor/lib:/opt/ros/jazzy/opt/gz_utils_vendor/lib:/opt/ros/jazzy/opt/gz_cmake_vendor/lib:/opt/ros/jazzy/lib PYTHONPATH=/home/robotica/nao_ws/src/build/manipulation/prefix_override:/usr/lib/python3/dist-packages/colcon_core/task/python/colcon_distutils_commands:/home/robotica/nao_ws/src/install/manipulation/lib/python3.12/site-packages:/home/robotica/nao_ws/src/install/manipulation_interfaces/lib/python3.12/site-packages:/home/robotica/nao_ws/src/install/web_controller/lib/python3.12/site-packages:/home/robotica/nao_ws/src/install/speech/lib/python3.12/site-packages:/home/robotica/nao_ws/src/install/integration/lib/python3.12/site-packages:/home/robotica/nao_ws/src/install/speech_interfaces/lib/python3.12/site-packages:/home/robotica/nao_ws/src/install/rest_api/lib/python3.12/site-packages:/home/robotica/nao_ws/src/install/perception/lib/python3.12/site-packages:/home/robotica/nao_ws/src/install/perception_interfaces/lib/python3.12/site-packages:/home/robotica/nao_ws/src/install/navigation/lib/python3.12/site-packages:/home/robotica/nao_ws/src/install/navigation_interfaces/lib/python3.12/site-packages:/home/robotica/nao_ws/src/install/nao_qi_ros2_package/lib/python3.12/site-packages:/home/robotica/nao_ws/src/install/manipulation/lib/python3.12/site-packages:/home/robotica/nao_ws/install/web_controller/lib/python3.12/site-packages:/home/robotica/nao_ws/install/speech/lib/python3.12/site-packages:/home/robotica/nao_ws/install/integration/lib/python3.12/site-packages:/home/robotica/nao_ws/install/speech_interfaces/lib/python3.12/site-packages:/home/robotica/nao_ws/install/rest_api/lib/python3.12/site-packages:/home/robotica/nao_ws/install/perception/lib/python3.12/site-packages:/home/robotica/nao_ws/install/perception_interfaces/lib/python3.12/site-packages:/home/robotica/nao_ws/install/navigation/lib/python3.12/site-packages:/home/robotica/nao_ws/install/navigation_interfaces/lib/python3.12/site-packages:/home/robotica/nao_ws/install/nao_qi_ros2_package/lib/python3.12/site-packages:/home/robotica/nao_ws/install/manipulation/lib/python3.12/site-packages:/home/robotica/nao_ws/install/manipulation_interfaces/lib/python3.12/site-packages:/opt/ros/jazzy/lib/python3.12/site-packages /usr/bin/python3 -W ignore:setup.py install is deprecated setup.py egg_info --egg-base ../build/manipulation build --build-base /home/robotica/nao_ws/src/build/manipulation/build install --record /home/robotica/nao_ws/src/build/manipulation/install.log --single-version-externally-managed install_data
