[0.046s] Invoking command in '/home/robotica/nao_ws/src/build/perception_interfaces': CMAKE_PREFIX_PATH=${CMAKE_PREFIX_PATH}:/home/robotica/nao_ws/src/install/web_controller:/home/robotica/nao_ws/src/install/speech:/home/robotica/nao_ws/src/install/integration:/home/robotica/nao_ws/src/install/rest_api:/home/robotica/nao_ws/src/install/perception:/home/robotica/nao_ws/src/install/navigation:/home/robotica/nao_ws/src/install/nao_qi_ros2_package:/home/robotica/nao_ws/src/install/manipulation:/home/robotica/nao_ws/install/web_controller:/home/robotica/nao_ws/install/speech:/home/robotica/nao_ws/install/integration:/home/robotica/nao_ws/install/rest_api:/home/robotica/nao_ws/install/perception:/home/robotica/nao_ws/install/navigation:/home/robotica/nao_ws/install/nao_qi_ros2_package:/home/robotica/nao_ws/install/manipulation:/opt/ros/jazzy DEBUGINFOD_URLS=https://debuginfod.ubuntu.com /usr/bin/cmake --build /home/robotica/nao_ws/src/build/perception_interfaces -- -j4 -l4
[0.238s] [  2%] Built target perception_interfaces__rosidl_generator_type_description
[0.335s] [  5%] Built target perception_interfaces__cpp
[0.365s] [  5%] Built target ament_cmake_python_copy_perception_interfaces
[0.439s] [ 20%] Built target perception_interfaces__rosidl_generator_c
[0.702s] [ 29%] Built target perception_interfaces__rosidl_typesupport_cpp
[0.712s] [ 38%] Built target perception_interfaces__rosidl_typesupport_fastrtps_c
[0.738s] [ 47%] Built target perception_interfaces__rosidl_typesupport_introspection_c
[0.931s] [ 55%] Built target perception_interfaces__rosidl_typesupport_fastrtps_cpp
[0.932s] [ 64%] Built target perception_interfaces__rosidl_typesupport_c
[0.978s] [ 73%] Built target perception_interfaces__rosidl_typesupport_introspection_cpp
[1.077s] [ 73%] Built target perception_interfaces
[1.227s] [ 76%] Built target perception_interfaces__py
[1.486s] [ 82%] Built target perception_interfaces__rosidl_generator_py
[1.625s] [ 88%] Built target perception_interfaces_s__rosidl_typesupport_fastrtps_c
[1.745s] [ 94%] Built target perception_interfaces_s__rosidl_typesupport_c
[1.766s] [100%] Built target perception_interfaces_s__rosidl_typesupport_introspection_c
[2.055s] running egg_info
[2.129s] writing perception_interfaces.egg-info/PKG-INFO
[2.135s] writing dependency_links to perception_interfaces.egg-info/dependency_links.txt
[2.136s] writing top-level names to perception_interfaces.egg-info/top_level.txt
[2.556s] reading manifest file 'perception_interfaces.egg-info/SOURCES.txt'
[2.557s] writing manifest file 'perception_interfaces.egg-info/SOURCES.txt'
[2.736s] [100%] Built target ament_cmake_python_build_perception_interfaces_egg
[2.791s] Invoked command in '/home/robotica/nao_ws/src/build/perception_interfaces' returned '0': CMAKE_PREFIX_PATH=${CMAKE_PREFIX_PATH}:/home/robotica/nao_ws/src/install/web_controller:/home/robotica/nao_ws/src/install/speech:/home/robotica/nao_ws/src/install/integration:/home/robotica/nao_ws/src/install/rest_api:/home/robotica/nao_ws/src/install/perception:/home/robotica/nao_ws/src/install/navigation:/home/robotica/nao_ws/src/install/nao_qi_ros2_package:/home/robotica/nao_ws/src/install/manipulation:/home/robotica/nao_ws/install/web_controller:/home/robotica/nao_ws/install/speech:/home/robotica/nao_ws/install/integration:/home/robotica/nao_ws/install/rest_api:/home/robotica/nao_ws/install/perception:/home/robotica/nao_ws/install/navigation:/home/robotica/nao_ws/install/nao_qi_ros2_package:/home/robotica/nao_ws/install/manipulation:/opt/ros/jazzy DEBUGINFOD_URLS=https://debuginfod.ubuntu.com /usr/bin/cmake --build /home/robotica/nao_ws/src/build/perception_interfaces -- -j4 -l4
[3.169s] Invoking command in '/home/robotica/nao_ws/src/build/perception_interfaces': CMAKE_PREFIX_PATH=${CMAKE_PREFIX_PATH}:/home/robotica/nao_ws/src/install/web_controller:/home/robotica/nao_ws/src/install/speech:/home/robotica/nao_ws/src/install/integration:/home/robotica/nao_ws/src/install/rest_api:/home/robotica/nao_ws/src/install/perception:/home/robotica/nao_ws/src/install/navigation:/home/robotica/nao_ws/src/install/nao_qi_ros2_package:/home/robotica/nao_ws/src/install/manipulation:/home/robotica/nao_ws/install/web_controller:/home/robotica/nao_ws/install/speech:/home/robotica/nao_ws/install/integration:/home/robotica/nao_ws/install/rest_api:/home/robotica/nao_ws/install/perception:/home/robotica/nao_ws/install/navigation:/home/robotica/nao_ws/install/nao_qi_ros2_package:/home/robotica/nao_ws/install/manipulation:/opt/ros/jazzy DEBUGINFOD_URLS=https://debuginfod.ubuntu.com /usr/bin/cmake --install /home/robotica/nao_ws/src/build/perception_interfaces
[3.286s] -- Install configuration: ""
[3.286s] -- Up-to-date: /home/robotica/nao_ws/src/install/perception_interfaces/share/ament_index/resource_index/rosidl_interfaces/perception_interfaces
[3.286s] -- Up-to-date: /home/robotica/nao_ws/src/install/perception_interfaces/share/perception_interfaces/srv/DetectObjects.json
[3.286s] -- Up-to-date: /home/robotica/nao_ws/src/install/perception_interfaces/include/perception_interfaces/perception_interfaces
[3.287s] -- Up-to-date: /home/robotica/nao_ws/src/install/perception_interfaces/include/perception_interfaces/perception_interfaces/srv
[3.287s] -- Up-to-date: /home/robotica/nao_ws/src/install/perception_interfaces/include/perception_interfaces/perception_interfaces/srv/detect_objects.h
[3.287s] -- Up-to-date: /home/robotica/nao_ws/src/install/perception_interfaces/include/perception_interfaces/perception_interfaces/srv/detail
[3.290s] -- Up-to-date: /home/robotica/nao_ws/src/install/perception_interfaces/include/perception_interfaces/perception_interfaces/srv/detail/detect_objects__type_support.h
[3.290s] -- Up-to-date: /home/robotica/nao_ws/src/install/perception_interfaces/include/perception_interfaces/perception_interfaces/srv/detail/detect_objects__description.c
[3.290s] -- Up-to-date: /home/robotica/nao_ws/src/install/perception_interfaces/include/perception_interfaces/perception_interfaces/srv/detail/detect_objects__functions.c
[3.290s] -- Up-to-date: /home/robotica/nao_ws/src/install/perception_interfaces/include/perception_interfaces/perception_interfaces/srv/detail/detect_objects__functions.h
[3.291s] -- Installing: /home/robotica/nao_ws/src/install/perception_interfaces/include/perception_interfaces/perception_interfaces/srv/detail/detect_objects__type_support.c
[3.291s] -- Up-to-date: /home/robotica/nao_ws/src/install/perception_interfaces/include/perception_interfaces/perception_interfaces/srv/detail/detect_objects__struct.h
[3.291s] -- Up-to-date: /home/robotica/nao_ws/src/install/perception_interfaces/include/perception_interfaces/perception_interfaces/msg
[3.291s] -- Up-to-date: /home/robotica/nao_ws/src/install/perception_interfaces/include/perception_interfaces/perception_interfaces/msg/rosidl_generator_c__visibility_control.h
[3.292s] -- Up-to-date: /home/robotica/nao_ws/src/install/perception_interfaces/share/perception_interfaces/environment/library_path.sh
[3.292s] -- Up-to-date: /home/robotica/nao_ws/src/install/perception_interfaces/share/perception_interfaces/environment/library_path.dsv
[3.292s] -- Up-to-date: /home/robotica/nao_ws/src/install/perception_interfaces/lib/libperception_interfaces__rosidl_generator_c.so
[3.293s] -- Up-to-date: /home/robotica/nao_ws/src/install/perception_interfaces/include/perception_interfaces/perception_interfaces
[3.293s] -- Up-to-date: /home/robotica/nao_ws/src/install/perception_interfaces/include/perception_interfaces/perception_interfaces/srv
[3.293s] -- Up-to-date: /home/robotica/nao_ws/src/install/perception_interfaces/include/perception_interfaces/perception_interfaces/srv/detail
[3.294s] -- Up-to-date: /home/robotica/nao_ws/src/install/perception_interfaces/include/perception_interfaces/perception_interfaces/srv/detail/detect_objects__rosidl_typesupport_fastrtps_c.h
[3.294s] -- Up-to-date: /home/robotica/nao_ws/src/install/perception_interfaces/include/perception_interfaces/perception_interfaces/msg
[3.294s] -- Up-to-date: /home/robotica/nao_ws/src/install/perception_interfaces/include/perception_interfaces/perception_interfaces/msg/rosidl_typesupport_fastrtps_c__visibility_control.h
[3.294s] -- Up-to-date: /home/robotica/nao_ws/src/install/perception_interfaces/lib/libperception_interfaces__rosidl_typesupport_fastrtps_c.so
[3.295s] -- Up-to-date: /home/robotica/nao_ws/src/install/perception_interfaces/include/perception_interfaces/perception_interfaces
[3.295s] -- Up-to-date: /home/robotica/nao_ws/src/install/perception_interfaces/include/perception_interfaces/perception_interfaces/srv
[3.295s] -- Up-to-date: /home/robotica/nao_ws/src/install/perception_interfaces/include/perception_interfaces/perception_interfaces/srv/detail
[3.296s] -- Up-to-date: /home/robotica/nao_ws/src/install/perception_interfaces/include/perception_interfaces/perception_interfaces/srv/detail/detect_objects__rosidl_typesupport_introspection_c.h
[3.296s] -- Installing: /home/robotica/nao_ws/src/install/perception_interfaces/include/perception_interfaces/perception_interfaces/srv/detail/detect_objects__type_support.c
[3.296s] -- Up-to-date: /home/robotica/nao_ws/src/install/perception_interfaces/include/perception_interfaces/perception_interfaces/msg
[3.296s] -- Up-to-date: /home/robotica/nao_ws/src/install/perception_interfaces/include/perception_interfaces/perception_interfaces/msg/rosidl_typesupport_introspection_c__visibility_control.h
[3.297s] -- Up-to-date: /home/robotica/nao_ws/src/install/perception_interfaces/lib/libperception_interfaces__rosidl_typesupport_introspection_c.so
[3.297s] -- Up-to-date: /home/robotica/nao_ws/src/install/perception_interfaces/lib/libperception_interfaces__rosidl_typesupport_c.so
[3.297s] -- Up-to-date: /home/robotica/nao_ws/src/install/perception_interfaces/include/perception_interfaces/perception_interfaces
[3.299s] -- Up-to-date: /home/robotica/nao_ws/src/install/perception_interfaces/include/perception_interfaces/perception_interfaces/srv
[3.299s] -- Up-to-date: /home/robotica/nao_ws/src/install/perception_interfaces/include/perception_interfaces/perception_interfaces/srv/detail
[3.299s] -- Up-to-date: /home/robotica/nao_ws/src/install/perception_interfaces/include/perception_interfaces/perception_interfaces/srv/detail/detect_objects__type_support.hpp
[3.300s] -- Up-to-date: /home/robotica/nao_ws/src/install/perception_interfaces/include/perception_interfaces/perception_interfaces/srv/detail/detect_objects__struct.hpp
[3.300s] -- Up-to-date: /home/robotica/nao_ws/src/install/perception_interfaces/include/perception_interfaces/perception_interfaces/srv/detail/detect_objects__builder.hpp
[3.300s] -- Up-to-date: /home/robotica/nao_ws/src/install/perception_interfaces/include/perception_interfaces/perception_interfaces/srv/detail/detect_objects__traits.hpp
[3.300s] -- Up-to-date: /home/robotica/nao_ws/src/install/perception_interfaces/include/perception_interfaces/perception_interfaces/srv/detect_objects.hpp
[3.301s] -- Up-to-date: /home/robotica/nao_ws/src/install/perception_interfaces/include/perception_interfaces/perception_interfaces/msg
[3.301s] -- Up-to-date: /home/robotica/nao_ws/src/install/perception_interfaces/include/perception_interfaces/perception_interfaces/msg/rosidl_generator_cpp__visibility_control.hpp
[3.301s] -- Up-to-date: /home/robotica/nao_ws/src/install/perception_interfaces/include/perception_interfaces/perception_interfaces
[3.302s] -- Up-to-date: /home/robotica/nao_ws/src/install/perception_interfaces/include/perception_interfaces/perception_interfaces/srv
[3.302s] -- Up-to-date: /home/robotica/nao_ws/src/install/perception_interfaces/include/perception_interfaces/perception_interfaces/srv/detail
[3.302s] -- Up-to-date: /home/robotica/nao_ws/src/install/perception_interfaces/include/perception_interfaces/perception_interfaces/srv/detail/detect_objects__rosidl_typesupport_fastrtps_cpp.hpp
[3.305s] -- Up-to-date: /home/robotica/nao_ws/src/install/perception_interfaces/include/perception_interfaces/perception_interfaces/srv/detail/dds_fastrtps
[3.305s] -- Up-to-date: /home/robotica/nao_ws/src/install/perception_interfaces/include/perception_interfaces/perception_interfaces/msg
[3.306s] -- Up-to-date: /home/robotica/nao_ws/src/install/perception_interfaces/include/perception_interfaces/perception_interfaces/msg/rosidl_typesupport_fastrtps_cpp__visibility_control.h
[3.306s] -- Up-to-date: /home/robotica/nao_ws/src/install/perception_interfaces/lib/libperception_interfaces__rosidl_typesupport_fastrtps_cpp.so
[3.306s] -- Up-to-date: /home/robotica/nao_ws/src/install/perception_interfaces/include/perception_interfaces/perception_interfaces
[3.306s] -- Up-to-date: /home/robotica/nao_ws/src/install/perception_interfaces/include/perception_interfaces/perception_interfaces/srv
[3.307s] -- Up-to-date: /home/robotica/nao_ws/src/install/perception_interfaces/include/perception_interfaces/perception_interfaces/srv/detail
[3.307s] -- Up-to-date: /home/robotica/nao_ws/src/install/perception_interfaces/include/perception_interfaces/perception_interfaces/srv/detail/detect_objects__type_support.cpp
[3.308s] -- Up-to-date: /home/robotica/nao_ws/src/install/perception_interfaces/include/perception_interfaces/perception_interfaces/srv/detail/detect_objects__rosidl_typesupport_introspection_cpp.hpp
[3.308s] -- Up-to-date: /home/robotica/nao_ws/src/install/perception_interfaces/lib/libperception_interfaces__rosidl_typesupport_introspection_cpp.so
[3.308s] -- Up-to-date: /home/robotica/nao_ws/src/install/perception_interfaces/lib/libperception_interfaces__rosidl_typesupport_cpp.so
[3.308s] -- Up-to-date: /home/robotica/nao_ws/src/install/perception_interfaces/share/perception_interfaces/environment/pythonpath.sh
[3.309s] -- Up-to-date: /home/robotica/nao_ws/src/install/perception_interfaces/share/perception_interfaces/environment/pythonpath.dsv
[3.309s] -- Up-to-date: /home/robotica/nao_ws/src/install/perception_interfaces/lib/python3.12/site-packages/perception_interfaces-0.0.1-py3.12.egg-info
[3.309s] -- Installing: /home/robotica/nao_ws/src/install/perception_interfaces/lib/python3.12/site-packages/perception_interfaces-0.0.1-py3.12.egg-info/PKG-INFO
[3.309s] -- Installing: /home/robotica/nao_ws/src/install/perception_interfaces/lib/python3.12/site-packages/perception_interfaces-0.0.1-py3.12.egg-info/top_level.txt
[3.310s] -- Installing: /home/robotica/nao_ws/src/install/perception_interfaces/lib/python3.12/site-packages/perception_interfaces-0.0.1-py3.12.egg-info/dependency_links.txt
[3.310s] -- Installing: /home/robotica/nao_ws/src/install/perception_interfaces/lib/python3.12/site-packages/perception_interfaces-0.0.1-py3.12.egg-info/SOURCES.txt
[3.310s] -- Up-to-date: /home/robotica/nao_ws/src/install/perception_interfaces/lib/python3.12/site-packages/perception_interfaces
[3.310s] -- Up-to-date: /home/robotica/nao_ws/src/install/perception_interfaces/lib/python3.12/site-packages/perception_interfaces/_perception_interfaces_s.ep.rosidl_typesupport_introspection_c.c
[3.310s] -- Up-to-date: /home/robotica/nao_ws/src/install/perception_interfaces/lib/python3.12/site-packages/perception_interfaces/srv
[3.311s] -- Up-to-date: /home/robotica/nao_ws/src/install/perception_interfaces/lib/python3.12/site-packages/perception_interfaces/srv/_detect_objects_s.c
[3.311s] -- Up-to-date: /home/robotica/nao_ws/src/install/perception_interfaces/lib/python3.12/site-packages/perception_interfaces/srv/_detect_objects.py
[3.311s] -- Up-to-date: /home/robotica/nao_ws/src/install/perception_interfaces/lib/python3.12/site-packages/perception_interfaces/srv/__init__.py
[3.312s] -- Up-to-date: /home/robotica/nao_ws/src/install/perception_interfaces/lib/python3.12/site-packages/perception_interfaces/perception_interfaces_s__rosidl_typesupport_fastrtps_c.so
[3.313s] -- Up-to-date: /home/robotica/nao_ws/src/install/perception_interfaces/lib/python3.12/site-packages/perception_interfaces/_perception_interfaces_s.ep.rosidl_typesupport_c.c
[3.314s] -- Up-to-date: /home/robotica/nao_ws/src/install/perception_interfaces/lib/python3.12/site-packages/perception_interfaces/perception_interfaces_s__rosidl_typesupport_introspection_c.so
[3.314s] -- Up-to-date: /home/robotica/nao_ws/src/install/perception_interfaces/lib/python3.12/site-packages/perception_interfaces/perception_interfaces_s__rosidl_typesupport_c.so
[3.314s] -- Up-to-date: /home/robotica/nao_ws/src/install/perception_interfaces/lib/python3.12/site-packages/perception_interfaces/__init__.py
[3.314s] -- Up-to-date: /home/robotica/nao_ws/src/install/perception_interfaces/lib/python3.12/site-packages/perception_interfaces/_perception_interfaces_s.ep.rosidl_typesupport_fastrtps_c.c
[3.520s] Listing '/home/robotica/nao_ws/src/install/perception_interfaces/lib/python3.12/site-packages/perception_interfaces'...
[3.520s] Listing '/home/robotica/nao_ws/src/install/perception_interfaces/lib/python3.12/site-packages/perception_interfaces/srv'...
[3.532s] -- Up-to-date: /home/robotica/nao_ws/src/install/perception_interfaces/lib/python3.12/site-packages/perception_interfaces/perception_interfaces_s__rosidl_typesupport_fastrtps_c.so
[3.540s] -- Up-to-date: /home/robotica/nao_ws/src/install/perception_interfaces/lib/python3.12/site-packages/perception_interfaces/perception_interfaces_s__rosidl_typesupport_introspection_c.so
[3.541s] -- Up-to-date: /home/robotica/nao_ws/src/install/perception_interfaces/lib/python3.12/site-packages/perception_interfaces/perception_interfaces_s__rosidl_typesupport_c.so
[3.543s] -- Up-to-date: /home/robotica/nao_ws/src/install/perception_interfaces/lib/libperception_interfaces__rosidl_generator_py.so
[3.544s] -- Up-to-date: /home/robotica/nao_ws/src/install/perception_interfaces/share/perception_interfaces/srv/DetectObjects.idl
[3.547s] -- Up-to-date: /home/robotica/nao_ws/src/install/perception_interfaces/share/perception_interfaces/srv/DetectObjects.srv
[3.547s] -- Up-to-date: /home/robotica/nao_ws/src/install/perception_interfaces/share/ament_index/resource_index/package_run_dependencies/perception_interfaces
[3.548s] -- Up-to-date: /home/robotica/nao_ws/src/install/perception_interfaces/share/ament_index/resource_index/parent_prefix_path/perception_interfaces
[3.548s] -- Up-to-date: /home/robotica/nao_ws/src/install/perception_interfaces/share/perception_interfaces/environment/ament_prefix_path.sh
[3.548s] -- Up-to-date: /home/robotica/nao_ws/src/install/perception_interfaces/share/perception_interfaces/environment/ament_prefix_path.dsv
[3.548s] -- Up-to-date: /home/robotica/nao_ws/src/install/perception_interfaces/share/perception_interfaces/environment/path.sh
[3.549s] -- Up-to-date: /home/robotica/nao_ws/src/install/perception_interfaces/share/perception_interfaces/environment/path.dsv
[3.549s] -- Up-to-date: /home/robotica/nao_ws/src/install/perception_interfaces/share/perception_interfaces/local_setup.bash
[3.549s] -- Up-to-date: /home/robotica/nao_ws/src/install/perception_interfaces/share/perception_interfaces/local_setup.sh
[3.549s] -- Up-to-date: /home/robotica/nao_ws/src/install/perception_interfaces/share/perception_interfaces/local_setup.zsh
[3.550s] -- Up-to-date: /home/robotica/nao_ws/src/install/perception_interfaces/share/perception_interfaces/local_setup.dsv
[3.550s] -- Installing: /home/robotica/nao_ws/src/install/perception_interfaces/share/perception_interfaces/package.dsv
[3.557s] -- Up-to-date: /home/robotica/nao_ws/src/install/perception_interfaces/share/ament_index/resource_index/packages/perception_interfaces
[3.558s] -- Up-to-date: /home/robotica/nao_ws/src/install/perception_interfaces/share/perception_interfaces/cmake/export_perception_interfaces__rosidl_generator_cExport.cmake
[3.559s] -- Up-to-date: /home/robotica/nao_ws/src/install/perception_interfaces/share/perception_interfaces/cmake/export_perception_interfaces__rosidl_generator_cExport-noconfig.cmake
[3.559s] -- Up-to-date: /home/robotica/nao_ws/src/install/perception_interfaces/share/perception_interfaces/cmake/export_perception_interfaces__rosidl_typesupport_fastrtps_cExport.cmake
[3.559s] -- Up-to-date: /home/robotica/nao_ws/src/install/perception_interfaces/share/perception_interfaces/cmake/export_perception_interfaces__rosidl_typesupport_fastrtps_cExport-noconfig.cmake
[3.559s] -- Up-to-date: /home/robotica/nao_ws/src/install/perception_interfaces/share/perception_interfaces/cmake/perception_interfaces__rosidl_typesupport_introspection_cExport.cmake
[3.560s] -- Up-to-date: /home/robotica/nao_ws/src/install/perception_interfaces/share/perception_interfaces/cmake/perception_interfaces__rosidl_typesupport_introspection_cExport-noconfig.cmake
[3.560s] -- Up-to-date: /home/robotica/nao_ws/src/install/perception_interfaces/share/perception_interfaces/cmake/perception_interfaces__rosidl_typesupport_cExport.cmake
[3.564s] -- Up-to-date: /home/robotica/nao_ws/src/install/perception_interfaces/share/perception_interfaces/cmake/perception_interfaces__rosidl_typesupport_cExport-noconfig.cmake
[3.565s] -- Up-to-date: /home/robotica/nao_ws/src/install/perception_interfaces/share/perception_interfaces/cmake/export_perception_interfaces__rosidl_generator_cppExport.cmake
[3.565s] -- Up-to-date: /home/robotica/nao_ws/src/install/perception_interfaces/share/perception_interfaces/cmake/export_perception_interfaces__rosidl_typesupport_fastrtps_cppExport.cmake
[3.565s] -- Up-to-date: /home/robotica/nao_ws/src/install/perception_interfaces/share/perception_interfaces/cmake/export_perception_interfaces__rosidl_typesupport_fastrtps_cppExport-noconfig.cmake
[3.566s] -- Up-to-date: /home/robotica/nao_ws/src/install/perception_interfaces/share/perception_interfaces/cmake/perception_interfaces__rosidl_typesupport_introspection_cppExport.cmake
[3.566s] -- Up-to-date: /home/robotica/nao_ws/src/install/perception_interfaces/share/perception_interfaces/cmake/perception_interfaces__rosidl_typesupport_introspection_cppExport-noconfig.cmake
[3.566s] -- Up-to-date: /home/robotica/nao_ws/src/install/perception_interfaces/share/perception_interfaces/cmake/perception_interfaces__rosidl_typesupport_cppExport.cmake
[3.566s] -- Up-to-date: /home/robotica/nao_ws/src/install/perception_interfaces/share/perception_interfaces/cmake/perception_interfaces__rosidl_typesupport_cppExport-noconfig.cmake
[3.567s] -- Up-to-date: /home/robotica/nao_ws/src/install/perception_interfaces/share/perception_interfaces/cmake/export_perception_interfaces__rosidl_generator_pyExport.cmake
[3.567s] -- Up-to-date: /home/robotica/nao_ws/src/install/perception_interfaces/share/perception_interfaces/cmake/export_perception_interfaces__rosidl_generator_pyExport-noconfig.cmake
[3.573s] -- Up-to-date: /home/robotica/nao_ws/src/install/perception_interfaces/share/perception_interfaces/cmake/rosidl_cmake-extras.cmake
[3.575s] -- Up-to-date: /home/robotica/nao_ws/src/install/perception_interfaces/share/perception_interfaces/cmake/ament_cmake_export_dependencies-extras.cmake
[3.576s] -- Up-to-date: /home/robotica/nao_ws/src/install/perception_interfaces/share/perception_interfaces/cmake/ament_cmake_export_include_directories-extras.cmake
[3.576s] -- Up-to-date: /home/robotica/nao_ws/src/install/perception_interfaces/share/perception_interfaces/cmake/ament_cmake_export_libraries-extras.cmake
[3.576s] -- Up-to-date: /home/robotica/nao_ws/src/install/perception_interfaces/share/perception_interfaces/cmake/ament_cmake_export_targets-extras.cmake
[3.576s] -- Up-to-date: /home/robotica/nao_ws/src/install/perception_interfaces/share/perception_interfaces/cmake/rosidl_cmake_export_typesupport_targets-extras.cmake
[3.577s] -- Up-to-date: /home/robotica/nao_ws/src/install/perception_interfaces/share/perception_interfaces/cmake/rosidl_cmake_export_typesupport_libraries-extras.cmake
[3.577s] -- Up-to-date: /home/robotica/nao_ws/src/install/perception_interfaces/share/perception_interfaces/cmake/perception_interfacesConfig.cmake
[3.586s] -- Up-to-date: /home/robotica/nao_ws/src/install/perception_interfaces/share/perception_interfaces/cmake/perception_interfacesConfig-version.cmake
[3.587s] -- Up-to-date: /home/robotica/nao_ws/src/install/perception_interfaces/share/perception_interfaces/package.xml
[3.587s] Invoked command in '/home/robotica/nao_ws/src/build/perception_interfaces' returned '0': CMAKE_PREFIX_PATH=${CMAKE_PREFIX_PATH}:/home/robotica/nao_ws/src/install/web_controller:/home/robotica/nao_ws/src/install/speech:/home/robotica/nao_ws/src/install/integration:/home/robotica/nao_ws/src/install/rest_api:/home/robotica/nao_ws/src/install/perception:/home/robotica/nao_ws/src/install/navigation:/home/robotica/nao_ws/src/install/nao_qi_ros2_package:/home/robotica/nao_ws/src/install/manipulation:/home/robotica/nao_ws/install/web_controller:/home/robotica/nao_ws/install/speech:/home/robotica/nao_ws/install/integration:/home/robotica/nao_ws/install/rest_api:/home/robotica/nao_ws/install/perception:/home/robotica/nao_ws/install/navigation:/home/robotica/nao_ws/install/nao_qi_ros2_package:/home/robotica/nao_ws/install/manipulation:/opt/ros/jazzy DEBUGINFOD_URLS=https://debuginfod.ubuntu.com /usr/bin/cmake --install /home/robotica/nao_ws/src/build/perception_interfaces
