[0.038s] Invoking command in '/home/fai/nao_ws/build/perception_interfaces': CMAKE_PREFIX_PATH=${CMAKE_PREFIX_PATH}:/home/fai/nao_ws/install/rest_api:/home/fai/nao_ws/install/web_controller:/home/fai/nao_ws/install/speech:/home/fai/nao_ws/install/nao_tasks:/home/fai/nao_ws/install/integration:/home/fai/nao_ws/install/perception:/home/fai/nao_ws/install/navigation:/home/fai/nao_ws/install/nao_qi_ros2_package:/home/fai/nao_ws/install/manipulation:/opt/ros/jazzy DEBUGINFOD_URLS=https://debuginfod.ubuntu.com /usr/bin/cmake --build /home/fai/nao_ws/build/perception_interfaces -- -j4 -l4
[0.227s] [  2%] Built target perception_interfaces__rosidl_generator_type_description
[0.323s] [  2%] Built target ament_cmake_python_copy_perception_interfaces
[0.357s] [  5%] Built target perception_interfaces__cpp
[0.387s] [ 20%] Built target perception_interfaces__rosidl_generator_c
[0.492s] [ 29%] Built target perception_interfaces__rosidl_typesupport_fastrtps_cpp
[0.637s] [ 38%] Built target perception_interfaces__rosidl_typesupport_cpp
[0.638s] [ 47%] Built target perception_interfaces__rosidl_typesupport_introspection_cpp
[0.770s] [ 55%] Built target perception_interfaces__rosidl_typesupport_fastrtps_c
[0.775s] [ 64%] Built target perception_interfaces__rosidl_typesupport_introspection_c
[0.776s] [ 73%] Built target perception_interfaces__rosidl_typesupport_c
[0.897s] [ 73%] Built target perception_interfaces
[1.005s] [ 76%] Built target perception_interfaces__py
[1.130s] [ 82%] Built target perception_interfaces__rosidl_generator_py
[1.297s] [ 88%] Built target perception_interfaces_s__rosidl_typesupport_introspection_c
[1.315s] [ 94%] Built target perception_interfaces_s__rosidl_typesupport_fastrtps_c
[1.335s] [100%] Built target perception_interfaces_s__rosidl_typesupport_c
[1.577s] running egg_info
[1.648s] writing perception_interfaces.egg-info/PKG-INFO
[1.649s] writing dependency_links to perception_interfaces.egg-info/dependency_links.txt
[1.650s] writing top-level names to perception_interfaces.egg-info/top_level.txt
[1.873s] reading manifest file 'perception_interfaces.egg-info/SOURCES.txt'
[1.874s] writing manifest file 'perception_interfaces.egg-info/SOURCES.txt'
[1.944s] [100%] Built target ament_cmake_python_build_perception_interfaces_egg
[1.974s] Invoked command in '/home/fai/nao_ws/build/perception_interfaces' returned '0': CMAKE_PREFIX_PATH=${CMAKE_PREFIX_PATH}:/home/fai/nao_ws/install/rest_api:/home/fai/nao_ws/install/web_controller:/home/fai/nao_ws/install/speech:/home/fai/nao_ws/install/nao_tasks:/home/fai/nao_ws/install/integration:/home/fai/nao_ws/install/perception:/home/fai/nao_ws/install/navigation:/home/fai/nao_ws/install/nao_qi_ros2_package:/home/fai/nao_ws/install/manipulation:/opt/ros/jazzy DEBUGINFOD_URLS=https://debuginfod.ubuntu.com /usr/bin/cmake --build /home/fai/nao_ws/build/perception_interfaces -- -j4 -l4
[2.190s] Invoking command in '/home/fai/nao_ws/build/perception_interfaces': CMAKE_PREFIX_PATH=${CMAKE_PREFIX_PATH}:/home/fai/nao_ws/install/rest_api:/home/fai/nao_ws/install/web_controller:/home/fai/nao_ws/install/speech:/home/fai/nao_ws/install/nao_tasks:/home/fai/nao_ws/install/integration:/home/fai/nao_ws/install/perception:/home/fai/nao_ws/install/navigation:/home/fai/nao_ws/install/nao_qi_ros2_package:/home/fai/nao_ws/install/manipulation:/opt/ros/jazzy DEBUGINFOD_URLS=https://debuginfod.ubuntu.com /usr/bin/cmake --install /home/fai/nao_ws/build/perception_interfaces
[2.223s] -- Install configuration: ""
[2.224s] -- Up-to-date: /home/fai/nao_ws/install/perception_interfaces/share/ament_index/resource_index/rosidl_interfaces/perception_interfaces
[2.225s] -- Up-to-date: /home/fai/nao_ws/install/perception_interfaces/share/perception_interfaces/srv/DetectObjects.json
[2.226s] -- Up-to-date: /home/fai/nao_ws/install/perception_interfaces/include/perception_interfaces/perception_interfaces
[2.226s] -- Up-to-date: /home/fai/nao_ws/install/perception_interfaces/include/perception_interfaces/perception_interfaces/srv
[2.227s] -- Up-to-date: /home/fai/nao_ws/install/perception_interfaces/include/perception_interfaces/perception_interfaces/srv/detect_objects.h
[2.228s] -- Up-to-date: /home/fai/nao_ws/install/perception_interfaces/include/perception_interfaces/perception_interfaces/srv/detail
[2.228s] -- Up-to-date: /home/fai/nao_ws/install/perception_interfaces/include/perception_interfaces/perception_interfaces/srv/detail/detect_objects__type_support.h
[2.228s] -- Up-to-date: /home/fai/nao_ws/install/perception_interfaces/include/perception_interfaces/perception_interfaces/srv/detail/detect_objects__description.c
[2.228s] -- Up-to-date: /home/fai/nao_ws/install/perception_interfaces/include/perception_interfaces/perception_interfaces/srv/detail/detect_objects__functions.c
[2.229s] -- Up-to-date: /home/fai/nao_ws/install/perception_interfaces/include/perception_interfaces/perception_interfaces/srv/detail/detect_objects__functions.h
[2.229s] -- Installing: /home/fai/nao_ws/install/perception_interfaces/include/perception_interfaces/perception_interfaces/srv/detail/detect_objects__type_support.c
[2.232s] -- Up-to-date: /home/fai/nao_ws/install/perception_interfaces/include/perception_interfaces/perception_interfaces/srv/detail/detect_objects__struct.h
[2.234s] -- Up-to-date: /home/fai/nao_ws/install/perception_interfaces/include/perception_interfaces/perception_interfaces/msg
[2.235s] -- Up-to-date: /home/fai/nao_ws/install/perception_interfaces/include/perception_interfaces/perception_interfaces/msg/rosidl_generator_c__visibility_control.h
[2.236s] -- Up-to-date: /home/fai/nao_ws/install/perception_interfaces/share/perception_interfaces/environment/library_path.sh
[2.236s] -- Up-to-date: /home/fai/nao_ws/install/perception_interfaces/share/perception_interfaces/environment/library_path.dsv
[2.236s] -- Up-to-date: /home/fai/nao_ws/install/perception_interfaces/lib/libperception_interfaces__rosidl_generator_c.so
[2.236s] -- Up-to-date: /home/fai/nao_ws/install/perception_interfaces/include/perception_interfaces/perception_interfaces
[2.237s] -- Up-to-date: /home/fai/nao_ws/install/perception_interfaces/include/perception_interfaces/perception_interfaces/srv
[2.237s] -- Up-to-date: /home/fai/nao_ws/install/perception_interfaces/include/perception_interfaces/perception_interfaces/srv/detail
[2.240s] -- Up-to-date: /home/fai/nao_ws/install/perception_interfaces/include/perception_interfaces/perception_interfaces/srv/detail/detect_objects__rosidl_typesupport_fastrtps_c.h
[2.240s] -- Up-to-date: /home/fai/nao_ws/install/perception_interfaces/include/perception_interfaces/perception_interfaces/msg
[2.241s] -- Up-to-date: /home/fai/nao_ws/install/perception_interfaces/include/perception_interfaces/perception_interfaces/msg/rosidl_typesupport_fastrtps_c__visibility_control.h
[2.241s] -- Up-to-date: /home/fai/nao_ws/install/perception_interfaces/lib/libperception_interfaces__rosidl_typesupport_fastrtps_c.so
[2.241s] -- Up-to-date: /home/fai/nao_ws/install/perception_interfaces/include/perception_interfaces/perception_interfaces
[2.241s] -- Up-to-date: /home/fai/nao_ws/install/perception_interfaces/include/perception_interfaces/perception_interfaces/srv
[2.242s] -- Up-to-date: /home/fai/nao_ws/install/perception_interfaces/include/perception_interfaces/perception_interfaces/srv/detail
[2.242s] -- Up-to-date: /home/fai/nao_ws/install/perception_interfaces/include/perception_interfaces/perception_interfaces/srv/detail/detect_objects__rosidl_typesupport_introspection_c.h
[2.242s] -- Installing: /home/fai/nao_ws/install/perception_interfaces/include/perception_interfaces/perception_interfaces/srv/detail/detect_objects__type_support.c
[2.249s] -- Up-to-date: /home/fai/nao_ws/install/perception_interfaces/include/perception_interfaces/perception_interfaces/msg
[2.249s] -- Up-to-date: /home/fai/nao_ws/install/perception_interfaces/include/perception_interfaces/perception_interfaces/msg/rosidl_typesupport_introspection_c__visibility_control.h
[2.249s] -- Up-to-date: /home/fai/nao_ws/install/perception_interfaces/lib/libperception_interfaces__rosidl_typesupport_introspection_c.so
[2.249s] -- Up-to-date: /home/fai/nao_ws/install/perception_interfaces/lib/libperception_interfaces__rosidl_typesupport_c.so
[2.250s] -- Up-to-date: /home/fai/nao_ws/install/perception_interfaces/include/perception_interfaces/perception_interfaces
[2.250s] -- Up-to-date: /home/fai/nao_ws/install/perception_interfaces/include/perception_interfaces/perception_interfaces/srv
[2.250s] -- Up-to-date: /home/fai/nao_ws/install/perception_interfaces/include/perception_interfaces/perception_interfaces/srv/detail
[2.250s] -- Up-to-date: /home/fai/nao_ws/install/perception_interfaces/include/perception_interfaces/perception_interfaces/srv/detail/detect_objects__type_support.hpp
[2.251s] -- Up-to-date: /home/fai/nao_ws/install/perception_interfaces/include/perception_interfaces/perception_interfaces/srv/detail/detect_objects__struct.hpp
[2.251s] -- Up-to-date: /home/fai/nao_ws/install/perception_interfaces/include/perception_interfaces/perception_interfaces/srv/detail/detect_objects__builder.hpp
[2.252s] -- Up-to-date: /home/fai/nao_ws/install/perception_interfaces/include/perception_interfaces/perception_interfaces/srv/detail/detect_objects__traits.hpp
[2.252s] -- Up-to-date: /home/fai/nao_ws/install/perception_interfaces/include/perception_interfaces/perception_interfaces/srv/detect_objects.hpp
[2.254s] -- Up-to-date: /home/fai/nao_ws/install/perception_interfaces/include/perception_interfaces/perception_interfaces/msg
[2.255s] -- Up-to-date: /home/fai/nao_ws/install/perception_interfaces/include/perception_interfaces/perception_interfaces/msg/rosidl_generator_cpp__visibility_control.hpp
[2.255s] -- Up-to-date: /home/fai/nao_ws/install/perception_interfaces/include/perception_interfaces/perception_interfaces
[2.255s] -- Up-to-date: /home/fai/nao_ws/install/perception_interfaces/include/perception_interfaces/perception_interfaces/srv
[2.255s] -- Up-to-date: /home/fai/nao_ws/install/perception_interfaces/include/perception_interfaces/perception_interfaces/srv/detail
[2.256s] -- Up-to-date: /home/fai/nao_ws/install/perception_interfaces/include/perception_interfaces/perception_interfaces/srv/detail/detect_objects__rosidl_typesupport_fastrtps_cpp.hpp
[2.256s] -- Up-to-date: /home/fai/nao_ws/install/perception_interfaces/include/perception_interfaces/perception_interfaces/srv/detail/dds_fastrtps
[2.261s] -- Up-to-date: /home/fai/nao_ws/install/perception_interfaces/include/perception_interfaces/perception_interfaces/msg
[2.262s] -- Up-to-date: /home/fai/nao_ws/install/perception_interfaces/include/perception_interfaces/perception_interfaces/msg/rosidl_typesupport_fastrtps_cpp__visibility_control.h
[2.262s] -- Up-to-date: /home/fai/nao_ws/install/perception_interfaces/lib/libperception_interfaces__rosidl_typesupport_fastrtps_cpp.so
[2.262s] -- Up-to-date: /home/fai/nao_ws/install/perception_interfaces/include/perception_interfaces/perception_interfaces
[2.262s] -- Up-to-date: /home/fai/nao_ws/install/perception_interfaces/include/perception_interfaces/perception_interfaces/srv
[2.262s] -- Up-to-date: /home/fai/nao_ws/install/perception_interfaces/include/perception_interfaces/perception_interfaces/srv/detail
[2.263s] -- Up-to-date: /home/fai/nao_ws/install/perception_interfaces/include/perception_interfaces/perception_interfaces/srv/detail/detect_objects__type_support.cpp
[2.263s] -- Up-to-date: /home/fai/nao_ws/install/perception_interfaces/include/perception_interfaces/perception_interfaces/srv/detail/detect_objects__rosidl_typesupport_introspection_cpp.hpp
[2.263s] -- Up-to-date: /home/fai/nao_ws/install/perception_interfaces/lib/libperception_interfaces__rosidl_typesupport_introspection_cpp.so
[2.263s] -- Up-to-date: /home/fai/nao_ws/install/perception_interfaces/lib/libperception_interfaces__rosidl_typesupport_cpp.so
[2.264s] -- Up-to-date: /home/fai/nao_ws/install/perception_interfaces/share/perception_interfaces/environment/pythonpath.sh
[2.264s] -- Up-to-date: /home/fai/nao_ws/install/perception_interfaces/share/perception_interfaces/environment/pythonpath.dsv
[2.267s] -- Up-to-date: /home/fai/nao_ws/install/perception_interfaces/lib/python3.12/site-packages/perception_interfaces-0.0.1-py3.12.egg-info
[2.269s] -- Installing: /home/fai/nao_ws/install/perception_interfaces/lib/python3.12/site-packages/perception_interfaces-0.0.1-py3.12.egg-info/PKG-INFO
[2.269s] -- Installing: /home/fai/nao_ws/install/perception_interfaces/lib/python3.12/site-packages/perception_interfaces-0.0.1-py3.12.egg-info/top_level.txt
[2.269s] -- Installing: /home/fai/nao_ws/install/perception_interfaces/lib/python3.12/site-packages/perception_interfaces-0.0.1-py3.12.egg-info/dependency_links.txt
[2.272s] -- Installing: /home/fai/nao_ws/install/perception_interfaces/lib/python3.12/site-packages/perception_interfaces-0.0.1-py3.12.egg-info/SOURCES.txt
[2.273s] -- Up-to-date: /home/fai/nao_ws/install/perception_interfaces/lib/python3.12/site-packages/perception_interfaces
[2.273s] -- Up-to-date: /home/fai/nao_ws/install/perception_interfaces/lib/python3.12/site-packages/perception_interfaces/_perception_interfaces_s.ep.rosidl_typesupport_introspection_c.c
[2.273s] -- Up-to-date: /home/fai/nao_ws/install/perception_interfaces/lib/python3.12/site-packages/perception_interfaces/srv
[2.274s] -- Up-to-date: /home/fai/nao_ws/install/perception_interfaces/lib/python3.12/site-packages/perception_interfaces/srv/_detect_objects_s.c
[2.274s] -- Up-to-date: /home/fai/nao_ws/install/perception_interfaces/lib/python3.12/site-packages/perception_interfaces/srv/_detect_objects.py
[2.274s] -- Up-to-date: /home/fai/nao_ws/install/perception_interfaces/lib/python3.12/site-packages/perception_interfaces/srv/__init__.py
[2.275s] -- Up-to-date: /home/fai/nao_ws/install/perception_interfaces/lib/python3.12/site-packages/perception_interfaces/perception_interfaces_s__rosidl_typesupport_fastrtps_c.so
[2.275s] -- Up-to-date: /home/fai/nao_ws/install/perception_interfaces/lib/python3.12/site-packages/perception_interfaces/_perception_interfaces_s.ep.rosidl_typesupport_c.c
[2.275s] -- Up-to-date: /home/fai/nao_ws/install/perception_interfaces/lib/python3.12/site-packages/perception_interfaces/perception_interfaces_s__rosidl_typesupport_introspection_c.so
[2.275s] -- Up-to-date: /home/fai/nao_ws/install/perception_interfaces/lib/python3.12/site-packages/perception_interfaces/perception_interfaces_s__rosidl_typesupport_c.so
[2.276s] -- Up-to-date: /home/fai/nao_ws/install/perception_interfaces/lib/python3.12/site-packages/perception_interfaces/__init__.py
[2.276s] -- Up-to-date: /home/fai/nao_ws/install/perception_interfaces/lib/python3.12/site-packages/perception_interfaces/_perception_interfaces_s.ep.rosidl_typesupport_fastrtps_c.c
[2.395s] Listing '/home/fai/nao_ws/install/perception_interfaces/lib/python3.12/site-packages/perception_interfaces'...
[2.395s] Listing '/home/fai/nao_ws/install/perception_interfaces/lib/python3.12/site-packages/perception_interfaces/srv'...
[2.412s] -- Up-to-date: /home/fai/nao_ws/install/perception_interfaces/lib/python3.12/site-packages/perception_interfaces/perception_interfaces_s__rosidl_typesupport_fastrtps_c.so
[2.413s] -- Up-to-date: /home/fai/nao_ws/install/perception_interfaces/lib/python3.12/site-packages/perception_interfaces/perception_interfaces_s__rosidl_typesupport_introspection_c.so
[2.425s] -- Up-to-date: /home/fai/nao_ws/install/perception_interfaces/lib/python3.12/site-packages/perception_interfaces/perception_interfaces_s__rosidl_typesupport_c.so
[2.435s] -- Up-to-date: /home/fai/nao_ws/install/perception_interfaces/lib/libperception_interfaces__rosidl_generator_py.so
[2.435s] -- Up-to-date: /home/fai/nao_ws/install/perception_interfaces/share/perception_interfaces/srv/DetectObjects.idl
[2.436s] -- Up-to-date: /home/fai/nao_ws/install/perception_interfaces/share/perception_interfaces/srv/DetectObjects.srv
[2.436s] -- Up-to-date: /home/fai/nao_ws/install/perception_interfaces/share/ament_index/resource_index/package_run_dependencies/perception_interfaces
[2.436s] -- Up-to-date: /home/fai/nao_ws/install/perception_interfaces/share/ament_index/resource_index/parent_prefix_path/perception_interfaces
[2.436s] -- Up-to-date: /home/fai/nao_ws/install/perception_interfaces/share/perception_interfaces/environment/ament_prefix_path.sh
[2.437s] -- Up-to-date: /home/fai/nao_ws/install/perception_interfaces/share/perception_interfaces/environment/ament_prefix_path.dsv
[2.437s] -- Up-to-date: /home/fai/nao_ws/install/perception_interfaces/share/perception_interfaces/environment/path.sh
[2.443s] -- Up-to-date: /home/fai/nao_ws/install/perception_interfaces/share/perception_interfaces/environment/path.dsv
[2.443s] -- Up-to-date: /home/fai/nao_ws/install/perception_interfaces/share/perception_interfaces/local_setup.bash
[2.443s] -- Up-to-date: /home/fai/nao_ws/install/perception_interfaces/share/perception_interfaces/local_setup.sh
[2.444s] -- Up-to-date: /home/fai/nao_ws/install/perception_interfaces/share/perception_interfaces/local_setup.zsh
[2.444s] -- Up-to-date: /home/fai/nao_ws/install/perception_interfaces/share/perception_interfaces/local_setup.dsv
[2.444s] -- Installing: /home/fai/nao_ws/install/perception_interfaces/share/perception_interfaces/package.dsv
[2.444s] -- Up-to-date: /home/fai/nao_ws/install/perception_interfaces/share/ament_index/resource_index/packages/perception_interfaces
[2.445s] -- Up-to-date: /home/fai/nao_ws/install/perception_interfaces/share/perception_interfaces/cmake/export_perception_interfaces__rosidl_generator_cExport.cmake
[2.445s] -- Up-to-date: /home/fai/nao_ws/install/perception_interfaces/share/perception_interfaces/cmake/export_perception_interfaces__rosidl_generator_cExport-noconfig.cmake
[2.454s] -- Up-to-date: /home/fai/nao_ws/install/perception_interfaces/share/perception_interfaces/cmake/export_perception_interfaces__rosidl_typesupport_fastrtps_cExport.cmake
[2.454s] -- Up-to-date: /home/fai/nao_ws/install/perception_interfaces/share/perception_interfaces/cmake/export_perception_interfaces__rosidl_typesupport_fastrtps_cExport-noconfig.cmake
[2.454s] -- Up-to-date: /home/fai/nao_ws/install/perception_interfaces/share/perception_interfaces/cmake/perception_interfaces__rosidl_typesupport_introspection_cExport.cmake
[2.455s] -- Up-to-date: /home/fai/nao_ws/install/perception_interfaces/share/perception_interfaces/cmake/perception_interfaces__rosidl_typesupport_introspection_cExport-noconfig.cmake
[2.456s] -- Up-to-date: /home/fai/nao_ws/install/perception_interfaces/share/perception_interfaces/cmake/perception_interfaces__rosidl_typesupport_cExport.cmake
[2.456s] -- Up-to-date: /home/fai/nao_ws/install/perception_interfaces/share/perception_interfaces/cmake/perception_interfaces__rosidl_typesupport_cExport-noconfig.cmake
[2.457s] -- Up-to-date: /home/fai/nao_ws/install/perception_interfaces/share/perception_interfaces/cmake/export_perception_interfaces__rosidl_generator_cppExport.cmake
[2.457s] -- Up-to-date: /home/fai/nao_ws/install/perception_interfaces/share/perception_interfaces/cmake/export_perception_interfaces__rosidl_typesupport_fastrtps_cppExport.cmake
[2.458s] -- Up-to-date: /home/fai/nao_ws/install/perception_interfaces/share/perception_interfaces/cmake/export_perception_interfaces__rosidl_typesupport_fastrtps_cppExport-noconfig.cmake
[2.458s] -- Up-to-date: /home/fai/nao_ws/install/perception_interfaces/share/perception_interfaces/cmake/perception_interfaces__rosidl_typesupport_introspection_cppExport.cmake
[2.458s] -- Up-to-date: /home/fai/nao_ws/install/perception_interfaces/share/perception_interfaces/cmake/perception_interfaces__rosidl_typesupport_introspection_cppExport-noconfig.cmake
[2.458s] -- Up-to-date: /home/fai/nao_ws/install/perception_interfaces/share/perception_interfaces/cmake/perception_interfaces__rosidl_typesupport_cppExport.cmake
[2.459s] -- Up-to-date: /home/fai/nao_ws/install/perception_interfaces/share/perception_interfaces/cmake/perception_interfaces__rosidl_typesupport_cppExport-noconfig.cmake
[2.463s] -- Up-to-date: /home/fai/nao_ws/install/perception_interfaces/share/perception_interfaces/cmake/export_perception_interfaces__rosidl_generator_pyExport.cmake
[2.463s] -- Up-to-date: /home/fai/nao_ws/install/perception_interfaces/share/perception_interfaces/cmake/export_perception_interfaces__rosidl_generator_pyExport-noconfig.cmake
[2.463s] -- Up-to-date: /home/fai/nao_ws/install/perception_interfaces/share/perception_interfaces/cmake/rosidl_cmake-extras.cmake
[2.463s] -- Up-to-date: /home/fai/nao_ws/install/perception_interfaces/share/perception_interfaces/cmake/ament_cmake_export_dependencies-extras.cmake
[2.464s] -- Up-to-date: /home/fai/nao_ws/install/perception_interfaces/share/perception_interfaces/cmake/ament_cmake_export_include_directories-extras.cmake
[2.464s] -- Up-to-date: /home/fai/nao_ws/install/perception_interfaces/share/perception_interfaces/cmake/ament_cmake_export_libraries-extras.cmake
[2.464s] -- Up-to-date: /home/fai/nao_ws/install/perception_interfaces/share/perception_interfaces/cmake/ament_cmake_export_targets-extras.cmake
[2.464s] -- Up-to-date: /home/fai/nao_ws/install/perception_interfaces/share/perception_interfaces/cmake/rosidl_cmake_export_typesupport_targets-extras.cmake
[2.464s] -- Up-to-date: /home/fai/nao_ws/install/perception_interfaces/share/perception_interfaces/cmake/rosidl_cmake_export_typesupport_libraries-extras.cmake
[2.465s] -- Up-to-date: /home/fai/nao_ws/install/perception_interfaces/share/perception_interfaces/cmake/perception_interfacesConfig.cmake
[2.465s] -- Up-to-date: /home/fai/nao_ws/install/perception_interfaces/share/perception_interfaces/cmake/perception_interfacesConfig-version.cmake
[2.468s] -- Up-to-date: /home/fai/nao_ws/install/perception_interfaces/share/perception_interfaces/package.xml
[2.487s] Invoked command in '/home/fai/nao_ws/build/perception_interfaces' returned '0': CMAKE_PREFIX_PATH=${CMAKE_PREFIX_PATH}:/home/fai/nao_ws/install/rest_api:/home/fai/nao_ws/install/web_controller:/home/fai/nao_ws/install/speech:/home/fai/nao_ws/install/nao_tasks:/home/fai/nao_ws/install/integration:/home/fai/nao_ws/install/perception:/home/fai/nao_ws/install/navigation:/home/fai/nao_ws/install/nao_qi_ros2_package:/home/fai/nao_ws/install/manipulation:/opt/ros/jazzy DEBUGINFOD_URLS=https://debuginfod.ubuntu.com /usr/bin/cmake --install /home/fai/nao_ws/build/perception_interfaces
