[2.692s] Invoking command in '/home/fai/nao_ws/src/speech': DEBUGINFOD_URLS=https://debuginfod.ubuntu.com PS1=(ros2_rest_env) \[\e]0;\u@\h: \w\a\]${debian_chroot:+($debian_chroot)}\[\033[01;32m\]\u@\h\[\033[00m\]:\[\033[01;34m\]\w\[\033[00m\]\$ PYTHONPATH=/home/fai/nao_ws/build/speech/prefix_override:/usr/lib/python3/dist-packages/colcon_core/task/python/colcon_distutils_commands:/home/fai/nao_ws/install/speech/lib/python3.12/site-packages:/home/fai/nao_ws/install/speech_interfaces/lib/python3.12/site-packages:/home/fai/nao_ws/install/rest_api/lib/python3.12/site-packages:/home/fai/nao_ws/install/web_controller/lib/python3.12/site-packages:/home/fai/nao_ws/install/speech/lib/python3.12/site-packages:/home/fai/nao_ws/install/nao_tasks/lib/python3.12/site-packages:/home/fai/nao_ws/install/integration/lib/python3.12/site-packages:/home/fai/nao_ws/install/perception/lib/python3.12/site-packages:/home/fai/nao_ws/install/perception_interfaces/lib/python3.12/site-packages:/home/fai/nao_ws/install/navigation/lib/python3.12/site-packages:/home/fai/nao_ws/install/navigation_interfaces/lib/python3.12/site-packages:/home/fai/nao_ws/install/nao_qi_ros2_package/lib/python3.12/site-packages:/home/fai/nao_ws/install/manipulation/lib/python3.12/site-packages:/home/fai/nao_ws/install/manipulation_interfaces/lib/python3.12/site-packages:/opt/ros/jazzy/lib/python3.12/site-packages VIRTUAL_ENV_PROMPT=(ros2_rest_env) /usr/bin/python3 -W ignore:setup.py install is deprecated setup.py egg_info --egg-base ../../build/speech build --build-base /home/fai/nao_ws/build/speech/build install --record /home/fai/nao_ws/build/speech/install.log --single-version-externally-managed install_data
[3.514s] running egg_info
[3.553s] writing ../../build/speech/speech.egg-info/PKG-INFO
[3.555s] writing dependency_links to ../../build/speech/speech.egg-info/dependency_links.txt
[3.555s] writing entry points to ../../build/speech/speech.egg-info/entry_points.txt
[3.556s] writing requirements to ../../build/speech/speech.egg-info/requires.txt
[3.556s] writing top-level names to ../../build/speech/speech.egg-info/top_level.txt
[3.665s] reading manifest file '../../build/speech/speech.egg-info/SOURCES.txt'
[3.668s] writing manifest file '../../build/speech/speech.egg-info/SOURCES.txt'
[3.669s] running build
[3.669s] running build_py
[3.669s] running install
[3.692s] running install_lib
[3.766s] running install_data
[3.771s] running install_egg_info
[3.852s] removing '/home/fai/nao_ws/install/speech/lib/python3.12/site-packages/speech-0.0.0-py3.12.egg-info' (and everything under it)
[3.855s] Copying ../../build/speech/speech.egg-info to /home/fai/nao_ws/install/speech/lib/python3.12/site-packages/speech-0.0.0-py3.12.egg-info
[3.859s] running install_scripts
[4.144s] Installing speech_node script to /home/fai/nao_ws/install/speech/lib/speech
[4.144s] writing list of installed files to '/home/fai/nao_ws/build/speech/install.log'
[4.195s] Invoked command in '/home/fai/nao_ws/src/speech' returned '0': DEBUGINFOD_URLS=https://debuginfod.ubuntu.com PS1=(ros2_rest_env) \[\e]0;\u@\h: \w\a\]${debian_chroot:+($debian_chroot)}\[\033[01;32m\]\u@\h\[\033[00m\]:\[\033[01;34m\]\w\[\033[00m\]\$ PYTHONPATH=/home/fai/nao_ws/build/speech/prefix_override:/usr/lib/python3/dist-packages/colcon_core/task/python/colcon_distutils_commands:/home/fai/nao_ws/install/speech/lib/python3.12/site-packages:/home/fai/nao_ws/install/speech_interfaces/lib/python3.12/site-packages:/home/fai/nao_ws/install/rest_api/lib/python3.12/site-packages:/home/fai/nao_ws/install/web_controller/lib/python3.12/site-packages:/home/fai/nao_ws/install/speech/lib/python3.12/site-packages:/home/fai/nao_ws/install/nao_tasks/lib/python3.12/site-packages:/home/fai/nao_ws/install/integration/lib/python3.12/site-packages:/home/fai/nao_ws/install/perception/lib/python3.12/site-packages:/home/fai/nao_ws/install/perception_interfaces/lib/python3.12/site-packages:/home/fai/nao_ws/install/navigation/lib/python3.12/site-packages:/home/fai/nao_ws/install/navigation_interfaces/lib/python3.12/site-packages:/home/fai/nao_ws/install/nao_qi_ros2_package/lib/python3.12/site-packages:/home/fai/nao_ws/install/manipulation/lib/python3.12/site-packages:/home/fai/nao_ws/install/manipulation_interfaces/lib/python3.12/site-packages:/opt/ros/jazzy/lib/python3.12/site-packages VIRTUAL_ENV_PROMPT=(ros2_rest_env) /usr/bin/python3 -W ignore:setup.py install is deprecated setup.py egg_info --egg-base ../../build/speech build --build-base /home/fai/nao_ws/build/speech/build install --record /home/fai/nao_ws/build/speech/install.log --single-version-externally-managed install_data
