[2.345s] Invoking command in '/home/fai/nao_ws/src/nao_qi_ros2_package': DEBUGINFOD_URLS=https://debuginfod.ubuntu.com PYTHONPATH=/home/fai/nao_ws/build/nao_qi_ros2_package/prefix_override:/usr/lib/python3/dist-packages/colcon_core/task/python/colcon_distutils_commands:/home/fai/nao_ws/install/nao_qi_ros2_package/lib/python3.12/site-packages:${PYTHONPATH} /usr/bin/python3 -W ignore:setup.py install is deprecated setup.py egg_info --egg-base ../../build/nao_qi_ros2_package build --build-base /home/fai/nao_ws/build/nao_qi_ros2_package/build install --record /home/fai/nao_ws/build/nao_qi_ros2_package/install.log --single-version-externally-managed install_data
[3.244s] running egg_info
[3.311s] writing ../../build/nao_qi_ros2_package/nao_qi_ros2_package.egg-info/PKG-INFO
[3.311s] writing dependency_links to ../../build/nao_qi_ros2_package/nao_qi_ros2_package.egg-info/dependency_links.txt
[3.312s] writing entry points to ../../build/nao_qi_ros2_package/nao_qi_ros2_package.egg-info/entry_points.txt
[3.314s] writing requirements to ../../build/nao_qi_ros2_package/nao_qi_ros2_package.egg-info/requires.txt
[3.315s] writing top-level names to ../../build/nao_qi_ros2_package/nao_qi_ros2_package.egg-info/top_level.txt
[3.460s] reading manifest file '../../build/nao_qi_ros2_package/nao_qi_ros2_package.egg-info/SOURCES.txt'
[3.464s] writing manifest file '../../build/nao_qi_ros2_package/nao_qi_ros2_package.egg-info/SOURCES.txt'
[3.467s] running build
[3.468s] running build_py
[3.468s] running install
[3.484s] running install_lib
[3.553s] running install_data
[3.556s] running install_egg_info
[3.626s] removing '/home/fai/nao_ws/install/nao_qi_ros2_package/lib/python3.12/site-packages/nao_qi_ros2_package-0.0.1-py3.12.egg-info' (and everything under it)
[3.627s] Copying ../../build/nao_qi_ros2_package/nao_qi_ros2_package.egg-info to /home/fai/nao_ws/install/nao_qi_ros2_package/lib/python3.12/site-packages/nao_qi_ros2_package-0.0.1-py3.12.egg-info
[3.631s] running install_scripts
[4.064s] Installing nao_talker script to /home/fai/nao_ws/install/nao_qi_ros2_package/lib/nao_qi_ros2_package
[4.067s] writing list of installed files to '/home/fai/nao_ws/build/nao_qi_ros2_package/install.log'
[4.165s] Invoked command in '/home/fai/nao_ws/src/nao_qi_ros2_package' returned '0': DEBUGINFOD_URLS=https://debuginfod.ubuntu.com PYTHONPATH=/home/fai/nao_ws/build/nao_qi_ros2_package/prefix_override:/usr/lib/python3/dist-packages/colcon_core/task/python/colcon_distutils_commands:/home/fai/nao_ws/install/nao_qi_ros2_package/lib/python3.12/site-packages:${PYTHONPATH} /usr/bin/python3 -W ignore:setup.py install is deprecated setup.py egg_info --egg-base ../../build/nao_qi_ros2_package build --build-base /home/fai/nao_ws/build/nao_qi_ros2_package/build install --record /home/fai/nao_ws/build/nao_qi_ros2_package/install.log --single-version-externally-managed install_data
