[2.336s] Invoking command in '/home/fai/nao_ws/src/speech': DEBUGINFOD_URLS=https://debuginfod.ubuntu.com PYTHONPATH=/home/fai/nao_ws/build/speech/prefix_override:/usr/lib/python3/dist-packages/colcon_core/task/python/colcon_distutils_commands:/home/fai/nao_ws/install/speech/lib/python3.12/site-packages:/home/fai/nao_ws/install/speech_interfaces/lib/python3.12/site-packages:/home/fai/nao_ws/install/nao_tasks/lib/python3.12/site-packages:/home/fai/nao_ws/install/web_controller/lib/python3.12/site-packages:/home/fai/nao_ws/install/speech/lib/python3.12/site-packages:/home/fai/nao_ws/install/integration/lib/python3.12/site-packages:/home/fai/nao_ws/install/perception/lib/python3.12/site-packages:/home/fai/nao_ws/install/perception_interfaces/lib/python3.12/site-packages:/home/fai/nao_ws/install/navigation/lib/python3.12/site-packages:/home/fai/nao_ws/install/navigation_interfaces/lib/python3.12/site-packages:/home/fai/nao_ws/install/nao_qi_ros2_package/lib/python3.12/site-packages:/home/fai/nao_ws/install/manipulation/lib/python3.12/site-packages:/home/fai/nao_ws/install/manipulation_interfaces/lib/python3.12/site-packages:/opt/ros/jazzy/lib/python3.12/site-packages /usr/bin/python3 -W ignore:setup.py install is deprecated setup.py egg_info --egg-base ../../build/speech build --build-base /home/fai/nao_ws/build/speech/build install --record /home/fai/nao_ws/build/speech/install.log --single-version-externally-managed install_data
[2.965s] running egg_info
[3.001s] writing ../../build/speech/speech.egg-info/PKG-INFO
[3.001s] writing dependency_links to ../../build/speech/speech.egg-info/dependency_links.txt
[3.002s] writing entry points to ../../build/speech/speech.egg-info/entry_points.txt
[3.002s] writing requirements to ../../build/speech/speech.egg-info/requires.txt
[3.002s] writing top-level names to ../../build/speech/speech.egg-info/top_level.txt
[3.076s] reading manifest file '../../build/speech/speech.egg-info/SOURCES.txt'
[3.077s] writing manifest file '../../build/speech/speech.egg-info/SOURCES.txt'
[3.078s] running build
[3.078s] running build_py
[3.078s] running install
[3.089s] running install_lib
[3.126s] running install_data
[3.126s] running install_egg_info
[3.165s] removing '/home/fai/nao_ws/install/speech/lib/python3.12/site-packages/speech-0.0.0-py3.12.egg-info' (and everything under it)
[3.166s] Copying ../../build/speech/speech.egg-info to /home/fai/nao_ws/install/speech/lib/python3.12/site-packages/speech-0.0.0-py3.12.egg-info
[3.167s] running install_scripts
[3.401s] Installing speech_node script to /home/fai/nao_ws/install/speech/lib/speech
[3.402s] writing list of installed files to '/home/fai/nao_ws/build/speech/install.log'
[3.449s] Invoked command in '/home/fai/nao_ws/src/speech' returned '0': DEBUGINFOD_URLS=https://debuginfod.ubuntu.com PYTHONPATH=/home/fai/nao_ws/build/speech/prefix_override:/usr/lib/python3/dist-packages/colcon_core/task/python/colcon_distutils_commands:/home/fai/nao_ws/install/speech/lib/python3.12/site-packages:/home/fai/nao_ws/install/speech_interfaces/lib/python3.12/site-packages:/home/fai/nao_ws/install/nao_tasks/lib/python3.12/site-packages:/home/fai/nao_ws/install/web_controller/lib/python3.12/site-packages:/home/fai/nao_ws/install/speech/lib/python3.12/site-packages:/home/fai/nao_ws/install/integration/lib/python3.12/site-packages:/home/fai/nao_ws/install/perception/lib/python3.12/site-packages:/home/fai/nao_ws/install/perception_interfaces/lib/python3.12/site-packages:/home/fai/nao_ws/install/navigation/lib/python3.12/site-packages:/home/fai/nao_ws/install/navigation_interfaces/lib/python3.12/site-packages:/home/fai/nao_ws/install/nao_qi_ros2_package/lib/python3.12/site-packages:/home/fai/nao_ws/install/manipulation/lib/python3.12/site-packages:/home/fai/nao_ws/install/manipulation_interfaces/lib/python3.12/site-packages:/opt/ros/jazzy/lib/python3.12/site-packages /usr/bin/python3 -W ignore:setup.py install is deprecated setup.py egg_info --egg-base ../../build/speech build --build-base /home/fai/nao_ws/build/speech/build install --record /home/fai/nao_ws/build/speech/install.log --single-version-externally-managed install_data
