[0.051s] Invoking command in '/home/robotica/nao_ws/src/build/navigation_interfaces': CMAKE_PREFIX_PATH=${CMAKE_PREFIX_PATH}:/home/robotica/nao_ws/src/install/web_controller:/home/robotica/nao_ws/src/install/speech:/home/robotica/nao_ws/src/install/integration:/home/robotica/nao_ws/src/install/rest_api:/home/robotica/nao_ws/src/install/perception:/home/robotica/nao_ws/src/install/navigation:/home/robotica/nao_ws/src/install/nao_qi_ros2_package:/home/robotica/nao_ws/src/install/manipulation:/home/robotica/nao_ws/install/web_controller:/home/robotica/nao_ws/install/speech:/home/robotica/nao_ws/install/integration:/home/robotica/nao_ws/install/rest_api:/home/robotica/nao_ws/install/perception:/home/robotica/nao_ws/install/navigation:/home/robotica/nao_ws/install/nao_qi_ros2_package:/home/robotica/nao_ws/install/manipulation:/opt/ros/jazzy DEBUGINFOD_URLS=https://debuginfod.ubuntu.com /usr/bin/cmake /home/robotica/nao_ws/src/navigation_interfaces -DCMAKE_INSTALL_PREFIX=/home/robotica/nao_ws/src/install/navigation_interfaces
[0.227s] -- The C compiler identification is GNU 13.2.0
[0.448s] -- The CXX compiler identification is GNU 13.2.0
[0.495s] -- Detecting C compiler ABI info
[0.730s] -- Detecting C compiler ABI info - done
[0.842s] -- Check for working C compiler: /usr/bin/cc - skipped
[0.848s] -- Detecting C compile features
[0.848s] -- Detecting C compile features - done
[0.898s] -- Detecting CXX compiler ABI info
[1.511s] -- Detecting CXX compiler ABI info - done
[1.555s] -- Check for working CXX compiler: /usr/bin/c++ - skipped
[1.556s] -- Detecting CXX compile features
[1.561s] -- Detecting CXX compile features - done
[1.577s] -- Found ament_cmake: 2.5.2 (/opt/ros/jazzy/share/ament_cmake/cmake)
[2.581s] -- Found Python3: /usr/bin/python3 (found version "3.12.3") found components: Interpreter 
[3.078s] -- Found rosidl_default_generators: 1.6.0 (/opt/ros/jazzy/share/rosidl_default_generators/cmake)
[3.110s] -- Using all available rosidl_typesupport_c: rosidl_typesupport_fastrtps_c;rosidl_typesupport_introspection_c
[3.383s] -- Using all available rosidl_typesupport_cpp: rosidl_typesupport_fastrtps_cpp;rosidl_typesupport_introspection_cpp
[3.648s] -- Found rosidl_adapter: 4.6.4 (/opt/ros/jazzy/share/rosidl_adapter/cmake)
[3.665s] -- Found geometry_msgs: 5.3.5 (/opt/ros/jazzy/share/geometry_msgs/cmake)
[7.039s] -- Found ament_cmake_ros: 0.12.0 (/opt/ros/jazzy/share/ament_cmake_ros/cmake)
[8.841s] -- Using all available rosidl_typesupport_c: rosidl_typesupport_fastrtps_c;rosidl_typesupport_introspection_c
[11.025s] -- Using all available rosidl_typesupport_cpp: rosidl_typesupport_fastrtps_cpp;rosidl_typesupport_introspection_cpp
[11.033s] -- Found python_cmake_module: 0.11.1 (/opt/ros/jazzy/share/python_cmake_module/cmake)
[11.419s] -- Found PythonExtra: /usr/bin/python3  
[13.922s] -- Found Python3: /usr/bin/python3 (found version "3.12.3") found components: Interpreter Development NumPy Development.Module Development.Embed 
[14.438s] -- Configuring done (14.4s)
[14.557s] -- Generating done (0.1s)
[14.570s] -- Build files have been written to: /home/robotica/nao_ws/src/build/navigation_interfaces
[14.677s] Invoked command in '/home/robotica/nao_ws/src/build/navigation_interfaces' returned '0': CMAKE_PREFIX_PATH=${CMAKE_PREFIX_PATH}:/home/robotica/nao_ws/src/install/web_controller:/home/robotica/nao_ws/src/install/speech:/home/robotica/nao_ws/src/install/integration:/home/robotica/nao_ws/src/install/rest_api:/home/robotica/nao_ws/src/install/perception:/home/robotica/nao_ws/src/install/navigation:/home/robotica/nao_ws/src/install/nao_qi_ros2_package:/home/robotica/nao_ws/src/install/manipulation:/home/robotica/nao_ws/install/web_controller:/home/robotica/nao_ws/install/speech:/home/robotica/nao_ws/install/integration:/home/robotica/nao_ws/install/rest_api:/home/robotica/nao_ws/install/perception:/home/robotica/nao_ws/install/navigation:/home/robotica/nao_ws/install/nao_qi_ros2_package:/home/robotica/nao_ws/install/manipulation:/opt/ros/jazzy DEBUGINFOD_URLS=https://debuginfod.ubuntu.com /usr/bin/cmake /home/robotica/nao_ws/src/navigation_interfaces -DCMAKE_INSTALL_PREFIX=/home/robotica/nao_ws/src/install/navigation_interfaces
[14.679s] Invoking command in '/home/robotica/nao_ws/src/build/navigation_interfaces': CMAKE_PREFIX_PATH=${CMAKE_PREFIX_PATH}:/home/robotica/nao_ws/src/install/web_controller:/home/robotica/nao_ws/src/install/speech:/home/robotica/nao_ws/src/install/integration:/home/robotica/nao_ws/src/install/rest_api:/home/robotica/nao_ws/src/install/perception:/home/robotica/nao_ws/src/install/navigation:/home/robotica/nao_ws/src/install/nao_qi_ros2_package:/home/robotica/nao_ws/src/install/manipulation:/home/robotica/nao_ws/install/web_controller:/home/robotica/nao_ws/install/speech:/home/robotica/nao_ws/install/integration:/home/robotica/nao_ws/install/rest_api:/home/robotica/nao_ws/install/perception:/home/robotica/nao_ws/install/navigation:/home/robotica/nao_ws/install/nao_qi_ros2_package:/home/robotica/nao_ws/install/manipulation:/opt/ros/jazzy DEBUGINFOD_URLS=https://debuginfod.ubuntu.com /usr/bin/cmake --build /home/robotica/nao_ws/src/build/navigation_interfaces -- -j4 -l4
[15.000s] [  2%] [34m[1mGenerating type hashes for ROS interfaces[0m
[15.035s] [  2%] Built target ament_cmake_python_copy_navigation_interfaces
[17.031s] [  2%] Built target navigation_interfaces__rosidl_generator_type_description
[17.173s] [  5%] [34m[1mGenerating C code for ROS interfaces[0m
[17.318s] [  8%] [34m[1mGenerating C++ code for ROS interfaces[0m
[17.858s] running egg_info
[17.870s] creating navigation_interfaces.egg-info
[18.426s] writing navigation_interfaces.egg-info/PKG-INFO
[18.427s] writing dependency_links to navigation_interfaces.egg-info/dependency_links.txt
[18.429s] writing top-level names to navigation_interfaces.egg-info/top_level.txt
[18.434s] writing manifest file 'navigation_interfaces.egg-info/SOURCES.txt'
[18.835s] reading manifest file 'navigation_interfaces.egg-info/SOURCES.txt'
[18.837s] writing manifest file 'navigation_interfaces.egg-info/SOURCES.txt'
[18.912s] [  8%] Built target ament_cmake_python_build_navigation_interfaces_egg
[20.154s] [ 11%] [32mBuilding C object CMakeFiles/navigation_interfaces__rosidl_generator_c.dir/rosidl_generator_c/navigation_interfaces/srv/detail/move_robot__description.c.o[0m
[20.227s] [ 11%] Built target navigation_interfaces__cpp
[20.448s] [ 14%] [32mBuilding C object CMakeFiles/navigation_interfaces__rosidl_generator_c.dir/rosidl_generator_c/navigation_interfaces/srv/detail/move_robot__type_support.c.o[0m
[20.639s] [ 17%] [32mBuilding C object CMakeFiles/navigation_interfaces__rosidl_generator_c.dir/rosidl_generator_c/navigation_interfaces/srv/detail/move_robot__functions.c.o[0m
[20.955s] [ 20%] [32m[1mLinking C shared library libnavigation_interfaces__rosidl_generator_c.so[0m
[21.056s] [ 20%] Built target navigation_interfaces__rosidl_generator_c
[21.081s] [ 23%] [34m[1mGenerating C++ type support dispatch for ROS interfaces[0m
[22.024s] [ 26%] [32mBuilding CXX object CMakeFiles/navigation_interfaces__rosidl_typesupport_cpp.dir/rosidl_typesupport_cpp/navigation_interfaces/srv/move_robot__type_support.cpp.o[0m
[23.929s] [ 29%] [32m[1mLinking CXX shared library libnavigation_interfaces__rosidl_typesupport_cpp.so[0m
[24.132s] [ 29%] Built target navigation_interfaces__rosidl_typesupport_cpp
[24.155s] [ 32%] [34m[1mGenerating C type support dispatch for ROS interfaces[0m
[25.017s] [ 35%] [32mBuilding CXX object CMakeFiles/navigation_interfaces__rosidl_typesupport_c.dir/rosidl_typesupport_c/navigation_interfaces/srv/move_robot__type_support.cpp.o[0m
[25.170s] [ 38%] [32m[1mLinking CXX shared library libnavigation_interfaces__rosidl_typesupport_c.so[0m
[25.272s] [ 38%] Built target navigation_interfaces__rosidl_typesupport_c
[25.297s] [ 41%] [34m[1mGenerating C++ type support for eProsima Fast-RTPS[0m
[26.367s] [ 44%] [32mBuilding CXX object CMakeFiles/navigation_interfaces__rosidl_typesupport_fastrtps_cpp.dir/rosidl_typesupport_fastrtps_cpp/navigation_interfaces/srv/detail/dds_fastrtps/move_robot__type_support.cpp.o[0m
[29.650s] [ 47%] [32m[1mLinking CXX shared library libnavigation_interfaces__rosidl_typesupport_fastrtps_cpp.so[0m
[29.874s] [ 47%] Built target navigation_interfaces__rosidl_typesupport_fastrtps_cpp
[29.905s] [ 50%] [34m[1mGenerating C++ introspection for ROS interfaces[0m
[30.807s] [ 52%] [32mBuilding CXX object CMakeFiles/navigation_interfaces__rosidl_typesupport_introspection_cpp.dir/rosidl_typesupport_introspection_cpp/navigation_interfaces/srv/detail/move_robot__type_support.cpp.o[0m
[32.375s] [ 55%] [32m[1mLinking CXX shared library libnavigation_interfaces__rosidl_typesupport_introspection_cpp.so[0m
[32.582s] [ 55%] Built target navigation_interfaces__rosidl_typesupport_introspection_cpp
[32.606s] [ 58%] [34m[1mGenerating C introspection for ROS interfaces[0m
[33.459s] [ 61%] [32mBuilding C object CMakeFiles/navigation_interfaces__rosidl_typesupport_introspection_c.dir/rosidl_typesupport_introspection_c/navigation_interfaces/srv/detail/move_robot__type_support.c.o[0m
[33.601s] [ 64%] [32m[1mLinking C shared library libnavigation_interfaces__rosidl_typesupport_introspection_c.so[0m
[33.676s] [ 64%] Built target navigation_interfaces__rosidl_typesupport_introspection_c
[33.698s] [ 67%] [34m[1mGenerating C type support for eProsima Fast-RTPS[0m
[34.769s] [ 70%] [32mBuilding CXX object CMakeFiles/navigation_interfaces__rosidl_typesupport_fastrtps_c.dir/rosidl_typesupport_fastrtps_c/navigation_interfaces/srv/detail/move_robot__type_support_c.cpp.o[0m
[36.617s] [ 73%] [32m[1mLinking CXX shared library libnavigation_interfaces__rosidl_typesupport_fastrtps_c.so[0m
[36.814s] [ 73%] Built target navigation_interfaces__rosidl_typesupport_fastrtps_c
[36.856s] [ 73%] Built target navigation_interfaces
[36.901s] [ 76%] [34m[1mGenerating Python code for ROS interfaces[0m
[38.270s] [ 76%] Built target navigation_interfaces__py
[38.315s] [ 79%] [32mBuilding C object CMakeFiles/navigation_interfaces__rosidl_generator_py.dir/rosidl_generator_py/navigation_interfaces/srv/_move_robot_s.c.o[0m
[38.839s] [ 82%] [32m[1mLinking C shared library libnavigation_interfaces__rosidl_generator_py.so[0m
[38.951s] [ 82%] Built target navigation_interfaces__rosidl_generator_py
[38.997s] [ 85%] [32mBuilding C object CMakeFiles/navigation_interfaces_s__rosidl_typesupport_fastrtps_c.dir/rosidl_generator_py/navigation_interfaces/_navigation_interfaces_s.ep.rosidl_typesupport_fastrtps_c.c.o[0m
[39.383s] [ 88%] [32m[1mLinking C shared module rosidl_generator_py/navigation_interfaces/navigation_interfaces_s__rosidl_typesupport_fastrtps_c.so[0m
[39.463s] [ 88%] Built target navigation_interfaces_s__rosidl_typesupport_fastrtps_c
[39.509s] [ 91%] [32mBuilding C object CMakeFiles/navigation_interfaces_s__rosidl_typesupport_c.dir/rosidl_generator_py/navigation_interfaces/_navigation_interfaces_s.ep.rosidl_typesupport_c.c.o[0m
[39.897s] [ 94%] [32m[1mLinking C shared module rosidl_generator_py/navigation_interfaces/navigation_interfaces_s__rosidl_typesupport_c.so[0m
[39.977s] [ 94%] Built target navigation_interfaces_s__rosidl_typesupport_c
[40.025s] [ 97%] [32mBuilding C object CMakeFiles/navigation_interfaces_s__rosidl_typesupport_introspection_c.dir/rosidl_generator_py/navigation_interfaces/_navigation_interfaces_s.ep.rosidl_typesupport_introspection_c.c.o[0m
[40.422s] [100%] [32m[1mLinking C shared module rosidl_generator_py/navigation_interfaces/navigation_interfaces_s__rosidl_typesupport_introspection_c.so[0m
[40.507s] [100%] Built target navigation_interfaces_s__rosidl_typesupport_introspection_c
[40.550s] Invoked command in '/home/robotica/nao_ws/src/build/navigation_interfaces' returned '0': CMAKE_PREFIX_PATH=${CMAKE_PREFIX_PATH}:/home/robotica/nao_ws/src/install/web_controller:/home/robotica/nao_ws/src/install/speech:/home/robotica/nao_ws/src/install/integration:/home/robotica/nao_ws/src/install/rest_api:/home/robotica/nao_ws/src/install/perception:/home/robotica/nao_ws/src/install/navigation:/home/robotica/nao_ws/src/install/nao_qi_ros2_package:/home/robotica/nao_ws/src/install/manipulation:/home/robotica/nao_ws/install/web_controller:/home/robotica/nao_ws/install/speech:/home/robotica/nao_ws/install/integration:/home/robotica/nao_ws/install/rest_api:/home/robotica/nao_ws/install/perception:/home/robotica/nao_ws/install/navigation:/home/robotica/nao_ws/install/nao_qi_ros2_package:/home/robotica/nao_ws/install/manipulation:/opt/ros/jazzy DEBUGINFOD_URLS=https://debuginfod.ubuntu.com /usr/bin/cmake --build /home/robotica/nao_ws/src/build/navigation_interfaces -- -j4 -l4
[40.745s] Invoking command in '/home/robotica/nao_ws/src/build/navigation_interfaces': CMAKE_PREFIX_PATH=${CMAKE_PREFIX_PATH}:/home/robotica/nao_ws/src/install/web_controller:/home/robotica/nao_ws/src/install/speech:/home/robotica/nao_ws/src/install/integration:/home/robotica/nao_ws/src/install/rest_api:/home/robotica/nao_ws/src/install/perception:/home/robotica/nao_ws/src/install/navigation:/home/robotica/nao_ws/src/install/nao_qi_ros2_package:/home/robotica/nao_ws/src/install/manipulation:/home/robotica/nao_ws/install/web_controller:/home/robotica/nao_ws/install/speech:/home/robotica/nao_ws/install/integration:/home/robotica/nao_ws/install/rest_api:/home/robotica/nao_ws/install/perception:/home/robotica/nao_ws/install/navigation:/home/robotica/nao_ws/install/nao_qi_ros2_package:/home/robotica/nao_ws/install/manipulation:/opt/ros/jazzy DEBUGINFOD_URLS=https://debuginfod.ubuntu.com /usr/bin/cmake --install /home/robotica/nao_ws/src/build/navigation_interfaces
[40.771s] -- Install configuration: ""
[40.773s] -- Installing: /home/robotica/nao_ws/src/install/navigation_interfaces/share/ament_index/resource_index/rosidl_interfaces/navigation_interfaces
[40.774s] -- Installing: /home/robotica/nao_ws/src/install/navigation_interfaces/share/navigation_interfaces/srv/MoveRobot.json
[40.774s] -- Installing: /home/robotica/nao_ws/src/install/navigation_interfaces/include/navigation_interfaces/navigation_interfaces
[40.774s] -- Installing: /home/robotica/nao_ws/src/install/navigation_interfaces/include/navigation_interfaces/navigation_interfaces/srv
[40.775s] -- Installing: /home/robotica/nao_ws/src/install/navigation_interfaces/include/navigation_interfaces/navigation_interfaces/srv/detail
[40.778s] -- Installing: /home/robotica/nao_ws/src/install/navigation_interfaces/include/navigation_interfaces/navigation_interfaces/srv/detail/move_robot__struct.h
[40.779s] -- Installing: /home/robotica/nao_ws/src/install/navigation_interfaces/include/navigation_interfaces/navigation_interfaces/srv/detail/move_robot__description.c
[40.780s] -- Installing: /home/robotica/nao_ws/src/install/navigation_interfaces/include/navigation_interfaces/navigation_interfaces/srv/detail/move_robot__type_support.c
[40.783s] -- Installing: /home/robotica/nao_ws/src/install/navigation_interfaces/include/navigation_interfaces/navigation_interfaces/srv/detail/move_robot__functions.h
[40.783s] -- Installing: /home/robotica/nao_ws/src/install/navigation_interfaces/include/navigation_interfaces/navigation_interfaces/srv/detail/move_robot__functions.c
[40.783s] -- Installing: /home/robotica/nao_ws/src/install/navigation_interfaces/include/navigation_interfaces/navigation_interfaces/srv/detail/move_robot__type_support.h
[40.788s] -- Installing: /home/robotica/nao_ws/src/install/navigation_interfaces/include/navigation_interfaces/navigation_interfaces/srv/move_robot.h
[40.790s] -- Installing: /home/robotica/nao_ws/src/install/navigation_interfaces/include/navigation_interfaces/navigation_interfaces/msg
[40.792s] -- Installing: /home/robotica/nao_ws/src/install/navigation_interfaces/include/navigation_interfaces/navigation_interfaces/msg/rosidl_generator_c__visibility_control.h
[40.793s] -- Installing: /home/robotica/nao_ws/src/install/navigation_interfaces/share/navigation_interfaces/environment/library_path.sh
[40.793s] -- Installing: /home/robotica/nao_ws/src/install/navigation_interfaces/share/navigation_interfaces/environment/library_path.dsv
[40.795s] -- Installing: /home/robotica/nao_ws/src/install/navigation_interfaces/lib/libnavigation_interfaces__rosidl_generator_c.so
[40.796s] -- Set non-toolchain portion of runtime path of "/home/robotica/nao_ws/src/install/navigation_interfaces/lib/libnavigation_interfaces__rosidl_generator_c.so" to ""
[40.798s] -- Up-to-date: /home/robotica/nao_ws/src/install/navigation_interfaces/include/navigation_interfaces/navigation_interfaces
[40.799s] -- Up-to-date: /home/robotica/nao_ws/src/install/navigation_interfaces/include/navigation_interfaces/navigation_interfaces/srv
[40.801s] -- Up-to-date: /home/robotica/nao_ws/src/install/navigation_interfaces/include/navigation_interfaces/navigation_interfaces/srv/detail
[40.801s] -- Installing: /home/robotica/nao_ws/src/install/navigation_interfaces/include/navigation_interfaces/navigation_interfaces/srv/detail/move_robot__rosidl_typesupport_fastrtps_c.h
[40.802s] -- Up-to-date: /home/robotica/nao_ws/src/install/navigation_interfaces/include/navigation_interfaces/navigation_interfaces/msg
[40.802s] -- Installing: /home/robotica/nao_ws/src/install/navigation_interfaces/include/navigation_interfaces/navigation_interfaces/msg/rosidl_typesupport_fastrtps_c__visibility_control.h
[40.802s] -- Installing: /home/robotica/nao_ws/src/install/navigation_interfaces/lib/libnavigation_interfaces__rosidl_typesupport_fastrtps_c.so
[40.802s] -- Set non-toolchain portion of runtime path of "/home/robotica/nao_ws/src/install/navigation_interfaces/lib/libnavigation_interfaces__rosidl_typesupport_fastrtps_c.so" to ""
[40.803s] -- Up-to-date: /home/robotica/nao_ws/src/install/navigation_interfaces/include/navigation_interfaces/navigation_interfaces
[40.810s] -- Up-to-date: /home/robotica/nao_ws/src/install/navigation_interfaces/include/navigation_interfaces/navigation_interfaces/srv
[40.812s] -- Up-to-date: /home/robotica/nao_ws/src/install/navigation_interfaces/include/navigation_interfaces/navigation_interfaces/srv/detail
[40.812s] -- Installing: /home/robotica/nao_ws/src/install/navigation_interfaces/include/navigation_interfaces/navigation_interfaces/srv/detail/move_robot__rosidl_typesupport_introspection_c.h
[40.812s] -- Installing: /home/robotica/nao_ws/src/install/navigation_interfaces/include/navigation_interfaces/navigation_interfaces/srv/detail/move_robot__type_support.c
[40.813s] -- Up-to-date: /home/robotica/nao_ws/src/install/navigation_interfaces/include/navigation_interfaces/navigation_interfaces/msg
[40.813s] -- Installing: /home/robotica/nao_ws/src/install/navigation_interfaces/include/navigation_interfaces/navigation_interfaces/msg/rosidl_typesupport_introspection_c__visibility_control.h
[40.813s] -- Installing: /home/robotica/nao_ws/src/install/navigation_interfaces/lib/libnavigation_interfaces__rosidl_typesupport_introspection_c.so
[40.813s] -- Set non-toolchain portion of runtime path of "/home/robotica/nao_ws/src/install/navigation_interfaces/lib/libnavigation_interfaces__rosidl_typesupport_introspection_c.so" to ""
[40.814s] -- Installing: /home/robotica/nao_ws/src/install/navigation_interfaces/lib/libnavigation_interfaces__rosidl_typesupport_c.so
[40.822s] -- Set non-toolchain portion of runtime path of "/home/robotica/nao_ws/src/install/navigation_interfaces/lib/libnavigation_interfaces__rosidl_typesupport_c.so" to ""
[40.823s] -- Up-to-date: /home/robotica/nao_ws/src/install/navigation_interfaces/include/navigation_interfaces/navigation_interfaces
[40.823s] -- Up-to-date: /home/robotica/nao_ws/src/install/navigation_interfaces/include/navigation_interfaces/navigation_interfaces/srv
[40.823s] -- Installing: /home/robotica/nao_ws/src/install/navigation_interfaces/include/navigation_interfaces/navigation_interfaces/srv/move_robot.hpp
[40.823s] -- Up-to-date: /home/robotica/nao_ws/src/install/navigation_interfaces/include/navigation_interfaces/navigation_interfaces/srv/detail
[40.824s] -- Installing: /home/robotica/nao_ws/src/install/navigation_interfaces/include/navigation_interfaces/navigation_interfaces/srv/detail/move_robot__type_support.hpp
[40.831s] -- Installing: /home/robotica/nao_ws/src/install/navigation_interfaces/include/navigation_interfaces/navigation_interfaces/srv/detail/move_robot__traits.hpp
[40.832s] -- Installing: /home/robotica/nao_ws/src/install/navigation_interfaces/include/navigation_interfaces/navigation_interfaces/srv/detail/move_robot__struct.hpp
[40.832s] -- Installing: /home/robotica/nao_ws/src/install/navigation_interfaces/include/navigation_interfaces/navigation_interfaces/srv/detail/move_robot__builder.hpp
[40.832s] -- Up-to-date: /home/robotica/nao_ws/src/install/navigation_interfaces/include/navigation_interfaces/navigation_interfaces/msg
[40.832s] -- Installing: /home/robotica/nao_ws/src/install/navigation_interfaces/include/navigation_interfaces/navigation_interfaces/msg/rosidl_generator_cpp__visibility_control.hpp
[40.833s] -- Up-to-date: /home/robotica/nao_ws/src/install/navigation_interfaces/include/navigation_interfaces/navigation_interfaces
[40.835s] -- Up-to-date: /home/robotica/nao_ws/src/install/navigation_interfaces/include/navigation_interfaces/navigation_interfaces/srv
[40.835s] -- Up-to-date: /home/robotica/nao_ws/src/install/navigation_interfaces/include/navigation_interfaces/navigation_interfaces/srv/detail
[40.835s] -- Installing: /home/robotica/nao_ws/src/install/navigation_interfaces/include/navigation_interfaces/navigation_interfaces/srv/detail/move_robot__rosidl_typesupport_fastrtps_cpp.hpp
[40.836s] -- Installing: /home/robotica/nao_ws/src/install/navigation_interfaces/include/navigation_interfaces/navigation_interfaces/srv/detail/dds_fastrtps
[40.837s] -- Up-to-date: /home/robotica/nao_ws/src/install/navigation_interfaces/include/navigation_interfaces/navigation_interfaces/msg
[40.838s] -- Installing: /home/robotica/nao_ws/src/install/navigation_interfaces/include/navigation_interfaces/navigation_interfaces/msg/rosidl_typesupport_fastrtps_cpp__visibility_control.h
[40.838s] -- Installing: /home/robotica/nao_ws/src/install/navigation_interfaces/lib/libnavigation_interfaces__rosidl_typesupport_fastrtps_cpp.so
[40.841s] -- Set non-toolchain portion of runtime path of "/home/robotica/nao_ws/src/install/navigation_interfaces/lib/libnavigation_interfaces__rosidl_typesupport_fastrtps_cpp.so" to ""
[40.842s] -- Up-to-date: /home/robotica/nao_ws/src/install/navigation_interfaces/include/navigation_interfaces/navigation_interfaces
[40.843s] -- Up-to-date: /home/robotica/nao_ws/src/install/navigation_interfaces/include/navigation_interfaces/navigation_interfaces/srv
[40.844s] -- Up-to-date: /home/robotica/nao_ws/src/install/navigation_interfaces/include/navigation_interfaces/navigation_interfaces/srv/detail
[40.844s] -- Installing: /home/robotica/nao_ws/src/install/navigation_interfaces/include/navigation_interfaces/navigation_interfaces/srv/detail/move_robot__rosidl_typesupport_introspection_cpp.hpp
[40.844s] -- Installing: /home/robotica/nao_ws/src/install/navigation_interfaces/include/navigation_interfaces/navigation_interfaces/srv/detail/move_robot__type_support.cpp
[40.845s] -- Installing: /home/robotica/nao_ws/src/install/navigation_interfaces/lib/libnavigation_interfaces__rosidl_typesupport_introspection_cpp.so
[40.845s] -- Set non-toolchain portion of runtime path of "/home/robotica/nao_ws/src/install/navigation_interfaces/lib/libnavigation_interfaces__rosidl_typesupport_introspection_cpp.so" to ""
[40.845s] -- Installing: /home/robotica/nao_ws/src/install/navigation_interfaces/lib/libnavigation_interfaces__rosidl_typesupport_cpp.so
[40.845s] -- Set non-toolchain portion of runtime path of "/home/robotica/nao_ws/src/install/navigation_interfaces/lib/libnavigation_interfaces__rosidl_typesupport_cpp.so" to ""
[40.846s] -- Installing: /home/robotica/nao_ws/src/install/navigation_interfaces/share/navigation_interfaces/environment/pythonpath.sh
[40.849s] -- Installing: /home/robotica/nao_ws/src/install/navigation_interfaces/share/navigation_interfaces/environment/pythonpath.dsv
[40.849s] -- Installing: /home/robotica/nao_ws/src/install/navigation_interfaces/lib/python3.12/site-packages/navigation_interfaces-0.0.0-py3.12.egg-info
[40.850s] -- Installing: /home/robotica/nao_ws/src/install/navigation_interfaces/lib/python3.12/site-packages/navigation_interfaces-0.0.0-py3.12.egg-info/PKG-INFO
[40.851s] -- Installing: /home/robotica/nao_ws/src/install/navigation_interfaces/lib/python3.12/site-packages/navigation_interfaces-0.0.0-py3.12.egg-info/top_level.txt
[40.851s] -- Installing: /home/robotica/nao_ws/src/install/navigation_interfaces/lib/python3.12/site-packages/navigation_interfaces-0.0.0-py3.12.egg-info/dependency_links.txt
[40.851s] -- Installing: /home/robotica/nao_ws/src/install/navigation_interfaces/lib/python3.12/site-packages/navigation_interfaces-0.0.0-py3.12.egg-info/SOURCES.txt
[40.851s] -- Installing: /home/robotica/nao_ws/src/install/navigation_interfaces/lib/python3.12/site-packages/navigation_interfaces
[40.852s] -- Installing: /home/robotica/nao_ws/src/install/navigation_interfaces/lib/python3.12/site-packages/navigation_interfaces/srv
[40.856s] -- Installing: /home/robotica/nao_ws/src/install/navigation_interfaces/lib/python3.12/site-packages/navigation_interfaces/srv/_move_robot.py
[40.857s] -- Installing: /home/robotica/nao_ws/src/install/navigation_interfaces/lib/python3.12/site-packages/navigation_interfaces/srv/_move_robot_s.c
[40.861s] -- Installing: /home/robotica/nao_ws/src/install/navigation_interfaces/lib/python3.12/site-packages/navigation_interfaces/srv/__init__.py
[40.861s] -- Installing: /home/robotica/nao_ws/src/install/navigation_interfaces/lib/python3.12/site-packages/navigation_interfaces/_navigation_interfaces_s.ep.rosidl_typesupport_introspection_c.c
[40.862s] -- Installing: /home/robotica/nao_ws/src/install/navigation_interfaces/lib/python3.12/site-packages/navigation_interfaces/navigation_interfaces_s__rosidl_typesupport_introspection_c.so
[40.862s] -- Installing: /home/robotica/nao_ws/src/install/navigation_interfaces/lib/python3.12/site-packages/navigation_interfaces/__init__.py
[40.864s] -- Installing: /home/robotica/nao_ws/src/install/navigation_interfaces/lib/python3.12/site-packages/navigation_interfaces/_navigation_interfaces_s.ep.rosidl_typesupport_fastrtps_c.c
[40.864s] -- Installing: /home/robotica/nao_ws/src/install/navigation_interfaces/lib/python3.12/site-packages/navigation_interfaces/navigation_interfaces_s__rosidl_typesupport_fastrtps_c.so
[40.864s] -- Installing: /home/robotica/nao_ws/src/install/navigation_interfaces/lib/python3.12/site-packages/navigation_interfaces/navigation_interfaces_s__rosidl_typesupport_c.so
[40.865s] -- Installing: /home/robotica/nao_ws/src/install/navigation_interfaces/lib/python3.12/site-packages/navigation_interfaces/_navigation_interfaces_s.ep.rosidl_typesupport_c.c
[40.928s] Listing '/home/robotica/nao_ws/src/install/navigation_interfaces/lib/python3.12/site-packages/navigation_interfaces'...
[40.928s] Compiling '/home/robotica/nao_ws/src/install/navigation_interfaces/lib/python3.12/site-packages/navigation_interfaces/__init__.py'...
[40.929s] Listing '/home/robotica/nao_ws/src/install/navigation_interfaces/lib/python3.12/site-packages/navigation_interfaces/srv'...
[40.929s] Compiling '/home/robotica/nao_ws/src/install/navigation_interfaces/lib/python3.12/site-packages/navigation_interfaces/srv/__init__.py'...
[40.942s] Compiling '/home/robotica/nao_ws/src/install/navigation_interfaces/lib/python3.12/site-packages/navigation_interfaces/srv/_move_robot.py'...
[40.944s] -- Installing: /home/robotica/nao_ws/src/install/navigation_interfaces/lib/python3.12/site-packages/navigation_interfaces/navigation_interfaces_s__rosidl_typesupport_fastrtps_c.so
[40.945s] -- Set non-toolchain portion of runtime path of "/home/robotica/nao_ws/src/install/navigation_interfaces/lib/python3.12/site-packages/navigation_interfaces/navigation_interfaces_s__rosidl_typesupport_fastrtps_c.so" to ""
[40.945s] -- Installing: /home/robotica/nao_ws/src/install/navigation_interfaces/lib/python3.12/site-packages/navigation_interfaces/navigation_interfaces_s__rosidl_typesupport_introspection_c.so
[40.955s] -- Set non-toolchain portion of runtime path of "/home/robotica/nao_ws/src/install/navigation_interfaces/lib/python3.12/site-packages/navigation_interfaces/navigation_interfaces_s__rosidl_typesupport_introspection_c.so" to ""
[40.957s] -- Installing: /home/robotica/nao_ws/src/install/navigation_interfaces/lib/python3.12/site-packages/navigation_interfaces/navigation_interfaces_s__rosidl_typesupport_c.so
[40.959s] -- Set non-toolchain portion of runtime path of "/home/robotica/nao_ws/src/install/navigation_interfaces/lib/python3.12/site-packages/navigation_interfaces/navigation_interfaces_s__rosidl_typesupport_c.so" to ""
[40.961s] -- Installing: /home/robotica/nao_ws/src/install/navigation_interfaces/lib/libnavigation_interfaces__rosidl_generator_py.so
[40.962s] -- Set non-toolchain portion of runtime path of "/home/robotica/nao_ws/src/install/navigation_interfaces/lib/libnavigation_interfaces__rosidl_generator_py.so" to ""
[40.962s] -- Installing: /home/robotica/nao_ws/src/install/navigation_interfaces/share/navigation_interfaces/srv/MoveRobot.idl
[40.965s] -- Installing: /home/robotica/nao_ws/src/install/navigation_interfaces/share/navigation_interfaces/srv/MoveRobot.srv
[40.966s] -- Installing: /home/robotica/nao_ws/src/install/navigation_interfaces/share/ament_index/resource_index/package_run_dependencies/navigation_interfaces
[40.966s] -- Installing: /home/robotica/nao_ws/src/install/navigation_interfaces/share/ament_index/resource_index/parent_prefix_path/navigation_interfaces
[40.967s] -- Installing: /home/robotica/nao_ws/src/install/navigation_interfaces/share/navigation_interfaces/environment/ament_prefix_path.sh
[40.967s] -- Installing: /home/robotica/nao_ws/src/install/navigation_interfaces/share/navigation_interfaces/environment/ament_prefix_path.dsv
[40.967s] -- Installing: /home/robotica/nao_ws/src/install/navigation_interfaces/share/navigation_interfaces/environment/path.sh
[40.968s] -- Installing: /home/robotica/nao_ws/src/install/navigation_interfaces/share/navigation_interfaces/environment/path.dsv
[40.968s] -- Installing: /home/robotica/nao_ws/src/install/navigation_interfaces/share/navigation_interfaces/local_setup.bash
[40.968s] -- Installing: /home/robotica/nao_ws/src/install/navigation_interfaces/share/navigation_interfaces/local_setup.sh
[40.969s] -- Installing: /home/robotica/nao_ws/src/install/navigation_interfaces/share/navigation_interfaces/local_setup.zsh
[40.969s] -- Installing: /home/robotica/nao_ws/src/install/navigation_interfaces/share/navigation_interfaces/local_setup.dsv
[40.972s] -- Installing: /home/robotica/nao_ws/src/install/navigation_interfaces/share/navigation_interfaces/package.dsv
[40.973s] -- Installing: /home/robotica/nao_ws/src/install/navigation_interfaces/share/ament_index/resource_index/packages/navigation_interfaces
[40.973s] -- Installing: /home/robotica/nao_ws/src/install/navigation_interfaces/share/navigation_interfaces/cmake/export_navigation_interfaces__rosidl_generator_cExport.cmake
[40.973s] -- Installing: /home/robotica/nao_ws/src/install/navigation_interfaces/share/navigation_interfaces/cmake/export_navigation_interfaces__rosidl_generator_cExport-noconfig.cmake
[40.974s] -- Installing: /home/robotica/nao_ws/src/install/navigation_interfaces/share/navigation_interfaces/cmake/export_navigation_interfaces__rosidl_typesupport_fastrtps_cExport.cmake
[40.974s] -- Installing: /home/robotica/nao_ws/src/install/navigation_interfaces/share/navigation_interfaces/cmake/export_navigation_interfaces__rosidl_typesupport_fastrtps_cExport-noconfig.cmake
[40.974s] -- Installing: /home/robotica/nao_ws/src/install/navigation_interfaces/share/navigation_interfaces/cmake/navigation_interfaces__rosidl_typesupport_introspection_cExport.cmake
[40.974s] -- Installing: /home/robotica/nao_ws/src/install/navigation_interfaces/share/navigation_interfaces/cmake/navigation_interfaces__rosidl_typesupport_introspection_cExport-noconfig.cmake
[40.975s] -- Installing: /home/robotica/nao_ws/src/install/navigation_interfaces/share/navigation_interfaces/cmake/navigation_interfaces__rosidl_typesupport_cExport.cmake
[40.975s] -- Installing: /home/robotica/nao_ws/src/install/navigation_interfaces/share/navigation_interfaces/cmake/navigation_interfaces__rosidl_typesupport_cExport-noconfig.cmake
[40.975s] -- Installing: /home/robotica/nao_ws/src/install/navigation_interfaces/share/navigation_interfaces/cmake/export_navigation_interfaces__rosidl_generator_cppExport.cmake
[40.975s] -- Installing: /home/robotica/nao_ws/src/install/navigation_interfaces/share/navigation_interfaces/cmake/export_navigation_interfaces__rosidl_typesupport_fastrtps_cppExport.cmake
[40.975s] -- Installing: /home/robotica/nao_ws/src/install/navigation_interfaces/share/navigation_interfaces/cmake/export_navigation_interfaces__rosidl_typesupport_fastrtps_cppExport-noconfig.cmake
[40.976s] -- Installing: /home/robotica/nao_ws/src/install/navigation_interfaces/share/navigation_interfaces/cmake/navigation_interfaces__rosidl_typesupport_introspection_cppExport.cmake
[40.976s] -- Installing: /home/robotica/nao_ws/src/install/navigation_interfaces/share/navigation_interfaces/cmake/navigation_interfaces__rosidl_typesupport_introspection_cppExport-noconfig.cmake
[40.980s] -- Installing: /home/robotica/nao_ws/src/install/navigation_interfaces/share/navigation_interfaces/cmake/navigation_interfaces__rosidl_typesupport_cppExport.cmake
[40.980s] -- Installing: /home/robotica/nao_ws/src/install/navigation_interfaces/share/navigation_interfaces/cmake/navigation_interfaces__rosidl_typesupport_cppExport-noconfig.cmake
[40.980s] -- Installing: /home/robotica/nao_ws/src/install/navigation_interfaces/share/navigation_interfaces/cmake/export_navigation_interfaces__rosidl_generator_pyExport.cmake
[40.981s] -- Installing: /home/robotica/nao_ws/src/install/navigation_interfaces/share/navigation_interfaces/cmake/export_navigation_interfaces__rosidl_generator_pyExport-noconfig.cmake
[40.981s] -- Installing: /home/robotica/nao_ws/src/install/navigation_interfaces/share/navigation_interfaces/cmake/rosidl_cmake-extras.cmake
[40.981s] -- Installing: /home/robotica/nao_ws/src/install/navigation_interfaces/share/navigation_interfaces/cmake/ament_cmake_export_dependencies-extras.cmake
[40.981s] -- Installing: /home/robotica/nao_ws/src/install/navigation_interfaces/share/navigation_interfaces/cmake/ament_cmake_export_include_directories-extras.cmake
[40.982s] -- Installing: /home/robotica/nao_ws/src/install/navigation_interfaces/share/navigation_interfaces/cmake/ament_cmake_export_libraries-extras.cmake
[40.988s] -- Installing: /home/robotica/nao_ws/src/install/navigation_interfaces/share/navigation_interfaces/cmake/ament_cmake_export_targets-extras.cmake
[40.991s] -- Installing: /home/robotica/nao_ws/src/install/navigation_interfaces/share/navigation_interfaces/cmake/rosidl_cmake_export_typesupport_targets-extras.cmake
[40.992s] -- Installing: /home/robotica/nao_ws/src/install/navigation_interfaces/share/navigation_interfaces/cmake/rosidl_cmake_export_typesupport_libraries-extras.cmake
[40.992s] -- Installing: /home/robotica/nao_ws/src/install/navigation_interfaces/share/navigation_interfaces/cmake/navigation_interfacesConfig.cmake
[40.992s] -- Installing: /home/robotica/nao_ws/src/install/navigation_interfaces/share/navigation_interfaces/cmake/navigation_interfacesConfig-version.cmake
[40.992s] -- Installing: /home/robotica/nao_ws/src/install/navigation_interfaces/share/navigation_interfaces/package.xml
[40.993s] Invoked command in '/home/robotica/nao_ws/src/build/navigation_interfaces' returned '0': CMAKE_PREFIX_PATH=${CMAKE_PREFIX_PATH}:/home/robotica/nao_ws/src/install/web_controller:/home/robotica/nao_ws/src/install/speech:/home/robotica/nao_ws/src/install/integration:/home/robotica/nao_ws/src/install/rest_api:/home/robotica/nao_ws/src/install/perception:/home/robotica/nao_ws/src/install/navigation:/home/robotica/nao_ws/src/install/nao_qi_ros2_package:/home/robotica/nao_ws/src/install/manipulation:/home/robotica/nao_ws/install/web_controller:/home/robotica/nao_ws/install/speech:/home/robotica/nao_ws/install/integration:/home/robotica/nao_ws/install/rest_api:/home/robotica/nao_ws/install/perception:/home/robotica/nao_ws/install/navigation:/home/robotica/nao_ws/install/nao_qi_ros2_package:/home/robotica/nao_ws/install/manipulation:/opt/ros/jazzy DEBUGINFOD_URLS=https://debuginfod.ubuntu.com /usr/bin/cmake --install /home/robotica/nao_ws/src/build/navigation_interfaces
