[2.746s] Invoking command in '/home/fai/nao_ws/src/nao_qi_ros2_package': DEBUGINFOD_URLS=https://debuginfod.ubuntu.com PYTHONPATH=/home/fai/nao_ws/build/nao_qi_ros2_package/prefix_override:/usr/lib/python3/dist-packages/colcon_core/task/python/colcon_distutils_commands:/home/fai/nao_ws/install/nao_qi_ros2_package/lib/python3.12/site-packages:${PYTHONPATH} /usr/bin/python3 -W ignore:setup.py install is deprecated setup.py egg_info --egg-base ../../build/nao_qi_ros2_package build --build-base /home/fai/nao_ws/build/nao_qi_ros2_package/build install --record /home/fai/nao_ws/build/nao_qi_ros2_package/install.log --single-version-externally-managed install_data
[3.750s] running egg_info
[3.816s] writing ../../build/nao_qi_ros2_package/nao_qi_ros2_package.egg-info/PKG-INFO
[3.817s] writing dependency_links to ../../build/nao_qi_ros2_package/nao_qi_ros2_package.egg-info/dependency_links.txt
[3.818s] writing entry points to ../../build/nao_qi_ros2_package/nao_qi_ros2_package.egg-info/entry_points.txt
[3.818s] writing requirements to ../../build/nao_qi_ros2_package/nao_qi_ros2_package.egg-info/requires.txt
[3.818s] writing top-level names to ../../build/nao_qi_ros2_package/nao_qi_ros2_package.egg-info/top_level.txt
[3.951s] reading manifest file '../../build/nao_qi_ros2_package/nao_qi_ros2_package.egg-info/SOURCES.txt'
[3.954s] writing manifest file '../../build/nao_qi_ros2_package/nao_qi_ros2_package.egg-info/SOURCES.txt'
[3.954s] running build
[3.954s] running build_py
[3.956s] running install
[3.976s] running install_lib
[4.047s] running install_data
[4.047s] running install_egg_info
[4.116s] removing '/home/fai/nao_ws/install/nao_qi_ros2_package/lib/python3.12/site-packages/nao_qi_ros2_package-0.0.1-py3.12.egg-info' (and everything under it)
[4.118s] Copying ../../build/nao_qi_ros2_package/nao_qi_ros2_package.egg-info to /home/fai/nao_ws/install/nao_qi_ros2_package/lib/python3.12/site-packages/nao_qi_ros2_package-0.0.1-py3.12.egg-info
[4.118s] running install_scripts
[4.528s] Installing nao_talker script to /home/fai/nao_ws/install/nao_qi_ros2_package/lib/nao_qi_ros2_package
[4.528s] writing list of installed files to '/home/fai/nao_ws/build/nao_qi_ros2_package/install.log'
[4.609s] Invoked command in '/home/fai/nao_ws/src/nao_qi_ros2_package' returned '0': DEBUGINFOD_URLS=https://debuginfod.ubuntu.com PYTHONPATH=/home/fai/nao_ws/build/nao_qi_ros2_package/prefix_override:/usr/lib/python3/dist-packages/colcon_core/task/python/colcon_distutils_commands:/home/fai/nao_ws/install/nao_qi_ros2_package/lib/python3.12/site-packages:${PYTHONPATH} /usr/bin/python3 -W ignore:setup.py install is deprecated setup.py egg_info --egg-base ../../build/nao_qi_ros2_package build --build-base /home/fai/nao_ws/build/nao_qi_ros2_package/build install --record /home/fai/nao_ws/build/nao_qi_ros2_package/install.log --single-version-externally-managed install_data
