[3.434s] Invoking command in '/home/robotica/nao_ws/src/nao_qi_ros2_package': DEBUGINFOD_URLS=https://debuginfod.ubuntu.com PYTHONPATH=/home/robotica/nao_ws/src/build/nao_qi_ros2_package/prefix_override:/usr/lib/python3/dist-packages/colcon_core/task/python/colcon_distutils_commands:/home/robotica/nao_ws/src/install/nao_qi_ros2_package/lib/python3.12/site-packages:${PYTHONPATH} /usr/bin/python3 -W ignore:setup.py install is deprecated setup.py egg_info --egg-base ../build/nao_qi_ros2_package build --build-base /home/robotica/nao_ws/src/build/nao_qi_ros2_package/build install --record /home/robotica/nao_ws/src/build/nao_qi_ros2_package/install.log --single-version-externally-managed install_data
[4.756s] running egg_info
[4.891s] writing ../build/nao_qi_ros2_package/nao_qi_ros2_package.egg-info/PKG-INFO
[4.892s] writing dependency_links to ../build/nao_qi_ros2_package/nao_qi_ros2_package.egg-info/dependency_links.txt
[4.894s] writing entry points to ../build/nao_qi_ros2_package/nao_qi_ros2_package.egg-info/entry_points.txt
[4.894s] writing requirements to ../build/nao_qi_ros2_package/nao_qi_ros2_package.egg-info/requires.txt
[4.906s] writing top-level names to ../build/nao_qi_ros2_package/nao_qi_ros2_package.egg-info/top_level.txt
[5.106s] reading manifest file '../build/nao_qi_ros2_package/nao_qi_ros2_package.egg-info/SOURCES.txt'
[5.109s] writing manifest file '../build/nao_qi_ros2_package/nao_qi_ros2_package.egg-info/SOURCES.txt'
[5.111s] running build
[5.111s] running build_py
[5.111s] running install
[5.140s] running install_lib
[5.234s] running install_data
[5.235s] running install_egg_info
[5.306s] removing '/home/robotica/nao_ws/src/install/nao_qi_ros2_package/lib/python3.12/site-packages/nao_qi_ros2_package-0.0.1-py3.12.egg-info' (and everything under it)
[5.306s] Copying ../build/nao_qi_ros2_package/nao_qi_ros2_package.egg-info to /home/robotica/nao_ws/src/install/nao_qi_ros2_package/lib/python3.12/site-packages/nao_qi_ros2_package-0.0.1-py3.12.egg-info
[5.309s] running install_scripts
[5.800s] Installing nao_talker script to /home/robotica/nao_ws/src/install/nao_qi_ros2_package/lib/nao_qi_ros2_package
[5.801s] writing list of installed files to '/home/robotica/nao_ws/src/build/nao_qi_ros2_package/install.log'
[5.894s] Invoked command in '/home/robotica/nao_ws/src/nao_qi_ros2_package' returned '0': DEBUGINFOD_URLS=https://debuginfod.ubuntu.com PYTHONPATH=/home/robotica/nao_ws/src/build/nao_qi_ros2_package/prefix_override:/usr/lib/python3/dist-packages/colcon_core/task/python/colcon_distutils_commands:/home/robotica/nao_ws/src/install/nao_qi_ros2_package/lib/python3.12/site-packages:${PYTHONPATH} /usr/bin/python3 -W ignore:setup.py install is deprecated setup.py egg_info --egg-base ../build/nao_qi_ros2_package build --build-base /home/robotica/nao_ws/src/build/nao_qi_ros2_package/build install --record /home/robotica/nao_ws/src/build/nao_qi_ros2_package/install.log --single-version-externally-managed install_data
