[2.938s] Invoking command in '/home/robotica/nao_ws/src/navigation': CMAKE_PREFIX_PATH=/home/robotica/nao_ws/src/install/navigation_interfaces:/home/robotica/nao_ws/src/install/speech_interfaces:/home/robotica/nao_ws/src/install/perception_interfaces:/home/robotica/nao_ws/src/install/manipulation_interfaces:/home/robotica/nao_ws/install/speech_interfaces:/home/robotica/nao_ws/install/perception_interfaces:/home/robotica/nao_ws/install/navigation_interfaces:/home/robotica/nao_ws/install/manipulation_interfaces:/opt/ros/jazzy/opt/gz_math_vendor:/opt/ros/jazzy/opt/gz_utils_vendor:/opt/ros/jazzy/opt/gz_cmake_vendor DEBUGINFOD_URLS=https://debuginfod.ubuntu.com LD_LIBRARY_PATH=/home/robotica/nao_ws/src/install/navigation_interfaces/lib:/home/robotica/nao_ws/src/install/speech_interfaces/lib:/home/robotica/nao_ws/src/install/perception_interfaces/lib:/home/robotica/nao_ws/src/install/manipulation_interfaces/lib:/home/robotica/nao_ws/install/speech_interfaces/lib:/home/robotica/nao_ws/install/perception_interfaces/lib:/home/robotica/nao_ws/install/navigation_interfaces/lib:/home/robotica/nao_ws/install/manipulation_interfaces/lib:/opt/ros/jazzy/opt/rviz_ogre_vendor/lib:/opt/ros/jazzy/lib/x86_64-linux-gnu:/opt/ros/jazzy/opt/gz_math_vendor/lib:/opt/ros/jazzy/opt/gz_utils_vendor/lib:/opt/ros/jazzy/opt/gz_cmake_vendor/lib:/opt/ros/jazzy/lib PYTHONPATH=/home/robotica/nao_ws/src/build/navigation/prefix_override:/usr/lib/python3/dist-packages/colcon_core/task/python/colcon_distutils_commands:/home/robotica/nao_ws/src/install/navigation/lib/python3.12/site-packages:/home/robotica/nao_ws/src/install/navigation_interfaces/lib/python3.12/site-packages:/home/robotica/nao_ws/src/install/web_controller/lib/python3.12/site-packages:/home/robotica/nao_ws/src/install/speech/lib/python3.12/site-packages:/home/robotica/nao_ws/src/install/integration/lib/python3.12/site-packages:/home/robotica/nao_ws/src/install/speech_interfaces/lib/python3.12/site-packages:/home/robotica/nao_ws/src/install/rest_api/lib/python3.12/site-packages:/home/robotica/nao_ws/src/install/perception/lib/python3.12/site-packages:/home/robotica/nao_ws/src/install/perception_interfaces/lib/python3.12/site-packages:/home/robotica/nao_ws/src/install/navigation/lib/python3.12/site-packages:/home/robotica/nao_ws/src/install/nao_qi_ros2_package/lib/python3.12/site-packages:/home/robotica/nao_ws/src/install/manipulation/lib/python3.12/site-packages:/home/robotica/nao_ws/src/install/manipulation_interfaces/lib/python3.12/site-packages:/home/robotica/nao_ws/install/web_controller/lib/python3.12/site-packages:/home/robotica/nao_ws/install/speech/lib/python3.12/site-packages:/home/robotica/nao_ws/install/integration/lib/python3.12/site-packages:/home/robotica/nao_ws/install/speech_interfaces/lib/python3.12/site-packages:/home/robotica/nao_ws/install/rest_api/lib/python3.12/site-packages:/home/robotica/nao_ws/install/perception/lib/python3.12/site-packages:/home/robotica/nao_ws/install/perception_interfaces/lib/python3.12/site-packages:/home/robotica/nao_ws/install/navigation/lib/python3.12/site-packages:/home/robotica/nao_ws/install/navigation_interfaces/lib/python3.12/site-packages:/home/robotica/nao_ws/install/nao_qi_ros2_package/lib/python3.12/site-packages:/home/robotica/nao_ws/install/manipulation/lib/python3.12/site-packages:/home/robotica/nao_ws/install/manipulation_interfaces/lib/python3.12/site-packages:/opt/ros/jazzy/lib/python3.12/site-packages /usr/bin/python3 -W ignore:setup.py install is deprecated setup.py egg_info --egg-base ../build/navigation build --build-base /home/robotica/nao_ws/src/build/navigation/build install --record /home/robotica/nao_ws/src/build/navigation/install.log --single-version-externally-managed install_data
[5.351s] running egg_info
[5.352s] creating ../build/navigation/navigation.egg-info
[5.520s] writing ../build/navigation/navigation.egg-info/PKG-INFO
[5.520s] writing dependency_links to ../build/navigation/navigation.egg-info/dependency_links.txt
[5.521s] writing entry points to ../build/navigation/navigation.egg-info/entry_points.txt
[5.521s] writing requirements to ../build/navigation/navigation.egg-info/requires.txt
[5.521s] writing top-level names to ../build/navigation/navigation.egg-info/top_level.txt
[5.522s] writing manifest file '../build/navigation/navigation.egg-info/SOURCES.txt'
[5.795s] reading manifest file '../build/navigation/navigation.egg-info/SOURCES.txt'
[5.797s] writing manifest file '../build/navigation/navigation.egg-info/SOURCES.txt'
[5.798s] running build
[5.799s] running build_py
[5.799s] creating /home/robotica/nao_ws/src/build/navigation/build
[5.802s] creating /home/robotica/nao_ws/src/build/navigation/build/lib
[5.802s] creating /home/robotica/nao_ws/src/build/navigation/build/lib/navigation
[5.803s] copying navigation/__init__.py -> /home/robotica/nao_ws/src/build/navigation/build/lib/navigation
[5.803s] copying navigation/navigation_node.py -> /home/robotica/nao_ws/src/build/navigation/build/lib/navigation
[5.803s] running install
[5.822s] running install_lib
[5.894s] creating /home/robotica/nao_ws/src/install/navigation/lib/python3.12/site-packages/navigation
[5.896s] copying /home/robotica/nao_ws/src/build/navigation/build/lib/navigation/__init__.py -> /home/robotica/nao_ws/src/install/navigation/lib/python3.12/site-packages/navigation
[5.897s] copying /home/robotica/nao_ws/src/build/navigation/build/lib/navigation/navigation_node.py -> /home/robotica/nao_ws/src/install/navigation/lib/python3.12/site-packages/navigation
[5.897s] byte-compiling /home/robotica/nao_ws/src/install/navigation/lib/python3.12/site-packages/navigation/__init__.py to __init__.cpython-312.pyc
[5.897s] byte-compiling /home/robotica/nao_ws/src/install/navigation/lib/python3.12/site-packages/navigation/navigation_node.py to navigation_node.cpython-312.pyc
[5.900s] running install_data
[5.901s] creating /home/robotica/nao_ws/src/install/navigation/share/ament_index
[5.902s] creating /home/robotica/nao_ws/src/install/navigation/share/ament_index/resource_index
[5.902s] creating /home/robotica/nao_ws/src/install/navigation/share/ament_index/resource_index/packages
[5.902s] copying resource/navigation -> /home/robotica/nao_ws/src/install/navigation/share/ament_index/resource_index/packages
[5.903s] copying package.xml -> /home/robotica/nao_ws/src/install/navigation/share/navigation
[5.903s] running install_egg_info
[5.982s] Copying ../build/navigation/navigation.egg-info to /home/robotica/nao_ws/src/install/navigation/lib/python3.12/site-packages/navigation-0.0.0-py3.12.egg-info
[5.985s] running install_scripts
[6.953s] Installing navigation_node script to /home/robotica/nao_ws/src/install/navigation/lib/navigation
[6.953s] writing list of installed files to '/home/robotica/nao_ws/src/build/navigation/install.log'
[7.059s] Invoked command in '/home/robotica/nao_ws/src/navigation' returned '0': CMAKE_PREFIX_PATH=/home/robotica/nao_ws/src/install/navigation_interfaces:/home/robotica/nao_ws/src/install/speech_interfaces:/home/robotica/nao_ws/src/install/perception_interfaces:/home/robotica/nao_ws/src/install/manipulation_interfaces:/home/robotica/nao_ws/install/speech_interfaces:/home/robotica/nao_ws/install/perception_interfaces:/home/robotica/nao_ws/install/navigation_interfaces:/home/robotica/nao_ws/install/manipulation_interfaces:/opt/ros/jazzy/opt/gz_math_vendor:/opt/ros/jazzy/opt/gz_utils_vendor:/opt/ros/jazzy/opt/gz_cmake_vendor DEBUGINFOD_URLS=https://debuginfod.ubuntu.com LD_LIBRARY_PATH=/home/robotica/nao_ws/src/install/navigation_interfaces/lib:/home/robotica/nao_ws/src/install/speech_interfaces/lib:/home/robotica/nao_ws/src/install/perception_interfaces/lib:/home/robotica/nao_ws/src/install/manipulation_interfaces/lib:/home/robotica/nao_ws/install/speech_interfaces/lib:/home/robotica/nao_ws/install/perception_interfaces/lib:/home/robotica/nao_ws/install/navigation_interfaces/lib:/home/robotica/nao_ws/install/manipulation_interfaces/lib:/opt/ros/jazzy/opt/rviz_ogre_vendor/lib:/opt/ros/jazzy/lib/x86_64-linux-gnu:/opt/ros/jazzy/opt/gz_math_vendor/lib:/opt/ros/jazzy/opt/gz_utils_vendor/lib:/opt/ros/jazzy/opt/gz_cmake_vendor/lib:/opt/ros/jazzy/lib PYTHONPATH=/home/robotica/nao_ws/src/build/navigation/prefix_override:/usr/lib/python3/dist-packages/colcon_core/task/python/colcon_distutils_commands:/home/robotica/nao_ws/src/install/navigation/lib/python3.12/site-packages:/home/robotica/nao_ws/src/install/navigation_interfaces/lib/python3.12/site-packages:/home/robotica/nao_ws/src/install/web_controller/lib/python3.12/site-packages:/home/robotica/nao_ws/src/install/speech/lib/python3.12/site-packages:/home/robotica/nao_ws/src/install/integration/lib/python3.12/site-packages:/home/robotica/nao_ws/src/install/speech_interfaces/lib/python3.12/site-packages:/home/robotica/nao_ws/src/install/rest_api/lib/python3.12/site-packages:/home/robotica/nao_ws/src/install/perception/lib/python3.12/site-packages:/home/robotica/nao_ws/src/install/perception_interfaces/lib/python3.12/site-packages:/home/robotica/nao_ws/src/install/navigation/lib/python3.12/site-packages:/home/robotica/nao_ws/src/install/nao_qi_ros2_package/lib/python3.12/site-packages:/home/robotica/nao_ws/src/install/manipulation/lib/python3.12/site-packages:/home/robotica/nao_ws/src/install/manipulation_interfaces/lib/python3.12/site-packages:/home/robotica/nao_ws/install/web_controller/lib/python3.12/site-packages:/home/robotica/nao_ws/install/speech/lib/python3.12/site-packages:/home/robotica/nao_ws/install/integration/lib/python3.12/site-packages:/home/robotica/nao_ws/install/speech_interfaces/lib/python3.12/site-packages:/home/robotica/nao_ws/install/rest_api/lib/python3.12/site-packages:/home/robotica/nao_ws/install/perception/lib/python3.12/site-packages:/home/robotica/nao_ws/install/perception_interfaces/lib/python3.12/site-packages:/home/robotica/nao_ws/install/navigation/lib/python3.12/site-packages:/home/robotica/nao_ws/install/navigation_interfaces/lib/python3.12/site-packages:/home/robotica/nao_ws/install/nao_qi_ros2_package/lib/python3.12/site-packages:/home/robotica/nao_ws/install/manipulation/lib/python3.12/site-packages:/home/robotica/nao_ws/install/manipulation_interfaces/lib/python3.12/site-packages:/opt/ros/jazzy/lib/python3.12/site-packages /usr/bin/python3 -W ignore:setup.py install is deprecated setup.py egg_info --egg-base ../build/navigation build --build-base /home/robotica/nao_ws/src/build/navigation/build install --record /home/robotica/nao_ws/src/build/navigation/install.log --single-version-externally-managed install_data
