[0.036s] Invoking command in '/home/fai/nao_ws/build/perception_interfaces': CMAKE_PREFIX_PATH=${CMAKE_PREFIX_PATH}:/home/fai/nao_ws/install/nao_tasks:/home/fai/nao_ws/install/web_controller:/home/fai/nao_ws/install/speech:/home/fai/nao_ws/install/integration:/home/fai/nao_ws/install/perception:/home/fai/nao_ws/install/navigation:/home/fai/nao_ws/install/nao_qi_ros2_package:/home/fai/nao_ws/install/manipulation:/opt/ros/jazzy DEBUGINFOD_URLS=https://debuginfod.ubuntu.com /usr/bin/cmake /home/fai/nao_ws/src/perception_interfaces -DCMAKE_INSTALL_PREFIX=/home/fai/nao_ws/install/perception_interfaces
[0.201s] -- The C compiler identification is GNU 13.2.0
[0.363s] -- The CXX compiler identification is GNU 13.2.0
[0.404s] -- Detecting C compiler ABI info
[0.626s] -- Detecting C compiler ABI info - done
[0.660s] -- Check for working C compiler: /usr/bin/cc - skipped
[0.660s] -- Detecting C compile features
[0.665s] -- Detecting C compile features - done
[0.687s] -- Detecting CXX compiler ABI info
[0.957s] -- Detecting CXX compiler ABI info - done
[0.999s] -- Check for working CXX compiler: /usr/bin/c++ - skipped
[0.999s] -- Detecting CXX compile features
[1.000s] -- Detecting CXX compile features - done
[1.008s] -- Found ament_cmake: 2.5.2 (/opt/ros/jazzy/share/ament_cmake/cmake)
[1.440s] -- Found Python3: /usr/bin/python3 (found version "3.12.3") found components: Interpreter 
[1.736s] -- Found rosidl_default_generators: 1.6.0 (/opt/ros/jazzy/share/rosidl_default_generators/cmake)
[1.755s] -- Using all available rosidl_typesupport_c: rosidl_typesupport_fastrtps_c;rosidl_typesupport_introspection_c
[1.909s] -- Using all available rosidl_typesupport_cpp: rosidl_typesupport_fastrtps_cpp;rosidl_typesupport_introspection_cpp
[2.038s] -- Found rosidl_adapter: 4.6.4 (/opt/ros/jazzy/share/rosidl_adapter/cmake)
[2.056s] -- Found geometry_msgs: 5.3.5 (/opt/ros/jazzy/share/geometry_msgs/cmake)
[4.153s] -- Found ament_cmake_ros: 0.12.0 (/opt/ros/jazzy/share/ament_cmake_ros/cmake)
[6.318s] -- Using all available rosidl_typesupport_c: rosidl_typesupport_fastrtps_c;rosidl_typesupport_introspection_c
[9.167s] -- Using all available rosidl_typesupport_cpp: rosidl_typesupport_fastrtps_cpp;rosidl_typesupport_introspection_cpp
[9.173s] -- Found python_cmake_module: 0.11.1 (/opt/ros/jazzy/share/python_cmake_module/cmake)
[9.694s] -- Found PythonExtra: /usr/bin/python3  
[11.165s] -- Found Python3: /usr/bin/python3 (found version "3.12.3") found components: Interpreter Development NumPy Development.Module Development.Embed 
[11.409s] -- Found ament_lint_auto: 0.17.1 (/opt/ros/jazzy/share/ament_lint_auto/cmake)
[11.430s] -- Configuring done (11.4s)
[11.548s] -- Generating done (0.1s)
[11.562s] -- Build files have been written to: /home/fai/nao_ws/build/perception_interfaces
[11.595s] Invoked command in '/home/fai/nao_ws/build/perception_interfaces' returned '0': CMAKE_PREFIX_PATH=${CMAKE_PREFIX_PATH}:/home/fai/nao_ws/install/nao_tasks:/home/fai/nao_ws/install/web_controller:/home/fai/nao_ws/install/speech:/home/fai/nao_ws/install/integration:/home/fai/nao_ws/install/perception:/home/fai/nao_ws/install/navigation:/home/fai/nao_ws/install/nao_qi_ros2_package:/home/fai/nao_ws/install/manipulation:/opt/ros/jazzy DEBUGINFOD_URLS=https://debuginfod.ubuntu.com /usr/bin/cmake /home/fai/nao_ws/src/perception_interfaces -DCMAKE_INSTALL_PREFIX=/home/fai/nao_ws/install/perception_interfaces
[11.597s] Invoking command in '/home/fai/nao_ws/build/perception_interfaces': CMAKE_PREFIX_PATH=${CMAKE_PREFIX_PATH}:/home/fai/nao_ws/install/nao_tasks:/home/fai/nao_ws/install/web_controller:/home/fai/nao_ws/install/speech:/home/fai/nao_ws/install/integration:/home/fai/nao_ws/install/perception:/home/fai/nao_ws/install/navigation:/home/fai/nao_ws/install/nao_qi_ros2_package:/home/fai/nao_ws/install/manipulation:/opt/ros/jazzy DEBUGINFOD_URLS=https://debuginfod.ubuntu.com /usr/bin/cmake --build /home/fai/nao_ws/build/perception_interfaces -- -j4 -l4
[11.820s] [  2%] [34m[1mGenerating type hashes for ROS interfaces[0m
[11.877s] [  2%] Built target ament_cmake_python_copy_perception_interfaces
[12.838s] running egg_info
[12.839s] creating perception_interfaces.egg-info
[12.939s] writing perception_interfaces.egg-info/PKG-INFO
[12.940s] writing dependency_links to perception_interfaces.egg-info/dependency_links.txt
[12.943s] writing top-level names to perception_interfaces.egg-info/top_level.txt
[12.944s] writing manifest file 'perception_interfaces.egg-info/SOURCES.txt'
[13.530s] reading manifest file 'perception_interfaces.egg-info/SOURCES.txt'
[13.533s] [  2%] Built target perception_interfaces__rosidl_generator_type_description
[13.536s] writing manifest file 'perception_interfaces.egg-info/SOURCES.txt'
[13.625s] [  5%] [34m[1mGenerating C code for ROS interfaces[0m
[13.654s] [  8%] [34m[1mGenerating C++ code for ROS interfaces[0m
[13.768s] [  8%] Built target ament_cmake_python_build_perception_interfaces_egg
[15.297s] [ 11%] [32mBuilding C object CMakeFiles/perception_interfaces__rosidl_generator_c.dir/rosidl_generator_c/perception_interfaces/srv/detail/detect_objects__description.c.o[0m
[15.298s] [ 14%] [32mBuilding C object CMakeFiles/perception_interfaces__rosidl_generator_c.dir/rosidl_generator_c/perception_interfaces/srv/detail/detect_objects__type_support.c.o[0m
[15.301s] [ 17%] [32mBuilding C object CMakeFiles/perception_interfaces__rosidl_generator_c.dir/rosidl_generator_c/perception_interfaces/srv/detail/detect_objects__functions.c.o[0m
[16.161s] [ 20%] [32m[1mLinking C shared library libperception_interfaces__rosidl_generator_c.so[0m
[16.368s] [ 20%] Built target perception_interfaces__rosidl_generator_c
[16.424s] [ 23%] [34m[1mGenerating C type support for eProsima Fast-RTPS[0m
[16.436s] [ 26%] [34m[1mGenerating C introspection for ROS interfaces[0m
[16.458s] [ 29%] [34m[1mGenerating C type support dispatch for ROS interfaces[0m
[17.840s] [ 29%] Built target perception_interfaces__cpp
[17.927s] [ 32%] [34m[1mGenerating C++ type support for eProsima Fast-RTPS[0m
[18.668s] [ 35%] [32mBuilding CXX object CMakeFiles/perception_interfaces__rosidl_typesupport_fastrtps_c.dir/rosidl_typesupport_fastrtps_c/perception_interfaces/srv/detail/detect_objects__type_support_c.cpp.o[0m
[19.561s] [ 38%] [32mBuilding C object CMakeFiles/perception_interfaces__rosidl_typesupport_introspection_c.dir/rosidl_typesupport_introspection_c/perception_interfaces/srv/detail/detect_objects__type_support.c.o[0m
[19.690s] [ 41%] [32mBuilding CXX object CMakeFiles/perception_interfaces__rosidl_typesupport_c.dir/rosidl_typesupport_c/perception_interfaces/srv/detect_objects__type_support.cpp.o[0m
[20.017s] [ 44%] [32m[1mLinking C shared library libperception_interfaces__rosidl_typesupport_introspection_c.so[0m
[20.334s] [ 47%] [32m[1mLinking CXX shared library libperception_interfaces__rosidl_typesupport_c.so[0m
[20.363s] [ 47%] Built target perception_interfaces__rosidl_typesupport_introspection_c
[20.463s] [ 50%] [34m[1mGenerating C++ introspection for ROS interfaces[0m
[20.832s] [ 50%] Built target perception_interfaces__rosidl_typesupport_c
[20.883s] [ 52%] [32mBuilding CXX object CMakeFiles/perception_interfaces__rosidl_typesupport_fastrtps_cpp.dir/rosidl_typesupport_fastrtps_cpp/perception_interfaces/srv/detail/dds_fastrtps/detect_objects__type_support.cpp.o[0m
[20.900s] [ 55%] [34m[1mGenerating C++ type support dispatch for ROS interfaces[0m
[23.586s] [ 58%] [32mBuilding CXX object CMakeFiles/perception_interfaces__rosidl_typesupport_cpp.dir/rosidl_typesupport_cpp/perception_interfaces/srv/detect_objects__type_support.cpp.o[0m
[24.784s] [ 61%] [32mBuilding CXX object CMakeFiles/perception_interfaces__rosidl_typesupport_introspection_cpp.dir/rosidl_typesupport_introspection_cpp/perception_interfaces/srv/detail/detect_objects__type_support.cpp.o[0m
[26.692s] [ 64%] [32m[1mLinking CXX shared library libperception_interfaces__rosidl_typesupport_fastrtps_c.so[0m
[27.103s] [ 64%] Built target perception_interfaces__rosidl_typesupport_fastrtps_c
[28.857s] [ 67%] [32m[1mLinking CXX shared library libperception_interfaces__rosidl_typesupport_cpp.so[0m
[30.002s] [ 67%] Built target perception_interfaces__rosidl_typesupport_cpp
[31.038s] [ 70%] [32m[1mLinking CXX shared library libperception_interfaces__rosidl_typesupport_introspection_cpp.so[0m
[32.222s] [ 70%] Built target perception_interfaces__rosidl_typesupport_introspection_cpp
[33.078s] [ 73%] [32m[1mLinking CXX shared library libperception_interfaces__rosidl_typesupport_fastrtps_cpp.so[0m
[33.705s] [ 73%] Built target perception_interfaces__rosidl_typesupport_fastrtps_cpp
[33.895s] [ 73%] Built target perception_interfaces
[34.172s] [ 76%] [34m[1mGenerating Python code for ROS interfaces[0m
[37.836s] [ 76%] Built target perception_interfaces__py
[37.941s] [ 79%] [32mBuilding C object CMakeFiles/perception_interfaces__rosidl_generator_py.dir/rosidl_generator_py/perception_interfaces/srv/_detect_objects_s.c.o[0m
[38.828s] [ 82%] [32m[1mLinking C shared library libperception_interfaces__rosidl_generator_py.so[0m
[39.181s] [ 82%] Built target perception_interfaces__rosidl_generator_py
[39.373s] [ 85%] [32mBuilding C object CMakeFiles/perception_interfaces_s__rosidl_typesupport_fastrtps_c.dir/rosidl_generator_py/perception_interfaces/_perception_interfaces_s.ep.rosidl_typesupport_fastrtps_c.c.o[0m
[40.174s] [ 88%] [32m[1mLinking C shared module rosidl_generator_py/perception_interfaces/perception_interfaces_s__rosidl_typesupport_fastrtps_c.so[0m
[40.336s] [ 88%] Built target perception_interfaces_s__rosidl_typesupport_fastrtps_c
[40.482s] [ 91%] [32mBuilding C object CMakeFiles/perception_interfaces_s__rosidl_typesupport_c.dir/rosidl_generator_py/perception_interfaces/_perception_interfaces_s.ep.rosidl_typesupport_c.c.o[0m
[41.045s] [ 94%] [32m[1mLinking C shared module rosidl_generator_py/perception_interfaces/perception_interfaces_s__rosidl_typesupport_c.so[0m
[41.246s] [ 94%] Built target perception_interfaces_s__rosidl_typesupport_c
[41.334s] [ 97%] [32mBuilding C object CMakeFiles/perception_interfaces_s__rosidl_typesupport_introspection_c.dir/rosidl_generator_py/perception_interfaces/_perception_interfaces_s.ep.rosidl_typesupport_introspection_c.c.o[0m
[41.974s] [100%] [32m[1mLinking C shared module rosidl_generator_py/perception_interfaces/perception_interfaces_s__rosidl_typesupport_introspection_c.so[0m
[42.257s] [100%] Built target perception_interfaces_s__rosidl_typesupport_introspection_c
[42.348s] Invoked command in '/home/fai/nao_ws/build/perception_interfaces' returned '0': CMAKE_PREFIX_PATH=${CMAKE_PREFIX_PATH}:/home/fai/nao_ws/install/nao_tasks:/home/fai/nao_ws/install/web_controller:/home/fai/nao_ws/install/speech:/home/fai/nao_ws/install/integration:/home/fai/nao_ws/install/perception:/home/fai/nao_ws/install/navigation:/home/fai/nao_ws/install/nao_qi_ros2_package:/home/fai/nao_ws/install/manipulation:/opt/ros/jazzy DEBUGINFOD_URLS=https://debuginfod.ubuntu.com /usr/bin/cmake --build /home/fai/nao_ws/build/perception_interfaces -- -j4 -l4
[42.865s] Invoking command in '/home/fai/nao_ws/build/perception_interfaces': CMAKE_PREFIX_PATH=${CMAKE_PREFIX_PATH}:/home/fai/nao_ws/install/nao_tasks:/home/fai/nao_ws/install/web_controller:/home/fai/nao_ws/install/speech:/home/fai/nao_ws/install/integration:/home/fai/nao_ws/install/perception:/home/fai/nao_ws/install/navigation:/home/fai/nao_ws/install/nao_qi_ros2_package:/home/fai/nao_ws/install/manipulation:/opt/ros/jazzy DEBUGINFOD_URLS=https://debuginfod.ubuntu.com /usr/bin/cmake --install /home/fai/nao_ws/build/perception_interfaces
[42.951s] -- Install configuration: ""
[42.952s] -- Installing: /home/fai/nao_ws/install/perception_interfaces/share/ament_index/resource_index/rosidl_interfaces/perception_interfaces
[42.952s] -- Installing: /home/fai/nao_ws/install/perception_interfaces/share/perception_interfaces/srv/DetectObjects.json
[42.952s] -- Installing: /home/fai/nao_ws/install/perception_interfaces/include/perception_interfaces/perception_interfaces
[42.953s] -- Installing: /home/fai/nao_ws/install/perception_interfaces/include/perception_interfaces/perception_interfaces/srv
[42.953s] -- Installing: /home/fai/nao_ws/install/perception_interfaces/include/perception_interfaces/perception_interfaces/srv/detect_objects.h
[42.953s] -- Installing: /home/fai/nao_ws/install/perception_interfaces/include/perception_interfaces/perception_interfaces/srv/detail
[42.960s] -- Installing: /home/fai/nao_ws/install/perception_interfaces/include/perception_interfaces/perception_interfaces/srv/detail/detect_objects__type_support.h
[42.961s] -- Installing: /home/fai/nao_ws/install/perception_interfaces/include/perception_interfaces/perception_interfaces/srv/detail/detect_objects__description.c
[42.962s] -- Installing: /home/fai/nao_ws/install/perception_interfaces/include/perception_interfaces/perception_interfaces/srv/detail/detect_objects__functions.c
[42.962s] -- Installing: /home/fai/nao_ws/install/perception_interfaces/include/perception_interfaces/perception_interfaces/srv/detail/detect_objects__functions.h
[42.962s] -- Installing: /home/fai/nao_ws/install/perception_interfaces/include/perception_interfaces/perception_interfaces/srv/detail/detect_objects__type_support.c
[42.963s] -- Installing: /home/fai/nao_ws/install/perception_interfaces/include/perception_interfaces/perception_interfaces/srv/detail/detect_objects__struct.h
[42.963s] -- Installing: /home/fai/nao_ws/install/perception_interfaces/include/perception_interfaces/perception_interfaces/msg
[42.963s] -- Installing: /home/fai/nao_ws/install/perception_interfaces/include/perception_interfaces/perception_interfaces/msg/rosidl_generator_c__visibility_control.h
[42.978s] -- Installing: /home/fai/nao_ws/install/perception_interfaces/share/perception_interfaces/environment/library_path.sh
[42.978s] -- Installing: /home/fai/nao_ws/install/perception_interfaces/share/perception_interfaces/environment/library_path.dsv
[42.978s] -- Installing: /home/fai/nao_ws/install/perception_interfaces/lib/libperception_interfaces__rosidl_generator_c.so
[42.978s] -- Set non-toolchain portion of runtime path of "/home/fai/nao_ws/install/perception_interfaces/lib/libperception_interfaces__rosidl_generator_c.so" to ""
[42.979s] -- Up-to-date: /home/fai/nao_ws/install/perception_interfaces/include/perception_interfaces/perception_interfaces
[42.979s] -- Up-to-date: /home/fai/nao_ws/install/perception_interfaces/include/perception_interfaces/perception_interfaces/srv
[42.979s] -- Up-to-date: /home/fai/nao_ws/install/perception_interfaces/include/perception_interfaces/perception_interfaces/srv/detail
[42.979s] -- Installing: /home/fai/nao_ws/install/perception_interfaces/include/perception_interfaces/perception_interfaces/srv/detail/detect_objects__rosidl_typesupport_fastrtps_c.h
[42.980s] -- Up-to-date: /home/fai/nao_ws/install/perception_interfaces/include/perception_interfaces/perception_interfaces/msg
[42.980s] -- Installing: /home/fai/nao_ws/install/perception_interfaces/include/perception_interfaces/perception_interfaces/msg/rosidl_typesupport_fastrtps_c__visibility_control.h
[42.980s] -- Installing: /home/fai/nao_ws/install/perception_interfaces/lib/libperception_interfaces__rosidl_typesupport_fastrtps_c.so
[42.994s] -- Set non-toolchain portion of runtime path of "/home/fai/nao_ws/install/perception_interfaces/lib/libperception_interfaces__rosidl_typesupport_fastrtps_c.so" to ""
[42.995s] -- Up-to-date: /home/fai/nao_ws/install/perception_interfaces/include/perception_interfaces/perception_interfaces
[42.995s] -- Up-to-date: /home/fai/nao_ws/install/perception_interfaces/include/perception_interfaces/perception_interfaces/srv
[42.995s] -- Up-to-date: /home/fai/nao_ws/install/perception_interfaces/include/perception_interfaces/perception_interfaces/srv/detail
[42.995s] -- Installing: /home/fai/nao_ws/install/perception_interfaces/include/perception_interfaces/perception_interfaces/srv/detail/detect_objects__rosidl_typesupport_introspection_c.h
[42.996s] -- Installing: /home/fai/nao_ws/install/perception_interfaces/include/perception_interfaces/perception_interfaces/srv/detail/detect_objects__type_support.c
[42.996s] -- Up-to-date: /home/fai/nao_ws/install/perception_interfaces/include/perception_interfaces/perception_interfaces/msg
[42.996s] -- Installing: /home/fai/nao_ws/install/perception_interfaces/include/perception_interfaces/perception_interfaces/msg/rosidl_typesupport_introspection_c__visibility_control.h
[43.008s] -- Installing: /home/fai/nao_ws/install/perception_interfaces/lib/libperception_interfaces__rosidl_typesupport_introspection_c.so
[43.009s] -- Set non-toolchain portion of runtime path of "/home/fai/nao_ws/install/perception_interfaces/lib/libperception_interfaces__rosidl_typesupport_introspection_c.so" to ""
[43.009s] -- Installing: /home/fai/nao_ws/install/perception_interfaces/lib/libperception_interfaces__rosidl_typesupport_c.so
[43.009s] -- Set non-toolchain portion of runtime path of "/home/fai/nao_ws/install/perception_interfaces/lib/libperception_interfaces__rosidl_typesupport_c.so" to ""
[43.010s] -- Up-to-date: /home/fai/nao_ws/install/perception_interfaces/include/perception_interfaces/perception_interfaces
[43.012s] -- Up-to-date: /home/fai/nao_ws/install/perception_interfaces/include/perception_interfaces/perception_interfaces/srv
[43.012s] -- Up-to-date: /home/fai/nao_ws/install/perception_interfaces/include/perception_interfaces/perception_interfaces/srv/detail
[43.012s] -- Installing: /home/fai/nao_ws/install/perception_interfaces/include/perception_interfaces/perception_interfaces/srv/detail/detect_objects__type_support.hpp
[43.022s] -- Installing: /home/fai/nao_ws/install/perception_interfaces/include/perception_interfaces/perception_interfaces/srv/detail/detect_objects__struct.hpp
[43.022s] -- Installing: /home/fai/nao_ws/install/perception_interfaces/include/perception_interfaces/perception_interfaces/srv/detail/detect_objects__builder.hpp
[43.023s] -- Installing: /home/fai/nao_ws/install/perception_interfaces/include/perception_interfaces/perception_interfaces/srv/detail/detect_objects__traits.hpp
[43.023s] -- Installing: /home/fai/nao_ws/install/perception_interfaces/include/perception_interfaces/perception_interfaces/srv/detect_objects.hpp
[43.023s] -- Up-to-date: /home/fai/nao_ws/install/perception_interfaces/include/perception_interfaces/perception_interfaces/msg
[43.027s] -- Installing: /home/fai/nao_ws/install/perception_interfaces/include/perception_interfaces/perception_interfaces/msg/rosidl_generator_cpp__visibility_control.hpp
[43.028s] -- Up-to-date: /home/fai/nao_ws/install/perception_interfaces/include/perception_interfaces/perception_interfaces
[43.028s] -- Up-to-date: /home/fai/nao_ws/install/perception_interfaces/include/perception_interfaces/perception_interfaces/srv
[43.035s] -- Up-to-date: /home/fai/nao_ws/install/perception_interfaces/include/perception_interfaces/perception_interfaces/srv/detail
[43.035s] -- Installing: /home/fai/nao_ws/install/perception_interfaces/include/perception_interfaces/perception_interfaces/srv/detail/detect_objects__rosidl_typesupport_fastrtps_cpp.hpp
[43.035s] -- Installing: /home/fai/nao_ws/install/perception_interfaces/include/perception_interfaces/perception_interfaces/srv/detail/dds_fastrtps
[43.036s] -- Up-to-date: /home/fai/nao_ws/install/perception_interfaces/include/perception_interfaces/perception_interfaces/msg
[43.036s] -- Installing: /home/fai/nao_ws/install/perception_interfaces/include/perception_interfaces/perception_interfaces/msg/rosidl_typesupport_fastrtps_cpp__visibility_control.h
[43.036s] -- Installing: /home/fai/nao_ws/install/perception_interfaces/lib/libperception_interfaces__rosidl_typesupport_fastrtps_cpp.so
[43.037s] -- Set non-toolchain portion of runtime path of "/home/fai/nao_ws/install/perception_interfaces/lib/libperception_interfaces__rosidl_typesupport_fastrtps_cpp.so" to ""
[43.037s] -- Up-to-date: /home/fai/nao_ws/install/perception_interfaces/include/perception_interfaces/perception_interfaces
[43.050s] -- Up-to-date: /home/fai/nao_ws/install/perception_interfaces/include/perception_interfaces/perception_interfaces/srv
[43.050s] -- Up-to-date: /home/fai/nao_ws/install/perception_interfaces/include/perception_interfaces/perception_interfaces/srv/detail
[43.050s] -- Installing: /home/fai/nao_ws/install/perception_interfaces/include/perception_interfaces/perception_interfaces/srv/detail/detect_objects__type_support.cpp
[43.051s] -- Installing: /home/fai/nao_ws/install/perception_interfaces/include/perception_interfaces/perception_interfaces/srv/detail/detect_objects__rosidl_typesupport_introspection_cpp.hpp
[43.056s] -- Installing: /home/fai/nao_ws/install/perception_interfaces/lib/libperception_interfaces__rosidl_typesupport_introspection_cpp.so
[43.056s] -- Set non-toolchain portion of runtime path of "/home/fai/nao_ws/install/perception_interfaces/lib/libperception_interfaces__rosidl_typesupport_introspection_cpp.so" to ""
[43.056s] -- Installing: /home/fai/nao_ws/install/perception_interfaces/lib/libperception_interfaces__rosidl_typesupport_cpp.so
[43.064s] -- Set non-toolchain portion of runtime path of "/home/fai/nao_ws/install/perception_interfaces/lib/libperception_interfaces__rosidl_typesupport_cpp.so" to ""
[43.065s] -- Installing: /home/fai/nao_ws/install/perception_interfaces/share/perception_interfaces/environment/pythonpath.sh
[43.065s] -- Installing: /home/fai/nao_ws/install/perception_interfaces/share/perception_interfaces/environment/pythonpath.dsv
[43.065s] -- Installing: /home/fai/nao_ws/install/perception_interfaces/lib/python3.12/site-packages/perception_interfaces-0.0.1-py3.12.egg-info
[43.066s] -- Installing: /home/fai/nao_ws/install/perception_interfaces/lib/python3.12/site-packages/perception_interfaces-0.0.1-py3.12.egg-info/PKG-INFO
[43.066s] -- Installing: /home/fai/nao_ws/install/perception_interfaces/lib/python3.12/site-packages/perception_interfaces-0.0.1-py3.12.egg-info/top_level.txt
[43.066s] -- Installing: /home/fai/nao_ws/install/perception_interfaces/lib/python3.12/site-packages/perception_interfaces-0.0.1-py3.12.egg-info/dependency_links.txt
[43.066s] -- Installing: /home/fai/nao_ws/install/perception_interfaces/lib/python3.12/site-packages/perception_interfaces-0.0.1-py3.12.egg-info/SOURCES.txt
[43.067s] -- Installing: /home/fai/nao_ws/install/perception_interfaces/lib/python3.12/site-packages/perception_interfaces
[43.067s] -- Installing: /home/fai/nao_ws/install/perception_interfaces/lib/python3.12/site-packages/perception_interfaces/_perception_interfaces_s.ep.rosidl_typesupport_introspection_c.c
[43.067s] -- Installing: /home/fai/nao_ws/install/perception_interfaces/lib/python3.12/site-packages/perception_interfaces/srv
[43.078s] -- Installing: /home/fai/nao_ws/install/perception_interfaces/lib/python3.12/site-packages/perception_interfaces/srv/_detect_objects_s.c
[43.078s] -- Installing: /home/fai/nao_ws/install/perception_interfaces/lib/python3.12/site-packages/perception_interfaces/srv/_detect_objects.py
[43.079s] -- Installing: /home/fai/nao_ws/install/perception_interfaces/lib/python3.12/site-packages/perception_interfaces/srv/__init__.py
[43.079s] -- Installing: /home/fai/nao_ws/install/perception_interfaces/lib/python3.12/site-packages/perception_interfaces/perception_interfaces_s__rosidl_typesupport_fastrtps_c.so
[43.079s] -- Installing: /home/fai/nao_ws/install/perception_interfaces/lib/python3.12/site-packages/perception_interfaces/_perception_interfaces_s.ep.rosidl_typesupport_c.c
[43.079s] -- Installing: /home/fai/nao_ws/install/perception_interfaces/lib/python3.12/site-packages/perception_interfaces/perception_interfaces_s__rosidl_typesupport_introspection_c.so
[43.080s] -- Installing: /home/fai/nao_ws/install/perception_interfaces/lib/python3.12/site-packages/perception_interfaces/perception_interfaces_s__rosidl_typesupport_c.so
[43.080s] -- Installing: /home/fai/nao_ws/install/perception_interfaces/lib/python3.12/site-packages/perception_interfaces/__init__.py
[43.080s] -- Installing: /home/fai/nao_ws/install/perception_interfaces/lib/python3.12/site-packages/perception_interfaces/_perception_interfaces_s.ep.rosidl_typesupport_fastrtps_c.c
[43.283s] Listing '/home/fai/nao_ws/install/perception_interfaces/lib/python3.12/site-packages/perception_interfaces'...
[43.284s] Compiling '/home/fai/nao_ws/install/perception_interfaces/lib/python3.12/site-packages/perception_interfaces/__init__.py'...
[43.284s] Listing '/home/fai/nao_ws/install/perception_interfaces/lib/python3.12/site-packages/perception_interfaces/srv'...
[43.285s] Compiling '/home/fai/nao_ws/install/perception_interfaces/lib/python3.12/site-packages/perception_interfaces/srv/__init__.py'...
[43.285s] Compiling '/home/fai/nao_ws/install/perception_interfaces/lib/python3.12/site-packages/perception_interfaces/srv/_detect_objects.py'...
[43.309s] -- Installing: /home/fai/nao_ws/install/perception_interfaces/lib/python3.12/site-packages/perception_interfaces/perception_interfaces_s__rosidl_typesupport_fastrtps_c.so
[43.309s] -- Set non-toolchain portion of runtime path of "/home/fai/nao_ws/install/perception_interfaces/lib/python3.12/site-packages/perception_interfaces/perception_interfaces_s__rosidl_typesupport_fastrtps_c.so" to ""
[43.313s] -- Installing: /home/fai/nao_ws/install/perception_interfaces/lib/python3.12/site-packages/perception_interfaces/perception_interfaces_s__rosidl_typesupport_introspection_c.so
[43.315s] -- Set non-toolchain portion of runtime path of "/home/fai/nao_ws/install/perception_interfaces/lib/python3.12/site-packages/perception_interfaces/perception_interfaces_s__rosidl_typesupport_introspection_c.so" to ""
[43.320s] -- Installing: /home/fai/nao_ws/install/perception_interfaces/lib/python3.12/site-packages/perception_interfaces/perception_interfaces_s__rosidl_typesupport_c.so
[43.321s] -- Set non-toolchain portion of runtime path of "/home/fai/nao_ws/install/perception_interfaces/lib/python3.12/site-packages/perception_interfaces/perception_interfaces_s__rosidl_typesupport_c.so" to ""
[43.324s] -- Installing: /home/fai/nao_ws/install/perception_interfaces/lib/libperception_interfaces__rosidl_generator_py.so
[43.342s] -- Set non-toolchain portion of runtime path of "/home/fai/nao_ws/install/perception_interfaces/lib/libperception_interfaces__rosidl_generator_py.so" to ""
[43.344s] -- Installing: /home/fai/nao_ws/install/perception_interfaces/share/perception_interfaces/srv/DetectObjects.idl
[43.346s] -- Installing: /home/fai/nao_ws/install/perception_interfaces/share/perception_interfaces/srv/DetectObjects.srv
[43.354s] -- Installing: /home/fai/nao_ws/install/perception_interfaces/share/ament_index/resource_index/package_run_dependencies/perception_interfaces
[43.354s] -- Installing: /home/fai/nao_ws/install/perception_interfaces/share/ament_index/resource_index/parent_prefix_path/perception_interfaces
[43.359s] -- Installing: /home/fai/nao_ws/install/perception_interfaces/share/perception_interfaces/environment/ament_prefix_path.sh
[43.359s] -- Installing: /home/fai/nao_ws/install/perception_interfaces/share/perception_interfaces/environment/ament_prefix_path.dsv
[43.364s] -- Installing: /home/fai/nao_ws/install/perception_interfaces/share/perception_interfaces/environment/path.sh
[43.370s] -- Installing: /home/fai/nao_ws/install/perception_interfaces/share/perception_interfaces/environment/path.dsv
[43.370s] -- Installing: /home/fai/nao_ws/install/perception_interfaces/share/perception_interfaces/local_setup.bash
[43.371s] -- Installing: /home/fai/nao_ws/install/perception_interfaces/share/perception_interfaces/local_setup.sh
[43.371s] -- Installing: /home/fai/nao_ws/install/perception_interfaces/share/perception_interfaces/local_setup.zsh
[43.371s] -- Installing: /home/fai/nao_ws/install/perception_interfaces/share/perception_interfaces/local_setup.dsv
[43.373s] -- Installing: /home/fai/nao_ws/install/perception_interfaces/share/perception_interfaces/package.dsv
[43.374s] -- Installing: /home/fai/nao_ws/install/perception_interfaces/share/ament_index/resource_index/packages/perception_interfaces
[43.375s] -- Installing: /home/fai/nao_ws/install/perception_interfaces/share/perception_interfaces/cmake/export_perception_interfaces__rosidl_generator_cExport.cmake
[43.383s] -- Installing: /home/fai/nao_ws/install/perception_interfaces/share/perception_interfaces/cmake/export_perception_interfaces__rosidl_generator_cExport-noconfig.cmake
[43.383s] -- Installing: /home/fai/nao_ws/install/perception_interfaces/share/perception_interfaces/cmake/export_perception_interfaces__rosidl_typesupport_fastrtps_cExport.cmake
[43.383s] -- Installing: /home/fai/nao_ws/install/perception_interfaces/share/perception_interfaces/cmake/export_perception_interfaces__rosidl_typesupport_fastrtps_cExport-noconfig.cmake
[43.383s] -- Installing: /home/fai/nao_ws/install/perception_interfaces/share/perception_interfaces/cmake/perception_interfaces__rosidl_typesupport_introspection_cExport.cmake
[43.384s] -- Installing: /home/fai/nao_ws/install/perception_interfaces/share/perception_interfaces/cmake/perception_interfaces__rosidl_typesupport_introspection_cExport-noconfig.cmake
[43.388s] -- Installing: /home/fai/nao_ws/install/perception_interfaces/share/perception_interfaces/cmake/perception_interfaces__rosidl_typesupport_cExport.cmake
[43.392s] -- Installing: /home/fai/nao_ws/install/perception_interfaces/share/perception_interfaces/cmake/perception_interfaces__rosidl_typesupport_cExport-noconfig.cmake
[43.397s] -- Installing: /home/fai/nao_ws/install/perception_interfaces/share/perception_interfaces/cmake/export_perception_interfaces__rosidl_generator_cppExport.cmake
[43.403s] -- Installing: /home/fai/nao_ws/install/perception_interfaces/share/perception_interfaces/cmake/export_perception_interfaces__rosidl_typesupport_fastrtps_cppExport.cmake
[43.405s] -- Installing: /home/fai/nao_ws/install/perception_interfaces/share/perception_interfaces/cmake/export_perception_interfaces__rosidl_typesupport_fastrtps_cppExport-noconfig.cmake
[43.405s] -- Installing: /home/fai/nao_ws/install/perception_interfaces/share/perception_interfaces/cmake/perception_interfaces__rosidl_typesupport_introspection_cppExport.cmake
[43.406s] -- Installing: /home/fai/nao_ws/install/perception_interfaces/share/perception_interfaces/cmake/perception_interfaces__rosidl_typesupport_introspection_cppExport-noconfig.cmake
[43.409s] -- Installing: /home/fai/nao_ws/install/perception_interfaces/share/perception_interfaces/cmake/perception_interfaces__rosidl_typesupport_cppExport.cmake
[43.412s] -- Installing: /home/fai/nao_ws/install/perception_interfaces/share/perception_interfaces/cmake/perception_interfaces__rosidl_typesupport_cppExport-noconfig.cmake
[43.412s] -- Installing: /home/fai/nao_ws/install/perception_interfaces/share/perception_interfaces/cmake/export_perception_interfaces__rosidl_generator_pyExport.cmake
[43.412s] -- Installing: /home/fai/nao_ws/install/perception_interfaces/share/perception_interfaces/cmake/export_perception_interfaces__rosidl_generator_pyExport-noconfig.cmake
[43.415s] -- Installing: /home/fai/nao_ws/install/perception_interfaces/share/perception_interfaces/cmake/rosidl_cmake-extras.cmake
[43.415s] -- Installing: /home/fai/nao_ws/install/perception_interfaces/share/perception_interfaces/cmake/ament_cmake_export_dependencies-extras.cmake
[43.425s] -- Installing: /home/fai/nao_ws/install/perception_interfaces/share/perception_interfaces/cmake/ament_cmake_export_include_directories-extras.cmake
[43.427s] -- Installing: /home/fai/nao_ws/install/perception_interfaces/share/perception_interfaces/cmake/ament_cmake_export_libraries-extras.cmake
[43.427s] -- Installing: /home/fai/nao_ws/install/perception_interfaces/share/perception_interfaces/cmake/ament_cmake_export_targets-extras.cmake
[43.427s] -- Installing: /home/fai/nao_ws/install/perception_interfaces/share/perception_interfaces/cmake/rosidl_cmake_export_typesupport_targets-extras.cmake
[43.427s] -- Installing: /home/fai/nao_ws/install/perception_interfaces/share/perception_interfaces/cmake/rosidl_cmake_export_typesupport_libraries-extras.cmake
[43.428s] -- Installing: /home/fai/nao_ws/install/perception_interfaces/share/perception_interfaces/cmake/perception_interfacesConfig.cmake
[43.428s] -- Installing: /home/fai/nao_ws/install/perception_interfaces/share/perception_interfaces/cmake/perception_interfacesConfig-version.cmake
[43.428s] -- Installing: /home/fai/nao_ws/install/perception_interfaces/share/perception_interfaces/package.xml
[43.449s] Invoked command in '/home/fai/nao_ws/build/perception_interfaces' returned '0': CMAKE_PREFIX_PATH=${CMAKE_PREFIX_PATH}:/home/fai/nao_ws/install/nao_tasks:/home/fai/nao_ws/install/web_controller:/home/fai/nao_ws/install/speech:/home/fai/nao_ws/install/integration:/home/fai/nao_ws/install/perception:/home/fai/nao_ws/install/navigation:/home/fai/nao_ws/install/nao_qi_ros2_package:/home/fai/nao_ws/install/manipulation:/opt/ros/jazzy DEBUGINFOD_URLS=https://debuginfod.ubuntu.com /usr/bin/cmake --install /home/fai/nao_ws/build/perception_interfaces
