[0.036s] Invoking command in '/home/fai/nao_ws/build/speech_interfaces': CMAKE_PREFIX_PATH=${CMAKE_PREFIX_PATH}:/home/fai/nao_ws/install/nao_tasks:/home/fai/nao_ws/install/web_controller:/home/fai/nao_ws/install/speech:/home/fai/nao_ws/install/integration:/home/fai/nao_ws/install/perception:/home/fai/nao_ws/install/navigation:/home/fai/nao_ws/install/nao_qi_ros2_package:/home/fai/nao_ws/install/manipulation:/opt/ros/jazzy DEBUGINFOD_URLS=https://debuginfod.ubuntu.com /usr/bin/cmake --build /home/fai/nao_ws/build/speech_interfaces -- -j4 -l4
[0.212s] [  2%] Built target speech_interfaces__rosidl_generator_type_description
[0.284s] [  2%] Built target ament_cmake_python_copy_speech_interfaces
[0.336s] [  4%] Built target speech_interfaces__cpp
[0.374s] [ 22%] Built target speech_interfaces__rosidl_generator_c
[0.592s] [ 31%] Built target speech_interfaces__rosidl_typesupport_cpp
[0.593s] [ 40%] Built target speech_interfaces__rosidl_typesupport_fastrtps_cpp
[0.609s] [ 50%] Built target speech_interfaces__rosidl_typesupport_introspection_cpp
[0.794s] [ 59%] Built target speech_interfaces__rosidl_typesupport_fastrtps_c
[0.797s] [ 68%] Built target speech_interfaces__rosidl_typesupport_introspection_c
[0.821s] [ 77%] Built target speech_interfaces__rosidl_typesupport_c
[0.910s] [ 77%] Built target speech_interfaces
[1.000s] [ 79%] Built target speech_interfaces__py
[1.115s] [ 86%] Built target speech_interfaces__rosidl_generator_py
[1.282s] [ 90%] Built target speech_interfaces_s__rosidl_typesupport_introspection_c
[1.287s] [ 95%] Built target speech_interfaces_s__rosidl_typesupport_fastrtps_c
[1.362s] [100%] Built target speech_interfaces_s__rosidl_typesupport_c
[1.675s] running egg_info
[1.742s] writing speech_interfaces.egg-info/PKG-INFO
[1.743s] writing dependency_links to speech_interfaces.egg-info/dependency_links.txt
[1.744s] writing top-level names to speech_interfaces.egg-info/top_level.txt
[1.941s] reading manifest file 'speech_interfaces.egg-info/SOURCES.txt'
[1.942s] writing manifest file 'speech_interfaces.egg-info/SOURCES.txt'
[2.016s] [100%] Built target ament_cmake_python_build_speech_interfaces_egg
[2.049s] Invoked command in '/home/fai/nao_ws/build/speech_interfaces' returned '0': CMAKE_PREFIX_PATH=${CMAKE_PREFIX_PATH}:/home/fai/nao_ws/install/nao_tasks:/home/fai/nao_ws/install/web_controller:/home/fai/nao_ws/install/speech:/home/fai/nao_ws/install/integration:/home/fai/nao_ws/install/perception:/home/fai/nao_ws/install/navigation:/home/fai/nao_ws/install/nao_qi_ros2_package:/home/fai/nao_ws/install/manipulation:/opt/ros/jazzy DEBUGINFOD_URLS=https://debuginfod.ubuntu.com /usr/bin/cmake --build /home/fai/nao_ws/build/speech_interfaces -- -j4 -l4
[2.292s] Invoking command in '/home/fai/nao_ws/build/speech_interfaces': CMAKE_PREFIX_PATH=${CMAKE_PREFIX_PATH}:/home/fai/nao_ws/install/nao_tasks:/home/fai/nao_ws/install/web_controller:/home/fai/nao_ws/install/speech:/home/fai/nao_ws/install/integration:/home/fai/nao_ws/install/perception:/home/fai/nao_ws/install/navigation:/home/fai/nao_ws/install/nao_qi_ros2_package:/home/fai/nao_ws/install/manipulation:/opt/ros/jazzy DEBUGINFOD_URLS=https://debuginfod.ubuntu.com /usr/bin/cmake --install /home/fai/nao_ws/build/speech_interfaces
[2.319s] -- Install configuration: ""
[2.321s] -- Up-to-date: /home/fai/nao_ws/install/speech_interfaces/share/ament_index/resource_index/rosidl_interfaces/speech_interfaces
[2.321s] -- Up-to-date: /home/fai/nao_ws/install/speech_interfaces/share/speech_interfaces/srv/Speak.json
[2.324s] -- Up-to-date: /home/fai/nao_ws/install/speech_interfaces/share/speech_interfaces/srv/PlaySong.json
[2.326s] -- Up-to-date: /home/fai/nao_ws/install/speech_interfaces/include/speech_interfaces/speech_interfaces
[2.327s] -- Up-to-date: /home/fai/nao_ws/install/speech_interfaces/include/speech_interfaces/speech_interfaces/srv
[2.329s] -- Up-to-date: /home/fai/nao_ws/install/speech_interfaces/include/speech_interfaces/speech_interfaces/srv/play_song.h
[2.329s] -- Up-to-date: /home/fai/nao_ws/install/speech_interfaces/include/speech_interfaces/speech_interfaces/srv/speak.h
[2.333s] -- Up-to-date: /home/fai/nao_ws/install/speech_interfaces/include/speech_interfaces/speech_interfaces/srv/detail
[2.333s] -- Up-to-date: /home/fai/nao_ws/install/speech_interfaces/include/speech_interfaces/speech_interfaces/srv/detail/play_song__functions.h
[2.336s] -- Installing: /home/fai/nao_ws/install/speech_interfaces/include/speech_interfaces/speech_interfaces/srv/detail/play_song__type_support.c
[2.338s] -- Up-to-date: /home/fai/nao_ws/install/speech_interfaces/include/speech_interfaces/speech_interfaces/srv/detail/speak__functions.h
[2.338s] -- Up-to-date: /home/fai/nao_ws/install/speech_interfaces/include/speech_interfaces/speech_interfaces/srv/detail/play_song__functions.c
[2.339s] -- Installing: /home/fai/nao_ws/install/speech_interfaces/include/speech_interfaces/speech_interfaces/srv/detail/speak__type_support.c
[2.339s] -- Up-to-date: /home/fai/nao_ws/install/speech_interfaces/include/speech_interfaces/speech_interfaces/srv/detail/play_song__type_support.h
[2.339s] -- Up-to-date: /home/fai/nao_ws/install/speech_interfaces/include/speech_interfaces/speech_interfaces/srv/detail/play_song__description.c
[2.339s] -- Up-to-date: /home/fai/nao_ws/install/speech_interfaces/include/speech_interfaces/speech_interfaces/srv/detail/speak__struct.h
[2.340s] -- Up-to-date: /home/fai/nao_ws/install/speech_interfaces/include/speech_interfaces/speech_interfaces/srv/detail/speak__description.c
[2.340s] -- Up-to-date: /home/fai/nao_ws/install/speech_interfaces/include/speech_interfaces/speech_interfaces/srv/detail/speak__functions.c
[2.341s] -- Up-to-date: /home/fai/nao_ws/install/speech_interfaces/include/speech_interfaces/speech_interfaces/srv/detail/play_song__struct.h
[2.341s] -- Up-to-date: /home/fai/nao_ws/install/speech_interfaces/include/speech_interfaces/speech_interfaces/srv/detail/speak__type_support.h
[2.341s] -- Up-to-date: /home/fai/nao_ws/install/speech_interfaces/include/speech_interfaces/speech_interfaces/msg
[2.343s] -- Up-to-date: /home/fai/nao_ws/install/speech_interfaces/include/speech_interfaces/speech_interfaces/msg/rosidl_generator_c__visibility_control.h
[2.343s] -- Up-to-date: /home/fai/nao_ws/install/speech_interfaces/share/speech_interfaces/environment/library_path.sh
[2.344s] -- Up-to-date: /home/fai/nao_ws/install/speech_interfaces/share/speech_interfaces/environment/library_path.dsv
[2.344s] -- Up-to-date: /home/fai/nao_ws/install/speech_interfaces/lib/libspeech_interfaces__rosidl_generator_c.so
[2.344s] -- Up-to-date: /home/fai/nao_ws/install/speech_interfaces/include/speech_interfaces/speech_interfaces
[2.346s] -- Up-to-date: /home/fai/nao_ws/install/speech_interfaces/include/speech_interfaces/speech_interfaces/srv
[2.347s] -- Up-to-date: /home/fai/nao_ws/install/speech_interfaces/include/speech_interfaces/speech_interfaces/srv/detail
[2.347s] -- Up-to-date: /home/fai/nao_ws/install/speech_interfaces/include/speech_interfaces/speech_interfaces/srv/detail/play_song__rosidl_typesupport_fastrtps_c.h
[2.348s] -- Up-to-date: /home/fai/nao_ws/install/speech_interfaces/include/speech_interfaces/speech_interfaces/srv/detail/speak__rosidl_typesupport_fastrtps_c.h
[2.348s] -- Up-to-date: /home/fai/nao_ws/install/speech_interfaces/include/speech_interfaces/speech_interfaces/msg
[2.350s] -- Up-to-date: /home/fai/nao_ws/install/speech_interfaces/include/speech_interfaces/speech_interfaces/msg/rosidl_typesupport_fastrtps_c__visibility_control.h
[2.351s] -- Up-to-date: /home/fai/nao_ws/install/speech_interfaces/lib/libspeech_interfaces__rosidl_typesupport_fastrtps_c.so
[2.351s] -- Up-to-date: /home/fai/nao_ws/install/speech_interfaces/include/speech_interfaces/speech_interfaces
[2.351s] -- Up-to-date: /home/fai/nao_ws/install/speech_interfaces/include/speech_interfaces/speech_interfaces/srv
[2.352s] -- Up-to-date: /home/fai/nao_ws/install/speech_interfaces/include/speech_interfaces/speech_interfaces/srv/detail
[2.352s] -- Installing: /home/fai/nao_ws/install/speech_interfaces/include/speech_interfaces/speech_interfaces/srv/detail/play_song__type_support.c
[2.352s] -- Installing: /home/fai/nao_ws/install/speech_interfaces/include/speech_interfaces/speech_interfaces/srv/detail/speak__type_support.c
[2.354s] -- Up-to-date: /home/fai/nao_ws/install/speech_interfaces/include/speech_interfaces/speech_interfaces/srv/detail/play_song__rosidl_typesupport_introspection_c.h
[2.355s] -- Up-to-date: /home/fai/nao_ws/install/speech_interfaces/include/speech_interfaces/speech_interfaces/srv/detail/speak__rosidl_typesupport_introspection_c.h
[2.355s] -- Up-to-date: /home/fai/nao_ws/install/speech_interfaces/include/speech_interfaces/speech_interfaces/msg
[2.355s] -- Up-to-date: /home/fai/nao_ws/install/speech_interfaces/include/speech_interfaces/speech_interfaces/msg/rosidl_typesupport_introspection_c__visibility_control.h
[2.356s] -- Up-to-date: /home/fai/nao_ws/install/speech_interfaces/lib/libspeech_interfaces__rosidl_typesupport_introspection_c.so
[2.356s] -- Up-to-date: /home/fai/nao_ws/install/speech_interfaces/lib/libspeech_interfaces__rosidl_typesupport_c.so
[2.356s] -- Up-to-date: /home/fai/nao_ws/install/speech_interfaces/include/speech_interfaces/speech_interfaces
[2.357s] -- Up-to-date: /home/fai/nao_ws/install/speech_interfaces/include/speech_interfaces/speech_interfaces/srv
[2.357s] -- Up-to-date: /home/fai/nao_ws/install/speech_interfaces/include/speech_interfaces/speech_interfaces/srv/speak.hpp
[2.357s] -- Up-to-date: /home/fai/nao_ws/install/speech_interfaces/include/speech_interfaces/speech_interfaces/srv/detail
[2.359s] -- Up-to-date: /home/fai/nao_ws/install/speech_interfaces/include/speech_interfaces/speech_interfaces/srv/detail/speak__traits.hpp
[2.360s] -- Up-to-date: /home/fai/nao_ws/install/speech_interfaces/include/speech_interfaces/speech_interfaces/srv/detail/play_song__struct.hpp
[2.361s] -- Up-to-date: /home/fai/nao_ws/install/speech_interfaces/include/speech_interfaces/speech_interfaces/srv/detail/speak__builder.hpp
[2.362s] -- Up-to-date: /home/fai/nao_ws/install/speech_interfaces/include/speech_interfaces/speech_interfaces/srv/detail/speak__type_support.hpp
[2.363s] -- Up-to-date: /home/fai/nao_ws/install/speech_interfaces/include/speech_interfaces/speech_interfaces/srv/detail/play_song__builder.hpp
[2.364s] -- Up-to-date: /home/fai/nao_ws/install/speech_interfaces/include/speech_interfaces/speech_interfaces/srv/detail/play_song__traits.hpp
[2.367s] -- Up-to-date: /home/fai/nao_ws/install/speech_interfaces/include/speech_interfaces/speech_interfaces/srv/detail/play_song__type_support.hpp
[2.368s] -- Up-to-date: /home/fai/nao_ws/install/speech_interfaces/include/speech_interfaces/speech_interfaces/srv/detail/speak__struct.hpp
[2.368s] -- Up-to-date: /home/fai/nao_ws/install/speech_interfaces/include/speech_interfaces/speech_interfaces/srv/play_song.hpp
[2.368s] -- Up-to-date: /home/fai/nao_ws/install/speech_interfaces/include/speech_interfaces/speech_interfaces/msg
[2.368s] -- Up-to-date: /home/fai/nao_ws/install/speech_interfaces/include/speech_interfaces/speech_interfaces/msg/rosidl_generator_cpp__visibility_control.hpp
[2.369s] -- Up-to-date: /home/fai/nao_ws/install/speech_interfaces/include/speech_interfaces/speech_interfaces
[2.369s] -- Up-to-date: /home/fai/nao_ws/install/speech_interfaces/include/speech_interfaces/speech_interfaces/srv
[2.369s] -- Up-to-date: /home/fai/nao_ws/install/speech_interfaces/include/speech_interfaces/speech_interfaces/srv/detail
[2.369s] -- Up-to-date: /home/fai/nao_ws/install/speech_interfaces/include/speech_interfaces/speech_interfaces/srv/detail/speak__rosidl_typesupport_fastrtps_cpp.hpp
[2.370s] -- Up-to-date: /home/fai/nao_ws/install/speech_interfaces/include/speech_interfaces/speech_interfaces/srv/detail/play_song__rosidl_typesupport_fastrtps_cpp.hpp
[2.370s] -- Up-to-date: /home/fai/nao_ws/install/speech_interfaces/include/speech_interfaces/speech_interfaces/srv/detail/dds_fastrtps
[2.370s] -- Up-to-date: /home/fai/nao_ws/install/speech_interfaces/include/speech_interfaces/speech_interfaces/msg
[2.371s] -- Up-to-date: /home/fai/nao_ws/install/speech_interfaces/include/speech_interfaces/speech_interfaces/msg/rosidl_typesupport_fastrtps_cpp__visibility_control.h
[2.371s] -- Up-to-date: /home/fai/nao_ws/install/speech_interfaces/lib/libspeech_interfaces__rosidl_typesupport_fastrtps_cpp.so
[2.371s] -- Up-to-date: /home/fai/nao_ws/install/speech_interfaces/include/speech_interfaces/speech_interfaces
[2.371s] -- Up-to-date: /home/fai/nao_ws/install/speech_interfaces/include/speech_interfaces/speech_interfaces/srv
[2.371s] -- Up-to-date: /home/fai/nao_ws/install/speech_interfaces/include/speech_interfaces/speech_interfaces/srv/detail
[2.372s] -- Up-to-date: /home/fai/nao_ws/install/speech_interfaces/include/speech_interfaces/speech_interfaces/srv/detail/speak__rosidl_typesupport_introspection_cpp.hpp
[2.372s] -- Up-to-date: /home/fai/nao_ws/install/speech_interfaces/include/speech_interfaces/speech_interfaces/srv/detail/speak__type_support.cpp
[2.372s] -- Up-to-date: /home/fai/nao_ws/install/speech_interfaces/include/speech_interfaces/speech_interfaces/srv/detail/play_song__type_support.cpp
[2.372s] -- Up-to-date: /home/fai/nao_ws/install/speech_interfaces/include/speech_interfaces/speech_interfaces/srv/detail/play_song__rosidl_typesupport_introspection_cpp.hpp
[2.373s] -- Up-to-date: /home/fai/nao_ws/install/speech_interfaces/lib/libspeech_interfaces__rosidl_typesupport_introspection_cpp.so
[2.373s] -- Up-to-date: /home/fai/nao_ws/install/speech_interfaces/lib/libspeech_interfaces__rosidl_typesupport_cpp.so
[2.373s] -- Up-to-date: /home/fai/nao_ws/install/speech_interfaces/share/speech_interfaces/environment/pythonpath.sh
[2.373s] -- Up-to-date: /home/fai/nao_ws/install/speech_interfaces/share/speech_interfaces/environment/pythonpath.dsv
[2.373s] -- Up-to-date: /home/fai/nao_ws/install/speech_interfaces/lib/python3.12/site-packages/speech_interfaces-0.0.0-py3.12.egg-info
[2.374s] -- Installing: /home/fai/nao_ws/install/speech_interfaces/lib/python3.12/site-packages/speech_interfaces-0.0.0-py3.12.egg-info/PKG-INFO
[2.374s] -- Installing: /home/fai/nao_ws/install/speech_interfaces/lib/python3.12/site-packages/speech_interfaces-0.0.0-py3.12.egg-info/top_level.txt
[2.374s] -- Installing: /home/fai/nao_ws/install/speech_interfaces/lib/python3.12/site-packages/speech_interfaces-0.0.0-py3.12.egg-info/dependency_links.txt
[2.374s] -- Installing: /home/fai/nao_ws/install/speech_interfaces/lib/python3.12/site-packages/speech_interfaces-0.0.0-py3.12.egg-info/SOURCES.txt
[2.374s] -- Up-to-date: /home/fai/nao_ws/install/speech_interfaces/lib/python3.12/site-packages/speech_interfaces
[2.375s] -- Up-to-date: /home/fai/nao_ws/install/speech_interfaces/lib/python3.12/site-packages/speech_interfaces/_speech_interfaces_s.ep.rosidl_typesupport_c.c
[2.375s] -- Up-to-date: /home/fai/nao_ws/install/speech_interfaces/lib/python3.12/site-packages/speech_interfaces/srv
[2.375s] -- Up-to-date: /home/fai/nao_ws/install/speech_interfaces/lib/python3.12/site-packages/speech_interfaces/srv/_speak.py
[2.375s] -- Up-to-date: /home/fai/nao_ws/install/speech_interfaces/lib/python3.12/site-packages/speech_interfaces/srv/_play_song_s.c
[2.375s] -- Up-to-date: /home/fai/nao_ws/install/speech_interfaces/lib/python3.12/site-packages/speech_interfaces/srv/__init__.py
[2.375s] -- Up-to-date: /home/fai/nao_ws/install/speech_interfaces/lib/python3.12/site-packages/speech_interfaces/srv/_play_song.py
[2.376s] -- Up-to-date: /home/fai/nao_ws/install/speech_interfaces/lib/python3.12/site-packages/speech_interfaces/srv/_speak_s.c
[2.376s] -- Up-to-date: /home/fai/nao_ws/install/speech_interfaces/lib/python3.12/site-packages/speech_interfaces/speech_interfaces_s__rosidl_typesupport_fastrtps_c.so
[2.376s] -- Up-to-date: /home/fai/nao_ws/install/speech_interfaces/lib/python3.12/site-packages/speech_interfaces/_speech_interfaces_s.ep.rosidl_typesupport_introspection_c.c
[2.376s] -- Up-to-date: /home/fai/nao_ws/install/speech_interfaces/lib/python3.12/site-packages/speech_interfaces/__init__.py
[2.376s] -- Up-to-date: /home/fai/nao_ws/install/speech_interfaces/lib/python3.12/site-packages/speech_interfaces/speech_interfaces_s__rosidl_typesupport_introspection_c.so
[2.376s] -- Up-to-date: /home/fai/nao_ws/install/speech_interfaces/lib/python3.12/site-packages/speech_interfaces/_speech_interfaces_s.ep.rosidl_typesupport_fastrtps_c.c
[2.377s] -- Up-to-date: /home/fai/nao_ws/install/speech_interfaces/lib/python3.12/site-packages/speech_interfaces/speech_interfaces_s__rosidl_typesupport_c.so
[2.480s] Listing '/home/fai/nao_ws/install/speech_interfaces/lib/python3.12/site-packages/speech_interfaces'...
[2.480s] Listing '/home/fai/nao_ws/install/speech_interfaces/lib/python3.12/site-packages/speech_interfaces/srv'...
[2.491s] -- Up-to-date: /home/fai/nao_ws/install/speech_interfaces/lib/python3.12/site-packages/speech_interfaces/speech_interfaces_s__rosidl_typesupport_fastrtps_c.so
[2.492s] -- Up-to-date: /home/fai/nao_ws/install/speech_interfaces/lib/python3.12/site-packages/speech_interfaces/speech_interfaces_s__rosidl_typesupport_introspection_c.so
[2.493s] -- Up-to-date: /home/fai/nao_ws/install/speech_interfaces/lib/python3.12/site-packages/speech_interfaces/speech_interfaces_s__rosidl_typesupport_c.so
[2.496s] -- Up-to-date: /home/fai/nao_ws/install/speech_interfaces/lib/libspeech_interfaces__rosidl_generator_py.so
[2.497s] -- Up-to-date: /home/fai/nao_ws/install/speech_interfaces/share/speech_interfaces/srv/Speak.idl
[2.497s] -- Up-to-date: /home/fai/nao_ws/install/speech_interfaces/share/speech_interfaces/srv/PlaySong.idl
[2.498s] -- Up-to-date: /home/fai/nao_ws/install/speech_interfaces/share/speech_interfaces/srv/Speak.srv
[2.498s] -- Up-to-date: /home/fai/nao_ws/install/speech_interfaces/share/speech_interfaces/srv/PlaySong.srv
[2.498s] -- Up-to-date: /home/fai/nao_ws/install/speech_interfaces/share/ament_index/resource_index/package_run_dependencies/speech_interfaces
[2.499s] -- Up-to-date: /home/fai/nao_ws/install/speech_interfaces/share/ament_index/resource_index/parent_prefix_path/speech_interfaces
[2.499s] -- Up-to-date: /home/fai/nao_ws/install/speech_interfaces/share/speech_interfaces/environment/ament_prefix_path.sh
[2.500s] -- Up-to-date: /home/fai/nao_ws/install/speech_interfaces/share/speech_interfaces/environment/ament_prefix_path.dsv
[2.500s] -- Up-to-date: /home/fai/nao_ws/install/speech_interfaces/share/speech_interfaces/environment/path.sh
[2.501s] -- Up-to-date: /home/fai/nao_ws/install/speech_interfaces/share/speech_interfaces/environment/path.dsv
[2.501s] -- Up-to-date: /home/fai/nao_ws/install/speech_interfaces/share/speech_interfaces/local_setup.bash
[2.502s] -- Up-to-date: /home/fai/nao_ws/install/speech_interfaces/share/speech_interfaces/local_setup.sh
[2.502s] -- Up-to-date: /home/fai/nao_ws/install/speech_interfaces/share/speech_interfaces/local_setup.zsh
[2.503s] -- Up-to-date: /home/fai/nao_ws/install/speech_interfaces/share/speech_interfaces/local_setup.dsv
[2.504s] -- Installing: /home/fai/nao_ws/install/speech_interfaces/share/speech_interfaces/package.dsv
[2.505s] -- Up-to-date: /home/fai/nao_ws/install/speech_interfaces/share/ament_index/resource_index/packages/speech_interfaces
[2.506s] -- Up-to-date: /home/fai/nao_ws/install/speech_interfaces/share/speech_interfaces/cmake/export_speech_interfaces__rosidl_generator_cExport.cmake
[2.506s] -- Up-to-date: /home/fai/nao_ws/install/speech_interfaces/share/speech_interfaces/cmake/export_speech_interfaces__rosidl_generator_cExport-noconfig.cmake
[2.507s] -- Up-to-date: /home/fai/nao_ws/install/speech_interfaces/share/speech_interfaces/cmake/export_speech_interfaces__rosidl_typesupport_fastrtps_cExport.cmake
[2.508s] -- Up-to-date: /home/fai/nao_ws/install/speech_interfaces/share/speech_interfaces/cmake/export_speech_interfaces__rosidl_typesupport_fastrtps_cExport-noconfig.cmake
[2.508s] -- Up-to-date: /home/fai/nao_ws/install/speech_interfaces/share/speech_interfaces/cmake/speech_interfaces__rosidl_typesupport_introspection_cExport.cmake
[2.509s] -- Up-to-date: /home/fai/nao_ws/install/speech_interfaces/share/speech_interfaces/cmake/speech_interfaces__rosidl_typesupport_introspection_cExport-noconfig.cmake
[2.509s] -- Up-to-date: /home/fai/nao_ws/install/speech_interfaces/share/speech_interfaces/cmake/speech_interfaces__rosidl_typesupport_cExport.cmake
[2.510s] -- Up-to-date: /home/fai/nao_ws/install/speech_interfaces/share/speech_interfaces/cmake/speech_interfaces__rosidl_typesupport_cExport-noconfig.cmake
[2.511s] -- Up-to-date: /home/fai/nao_ws/install/speech_interfaces/share/speech_interfaces/cmake/export_speech_interfaces__rosidl_generator_cppExport.cmake
[2.512s] -- Up-to-date: /home/fai/nao_ws/install/speech_interfaces/share/speech_interfaces/cmake/export_speech_interfaces__rosidl_typesupport_fastrtps_cppExport.cmake
[2.512s] -- Up-to-date: /home/fai/nao_ws/install/speech_interfaces/share/speech_interfaces/cmake/export_speech_interfaces__rosidl_typesupport_fastrtps_cppExport-noconfig.cmake
[2.513s] -- Up-to-date: /home/fai/nao_ws/install/speech_interfaces/share/speech_interfaces/cmake/speech_interfaces__rosidl_typesupport_introspection_cppExport.cmake
[2.513s] -- Up-to-date: /home/fai/nao_ws/install/speech_interfaces/share/speech_interfaces/cmake/speech_interfaces__rosidl_typesupport_introspection_cppExport-noconfig.cmake
[2.514s] -- Up-to-date: /home/fai/nao_ws/install/speech_interfaces/share/speech_interfaces/cmake/speech_interfaces__rosidl_typesupport_cppExport.cmake
[2.515s] -- Up-to-date: /home/fai/nao_ws/install/speech_interfaces/share/speech_interfaces/cmake/speech_interfaces__rosidl_typesupport_cppExport-noconfig.cmake
[2.517s] -- Up-to-date: /home/fai/nao_ws/install/speech_interfaces/share/speech_interfaces/cmake/export_speech_interfaces__rosidl_generator_pyExport.cmake
[2.517s] -- Up-to-date: /home/fai/nao_ws/install/speech_interfaces/share/speech_interfaces/cmake/export_speech_interfaces__rosidl_generator_pyExport-noconfig.cmake
[2.518s] -- Up-to-date: /home/fai/nao_ws/install/speech_interfaces/share/speech_interfaces/cmake/rosidl_cmake-extras.cmake
[2.518s] -- Up-to-date: /home/fai/nao_ws/install/speech_interfaces/share/speech_interfaces/cmake/ament_cmake_export_dependencies-extras.cmake
[2.520s] -- Up-to-date: /home/fai/nao_ws/install/speech_interfaces/share/speech_interfaces/cmake/ament_cmake_export_include_directories-extras.cmake
[2.527s] -- Up-to-date: /home/fai/nao_ws/install/speech_interfaces/share/speech_interfaces/cmake/ament_cmake_export_libraries-extras.cmake
[2.528s] -- Up-to-date: /home/fai/nao_ws/install/speech_interfaces/share/speech_interfaces/cmake/ament_cmake_export_targets-extras.cmake
[2.528s] -- Up-to-date: /home/fai/nao_ws/install/speech_interfaces/share/speech_interfaces/cmake/rosidl_cmake_export_typesupport_targets-extras.cmake
[2.529s] -- Up-to-date: /home/fai/nao_ws/install/speech_interfaces/share/speech_interfaces/cmake/rosidl_cmake_export_typesupport_libraries-extras.cmake
[2.529s] -- Up-to-date: /home/fai/nao_ws/install/speech_interfaces/share/speech_interfaces/cmake/speech_interfacesConfig.cmake
[2.530s] -- Up-to-date: /home/fai/nao_ws/install/speech_interfaces/share/speech_interfaces/cmake/speech_interfacesConfig-version.cmake
[2.541s] -- Up-to-date: /home/fai/nao_ws/install/speech_interfaces/share/speech_interfaces/package.xml
[2.542s] Invoked command in '/home/fai/nao_ws/build/speech_interfaces' returned '0': CMAKE_PREFIX_PATH=${CMAKE_PREFIX_PATH}:/home/fai/nao_ws/install/nao_tasks:/home/fai/nao_ws/install/web_controller:/home/fai/nao_ws/install/speech:/home/fai/nao_ws/install/integration:/home/fai/nao_ws/install/perception:/home/fai/nao_ws/install/navigation:/home/fai/nao_ws/install/nao_qi_ros2_package:/home/fai/nao_ws/install/manipulation:/opt/ros/jazzy DEBUGINFOD_URLS=https://debuginfod.ubuntu.com /usr/bin/cmake --install /home/fai/nao_ws/build/speech_interfaces
