[0.042s] Invoking command in '/home/fai/nao_ws/build/navigation_interfaces': CMAKE_PREFIX_PATH=${CMAKE_PREFIX_PATH}:/home/fai/nao_ws/install/web_controller:/home/fai/nao_ws/install/speech:/home/fai/nao_ws/install/nao_tasks:/home/fai/nao_ws/install/integration:/home/fai/nao_ws/install/perception:/home/fai/nao_ws/install/navigation:/home/fai/nao_ws/install/nao_qi_ros2_package:/home/fai/nao_ws/install/manipulation:/opt/ros/jazzy DEBUGINFOD_URLS=https://debuginfod.ubuntu.com /usr/bin/cmake --build /home/fai/nao_ws/build/navigation_interfaces -- -j4 -l4
[0.200s] [  2%] Built target navigation_interfaces__rosidl_generator_type_description
[0.274s] [  2%] Built target ament_cmake_python_copy_navigation_interfaces
[0.352s] [  5%] Built target navigation_interfaces__cpp
[0.392s] [ 20%] Built target navigation_interfaces__rosidl_generator_c
[0.648s] [ 29%] Built target navigation_interfaces__rosidl_typesupport_fastrtps_c
[0.662s] [ 38%] Built target navigation_interfaces__rosidl_typesupport_c
[0.692s] [ 47%] Built target navigation_interfaces__rosidl_typesupport_introspection_c
[0.933s] [ 55%] Built target navigation_interfaces__rosidl_typesupport_introspection_cpp
[0.933s] [ 64%] Built target navigation_interfaces__rosidl_typesupport_fastrtps_cpp
[0.949s] [ 73%] Built target navigation_interfaces__rosidl_typesupport_cpp
[1.059s] [ 73%] Built target navigation_interfaces
[1.188s] [ 76%] Built target navigation_interfaces__py
[1.293s] [ 82%] Built target navigation_interfaces__rosidl_generator_py
[1.445s] [ 88%] Built target navigation_interfaces_s__rosidl_typesupport_fastrtps_c
[1.500s] [ 94%] Built target navigation_interfaces_s__rosidl_typesupport_c
[1.523s] [100%] Built target navigation_interfaces_s__rosidl_typesupport_introspection_c
[1.929s] running egg_info
[2.000s] writing navigation_interfaces.egg-info/PKG-INFO
[2.000s] writing dependency_links to navigation_interfaces.egg-info/dependency_links.txt
[2.001s] writing top-level names to navigation_interfaces.egg-info/top_level.txt
[2.228s] reading manifest file 'navigation_interfaces.egg-info/SOURCES.txt'
[2.232s] writing manifest file 'navigation_interfaces.egg-info/SOURCES.txt'
[2.320s] [100%] Built target ament_cmake_python_build_navigation_interfaces_egg
[2.348s] Invoked command in '/home/fai/nao_ws/build/navigation_interfaces' returned '0': CMAKE_PREFIX_PATH=${CMAKE_PREFIX_PATH}:/home/fai/nao_ws/install/web_controller:/home/fai/nao_ws/install/speech:/home/fai/nao_ws/install/nao_tasks:/home/fai/nao_ws/install/integration:/home/fai/nao_ws/install/perception:/home/fai/nao_ws/install/navigation:/home/fai/nao_ws/install/nao_qi_ros2_package:/home/fai/nao_ws/install/manipulation:/opt/ros/jazzy DEBUGINFOD_URLS=https://debuginfod.ubuntu.com /usr/bin/cmake --build /home/fai/nao_ws/build/navigation_interfaces -- -j4 -l4
[2.509s] Invoking command in '/home/fai/nao_ws/build/navigation_interfaces': CMAKE_PREFIX_PATH=${CMAKE_PREFIX_PATH}:/home/fai/nao_ws/install/web_controller:/home/fai/nao_ws/install/speech:/home/fai/nao_ws/install/nao_tasks:/home/fai/nao_ws/install/integration:/home/fai/nao_ws/install/perception:/home/fai/nao_ws/install/navigation:/home/fai/nao_ws/install/nao_qi_ros2_package:/home/fai/nao_ws/install/manipulation:/opt/ros/jazzy DEBUGINFOD_URLS=https://debuginfod.ubuntu.com /usr/bin/cmake --install /home/fai/nao_ws/build/navigation_interfaces
[2.537s] -- Install configuration: ""
[2.537s] -- Up-to-date: /home/fai/nao_ws/install/navigation_interfaces/share/ament_index/resource_index/rosidl_interfaces/navigation_interfaces
[2.537s] -- Up-to-date: /home/fai/nao_ws/install/navigation_interfaces/share/navigation_interfaces/action/NavigationToPose.json
[2.540s] -- Up-to-date: /home/fai/nao_ws/install/navigation_interfaces/include/navigation_interfaces/navigation_interfaces
[2.541s] -- Up-to-date: /home/fai/nao_ws/install/navigation_interfaces/include/navigation_interfaces/navigation_interfaces/msg
[2.541s] -- Up-to-date: /home/fai/nao_ws/install/navigation_interfaces/include/navigation_interfaces/navigation_interfaces/msg/rosidl_generator_c__visibility_control.h
[2.541s] -- Up-to-date: /home/fai/nao_ws/install/navigation_interfaces/include/navigation_interfaces/navigation_interfaces/action
[2.548s] -- Up-to-date: /home/fai/nao_ws/install/navigation_interfaces/include/navigation_interfaces/navigation_interfaces/action/navigation_to_pose.h
[2.548s] -- Up-to-date: /home/fai/nao_ws/install/navigation_interfaces/include/navigation_interfaces/navigation_interfaces/action/detail
[2.548s] -- Up-to-date: /home/fai/nao_ws/install/navigation_interfaces/include/navigation_interfaces/navigation_interfaces/action/detail/navigation_to_pose__description.c
[2.549s] -- Up-to-date: /home/fai/nao_ws/install/navigation_interfaces/include/navigation_interfaces/navigation_interfaces/action/detail/navigation_to_pose__type_support.h
[2.549s] -- Up-to-date: /home/fai/nao_ws/install/navigation_interfaces/include/navigation_interfaces/navigation_interfaces/action/detail/navigation_to_pose__functions.c
[2.551s] -- Up-to-date: /home/fai/nao_ws/install/navigation_interfaces/include/navigation_interfaces/navigation_interfaces/action/detail/navigation_to_pose__functions.h
[2.551s] -- Installing: /home/fai/nao_ws/install/navigation_interfaces/include/navigation_interfaces/navigation_interfaces/action/detail/navigation_to_pose__type_support.c
[2.551s] -- Up-to-date: /home/fai/nao_ws/install/navigation_interfaces/include/navigation_interfaces/navigation_interfaces/action/detail/navigation_to_pose__struct.h
[2.552s] -- Up-to-date: /home/fai/nao_ws/install/navigation_interfaces/share/navigation_interfaces/environment/library_path.sh
[2.552s] -- Up-to-date: /home/fai/nao_ws/install/navigation_interfaces/share/navigation_interfaces/environment/library_path.dsv
[2.552s] -- Up-to-date: /home/fai/nao_ws/install/navigation_interfaces/lib/libnavigation_interfaces__rosidl_generator_c.so
[2.552s] -- Up-to-date: /home/fai/nao_ws/install/navigation_interfaces/include/navigation_interfaces/navigation_interfaces
[2.553s] -- Up-to-date: /home/fai/nao_ws/install/navigation_interfaces/include/navigation_interfaces/navigation_interfaces/msg
[2.553s] -- Up-to-date: /home/fai/nao_ws/install/navigation_interfaces/include/navigation_interfaces/navigation_interfaces/msg/rosidl_typesupport_fastrtps_c__visibility_control.h
[2.553s] -- Up-to-date: /home/fai/nao_ws/install/navigation_interfaces/include/navigation_interfaces/navigation_interfaces/action
[2.553s] -- Up-to-date: /home/fai/nao_ws/install/navigation_interfaces/include/navigation_interfaces/navigation_interfaces/action/detail
[2.557s] -- Up-to-date: /home/fai/nao_ws/install/navigation_interfaces/include/navigation_interfaces/navigation_interfaces/action/detail/navigation_to_pose__rosidl_typesupport_fastrtps_c.h
[2.558s] -- Up-to-date: /home/fai/nao_ws/install/navigation_interfaces/lib/libnavigation_interfaces__rosidl_typesupport_fastrtps_c.so
[2.558s] -- Up-to-date: /home/fai/nao_ws/install/navigation_interfaces/include/navigation_interfaces/navigation_interfaces
[2.558s] -- Up-to-date: /home/fai/nao_ws/install/navigation_interfaces/include/navigation_interfaces/navigation_interfaces/msg
[2.559s] -- Up-to-date: /home/fai/nao_ws/install/navigation_interfaces/include/navigation_interfaces/navigation_interfaces/msg/rosidl_typesupport_introspection_c__visibility_control.h
[2.559s] -- Up-to-date: /home/fai/nao_ws/install/navigation_interfaces/include/navigation_interfaces/navigation_interfaces/action
[2.559s] -- Up-to-date: /home/fai/nao_ws/install/navigation_interfaces/include/navigation_interfaces/navigation_interfaces/action/detail
[2.564s] -- Up-to-date: /home/fai/nao_ws/install/navigation_interfaces/include/navigation_interfaces/navigation_interfaces/action/detail/navigation_to_pose__rosidl_typesupport_introspection_c.h
[2.565s] -- Installing: /home/fai/nao_ws/install/navigation_interfaces/include/navigation_interfaces/navigation_interfaces/action/detail/navigation_to_pose__type_support.c
[2.565s] -- Up-to-date: /home/fai/nao_ws/install/navigation_interfaces/lib/libnavigation_interfaces__rosidl_typesupport_introspection_c.so
[2.566s] -- Up-to-date: /home/fai/nao_ws/install/navigation_interfaces/lib/libnavigation_interfaces__rosidl_typesupport_c.so
[2.566s] -- Up-to-date: /home/fai/nao_ws/install/navigation_interfaces/include/navigation_interfaces/navigation_interfaces
[2.566s] -- Up-to-date: /home/fai/nao_ws/install/navigation_interfaces/include/navigation_interfaces/navigation_interfaces/msg
[2.567s] -- Up-to-date: /home/fai/nao_ws/install/navigation_interfaces/include/navigation_interfaces/navigation_interfaces/msg/rosidl_generator_cpp__visibility_control.hpp
[2.568s] -- Up-to-date: /home/fai/nao_ws/install/navigation_interfaces/include/navigation_interfaces/navigation_interfaces/action
[2.568s] -- Up-to-date: /home/fai/nao_ws/install/navigation_interfaces/include/navigation_interfaces/navigation_interfaces/action/navigation_to_pose.hpp
[2.568s] -- Up-to-date: /home/fai/nao_ws/install/navigation_interfaces/include/navigation_interfaces/navigation_interfaces/action/detail
[2.568s] -- Up-to-date: /home/fai/nao_ws/install/navigation_interfaces/include/navigation_interfaces/navigation_interfaces/action/detail/navigation_to_pose__type_support.hpp
[2.569s] -- Up-to-date: /home/fai/nao_ws/install/navigation_interfaces/include/navigation_interfaces/navigation_interfaces/action/detail/navigation_to_pose__traits.hpp
[2.569s] -- Up-to-date: /home/fai/nao_ws/install/navigation_interfaces/include/navigation_interfaces/navigation_interfaces/action/detail/navigation_to_pose__builder.hpp
[2.569s] -- Up-to-date: /home/fai/nao_ws/install/navigation_interfaces/include/navigation_interfaces/navigation_interfaces/action/detail/navigation_to_pose__struct.hpp
[2.569s] -- Up-to-date: /home/fai/nao_ws/install/navigation_interfaces/include/navigation_interfaces/navigation_interfaces
[2.570s] -- Up-to-date: /home/fai/nao_ws/install/navigation_interfaces/include/navigation_interfaces/navigation_interfaces/msg
[2.570s] -- Up-to-date: /home/fai/nao_ws/install/navigation_interfaces/include/navigation_interfaces/navigation_interfaces/msg/rosidl_typesupport_fastrtps_cpp__visibility_control.h
[2.570s] -- Up-to-date: /home/fai/nao_ws/install/navigation_interfaces/include/navigation_interfaces/navigation_interfaces/action
[2.570s] -- Up-to-date: /home/fai/nao_ws/install/navigation_interfaces/include/navigation_interfaces/navigation_interfaces/action/detail
[2.571s] -- Up-to-date: /home/fai/nao_ws/install/navigation_interfaces/include/navigation_interfaces/navigation_interfaces/action/detail/navigation_to_pose__rosidl_typesupport_fastrtps_cpp.hpp
[2.577s] -- Up-to-date: /home/fai/nao_ws/install/navigation_interfaces/include/navigation_interfaces/navigation_interfaces/action/detail/dds_fastrtps
[2.577s] -- Up-to-date: /home/fai/nao_ws/install/navigation_interfaces/lib/libnavigation_interfaces__rosidl_typesupport_fastrtps_cpp.so
[2.578s] -- Up-to-date: /home/fai/nao_ws/install/navigation_interfaces/include/navigation_interfaces/navigation_interfaces
[2.578s] -- Up-to-date: /home/fai/nao_ws/install/navigation_interfaces/include/navigation_interfaces/navigation_interfaces/action
[2.578s] -- Up-to-date: /home/fai/nao_ws/install/navigation_interfaces/include/navigation_interfaces/navigation_interfaces/action/detail
[2.578s] -- Up-to-date: /home/fai/nao_ws/install/navigation_interfaces/include/navigation_interfaces/navigation_interfaces/action/detail/navigation_to_pose__type_support.cpp
[2.579s] -- Up-to-date: /home/fai/nao_ws/install/navigation_interfaces/include/navigation_interfaces/navigation_interfaces/action/detail/navigation_to_pose__rosidl_typesupport_introspection_cpp.hpp
[2.579s] -- Up-to-date: /home/fai/nao_ws/install/navigation_interfaces/lib/libnavigation_interfaces__rosidl_typesupport_introspection_cpp.so
[2.579s] -- Up-to-date: /home/fai/nao_ws/install/navigation_interfaces/lib/libnavigation_interfaces__rosidl_typesupport_cpp.so
[2.579s] -- Up-to-date: /home/fai/nao_ws/install/navigation_interfaces/share/navigation_interfaces/environment/pythonpath.sh
[2.580s] -- Up-to-date: /home/fai/nao_ws/install/navigation_interfaces/share/navigation_interfaces/environment/pythonpath.dsv
[2.583s] -- Up-to-date: /home/fai/nao_ws/install/navigation_interfaces/lib/python3.12/site-packages/navigation_interfaces-0.0.0-py3.12.egg-info
[2.583s] -- Installing: /home/fai/nao_ws/install/navigation_interfaces/lib/python3.12/site-packages/navigation_interfaces-0.0.0-py3.12.egg-info/PKG-INFO
[2.584s] -- Installing: /home/fai/nao_ws/install/navigation_interfaces/lib/python3.12/site-packages/navigation_interfaces-0.0.0-py3.12.egg-info/top_level.txt
[2.584s] -- Installing: /home/fai/nao_ws/install/navigation_interfaces/lib/python3.12/site-packages/navigation_interfaces-0.0.0-py3.12.egg-info/dependency_links.txt
[2.584s] -- Installing: /home/fai/nao_ws/install/navigation_interfaces/lib/python3.12/site-packages/navigation_interfaces-0.0.0-py3.12.egg-info/SOURCES.txt
[2.584s] -- Up-to-date: /home/fai/nao_ws/install/navigation_interfaces/lib/python3.12/site-packages/navigation_interfaces
[2.584s] -- Up-to-date: /home/fai/nao_ws/install/navigation_interfaces/lib/python3.12/site-packages/navigation_interfaces/_navigation_interfaces_s.ep.rosidl_typesupport_introspection_c.c
[2.585s] -- Up-to-date: /home/fai/nao_ws/install/navigation_interfaces/lib/python3.12/site-packages/navigation_interfaces/navigation_interfaces_s__rosidl_typesupport_introspection_c.so
[2.585s] -- Up-to-date: /home/fai/nao_ws/install/navigation_interfaces/lib/python3.12/site-packages/navigation_interfaces/__init__.py
[2.585s] -- Up-to-date: /home/fai/nao_ws/install/navigation_interfaces/lib/python3.12/site-packages/navigation_interfaces/_navigation_interfaces_s.ep.rosidl_typesupport_fastrtps_c.c
[2.585s] -- Up-to-date: /home/fai/nao_ws/install/navigation_interfaces/lib/python3.12/site-packages/navigation_interfaces/navigation_interfaces_s__rosidl_typesupport_fastrtps_c.so
[2.586s] -- Up-to-date: /home/fai/nao_ws/install/navigation_interfaces/lib/python3.12/site-packages/navigation_interfaces/navigation_interfaces_s__rosidl_typesupport_c.so
[2.589s] -- Up-to-date: /home/fai/nao_ws/install/navigation_interfaces/lib/python3.12/site-packages/navigation_interfaces/_navigation_interfaces_s.ep.rosidl_typesupport_c.c
[2.589s] -- Up-to-date: /home/fai/nao_ws/install/navigation_interfaces/lib/python3.12/site-packages/navigation_interfaces/action
[2.589s] -- Up-to-date: /home/fai/nao_ws/install/navigation_interfaces/lib/python3.12/site-packages/navigation_interfaces/action/_navigation_to_pose.py
[2.590s] -- Up-to-date: /home/fai/nao_ws/install/navigation_interfaces/lib/python3.12/site-packages/navigation_interfaces/action/_navigation_to_pose_s.c
[2.590s] -- Up-to-date: /home/fai/nao_ws/install/navigation_interfaces/lib/python3.12/site-packages/navigation_interfaces/action/__init__.py
[2.676s] Listing '/home/fai/nao_ws/install/navigation_interfaces/lib/python3.12/site-packages/navigation_interfaces'...
[2.678s] Listing '/home/fai/nao_ws/install/navigation_interfaces/lib/python3.12/site-packages/navigation_interfaces/action'...
[2.689s] -- Up-to-date: /home/fai/nao_ws/install/navigation_interfaces/lib/python3.12/site-packages/navigation_interfaces/navigation_interfaces_s__rosidl_typesupport_fastrtps_c.so
[2.689s] -- Up-to-date: /home/fai/nao_ws/install/navigation_interfaces/lib/python3.12/site-packages/navigation_interfaces/navigation_interfaces_s__rosidl_typesupport_introspection_c.so
[2.692s] -- Up-to-date: /home/fai/nao_ws/install/navigation_interfaces/lib/python3.12/site-packages/navigation_interfaces/navigation_interfaces_s__rosidl_typesupport_c.so
[2.694s] -- Up-to-date: /home/fai/nao_ws/install/navigation_interfaces/lib/libnavigation_interfaces__rosidl_generator_py.so
[2.695s] -- Up-to-date: /home/fai/nao_ws/install/navigation_interfaces/share/navigation_interfaces/action/NavigationToPose.idl
[2.695s] -- Up-to-date: /home/fai/nao_ws/install/navigation_interfaces/share/navigation_interfaces/action/NavigationToPose.action
[2.696s] -- Up-to-date: /home/fai/nao_ws/install/navigation_interfaces/share/ament_index/resource_index/package_run_dependencies/navigation_interfaces
[2.697s] -- Up-to-date: /home/fai/nao_ws/install/navigation_interfaces/share/ament_index/resource_index/parent_prefix_path/navigation_interfaces
[2.699s] -- Up-to-date: /home/fai/nao_ws/install/navigation_interfaces/share/navigation_interfaces/environment/ament_prefix_path.sh
[2.699s] -- Up-to-date: /home/fai/nao_ws/install/navigation_interfaces/share/navigation_interfaces/environment/ament_prefix_path.dsv
[2.700s] -- Up-to-date: /home/fai/nao_ws/install/navigation_interfaces/share/navigation_interfaces/environment/path.sh
[2.700s] -- Up-to-date: /home/fai/nao_ws/install/navigation_interfaces/share/navigation_interfaces/environment/path.dsv
[2.700s] -- Up-to-date: /home/fai/nao_ws/install/navigation_interfaces/share/navigation_interfaces/local_setup.bash
[2.703s] -- Up-to-date: /home/fai/nao_ws/install/navigation_interfaces/share/navigation_interfaces/local_setup.sh
[2.703s] -- Up-to-date: /home/fai/nao_ws/install/navigation_interfaces/share/navigation_interfaces/local_setup.zsh
[2.703s] -- Up-to-date: /home/fai/nao_ws/install/navigation_interfaces/share/navigation_interfaces/local_setup.dsv
[2.704s] -- Installing: /home/fai/nao_ws/install/navigation_interfaces/share/navigation_interfaces/package.dsv
[2.704s] -- Up-to-date: /home/fai/nao_ws/install/navigation_interfaces/share/ament_index/resource_index/packages/navigation_interfaces
[2.704s] -- Up-to-date: /home/fai/nao_ws/install/navigation_interfaces/share/navigation_interfaces/cmake/export_navigation_interfaces__rosidl_generator_cExport.cmake
[2.705s] -- Up-to-date: /home/fai/nao_ws/install/navigation_interfaces/share/navigation_interfaces/cmake/export_navigation_interfaces__rosidl_generator_cExport-noconfig.cmake
[2.705s] -- Up-to-date: /home/fai/nao_ws/install/navigation_interfaces/share/navigation_interfaces/cmake/export_navigation_interfaces__rosidl_typesupport_fastrtps_cExport.cmake
[2.705s] -- Up-to-date: /home/fai/nao_ws/install/navigation_interfaces/share/navigation_interfaces/cmake/export_navigation_interfaces__rosidl_typesupport_fastrtps_cExport-noconfig.cmake
[2.705s] -- Up-to-date: /home/fai/nao_ws/install/navigation_interfaces/share/navigation_interfaces/cmake/navigation_interfaces__rosidl_typesupport_introspection_cExport.cmake
[2.706s] -- Up-to-date: /home/fai/nao_ws/install/navigation_interfaces/share/navigation_interfaces/cmake/navigation_interfaces__rosidl_typesupport_introspection_cExport-noconfig.cmake
[2.706s] -- Up-to-date: /home/fai/nao_ws/install/navigation_interfaces/share/navigation_interfaces/cmake/navigation_interfaces__rosidl_typesupport_cExport.cmake
[2.706s] -- Up-to-date: /home/fai/nao_ws/install/navigation_interfaces/share/navigation_interfaces/cmake/navigation_interfaces__rosidl_typesupport_cExport-noconfig.cmake
[2.706s] -- Up-to-date: /home/fai/nao_ws/install/navigation_interfaces/share/navigation_interfaces/cmake/export_navigation_interfaces__rosidl_generator_cppExport.cmake
[2.707s] -- Up-to-date: /home/fai/nao_ws/install/navigation_interfaces/share/navigation_interfaces/cmake/export_navigation_interfaces__rosidl_typesupport_fastrtps_cppExport.cmake
[2.707s] -- Up-to-date: /home/fai/nao_ws/install/navigation_interfaces/share/navigation_interfaces/cmake/export_navigation_interfaces__rosidl_typesupport_fastrtps_cppExport-noconfig.cmake
[2.707s] -- Up-to-date: /home/fai/nao_ws/install/navigation_interfaces/share/navigation_interfaces/cmake/navigation_interfaces__rosidl_typesupport_introspection_cppExport.cmake
[2.707s] -- Up-to-date: /home/fai/nao_ws/install/navigation_interfaces/share/navigation_interfaces/cmake/navigation_interfaces__rosidl_typesupport_introspection_cppExport-noconfig.cmake
[2.708s] -- Up-to-date: /home/fai/nao_ws/install/navigation_interfaces/share/navigation_interfaces/cmake/navigation_interfaces__rosidl_typesupport_cppExport.cmake
[2.708s] -- Up-to-date: /home/fai/nao_ws/install/navigation_interfaces/share/navigation_interfaces/cmake/navigation_interfaces__rosidl_typesupport_cppExport-noconfig.cmake
[2.708s] -- Up-to-date: /home/fai/nao_ws/install/navigation_interfaces/share/navigation_interfaces/cmake/export_navigation_interfaces__rosidl_generator_pyExport.cmake
[2.709s] -- Up-to-date: /home/fai/nao_ws/install/navigation_interfaces/share/navigation_interfaces/cmake/export_navigation_interfaces__rosidl_generator_pyExport-noconfig.cmake
[2.709s] -- Up-to-date: /home/fai/nao_ws/install/navigation_interfaces/share/navigation_interfaces/cmake/rosidl_cmake-extras.cmake
[2.709s] -- Up-to-date: /home/fai/nao_ws/install/navigation_interfaces/share/navigation_interfaces/cmake/ament_cmake_export_dependencies-extras.cmake
[2.709s] -- Up-to-date: /home/fai/nao_ws/install/navigation_interfaces/share/navigation_interfaces/cmake/ament_cmake_export_include_directories-extras.cmake
[2.710s] -- Up-to-date: /home/fai/nao_ws/install/navigation_interfaces/share/navigation_interfaces/cmake/ament_cmake_export_libraries-extras.cmake
[2.710s] -- Up-to-date: /home/fai/nao_ws/install/navigation_interfaces/share/navigation_interfaces/cmake/ament_cmake_export_targets-extras.cmake
[2.710s] -- Up-to-date: /home/fai/nao_ws/install/navigation_interfaces/share/navigation_interfaces/cmake/rosidl_cmake_export_typesupport_targets-extras.cmake
[2.710s] -- Up-to-date: /home/fai/nao_ws/install/navigation_interfaces/share/navigation_interfaces/cmake/rosidl_cmake_export_typesupport_libraries-extras.cmake
[2.711s] -- Up-to-date: /home/fai/nao_ws/install/navigation_interfaces/share/navigation_interfaces/cmake/navigation_interfacesConfig.cmake
[2.711s] -- Up-to-date: /home/fai/nao_ws/install/navigation_interfaces/share/navigation_interfaces/cmake/navigation_interfacesConfig-version.cmake
[2.711s] -- Up-to-date: /home/fai/nao_ws/install/navigation_interfaces/share/navigation_interfaces/package.xml
[3.119s] Invoked command in '/home/fai/nao_ws/build/navigation_interfaces' returned '0': CMAKE_PREFIX_PATH=${CMAKE_PREFIX_PATH}:/home/fai/nao_ws/install/web_controller:/home/fai/nao_ws/install/speech:/home/fai/nao_ws/install/nao_tasks:/home/fai/nao_ws/install/integration:/home/fai/nao_ws/install/perception:/home/fai/nao_ws/install/navigation:/home/fai/nao_ws/install/nao_qi_ros2_package:/home/fai/nao_ws/install/manipulation:/opt/ros/jazzy DEBUGINFOD_URLS=https://debuginfod.ubuntu.com /usr/bin/cmake --install /home/fai/nao_ws/build/navigation_interfaces
