[3.039s] Invoking command in '/home/fai/nao_ws/src/integration': DEBUGINFOD_URLS=https://debuginfod.ubuntu.com PYTHONPATH=/home/fai/nao_ws/build/integration/prefix_override:/usr/lib/python3/dist-packages/colcon_core/task/python/colcon_distutils_commands:/home/fai/nao_ws/install/integration/lib/python3.12/site-packages:/home/fai/nao_ws/install/speech_interfaces/lib/python3.12/site-packages:/home/fai/nao_ws/install/perception_interfaces/lib/python3.12/site-packages:/home/fai/nao_ws/install/navigation_interfaces/lib/python3.12/site-packages:/home/fai/nao_ws/install/manipulation_interfaces/lib/python3.12/site-packages:/home/fai/nao_ws/install/nao_tasks/lib/python3.12/site-packages:/home/fai/nao_ws/install/web_controller/lib/python3.12/site-packages:/home/fai/nao_ws/install/speech/lib/python3.12/site-packages:/home/fai/nao_ws/install/integration/lib/python3.12/site-packages:/home/fai/nao_ws/install/perception/lib/python3.12/site-packages:/home/fai/nao_ws/install/navigation/lib/python3.12/site-packages:/home/fai/nao_ws/install/nao_qi_ros2_package/lib/python3.12/site-packages:/home/fai/nao_ws/install/manipulation/lib/python3.12/site-packages:/opt/ros/jazzy/lib/python3.12/site-packages /usr/bin/python3 -W ignore:setup.py install is deprecated setup.py egg_info --egg-base ../../build/integration build --build-base /home/fai/nao_ws/build/integration/build install --record /home/fai/nao_ws/build/integration/install.log --single-version-externally-managed install_data
[3.906s] running egg_info
[3.972s] writing ../../build/integration/integration.egg-info/PKG-INFO
[3.973s] writing dependency_links to ../../build/integration/integration.egg-info/dependency_links.txt
[3.973s] writing entry points to ../../build/integration/integration.egg-info/entry_points.txt
[3.975s] writing requirements to ../../build/integration/integration.egg-info/requires.txt
[3.975s] writing top-level names to ../../build/integration/integration.egg-info/top_level.txt
[4.136s] reading manifest file '../../build/integration/integration.egg-info/SOURCES.txt'
[4.138s] writing manifest file '../../build/integration/integration.egg-info/SOURCES.txt'
[4.138s] running build
[4.139s] running build_py
[4.142s] copying integration/task_one.py -> /home/fai/nao_ws/build/integration/build/lib/integration
[4.142s] running install
[4.163s] running install_lib
[4.237s] copying /home/fai/nao_ws/build/integration/build/lib/integration/task_one.py -> /home/fai/nao_ws/install/integration/lib/python3.12/site-packages/integration
[4.241s] byte-compiling /home/fai/nao_ws/install/integration/lib/python3.12/site-packages/integration/task_one.py to task_one.cpython-312.pyc
[4.245s] running install_data
[4.245s] running install_egg_info
[4.326s] removing '/home/fai/nao_ws/install/integration/lib/python3.12/site-packages/integration-0.0.0-py3.12.egg-info' (and everything under it)
[4.326s] Copying ../../build/integration/integration.egg-info to /home/fai/nao_ws/install/integration/lib/python3.12/site-packages/integration-0.0.0-py3.12.egg-info
[4.329s] running install_scripts
[4.816s] Installing integration_interface script to /home/fai/nao_ws/install/integration/lib/integration
[4.816s] Installing task_one script to /home/fai/nao_ws/install/integration/lib/integration
[4.819s] writing list of installed files to '/home/fai/nao_ws/build/integration/install.log'
[4.902s] Invoked command in '/home/fai/nao_ws/src/integration' returned '0': DEBUGINFOD_URLS=https://debuginfod.ubuntu.com PYTHONPATH=/home/fai/nao_ws/build/integration/prefix_override:/usr/lib/python3/dist-packages/colcon_core/task/python/colcon_distutils_commands:/home/fai/nao_ws/install/integration/lib/python3.12/site-packages:/home/fai/nao_ws/install/speech_interfaces/lib/python3.12/site-packages:/home/fai/nao_ws/install/perception_interfaces/lib/python3.12/site-packages:/home/fai/nao_ws/install/navigation_interfaces/lib/python3.12/site-packages:/home/fai/nao_ws/install/manipulation_interfaces/lib/python3.12/site-packages:/home/fai/nao_ws/install/nao_tasks/lib/python3.12/site-packages:/home/fai/nao_ws/install/web_controller/lib/python3.12/site-packages:/home/fai/nao_ws/install/speech/lib/python3.12/site-packages:/home/fai/nao_ws/install/integration/lib/python3.12/site-packages:/home/fai/nao_ws/install/perception/lib/python3.12/site-packages:/home/fai/nao_ws/install/navigation/lib/python3.12/site-packages:/home/fai/nao_ws/install/nao_qi_ros2_package/lib/python3.12/site-packages:/home/fai/nao_ws/install/manipulation/lib/python3.12/site-packages:/opt/ros/jazzy/lib/python3.12/site-packages /usr/bin/python3 -W ignore:setup.py install is deprecated setup.py egg_info --egg-base ../../build/integration build --build-base /home/fai/nao_ws/build/integration/build install --record /home/fai/nao_ws/build/integration/install.log --single-version-externally-managed install_data
