[3.262s] Invoking command in '/home/fai/nao_ws/src/perception': CMAKE_PREFIX_PATH=/home/fai/nao_ws/install/perception_interfaces:/home/fai/nao_ws/install/speech_interfaces:/home/fai/nao_ws/install/navigation_interfaces:/home/fai/nao_ws/install/manipulation_interfaces:/opt/ros/jazzy/opt/gz_math_vendor:/opt/ros/jazzy/opt/gz_utils_vendor:/opt/ros/jazzy/opt/gz_cmake_vendor DEBUGINFOD_URLS=https://debuginfod.ubuntu.com LD_LIBRARY_PATH=/home/fai/nao_ws/install/perception_interfaces/lib:/home/fai/nao_ws/install/speech_interfaces/lib:/home/fai/nao_ws/install/navigation_interfaces/lib:/home/fai/nao_ws/install/manipulation_interfaces/lib:/opt/ros/jazzy/opt/rviz_ogre_vendor/lib:/opt/ros/jazzy/lib/x86_64-linux-gnu:/opt/ros/jazzy/opt/gz_math_vendor/lib:/opt/ros/jazzy/opt/gz_utils_vendor/lib:/opt/ros/jazzy/opt/gz_cmake_vendor/lib:/opt/ros/jazzy/lib PYTHONPATH=/home/fai/nao_ws/build/perception/prefix_override:/usr/lib/python3/dist-packages/colcon_core/task/python/colcon_distutils_commands:/home/fai/nao_ws/install/perception/lib/python3.12/site-packages:/home/fai/nao_ws/install/perception_interfaces/lib/python3.12/site-packages:/home/fai/nao_ws/install/nao_tasks/lib/python3.12/site-packages:/home/fai/nao_ws/install/web_controller/lib/python3.12/site-packages:/home/fai/nao_ws/install/speech/lib/python3.12/site-packages:/home/fai/nao_ws/install/integration/lib/python3.12/site-packages:/home/fai/nao_ws/install/speech_interfaces/lib/python3.12/site-packages:/home/fai/nao_ws/install/perception/lib/python3.12/site-packages:/home/fai/nao_ws/install/navigation/lib/python3.12/site-packages:/home/fai/nao_ws/install/navigation_interfaces/lib/python3.12/site-packages:/home/fai/nao_ws/install/nao_qi_ros2_package/lib/python3.12/site-packages:/home/fai/nao_ws/install/manipulation/lib/python3.12/site-packages:/home/fai/nao_ws/install/manipulation_interfaces/lib/python3.12/site-packages:/opt/ros/jazzy/lib/python3.12/site-packages /usr/bin/python3 -W ignore:setup.py install is deprecated setup.py egg_info --egg-base ../../build/perception build --build-base /home/fai/nao_ws/build/perception/build install --record /home/fai/nao_ws/build/perception/install.log --single-version-externally-managed install_data
[4.350s] running egg_info
[4.354s] creating ../../build/perception/perception.egg-info
[4.434s] writing ../../build/perception/perception.egg-info/PKG-INFO
[4.435s] writing dependency_links to ../../build/perception/perception.egg-info/dependency_links.txt
[4.436s] writing entry points to ../../build/perception/perception.egg-info/entry_points.txt
[4.437s] writing requirements to ../../build/perception/perception.egg-info/requires.txt
[4.438s] writing top-level names to ../../build/perception/perception.egg-info/top_level.txt
[4.439s] writing manifest file '../../build/perception/perception.egg-info/SOURCES.txt'
[4.607s] reading manifest file '../../build/perception/perception.egg-info/SOURCES.txt'
[4.611s] writing manifest file '../../build/perception/perception.egg-info/SOURCES.txt'
[4.611s] running build
[4.612s] running build_py
[4.613s] creating /home/fai/nao_ws/build/perception/build
[4.613s] creating /home/fai/nao_ws/build/perception/build/lib
[4.614s] creating /home/fai/nao_ws/build/perception/build/lib/perception
[4.614s] copying perception/perception_node.py -> /home/fai/nao_ws/build/perception/build/lib/perception
[4.616s] copying perception/__init__.py -> /home/fai/nao_ws/build/perception/build/lib/perception
[4.616s] running install
[4.651s] running install_lib
[4.725s] creating /home/fai/nao_ws/install/perception/lib/python3.12/site-packages/perception
[4.726s] copying /home/fai/nao_ws/build/perception/build/lib/perception/perception_node.py -> /home/fai/nao_ws/install/perception/lib/python3.12/site-packages/perception
[4.728s] copying /home/fai/nao_ws/build/perception/build/lib/perception/__init__.py -> /home/fai/nao_ws/install/perception/lib/python3.12/site-packages/perception
[4.729s] byte-compiling /home/fai/nao_ws/install/perception/lib/python3.12/site-packages/perception/perception_node.py to perception_node.cpython-312.pyc
[4.731s] byte-compiling /home/fai/nao_ws/install/perception/lib/python3.12/site-packages/perception/__init__.py to __init__.cpython-312.pyc
[4.732s] running install_data
[4.733s] creating /home/fai/nao_ws/install/perception/share/ament_index
[4.733s] creating /home/fai/nao_ws/install/perception/share/ament_index/resource_index
[4.734s] creating /home/fai/nao_ws/install/perception/share/ament_index/resource_index/packages
[4.734s] copying resource/perception -> /home/fai/nao_ws/install/perception/share/ament_index/resource_index/packages
[4.738s] copying package.xml -> /home/fai/nao_ws/install/perception/share/perception
[4.738s] running install_egg_info
[4.817s] Copying ../../build/perception/perception.egg-info to /home/fai/nao_ws/install/perception/lib/python3.12/site-packages/perception-0.0.0-py3.12.egg-info
[4.818s] running install_scripts
[5.346s] Installing perception_node script to /home/fai/nao_ws/install/perception/lib/perception
[5.346s] writing list of installed files to '/home/fai/nao_ws/build/perception/install.log'
[5.410s] Invoked command in '/home/fai/nao_ws/src/perception' returned '0': CMAKE_PREFIX_PATH=/home/fai/nao_ws/install/perception_interfaces:/home/fai/nao_ws/install/speech_interfaces:/home/fai/nao_ws/install/navigation_interfaces:/home/fai/nao_ws/install/manipulation_interfaces:/opt/ros/jazzy/opt/gz_math_vendor:/opt/ros/jazzy/opt/gz_utils_vendor:/opt/ros/jazzy/opt/gz_cmake_vendor DEBUGINFOD_URLS=https://debuginfod.ubuntu.com LD_LIBRARY_PATH=/home/fai/nao_ws/install/perception_interfaces/lib:/home/fai/nao_ws/install/speech_interfaces/lib:/home/fai/nao_ws/install/navigation_interfaces/lib:/home/fai/nao_ws/install/manipulation_interfaces/lib:/opt/ros/jazzy/opt/rviz_ogre_vendor/lib:/opt/ros/jazzy/lib/x86_64-linux-gnu:/opt/ros/jazzy/opt/gz_math_vendor/lib:/opt/ros/jazzy/opt/gz_utils_vendor/lib:/opt/ros/jazzy/opt/gz_cmake_vendor/lib:/opt/ros/jazzy/lib PYTHONPATH=/home/fai/nao_ws/build/perception/prefix_override:/usr/lib/python3/dist-packages/colcon_core/task/python/colcon_distutils_commands:/home/fai/nao_ws/install/perception/lib/python3.12/site-packages:/home/fai/nao_ws/install/perception_interfaces/lib/python3.12/site-packages:/home/fai/nao_ws/install/nao_tasks/lib/python3.12/site-packages:/home/fai/nao_ws/install/web_controller/lib/python3.12/site-packages:/home/fai/nao_ws/install/speech/lib/python3.12/site-packages:/home/fai/nao_ws/install/integration/lib/python3.12/site-packages:/home/fai/nao_ws/install/speech_interfaces/lib/python3.12/site-packages:/home/fai/nao_ws/install/perception/lib/python3.12/site-packages:/home/fai/nao_ws/install/navigation/lib/python3.12/site-packages:/home/fai/nao_ws/install/navigation_interfaces/lib/python3.12/site-packages:/home/fai/nao_ws/install/nao_qi_ros2_package/lib/python3.12/site-packages:/home/fai/nao_ws/install/manipulation/lib/python3.12/site-packages:/home/fai/nao_ws/install/manipulation_interfaces/lib/python3.12/site-packages:/opt/ros/jazzy/lib/python3.12/site-packages /usr/bin/python3 -W ignore:setup.py install is deprecated setup.py egg_info --egg-base ../../build/perception build --build-base /home/fai/nao_ws/build/perception/build install --record /home/fai/nao_ws/build/perception/install.log --single-version-externally-managed install_data
