[5.124s] Invoking command in '/home/robotica/nao_ws/src/perception': CMAKE_PREFIX_PATH=/home/robotica/nao_ws/src/install/perception_interfaces:/home/robotica/nao_ws/src/install/speech_interfaces:/home/robotica/nao_ws/src/install/navigation_interfaces:/home/robotica/nao_ws/src/install/manipulation_interfaces:/home/robotica/nao_ws/install/speech_interfaces:/home/robotica/nao_ws/install/perception_interfaces:/home/robotica/nao_ws/install/navigation_interfaces:/home/robotica/nao_ws/install/manipulation_interfaces:/opt/ros/jazzy/opt/gz_math_vendor:/opt/ros/jazzy/opt/gz_utils_vendor:/opt/ros/jazzy/opt/gz_cmake_vendor DEBUGINFOD_URLS=https://debuginfod.ubuntu.com LD_LIBRARY_PATH=/home/robotica/nao_ws/src/install/perception_interfaces/lib:/home/robotica/nao_ws/src/install/speech_interfaces/lib:/home/robotica/nao_ws/src/install/navigation_interfaces/lib:/home/robotica/nao_ws/src/install/manipulation_interfaces/lib:/home/robotica/nao_ws/install/speech_interfaces/lib:/home/robotica/nao_ws/install/perception_interfaces/lib:/home/robotica/nao_ws/install/navigation_interfaces/lib:/home/robotica/nao_ws/install/manipulation_interfaces/lib:/opt/ros/jazzy/opt/rviz_ogre_vendor/lib:/opt/ros/jazzy/lib/x86_64-linux-gnu:/opt/ros/jazzy/opt/gz_math_vendor/lib:/opt/ros/jazzy/opt/gz_utils_vendor/lib:/opt/ros/jazzy/opt/gz_cmake_vendor/lib:/opt/ros/jazzy/lib PYTHONPATH=/home/robotica/nao_ws/src/build/perception/prefix_override:/usr/lib/python3/dist-packages/colcon_core/task/python/colcon_distutils_commands:/home/robotica/nao_ws/src/install/perception/lib/python3.12/site-packages:/home/robotica/nao_ws/src/install/perception_interfaces/lib/python3.12/site-packages:/home/robotica/nao_ws/src/install/web_controller/lib/python3.12/site-packages:/home/robotica/nao_ws/src/install/speech/lib/python3.12/site-packages:/home/robotica/nao_ws/src/install/integration/lib/python3.12/site-packages:/home/robotica/nao_ws/src/install/speech_interfaces/lib/python3.12/site-packages:/home/robotica/nao_ws/src/install/rest_api/lib/python3.12/site-packages:/home/robotica/nao_ws/src/install/perception/lib/python3.12/site-packages:/home/robotica/nao_ws/src/install/navigation/lib/python3.12/site-packages:/home/robotica/nao_ws/src/install/navigation_interfaces/lib/python3.12/site-packages:/home/robotica/nao_ws/src/install/nao_qi_ros2_package/lib/python3.12/site-packages:/home/robotica/nao_ws/src/install/manipulation/lib/python3.12/site-packages:/home/robotica/nao_ws/src/install/manipulation_interfaces/lib/python3.12/site-packages:/home/robotica/nao_ws/install/web_controller/lib/python3.12/site-packages:/home/robotica/nao_ws/install/speech/lib/python3.12/site-packages:/home/robotica/nao_ws/install/integration/lib/python3.12/site-packages:/home/robotica/nao_ws/install/speech_interfaces/lib/python3.12/site-packages:/home/robotica/nao_ws/install/rest_api/lib/python3.12/site-packages:/home/robotica/nao_ws/install/perception/lib/python3.12/site-packages:/home/robotica/nao_ws/install/perception_interfaces/lib/python3.12/site-packages:/home/robotica/nao_ws/install/navigation/lib/python3.12/site-packages:/home/robotica/nao_ws/install/navigation_interfaces/lib/python3.12/site-packages:/home/robotica/nao_ws/install/nao_qi_ros2_package/lib/python3.12/site-packages:/home/robotica/nao_ws/install/manipulation/lib/python3.12/site-packages:/home/robotica/nao_ws/install/manipulation_interfaces/lib/python3.12/site-packages:/opt/ros/jazzy/lib/python3.12/site-packages /usr/bin/python3 -W ignore:setup.py install is deprecated setup.py egg_info --egg-base ../build/perception build --build-base /home/robotica/nao_ws/src/build/perception/build install --record /home/robotica/nao_ws/src/build/perception/install.log --single-version-externally-managed install_data
[6.280s] running egg_info
[6.280s] creating ../build/perception/perception.egg-info
[6.350s] writing ../build/perception/perception.egg-info/PKG-INFO
[6.351s] writing dependency_links to ../build/perception/perception.egg-info/dependency_links.txt
[6.351s] writing entry points to ../build/perception/perception.egg-info/entry_points.txt
[6.352s] writing requirements to ../build/perception/perception.egg-info/requires.txt
[6.352s] writing top-level names to ../build/perception/perception.egg-info/top_level.txt
[6.356s] writing manifest file '../build/perception/perception.egg-info/SOURCES.txt'
[6.507s] reading manifest file '../build/perception/perception.egg-info/SOURCES.txt'
[6.510s] writing manifest file '../build/perception/perception.egg-info/SOURCES.txt'
[6.511s] running build
[6.512s] running build_py
[6.513s] creating /home/robotica/nao_ws/src/build/perception/build
[6.513s] creating /home/robotica/nao_ws/src/build/perception/build/lib
[6.513s] creating /home/robotica/nao_ws/src/build/perception/build/lib/perception
[6.514s] copying perception/perception_node.py -> /home/robotica/nao_ws/src/build/perception/build/lib/perception
[6.514s] copying perception/__init__.py -> /home/robotica/nao_ws/src/build/perception/build/lib/perception
[6.514s] running install
[6.541s] running install_lib
[6.611s] creating /home/robotica/nao_ws/src/install/perception/lib/python3.12/site-packages/perception
[6.611s] copying /home/robotica/nao_ws/src/build/perception/build/lib/perception/perception_node.py -> /home/robotica/nao_ws/src/install/perception/lib/python3.12/site-packages/perception
[6.611s] copying /home/robotica/nao_ws/src/build/perception/build/lib/perception/__init__.py -> /home/robotica/nao_ws/src/install/perception/lib/python3.12/site-packages/perception
[6.614s] byte-compiling /home/robotica/nao_ws/src/install/perception/lib/python3.12/site-packages/perception/perception_node.py to perception_node.cpython-312.pyc
[6.615s] byte-compiling /home/robotica/nao_ws/src/install/perception/lib/python3.12/site-packages/perception/__init__.py to __init__.cpython-312.pyc
[6.616s] running install_data
[6.616s] creating /home/robotica/nao_ws/src/install/perception/share/ament_index
[6.616s] creating /home/robotica/nao_ws/src/install/perception/share/ament_index/resource_index
[6.617s] creating /home/robotica/nao_ws/src/install/perception/share/ament_index/resource_index/packages
[6.617s] copying resource/perception -> /home/robotica/nao_ws/src/install/perception/share/ament_index/resource_index/packages
[6.617s] copying package.xml -> /home/robotica/nao_ws/src/install/perception/share/perception
[6.617s] running install_egg_info
[6.721s] Copying ../build/perception/perception.egg-info to /home/robotica/nao_ws/src/install/perception/lib/python3.12/site-packages/perception-0.0.0-py3.12.egg-info
[6.729s] running install_scripts
[7.284s] Installing perception_node script to /home/robotica/nao_ws/src/install/perception/lib/perception
[7.285s] writing list of installed files to '/home/robotica/nao_ws/src/build/perception/install.log'
[7.415s] Invoked command in '/home/robotica/nao_ws/src/perception' returned '0': CMAKE_PREFIX_PATH=/home/robotica/nao_ws/src/install/perception_interfaces:/home/robotica/nao_ws/src/install/speech_interfaces:/home/robotica/nao_ws/src/install/navigation_interfaces:/home/robotica/nao_ws/src/install/manipulation_interfaces:/home/robotica/nao_ws/install/speech_interfaces:/home/robotica/nao_ws/install/perception_interfaces:/home/robotica/nao_ws/install/navigation_interfaces:/home/robotica/nao_ws/install/manipulation_interfaces:/opt/ros/jazzy/opt/gz_math_vendor:/opt/ros/jazzy/opt/gz_utils_vendor:/opt/ros/jazzy/opt/gz_cmake_vendor DEBUGINFOD_URLS=https://debuginfod.ubuntu.com LD_LIBRARY_PATH=/home/robotica/nao_ws/src/install/perception_interfaces/lib:/home/robotica/nao_ws/src/install/speech_interfaces/lib:/home/robotica/nao_ws/src/install/navigation_interfaces/lib:/home/robotica/nao_ws/src/install/manipulation_interfaces/lib:/home/robotica/nao_ws/install/speech_interfaces/lib:/home/robotica/nao_ws/install/perception_interfaces/lib:/home/robotica/nao_ws/install/navigation_interfaces/lib:/home/robotica/nao_ws/install/manipulation_interfaces/lib:/opt/ros/jazzy/opt/rviz_ogre_vendor/lib:/opt/ros/jazzy/lib/x86_64-linux-gnu:/opt/ros/jazzy/opt/gz_math_vendor/lib:/opt/ros/jazzy/opt/gz_utils_vendor/lib:/opt/ros/jazzy/opt/gz_cmake_vendor/lib:/opt/ros/jazzy/lib PYTHONPATH=/home/robotica/nao_ws/src/build/perception/prefix_override:/usr/lib/python3/dist-packages/colcon_core/task/python/colcon_distutils_commands:/home/robotica/nao_ws/src/install/perception/lib/python3.12/site-packages:/home/robotica/nao_ws/src/install/perception_interfaces/lib/python3.12/site-packages:/home/robotica/nao_ws/src/install/web_controller/lib/python3.12/site-packages:/home/robotica/nao_ws/src/install/speech/lib/python3.12/site-packages:/home/robotica/nao_ws/src/install/integration/lib/python3.12/site-packages:/home/robotica/nao_ws/src/install/speech_interfaces/lib/python3.12/site-packages:/home/robotica/nao_ws/src/install/rest_api/lib/python3.12/site-packages:/home/robotica/nao_ws/src/install/perception/lib/python3.12/site-packages:/home/robotica/nao_ws/src/install/navigation/lib/python3.12/site-packages:/home/robotica/nao_ws/src/install/navigation_interfaces/lib/python3.12/site-packages:/home/robotica/nao_ws/src/install/nao_qi_ros2_package/lib/python3.12/site-packages:/home/robotica/nao_ws/src/install/manipulation/lib/python3.12/site-packages:/home/robotica/nao_ws/src/install/manipulation_interfaces/lib/python3.12/site-packages:/home/robotica/nao_ws/install/web_controller/lib/python3.12/site-packages:/home/robotica/nao_ws/install/speech/lib/python3.12/site-packages:/home/robotica/nao_ws/install/integration/lib/python3.12/site-packages:/home/robotica/nao_ws/install/speech_interfaces/lib/python3.12/site-packages:/home/robotica/nao_ws/install/rest_api/lib/python3.12/site-packages:/home/robotica/nao_ws/install/perception/lib/python3.12/site-packages:/home/robotica/nao_ws/install/perception_interfaces/lib/python3.12/site-packages:/home/robotica/nao_ws/install/navigation/lib/python3.12/site-packages:/home/robotica/nao_ws/install/navigation_interfaces/lib/python3.12/site-packages:/home/robotica/nao_ws/install/nao_qi_ros2_package/lib/python3.12/site-packages:/home/robotica/nao_ws/install/manipulation/lib/python3.12/site-packages:/home/robotica/nao_ws/install/manipulation_interfaces/lib/python3.12/site-packages:/opt/ros/jazzy/lib/python3.12/site-packages /usr/bin/python3 -W ignore:setup.py install is deprecated setup.py egg_info --egg-base ../build/perception build --build-base /home/robotica/nao_ws/src/build/perception/build install --record /home/robotica/nao_ws/src/build/perception/install.log --single-version-externally-managed install_data
