[2.624s] Invoking command in '/home/fai/nao_ws/src/speech': DEBUGINFOD_URLS=https://debuginfod.ubuntu.com PYTHONPATH=/home/fai/nao_ws/build/speech/prefix_override:/usr/lib/python3/dist-packages/colcon_core/task/python/colcon_distutils_commands:/home/fai/nao_ws/install/speech/lib/python3.12/site-packages:/home/fai/nao_ws/install/speech_interfaces/lib/python3.12/site-packages:/home/fai/nao_ws/install/web_controller/lib/python3.12/site-packages:/home/fai/nao_ws/install/speech/lib/python3.12/site-packages:/home/fai/nao_ws/install/nao_tasks/lib/python3.12/site-packages:/home/fai/nao_ws/install/integration/lib/python3.12/site-packages:/home/fai/nao_ws/install/perception/lib/python3.12/site-packages:/home/fai/nao_ws/install/perception_interfaces/lib/python3.12/site-packages:/home/fai/nao_ws/install/navigation/lib/python3.12/site-packages:/home/fai/nao_ws/install/navigation_interfaces/lib/python3.12/site-packages:/home/fai/nao_ws/install/nao_qi_ros2_package/lib/python3.12/site-packages:/home/fai/nao_ws/install/manipulation/lib/python3.12/site-packages:/home/fai/nao_ws/install/manipulation_interfaces/lib/python3.12/site-packages:/opt/ros/jazzy/lib/python3.12/site-packages /usr/bin/python3 -W ignore:setup.py install is deprecated setup.py egg_info --egg-base ../../build/speech build --build-base /home/fai/nao_ws/build/speech/build install --record /home/fai/nao_ws/build/speech/install.log --single-version-externally-managed install_data
[3.348s] running egg_info
[3.350s] creating ../../build/speech/speech.egg-info
[3.411s] writing ../../build/speech/speech.egg-info/PKG-INFO
[3.414s] writing dependency_links to ../../build/speech/speech.egg-info/dependency_links.txt
[3.415s] writing entry points to ../../build/speech/speech.egg-info/entry_points.txt
[3.415s] writing requirements to ../../build/speech/speech.egg-info/requires.txt
[3.415s] writing top-level names to ../../build/speech/speech.egg-info/top_level.txt
[3.415s] writing manifest file '../../build/speech/speech.egg-info/SOURCES.txt'
[3.538s] reading manifest file '../../build/speech/speech.egg-info/SOURCES.txt'
[3.540s] writing manifest file '../../build/speech/speech.egg-info/SOURCES.txt'
[3.541s] running build
[3.541s] running build_py
[3.541s] creating /home/fai/nao_ws/build/speech/build
[3.544s] creating /home/fai/nao_ws/build/speech/build/lib
[3.545s] creating /home/fai/nao_ws/build/speech/build/lib/speech
[3.545s] copying speech/__init__.py -> /home/fai/nao_ws/build/speech/build/lib/speech
[3.545s] copying speech/speech_node.py -> /home/fai/nao_ws/build/speech/build/lib/speech
[3.546s] running install
[3.563s] running install_lib
[3.626s] creating /home/fai/nao_ws/install/speech/lib/python3.12/site-packages/speech
[3.626s] copying /home/fai/nao_ws/build/speech/build/lib/speech/__init__.py -> /home/fai/nao_ws/install/speech/lib/python3.12/site-packages/speech
[3.626s] copying /home/fai/nao_ws/build/speech/build/lib/speech/speech_node.py -> /home/fai/nao_ws/install/speech/lib/python3.12/site-packages/speech
[3.627s] byte-compiling /home/fai/nao_ws/install/speech/lib/python3.12/site-packages/speech/__init__.py to __init__.cpython-312.pyc
[3.627s] byte-compiling /home/fai/nao_ws/install/speech/lib/python3.12/site-packages/speech/speech_node.py to speech_node.cpython-312.pyc
[3.629s] running install_data
[3.629s] creating /home/fai/nao_ws/install/speech/share/ament_index
[3.630s] creating /home/fai/nao_ws/install/speech/share/ament_index/resource_index
[3.630s] creating /home/fai/nao_ws/install/speech/share/ament_index/resource_index/packages
[3.631s] copying resource/speech -> /home/fai/nao_ws/install/speech/share/ament_index/resource_index/packages
[3.631s] copying package.xml -> /home/fai/nao_ws/install/speech/share/speech
[3.631s] running install_egg_info
[3.687s] Copying ../../build/speech/speech.egg-info to /home/fai/nao_ws/install/speech/lib/python3.12/site-packages/speech-0.0.0-py3.12.egg-info
[3.688s] running install_scripts
[4.092s] Installing speech_node script to /home/fai/nao_ws/install/speech/lib/speech
[4.094s] writing list of installed files to '/home/fai/nao_ws/build/speech/install.log'
[4.172s] Invoked command in '/home/fai/nao_ws/src/speech' returned '0': DEBUGINFOD_URLS=https://debuginfod.ubuntu.com PYTHONPATH=/home/fai/nao_ws/build/speech/prefix_override:/usr/lib/python3/dist-packages/colcon_core/task/python/colcon_distutils_commands:/home/fai/nao_ws/install/speech/lib/python3.12/site-packages:/home/fai/nao_ws/install/speech_interfaces/lib/python3.12/site-packages:/home/fai/nao_ws/install/web_controller/lib/python3.12/site-packages:/home/fai/nao_ws/install/speech/lib/python3.12/site-packages:/home/fai/nao_ws/install/nao_tasks/lib/python3.12/site-packages:/home/fai/nao_ws/install/integration/lib/python3.12/site-packages:/home/fai/nao_ws/install/perception/lib/python3.12/site-packages:/home/fai/nao_ws/install/perception_interfaces/lib/python3.12/site-packages:/home/fai/nao_ws/install/navigation/lib/python3.12/site-packages:/home/fai/nao_ws/install/navigation_interfaces/lib/python3.12/site-packages:/home/fai/nao_ws/install/nao_qi_ros2_package/lib/python3.12/site-packages:/home/fai/nao_ws/install/manipulation/lib/python3.12/site-packages:/home/fai/nao_ws/install/manipulation_interfaces/lib/python3.12/site-packages:/opt/ros/jazzy/lib/python3.12/site-packages /usr/bin/python3 -W ignore:setup.py install is deprecated setup.py egg_info --egg-base ../../build/speech build --build-base /home/fai/nao_ws/build/speech/build install --record /home/fai/nao_ws/build/speech/install.log --single-version-externally-managed install_data
