[4.888s] Invoking command in '/home/fai/nao_ws/src/navigation': CMAKE_PREFIX_PATH=/home/fai/nao_ws/install/navigation_interfaces:/home/fai/nao_ws/install/speech_interfaces:/home/fai/nao_ws/install/perception_interfaces:/home/fai/nao_ws/install/manipulation_interfaces:/opt/ros/jazzy/opt/gz_math_vendor:/opt/ros/jazzy/opt/gz_utils_vendor:/opt/ros/jazzy/opt/gz_cmake_vendor DEBUGINFOD_URLS=https://debuginfod.ubuntu.com LD_LIBRARY_PATH=/home/fai/nao_ws/install/navigation_interfaces/lib:/home/fai/nao_ws/install/speech_interfaces/lib:/home/fai/nao_ws/install/perception_interfaces/lib:/home/fai/nao_ws/install/manipulation_interfaces/lib:/opt/ros/jazzy/opt/rviz_ogre_vendor/lib:/opt/ros/jazzy/lib/x86_64-linux-gnu:/opt/ros/jazzy/opt/gz_math_vendor/lib:/opt/ros/jazzy/opt/gz_utils_vendor/lib:/opt/ros/jazzy/opt/gz_cmake_vendor/lib:/opt/ros/jazzy/lib PYTHONPATH=/home/fai/nao_ws/build/navigation/prefix_override:/usr/lib/python3/dist-packages/colcon_core/task/python/colcon_distutils_commands:/home/fai/nao_ws/install/navigation/lib/python3.12/site-packages:/home/fai/nao_ws/install/navigation_interfaces/lib/python3.12/site-packages:/home/fai/nao_ws/install/nao_tasks/lib/python3.12/site-packages:/home/fai/nao_ws/install/web_controller/lib/python3.12/site-packages:/home/fai/nao_ws/install/speech/lib/python3.12/site-packages:/home/fai/nao_ws/install/integration/lib/python3.12/site-packages:/home/fai/nao_ws/install/speech_interfaces/lib/python3.12/site-packages:/home/fai/nao_ws/install/perception/lib/python3.12/site-packages:/home/fai/nao_ws/install/perception_interfaces/lib/python3.12/site-packages:/home/fai/nao_ws/install/navigation/lib/python3.12/site-packages:/home/fai/nao_ws/install/nao_qi_ros2_package/lib/python3.12/site-packages:/home/fai/nao_ws/install/manipulation/lib/python3.12/site-packages:/home/fai/nao_ws/install/manipulation_interfaces/lib/python3.12/site-packages:/opt/ros/jazzy/lib/python3.12/site-packages /usr/bin/python3 -W ignore:setup.py install is deprecated setup.py egg_info --egg-base ../../build/navigation build --build-base /home/fai/nao_ws/build/navigation/build install --record /home/fai/nao_ws/build/navigation/install.log --single-version-externally-managed install_data
[6.024s] running egg_info
[6.025s] creating ../../build/navigation/navigation.egg-info
[6.088s] writing ../../build/navigation/navigation.egg-info/PKG-INFO
[6.088s] writing dependency_links to ../../build/navigation/navigation.egg-info/dependency_links.txt
[6.089s] writing entry points to ../../build/navigation/navigation.egg-info/entry_points.txt
[6.090s] writing requirements to ../../build/navigation/navigation.egg-info/requires.txt
[6.090s] writing top-level names to ../../build/navigation/navigation.egg-info/top_level.txt
[6.091s] writing manifest file '../../build/navigation/navigation.egg-info/SOURCES.txt'
[6.246s] reading manifest file '../../build/navigation/navigation.egg-info/SOURCES.txt'
[6.246s] writing manifest file '../../build/navigation/navigation.egg-info/SOURCES.txt'
[6.247s] running build
[6.247s] running build_py
[6.247s] creating /home/fai/nao_ws/build/navigation/build
[6.247s] creating /home/fai/nao_ws/build/navigation/build/lib
[6.248s] creating /home/fai/nao_ws/build/navigation/build/lib/navigation
[6.248s] copying navigation/__init__.py -> /home/fai/nao_ws/build/navigation/build/lib/navigation
[6.248s] copying navigation/navigation_node.py -> /home/fai/nao_ws/build/navigation/build/lib/navigation
[6.249s] running install
[6.261s] running install_lib
[6.322s] creating /home/fai/nao_ws/install/navigation/lib/python3.12/site-packages/navigation
[6.323s] copying /home/fai/nao_ws/build/navigation/build/lib/navigation/__init__.py -> /home/fai/nao_ws/install/navigation/lib/python3.12/site-packages/navigation
[6.323s] copying /home/fai/nao_ws/build/navigation/build/lib/navigation/navigation_node.py -> /home/fai/nao_ws/install/navigation/lib/python3.12/site-packages/navigation
[6.324s] byte-compiling /home/fai/nao_ws/install/navigation/lib/python3.12/site-packages/navigation/__init__.py to __init__.cpython-312.pyc
[6.324s] byte-compiling /home/fai/nao_ws/install/navigation/lib/python3.12/site-packages/navigation/navigation_node.py to navigation_node.cpython-312.pyc
[6.326s] running install_data
[6.327s] creating /home/fai/nao_ws/install/navigation/share/ament_index
[6.327s] creating /home/fai/nao_ws/install/navigation/share/ament_index/resource_index
[6.327s] creating /home/fai/nao_ws/install/navigation/share/ament_index/resource_index/packages
[6.328s] copying resource/navigation -> /home/fai/nao_ws/install/navigation/share/ament_index/resource_index/packages
[6.328s] copying package.xml -> /home/fai/nao_ws/install/navigation/share/navigation
[6.328s] running install_egg_info
[6.377s] Copying ../../build/navigation/navigation.egg-info to /home/fai/nao_ws/install/navigation/lib/python3.12/site-packages/navigation-0.0.0-py3.12.egg-info
[6.379s] running install_scripts
[6.934s] Installing navigation_node script to /home/fai/nao_ws/install/navigation/lib/navigation
[6.935s] writing list of installed files to '/home/fai/nao_ws/build/navigation/install.log'
[7.047s] Invoked command in '/home/fai/nao_ws/src/navigation' returned '0': CMAKE_PREFIX_PATH=/home/fai/nao_ws/install/navigation_interfaces:/home/fai/nao_ws/install/speech_interfaces:/home/fai/nao_ws/install/perception_interfaces:/home/fai/nao_ws/install/manipulation_interfaces:/opt/ros/jazzy/opt/gz_math_vendor:/opt/ros/jazzy/opt/gz_utils_vendor:/opt/ros/jazzy/opt/gz_cmake_vendor DEBUGINFOD_URLS=https://debuginfod.ubuntu.com LD_LIBRARY_PATH=/home/fai/nao_ws/install/navigation_interfaces/lib:/home/fai/nao_ws/install/speech_interfaces/lib:/home/fai/nao_ws/install/perception_interfaces/lib:/home/fai/nao_ws/install/manipulation_interfaces/lib:/opt/ros/jazzy/opt/rviz_ogre_vendor/lib:/opt/ros/jazzy/lib/x86_64-linux-gnu:/opt/ros/jazzy/opt/gz_math_vendor/lib:/opt/ros/jazzy/opt/gz_utils_vendor/lib:/opt/ros/jazzy/opt/gz_cmake_vendor/lib:/opt/ros/jazzy/lib PYTHONPATH=/home/fai/nao_ws/build/navigation/prefix_override:/usr/lib/python3/dist-packages/colcon_core/task/python/colcon_distutils_commands:/home/fai/nao_ws/install/navigation/lib/python3.12/site-packages:/home/fai/nao_ws/install/navigation_interfaces/lib/python3.12/site-packages:/home/fai/nao_ws/install/nao_tasks/lib/python3.12/site-packages:/home/fai/nao_ws/install/web_controller/lib/python3.12/site-packages:/home/fai/nao_ws/install/speech/lib/python3.12/site-packages:/home/fai/nao_ws/install/integration/lib/python3.12/site-packages:/home/fai/nao_ws/install/speech_interfaces/lib/python3.12/site-packages:/home/fai/nao_ws/install/perception/lib/python3.12/site-packages:/home/fai/nao_ws/install/perception_interfaces/lib/python3.12/site-packages:/home/fai/nao_ws/install/navigation/lib/python3.12/site-packages:/home/fai/nao_ws/install/nao_qi_ros2_package/lib/python3.12/site-packages:/home/fai/nao_ws/install/manipulation/lib/python3.12/site-packages:/home/fai/nao_ws/install/manipulation_interfaces/lib/python3.12/site-packages:/opt/ros/jazzy/lib/python3.12/site-packages /usr/bin/python3 -W ignore:setup.py install is deprecated setup.py egg_info --egg-base ../../build/navigation build --build-base /home/fai/nao_ws/build/navigation/build install --record /home/fai/nao_ws/build/navigation/install.log --single-version-externally-managed install_data
