[3.101s] Invoking command in '/home/fai/nao_ws/src/navigation': CMAKE_PREFIX_PATH=/home/fai/nao_ws/install/navigation_interfaces:/home/fai/nao_ws/install/speech_interfaces:/home/fai/nao_ws/install/perception_interfaces:/home/fai/nao_ws/install/manipulation_interfaces:/opt/ros/jazzy/opt/gz_math_vendor:/opt/ros/jazzy/opt/gz_utils_vendor:/opt/ros/jazzy/opt/gz_cmake_vendor DEBUGINFOD_URLS=https://debuginfod.ubuntu.com LD_LIBRARY_PATH=/home/fai/nao_ws/install/navigation_interfaces/lib:/home/fai/nao_ws/install/speech_interfaces/lib:/home/fai/nao_ws/install/perception_interfaces/lib:/home/fai/nao_ws/install/manipulation_interfaces/lib:/opt/ros/jazzy/opt/rviz_ogre_vendor/lib:/opt/ros/jazzy/lib/x86_64-linux-gnu:/opt/ros/jazzy/opt/gz_math_vendor/lib:/opt/ros/jazzy/opt/gz_utils_vendor/lib:/opt/ros/jazzy/opt/gz_cmake_vendor/lib:/opt/ros/jazzy/lib PYTHONPATH=/home/fai/nao_ws/build/navigation/prefix_override:/usr/lib/python3/dist-packages/colcon_core/task/python/colcon_distutils_commands:/home/fai/nao_ws/install/navigation/lib/python3.12/site-packages:/home/fai/nao_ws/install/navigation_interfaces/lib/python3.12/site-packages:/home/fai/nao_ws/install/nao_tasks/lib/python3.12/site-packages:/home/fai/nao_ws/install/web_controller/lib/python3.12/site-packages:/home/fai/nao_ws/install/speech/lib/python3.12/site-packages:/home/fai/nao_ws/install/integration/lib/python3.12/site-packages:/home/fai/nao_ws/install/speech_interfaces/lib/python3.12/site-packages:/home/fai/nao_ws/install/perception/lib/python3.12/site-packages:/home/fai/nao_ws/install/perception_interfaces/lib/python3.12/site-packages:/home/fai/nao_ws/install/navigation/lib/python3.12/site-packages:/home/fai/nao_ws/install/nao_qi_ros2_package/lib/python3.12/site-packages:/home/fai/nao_ws/install/manipulation/lib/python3.12/site-packages:/home/fai/nao_ws/install/manipulation_interfaces/lib/python3.12/site-packages:/opt/ros/jazzy/lib/python3.12/site-packages /usr/bin/python3 -W ignore:setup.py install is deprecated setup.py egg_info --egg-base ../../build/navigation build --build-base /home/fai/nao_ws/build/navigation/build install --record /home/fai/nao_ws/build/navigation/install.log --single-version-externally-managed install_data
[3.687s] running egg_info
[3.688s] creating ../../build/navigation/navigation.egg-info
[3.751s] writing ../../build/navigation/navigation.egg-info/PKG-INFO
[3.752s] writing dependency_links to ../../build/navigation/navigation.egg-info/dependency_links.txt
[3.752s] writing entry points to ../../build/navigation/navigation.egg-info/entry_points.txt
[3.752s] writing requirements to ../../build/navigation/navigation.egg-info/requires.txt
[3.753s] writing top-level names to ../../build/navigation/navigation.egg-info/top_level.txt
[3.753s] writing manifest file '../../build/navigation/navigation.egg-info/SOURCES.txt'
[3.882s] reading manifest file '../../build/navigation/navigation.egg-info/SOURCES.txt'
[3.883s] writing manifest file '../../build/navigation/navigation.egg-info/SOURCES.txt'
[3.884s] running build
[3.884s] running build_py
[3.884s] creating /home/fai/nao_ws/build/navigation/build
[3.885s] creating /home/fai/nao_ws/build/navigation/build/lib
[3.886s] creating /home/fai/nao_ws/build/navigation/build/lib/navigation
[3.886s] copying navigation/__init__.py -> /home/fai/nao_ws/build/navigation/build/lib/navigation
[3.887s] copying navigation/navigation_node.py -> /home/fai/nao_ws/build/navigation/build/lib/navigation
[3.887s] running install
[3.908s] running install_lib
[3.971s] creating /home/fai/nao_ws/install/navigation/lib/python3.12/site-packages/navigation
[3.971s] copying /home/fai/nao_ws/build/navigation/build/lib/navigation/__init__.py -> /home/fai/nao_ws/install/navigation/lib/python3.12/site-packages/navigation
[3.971s] copying /home/fai/nao_ws/build/navigation/build/lib/navigation/navigation_node.py -> /home/fai/nao_ws/install/navigation/lib/python3.12/site-packages/navigation
[3.973s] byte-compiling /home/fai/nao_ws/install/navigation/lib/python3.12/site-packages/navigation/__init__.py to __init__.cpython-312.pyc
[3.973s] byte-compiling /home/fai/nao_ws/install/navigation/lib/python3.12/site-packages/navigation/navigation_node.py to navigation_node.cpython-312.pyc
[3.975s] running install_data
[3.976s] creating /home/fai/nao_ws/install/navigation/share/ament_index
[3.976s] creating /home/fai/nao_ws/install/navigation/share/ament_index/resource_index
[3.976s] creating /home/fai/nao_ws/install/navigation/share/ament_index/resource_index/packages
[3.977s] copying resource/navigation -> /home/fai/nao_ws/install/navigation/share/ament_index/resource_index/packages
[3.977s] copying package.xml -> /home/fai/nao_ws/install/navigation/share/navigation
[3.977s] running install_egg_info
[4.050s] Copying ../../build/navigation/navigation.egg-info to /home/fai/nao_ws/install/navigation/lib/python3.12/site-packages/navigation-0.0.0-py3.12.egg-info
[4.054s] running install_scripts
[4.476s] Installing navigation_node script to /home/fai/nao_ws/install/navigation/lib/navigation
[4.477s] writing list of installed files to '/home/fai/nao_ws/build/navigation/install.log'
[4.543s] Invoked command in '/home/fai/nao_ws/src/navigation' returned '0': CMAKE_PREFIX_PATH=/home/fai/nao_ws/install/navigation_interfaces:/home/fai/nao_ws/install/speech_interfaces:/home/fai/nao_ws/install/perception_interfaces:/home/fai/nao_ws/install/manipulation_interfaces:/opt/ros/jazzy/opt/gz_math_vendor:/opt/ros/jazzy/opt/gz_utils_vendor:/opt/ros/jazzy/opt/gz_cmake_vendor DEBUGINFOD_URLS=https://debuginfod.ubuntu.com LD_LIBRARY_PATH=/home/fai/nao_ws/install/navigation_interfaces/lib:/home/fai/nao_ws/install/speech_interfaces/lib:/home/fai/nao_ws/install/perception_interfaces/lib:/home/fai/nao_ws/install/manipulation_interfaces/lib:/opt/ros/jazzy/opt/rviz_ogre_vendor/lib:/opt/ros/jazzy/lib/x86_64-linux-gnu:/opt/ros/jazzy/opt/gz_math_vendor/lib:/opt/ros/jazzy/opt/gz_utils_vendor/lib:/opt/ros/jazzy/opt/gz_cmake_vendor/lib:/opt/ros/jazzy/lib PYTHONPATH=/home/fai/nao_ws/build/navigation/prefix_override:/usr/lib/python3/dist-packages/colcon_core/task/python/colcon_distutils_commands:/home/fai/nao_ws/install/navigation/lib/python3.12/site-packages:/home/fai/nao_ws/install/navigation_interfaces/lib/python3.12/site-packages:/home/fai/nao_ws/install/nao_tasks/lib/python3.12/site-packages:/home/fai/nao_ws/install/web_controller/lib/python3.12/site-packages:/home/fai/nao_ws/install/speech/lib/python3.12/site-packages:/home/fai/nao_ws/install/integration/lib/python3.12/site-packages:/home/fai/nao_ws/install/speech_interfaces/lib/python3.12/site-packages:/home/fai/nao_ws/install/perception/lib/python3.12/site-packages:/home/fai/nao_ws/install/perception_interfaces/lib/python3.12/site-packages:/home/fai/nao_ws/install/navigation/lib/python3.12/site-packages:/home/fai/nao_ws/install/nao_qi_ros2_package/lib/python3.12/site-packages:/home/fai/nao_ws/install/manipulation/lib/python3.12/site-packages:/home/fai/nao_ws/install/manipulation_interfaces/lib/python3.12/site-packages:/opt/ros/jazzy/lib/python3.12/site-packages /usr/bin/python3 -W ignore:setup.py install is deprecated setup.py egg_info --egg-base ../../build/navigation build --build-base /home/fai/nao_ws/build/navigation/build install --record /home/fai/nao_ws/build/navigation/install.log --single-version-externally-managed install_data
