[3.006s] Invoking command in '/home/fai/nao_ws/src/manipulation': CMAKE_PREFIX_PATH=/home/fai/nao_ws/install/manipulation_interfaces:/home/fai/nao_ws/install/speech_interfaces:/home/fai/nao_ws/install/perception_interfaces:/home/fai/nao_ws/install/navigation_interfaces:/opt/ros/jazzy/opt/gz_math_vendor:/opt/ros/jazzy/opt/gz_utils_vendor:/opt/ros/jazzy/opt/gz_cmake_vendor DEBUGINFOD_URLS=https://debuginfod.ubuntu.com LD_LIBRARY_PATH=/home/fai/nao_ws/install/manipulation_interfaces/lib:/home/fai/nao_ws/install/speech_interfaces/lib:/home/fai/nao_ws/install/perception_interfaces/lib:/home/fai/nao_ws/install/navigation_interfaces/lib:/opt/ros/jazzy/opt/rviz_ogre_vendor/lib:/opt/ros/jazzy/lib/x86_64-linux-gnu:/opt/ros/jazzy/opt/gz_math_vendor/lib:/opt/ros/jazzy/opt/gz_utils_vendor/lib:/opt/ros/jazzy/opt/gz_cmake_vendor/lib:/opt/ros/jazzy/lib PYTHONPATH=/home/fai/nao_ws/build/manipulation/prefix_override:/usr/lib/python3/dist-packages/colcon_core/task/python/colcon_distutils_commands:/home/fai/nao_ws/install/manipulation/lib/python3.12/site-packages:/home/fai/nao_ws/install/manipulation_interfaces/lib/python3.12/site-packages:/home/fai/nao_ws/install/rest_api/lib/python3.12/site-packages:/home/fai/nao_ws/install/web_controller/lib/python3.12/site-packages:/home/fai/nao_ws/install/speech/lib/python3.12/site-packages:/home/fai/nao_ws/install/nao_tasks/lib/python3.12/site-packages:/home/fai/nao_ws/install/integration/lib/python3.12/site-packages:/home/fai/nao_ws/install/speech_interfaces/lib/python3.12/site-packages:/home/fai/nao_ws/install/perception/lib/python3.12/site-packages:/home/fai/nao_ws/install/perception_interfaces/lib/python3.12/site-packages:/home/fai/nao_ws/install/navigation/lib/python3.12/site-packages:/home/fai/nao_ws/install/navigation_interfaces/lib/python3.12/site-packages:/home/fai/nao_ws/install/nao_qi_ros2_package/lib/python3.12/site-packages:/home/fai/nao_ws/install/manipulation/lib/python3.12/site-packages:/opt/ros/jazzy/lib/python3.12/site-packages /usr/bin/python3 -W ignore:setup.py install is deprecated setup.py egg_info --egg-base ../../build/manipulation build --build-base /home/fai/nao_ws/build/manipulation/build install --record /home/fai/nao_ws/build/manipulation/install.log --single-version-externally-managed install_data
[3.881s] running egg_info
[3.994s] writing ../../build/manipulation/manipulation.egg-info/PKG-INFO
[3.996s] writing dependency_links to ../../build/manipulation/manipulation.egg-info/dependency_links.txt
[3.996s] writing entry points to ../../build/manipulation/manipulation.egg-info/entry_points.txt
[3.996s] writing requirements to ../../build/manipulation/manipulation.egg-info/requires.txt
[4.000s] writing top-level names to ../../build/manipulation/manipulation.egg-info/top_level.txt
[4.162s] reading manifest file '../../build/manipulation/manipulation.egg-info/SOURCES.txt'
[4.167s] writing manifest file '../../build/manipulation/manipulation.egg-info/SOURCES.txt'
[4.169s] running build
[4.169s] running build_py
[4.169s] running install
[4.189s] running install_lib
[4.254s] running install_data
[4.255s] running install_egg_info
[4.328s] removing '/home/fai/nao_ws/install/manipulation/lib/python3.12/site-packages/manipulation-0.0.0-py3.12.egg-info' (and everything under it)
[4.328s] Copying ../../build/manipulation/manipulation.egg-info to /home/fai/nao_ws/install/manipulation/lib/python3.12/site-packages/manipulation-0.0.0-py3.12.egg-info
[4.331s] running install_scripts
[4.774s] Installing manipulation_node script to /home/fai/nao_ws/install/manipulation/lib/manipulation
[4.776s] writing list of installed files to '/home/fai/nao_ws/build/manipulation/install.log'
[4.887s] Invoked command in '/home/fai/nao_ws/src/manipulation' returned '0': CMAKE_PREFIX_PATH=/home/fai/nao_ws/install/manipulation_interfaces:/home/fai/nao_ws/install/speech_interfaces:/home/fai/nao_ws/install/perception_interfaces:/home/fai/nao_ws/install/navigation_interfaces:/opt/ros/jazzy/opt/gz_math_vendor:/opt/ros/jazzy/opt/gz_utils_vendor:/opt/ros/jazzy/opt/gz_cmake_vendor DEBUGINFOD_URLS=https://debuginfod.ubuntu.com LD_LIBRARY_PATH=/home/fai/nao_ws/install/manipulation_interfaces/lib:/home/fai/nao_ws/install/speech_interfaces/lib:/home/fai/nao_ws/install/perception_interfaces/lib:/home/fai/nao_ws/install/navigation_interfaces/lib:/opt/ros/jazzy/opt/rviz_ogre_vendor/lib:/opt/ros/jazzy/lib/x86_64-linux-gnu:/opt/ros/jazzy/opt/gz_math_vendor/lib:/opt/ros/jazzy/opt/gz_utils_vendor/lib:/opt/ros/jazzy/opt/gz_cmake_vendor/lib:/opt/ros/jazzy/lib PYTHONPATH=/home/fai/nao_ws/build/manipulation/prefix_override:/usr/lib/python3/dist-packages/colcon_core/task/python/colcon_distutils_commands:/home/fai/nao_ws/install/manipulation/lib/python3.12/site-packages:/home/fai/nao_ws/install/manipulation_interfaces/lib/python3.12/site-packages:/home/fai/nao_ws/install/rest_api/lib/python3.12/site-packages:/home/fai/nao_ws/install/web_controller/lib/python3.12/site-packages:/home/fai/nao_ws/install/speech/lib/python3.12/site-packages:/home/fai/nao_ws/install/nao_tasks/lib/python3.12/site-packages:/home/fai/nao_ws/install/integration/lib/python3.12/site-packages:/home/fai/nao_ws/install/speech_interfaces/lib/python3.12/site-packages:/home/fai/nao_ws/install/perception/lib/python3.12/site-packages:/home/fai/nao_ws/install/perception_interfaces/lib/python3.12/site-packages:/home/fai/nao_ws/install/navigation/lib/python3.12/site-packages:/home/fai/nao_ws/install/navigation_interfaces/lib/python3.12/site-packages:/home/fai/nao_ws/install/nao_qi_ros2_package/lib/python3.12/site-packages:/home/fai/nao_ws/install/manipulation/lib/python3.12/site-packages:/opt/ros/jazzy/lib/python3.12/site-packages /usr/bin/python3 -W ignore:setup.py install is deprecated setup.py egg_info --egg-base ../../build/manipulation build --build-base /home/fai/nao_ws/build/manipulation/build install --record /home/fai/nao_ws/build/manipulation/install.log --single-version-externally-managed install_data
