[0.025s] Invoking command in '/home/fai/nao_ws/build/speech_interfaces': CMAKE_PREFIX_PATH=${CMAKE_PREFIX_PATH}:/home/fai/nao_ws/install/nao_tasks:/home/fai/nao_ws/install/web_controller:/home/fai/nao_ws/install/speech:/home/fai/nao_ws/install/integration:/home/fai/nao_ws/install/perception:/home/fai/nao_ws/install/navigation:/home/fai/nao_ws/install/nao_qi_ros2_package:/home/fai/nao_ws/install/manipulation:/opt/ros/jazzy DEBUGINFOD_URLS=https://debuginfod.ubuntu.com /usr/bin/cmake /home/fai/nao_ws/src/speech_interfaces -DCMAKE_INSTALL_PREFIX=/home/fai/nao_ws/install/speech_interfaces
[0.187s] -- The C compiler identification is GNU 13.2.0
[0.348s] -- The CXX compiler identification is GNU 13.2.0
[0.388s] -- Detecting C compiler ABI info
[0.619s] -- Detecting C compiler ABI info - done
[0.649s] -- Check for working C compiler: /usr/bin/cc - skipped
[0.649s] -- Detecting C compile features
[0.653s] -- Detecting C compile features - done
[0.670s] -- Detecting CXX compiler ABI info
[0.937s] -- Detecting CXX compiler ABI info - done
[0.973s] -- Check for working CXX compiler: /usr/bin/c++ - skipped
[0.974s] -- Detecting CXX compile features
[0.974s] -- Detecting CXX compile features - done
[0.980s] -- Found ament_cmake: 2.5.2 (/opt/ros/jazzy/share/ament_cmake/cmake)
[1.421s] -- Found Python3: /usr/bin/python3 (found version "3.12.3") found components: Interpreter 
[1.725s] -- Found rosidl_default_generators: 1.6.0 (/opt/ros/jazzy/share/rosidl_default_generators/cmake)
[1.746s] -- Using all available rosidl_typesupport_c: rosidl_typesupport_fastrtps_c;rosidl_typesupport_introspection_c
[1.909s] -- Using all available rosidl_typesupport_cpp: rosidl_typesupport_fastrtps_cpp;rosidl_typesupport_introspection_cpp
[2.034s] -- Found rosidl_adapter: 4.6.4 (/opt/ros/jazzy/share/rosidl_adapter/cmake)
[3.642s] -- Found ament_cmake_ros: 0.12.0 (/opt/ros/jazzy/share/ament_cmake_ros/cmake)
[4.839s] -- Using all available rosidl_typesupport_c: rosidl_typesupport_fastrtps_c;rosidl_typesupport_introspection_c
[6.321s] -- Using all available rosidl_typesupport_cpp: rosidl_typesupport_fastrtps_cpp;rosidl_typesupport_introspection_cpp
[6.330s] -- Found python_cmake_module: 0.11.1 (/opt/ros/jazzy/share/python_cmake_module/cmake)
[6.694s] -- Found PythonExtra: /usr/bin/python3  
[8.365s] -- Found Python3: /usr/bin/python3 (found version "3.12.3") found components: Interpreter Development NumPy Development.Module Development.Embed 
[8.595s] -- Configuring done (8.5s)
[8.813s] -- Generating done (0.1s)
[8.858s] -- Build files have been written to: /home/fai/nao_ws/build/speech_interfaces
[8.948s] Invoked command in '/home/fai/nao_ws/build/speech_interfaces' returned '0': CMAKE_PREFIX_PATH=${CMAKE_PREFIX_PATH}:/home/fai/nao_ws/install/nao_tasks:/home/fai/nao_ws/install/web_controller:/home/fai/nao_ws/install/speech:/home/fai/nao_ws/install/integration:/home/fai/nao_ws/install/perception:/home/fai/nao_ws/install/navigation:/home/fai/nao_ws/install/nao_qi_ros2_package:/home/fai/nao_ws/install/manipulation:/opt/ros/jazzy DEBUGINFOD_URLS=https://debuginfod.ubuntu.com /usr/bin/cmake /home/fai/nao_ws/src/speech_interfaces -DCMAKE_INSTALL_PREFIX=/home/fai/nao_ws/install/speech_interfaces
[8.950s] Invoking command in '/home/fai/nao_ws/build/speech_interfaces': CMAKE_PREFIX_PATH=${CMAKE_PREFIX_PATH}:/home/fai/nao_ws/install/nao_tasks:/home/fai/nao_ws/install/web_controller:/home/fai/nao_ws/install/speech:/home/fai/nao_ws/install/integration:/home/fai/nao_ws/install/perception:/home/fai/nao_ws/install/navigation:/home/fai/nao_ws/install/nao_qi_ros2_package:/home/fai/nao_ws/install/manipulation:/opt/ros/jazzy DEBUGINFOD_URLS=https://debuginfod.ubuntu.com /usr/bin/cmake --build /home/fai/nao_ws/build/speech_interfaces -- -j4 -l4
[9.237s] [  2%] [34m[1mGenerating type hashes for ROS interfaces[0m
[9.404s] [  2%] Built target ament_cmake_python_copy_speech_interfaces
[10.257s] running egg_info
[10.257s] creating speech_interfaces.egg-info
[10.318s] writing speech_interfaces.egg-info/PKG-INFO
[10.318s] writing dependency_links to speech_interfaces.egg-info/dependency_links.txt
[10.318s] writing top-level names to speech_interfaces.egg-info/top_level.txt
[10.318s] writing manifest file 'speech_interfaces.egg-info/SOURCES.txt'
[10.685s] reading manifest file 'speech_interfaces.egg-info/SOURCES.txt'
[10.687s] writing manifest file 'speech_interfaces.egg-info/SOURCES.txt'
[10.867s] [  2%] Built target ament_cmake_python_build_speech_interfaces_egg
[10.889s] [  2%] Built target speech_interfaces__rosidl_generator_type_description
[10.947s] [  4%] [34m[1mGenerating C code for ROS interfaces[0m
[10.988s] [  6%] [34m[1mGenerating C++ code for ROS interfaces[0m
[12.341s] [  6%] Built target speech_interfaces__cpp
[14.073s] [  9%] [32mBuilding C object CMakeFiles/speech_interfaces__rosidl_generator_c.dir/rosidl_generator_c/speech_interfaces/srv/detail/speak__description.c.o[0m
[14.074s] [ 11%] [32mBuilding C object CMakeFiles/speech_interfaces__rosidl_generator_c.dir/rosidl_generator_c/speech_interfaces/srv/detail/speak__type_support.c.o[0m
[14.090s] [ 13%] [32mBuilding C object CMakeFiles/speech_interfaces__rosidl_generator_c.dir/rosidl_generator_c/speech_interfaces/srv/detail/play_song__description.c.o[0m
[14.107s] [ 15%] [32mBuilding C object CMakeFiles/speech_interfaces__rosidl_generator_c.dir/rosidl_generator_c/speech_interfaces/srv/detail/speak__functions.c.o[0m
[14.290s] [ 18%] [32mBuilding C object CMakeFiles/speech_interfaces__rosidl_generator_c.dir/rosidl_generator_c/speech_interfaces/srv/detail/play_song__functions.c.o[0m
[14.373s] [ 20%] [32mBuilding C object CMakeFiles/speech_interfaces__rosidl_generator_c.dir/rosidl_generator_c/speech_interfaces/srv/detail/play_song__type_support.c.o[0m
[14.889s] [ 22%] [32m[1mLinking C shared library libspeech_interfaces__rosidl_generator_c.so[0m
[15.231s] [ 22%] Built target speech_interfaces__rosidl_generator_c
[15.307s] [ 25%] [34m[1mGenerating C type support for eProsima Fast-RTPS[0m
[15.320s] [ 27%] [34m[1mGenerating C++ type support dispatch for ROS interfaces[0m
[15.350s] [ 29%] [34m[1mGenerating C++ introspection for ROS interfaces[0m
[15.353s] [ 31%] [34m[1mGenerating C++ type support for eProsima Fast-RTPS[0m
[17.349s] [ 34%] [32mBuilding CXX object CMakeFiles/speech_interfaces__rosidl_typesupport_cpp.dir/rosidl_typesupport_cpp/speech_interfaces/srv/speak__type_support.cpp.o[0m
[18.244s] [ 36%] [32mBuilding CXX object CMakeFiles/speech_interfaces__rosidl_typesupport_introspection_cpp.dir/rosidl_typesupport_introspection_cpp/speech_interfaces/srv/detail/speak__type_support.cpp.o[0m
[20.705s] [ 38%] [32mBuilding CXX object CMakeFiles/speech_interfaces__rosidl_typesupport_fastrtps_c.dir/rosidl_typesupport_fastrtps_c/speech_interfaces/srv/detail/speak__type_support_c.cpp.o[0m
[22.383s] [ 40%] [32mBuilding CXX object CMakeFiles/speech_interfaces__rosidl_typesupport_fastrtps_cpp.dir/rosidl_typesupport_fastrtps_cpp/speech_interfaces/srv/detail/dds_fastrtps/speak__type_support.cpp.o[0m
[22.482s] [ 43%] [32mBuilding CXX object CMakeFiles/speech_interfaces__rosidl_typesupport_cpp.dir/rosidl_typesupport_cpp/speech_interfaces/srv/play_song__type_support.cpp.o[0m
[24.853s] [ 45%] [32mBuilding CXX object CMakeFiles/speech_interfaces__rosidl_typesupport_introspection_cpp.dir/rosidl_typesupport_introspection_cpp/speech_interfaces/srv/detail/play_song__type_support.cpp.o[0m
[25.862s] [ 47%] [32m[1mLinking CXX shared library libspeech_interfaces__rosidl_typesupport_cpp.so[0m
[26.137s] [ 47%] Built target speech_interfaces__rosidl_typesupport_cpp
[28.571s] [ 50%] [32mBuilding CXX object CMakeFiles/speech_interfaces__rosidl_typesupport_fastrtps_cpp.dir/rosidl_typesupport_fastrtps_cpp/speech_interfaces/srv/detail/dds_fastrtps/play_song__type_support.cpp.o[0m
[29.932s] [ 52%] [32mBuilding CXX object CMakeFiles/speech_interfaces__rosidl_typesupport_fastrtps_c.dir/rosidl_typesupport_fastrtps_c/speech_interfaces/srv/detail/play_song__type_support_c.cpp.o[0m
[31.368s] [ 54%] [32m[1mLinking CXX shared library libspeech_interfaces__rosidl_typesupport_introspection_cpp.so[0m
[31.993s] [ 54%] Built target speech_interfaces__rosidl_typesupport_introspection_cpp
[32.500s] [ 56%] [32m[1mLinking CXX shared library libspeech_interfaces__rosidl_typesupport_fastrtps_cpp.so[0m
[32.782s] [ 56%] Built target speech_interfaces__rosidl_typesupport_fastrtps_cpp
[32.925s] [ 59%] [32m[1mLinking CXX shared library libspeech_interfaces__rosidl_typesupport_fastrtps_c.so[0m
[33.274s] [ 59%] Built target speech_interfaces__rosidl_typesupport_fastrtps_c
[33.300s] [ 61%] [34m[1mGenerating C type support dispatch for ROS interfaces[0m
[34.559s] [ 63%] [32mBuilding CXX object CMakeFiles/speech_interfaces__rosidl_typesupport_c.dir/rosidl_typesupport_c/speech_interfaces/srv/speak__type_support.cpp.o[0m
[34.757s] [ 65%] [32mBuilding CXX object CMakeFiles/speech_interfaces__rosidl_typesupport_c.dir/rosidl_typesupport_c/speech_interfaces/srv/play_song__type_support.cpp.o[0m
[34.924s] [ 68%] [32m[1mLinking CXX shared library libspeech_interfaces__rosidl_typesupport_c.so[0m
[35.059s] [ 68%] Built target speech_interfaces__rosidl_typesupport_c
[35.093s] [ 70%] [34m[1mGenerating C introspection for ROS interfaces[0m
[36.160s] [ 72%] [32mBuilding C object CMakeFiles/speech_interfaces__rosidl_typesupport_introspection_c.dir/rosidl_typesupport_introspection_c/speech_interfaces/srv/detail/speak__type_support.c.o[0m
[36.381s] [ 75%] [32mBuilding C object CMakeFiles/speech_interfaces__rosidl_typesupport_introspection_c.dir/rosidl_typesupport_introspection_c/speech_interfaces/srv/detail/play_song__type_support.c.o[0m
[36.541s] [ 77%] [32m[1mLinking C shared library libspeech_interfaces__rosidl_typesupport_introspection_c.so[0m
[36.633s] [ 77%] Built target speech_interfaces__rosidl_typesupport_introspection_c
[36.677s] [ 77%] Built target speech_interfaces
[36.741s] [ 79%] [34m[1mGenerating Python code for ROS interfaces[0m
[38.566s] [ 79%] Built target speech_interfaces__py
[38.613s] [ 81%] [32mBuilding C object CMakeFiles/speech_interfaces__rosidl_generator_py.dir/rosidl_generator_py/speech_interfaces/srv/_speak_s.c.o[0m
[39.134s] [ 84%] [32mBuilding C object CMakeFiles/speech_interfaces__rosidl_generator_py.dir/rosidl_generator_py/speech_interfaces/srv/_play_song_s.c.o[0m
[39.653s] [ 86%] [32m[1mLinking C shared library libspeech_interfaces__rosidl_generator_py.so[0m
[39.762s] [ 86%] Built target speech_interfaces__rosidl_generator_py
[39.807s] [ 88%] [32mBuilding C object CMakeFiles/speech_interfaces_s__rosidl_typesupport_fastrtps_c.dir/rosidl_generator_py/speech_interfaces/_speech_interfaces_s.ep.rosidl_typesupport_fastrtps_c.c.o[0m
[40.254s] [ 90%] [32m[1mLinking C shared module rosidl_generator_py/speech_interfaces/speech_interfaces_s__rosidl_typesupport_fastrtps_c.so[0m
[40.326s] [ 90%] Built target speech_interfaces_s__rosidl_typesupport_fastrtps_c
[40.368s] [ 93%] [32mBuilding C object CMakeFiles/speech_interfaces_s__rosidl_typesupport_c.dir/rosidl_generator_py/speech_interfaces/_speech_interfaces_s.ep.rosidl_typesupport_c.c.o[0m
[40.779s] [ 95%] [32m[1mLinking C shared module rosidl_generator_py/speech_interfaces/speech_interfaces_s__rosidl_typesupport_c.so[0m
[40.850s] [ 95%] Built target speech_interfaces_s__rosidl_typesupport_c
[40.898s] [ 97%] [32mBuilding C object CMakeFiles/speech_interfaces_s__rosidl_typesupport_introspection_c.dir/rosidl_generator_py/speech_interfaces/_speech_interfaces_s.ep.rosidl_typesupport_introspection_c.c.o[0m
[41.348s] [100%] [32m[1mLinking C shared module rosidl_generator_py/speech_interfaces/speech_interfaces_s__rosidl_typesupport_introspection_c.so[0m
[41.424s] [100%] Built target speech_interfaces_s__rosidl_typesupport_introspection_c
[41.452s] Invoked command in '/home/fai/nao_ws/build/speech_interfaces' returned '0': CMAKE_PREFIX_PATH=${CMAKE_PREFIX_PATH}:/home/fai/nao_ws/install/nao_tasks:/home/fai/nao_ws/install/web_controller:/home/fai/nao_ws/install/speech:/home/fai/nao_ws/install/integration:/home/fai/nao_ws/install/perception:/home/fai/nao_ws/install/navigation:/home/fai/nao_ws/install/nao_qi_ros2_package:/home/fai/nao_ws/install/manipulation:/opt/ros/jazzy DEBUGINFOD_URLS=https://debuginfod.ubuntu.com /usr/bin/cmake --build /home/fai/nao_ws/build/speech_interfaces -- -j4 -l4
[41.800s] Invoking command in '/home/fai/nao_ws/build/speech_interfaces': CMAKE_PREFIX_PATH=${CMAKE_PREFIX_PATH}:/home/fai/nao_ws/install/nao_tasks:/home/fai/nao_ws/install/web_controller:/home/fai/nao_ws/install/speech:/home/fai/nao_ws/install/integration:/home/fai/nao_ws/install/perception:/home/fai/nao_ws/install/navigation:/home/fai/nao_ws/install/nao_qi_ros2_package:/home/fai/nao_ws/install/manipulation:/opt/ros/jazzy DEBUGINFOD_URLS=https://debuginfod.ubuntu.com /usr/bin/cmake --install /home/fai/nao_ws/build/speech_interfaces
[41.846s] -- Install configuration: ""
[41.846s] -- Installing: /home/fai/nao_ws/install/speech_interfaces/share/ament_index/resource_index/rosidl_interfaces/speech_interfaces
[41.846s] -- Installing: /home/fai/nao_ws/install/speech_interfaces/share/speech_interfaces/srv/Speak.json
[41.847s] -- Installing: /home/fai/nao_ws/install/speech_interfaces/share/speech_interfaces/srv/PlaySong.json
[41.848s] -- Installing: /home/fai/nao_ws/install/speech_interfaces/include/speech_interfaces/speech_interfaces
[41.848s] -- Installing: /home/fai/nao_ws/install/speech_interfaces/include/speech_interfaces/speech_interfaces/srv
[41.849s] -- Installing: /home/fai/nao_ws/install/speech_interfaces/include/speech_interfaces/speech_interfaces/srv/play_song.h
[41.849s] -- Installing: /home/fai/nao_ws/install/speech_interfaces/include/speech_interfaces/speech_interfaces/srv/speak.h
[41.855s] -- Installing: /home/fai/nao_ws/install/speech_interfaces/include/speech_interfaces/speech_interfaces/srv/detail
[41.855s] -- Installing: /home/fai/nao_ws/install/speech_interfaces/include/speech_interfaces/speech_interfaces/srv/detail/play_song__functions.h
[41.855s] -- Installing: /home/fai/nao_ws/install/speech_interfaces/include/speech_interfaces/speech_interfaces/srv/detail/play_song__type_support.c
[41.855s] -- Installing: /home/fai/nao_ws/install/speech_interfaces/include/speech_interfaces/speech_interfaces/srv/detail/speak__functions.h
[41.856s] -- Installing: /home/fai/nao_ws/install/speech_interfaces/include/speech_interfaces/speech_interfaces/srv/detail/play_song__functions.c
[41.856s] -- Installing: /home/fai/nao_ws/install/speech_interfaces/include/speech_interfaces/speech_interfaces/srv/detail/speak__type_support.c
[41.862s] -- Installing: /home/fai/nao_ws/install/speech_interfaces/include/speech_interfaces/speech_interfaces/srv/detail/play_song__type_support.h
[41.862s] -- Installing: /home/fai/nao_ws/install/speech_interfaces/include/speech_interfaces/speech_interfaces/srv/detail/play_song__description.c
[41.862s] -- Installing: /home/fai/nao_ws/install/speech_interfaces/include/speech_interfaces/speech_interfaces/srv/detail/speak__struct.h
[41.862s] -- Installing: /home/fai/nao_ws/install/speech_interfaces/include/speech_interfaces/speech_interfaces/srv/detail/speak__description.c
[41.865s] -- Installing: /home/fai/nao_ws/install/speech_interfaces/include/speech_interfaces/speech_interfaces/srv/detail/speak__functions.c
[41.865s] -- Installing: /home/fai/nao_ws/install/speech_interfaces/include/speech_interfaces/speech_interfaces/srv/detail/play_song__struct.h
[41.866s] -- Installing: /home/fai/nao_ws/install/speech_interfaces/include/speech_interfaces/speech_interfaces/srv/detail/speak__type_support.h
[41.867s] -- Installing: /home/fai/nao_ws/install/speech_interfaces/include/speech_interfaces/speech_interfaces/msg
[41.868s] -- Installing: /home/fai/nao_ws/install/speech_interfaces/include/speech_interfaces/speech_interfaces/msg/rosidl_generator_c__visibility_control.h
[41.869s] -- Installing: /home/fai/nao_ws/install/speech_interfaces/share/speech_interfaces/environment/library_path.sh
[41.872s] -- Installing: /home/fai/nao_ws/install/speech_interfaces/share/speech_interfaces/environment/library_path.dsv
[41.872s] -- Installing: /home/fai/nao_ws/install/speech_interfaces/lib/libspeech_interfaces__rosidl_generator_c.so
[41.873s] -- Set non-toolchain portion of runtime path of "/home/fai/nao_ws/install/speech_interfaces/lib/libspeech_interfaces__rosidl_generator_c.so" to ""
[41.874s] -- Up-to-date: /home/fai/nao_ws/install/speech_interfaces/include/speech_interfaces/speech_interfaces
[41.875s] -- Up-to-date: /home/fai/nao_ws/install/speech_interfaces/include/speech_interfaces/speech_interfaces/srv
[41.875s] -- Up-to-date: /home/fai/nao_ws/install/speech_interfaces/include/speech_interfaces/speech_interfaces/srv/detail
[41.876s] -- Installing: /home/fai/nao_ws/install/speech_interfaces/include/speech_interfaces/speech_interfaces/srv/detail/play_song__rosidl_typesupport_fastrtps_c.h
[41.877s] -- Installing: /home/fai/nao_ws/install/speech_interfaces/include/speech_interfaces/speech_interfaces/srv/detail/speak__rosidl_typesupport_fastrtps_c.h
[41.877s] -- Up-to-date: /home/fai/nao_ws/install/speech_interfaces/include/speech_interfaces/speech_interfaces/msg
[41.878s] -- Installing: /home/fai/nao_ws/install/speech_interfaces/include/speech_interfaces/speech_interfaces/msg/rosidl_typesupport_fastrtps_c__visibility_control.h
[41.879s] -- Installing: /home/fai/nao_ws/install/speech_interfaces/lib/libspeech_interfaces__rosidl_typesupport_fastrtps_c.so
[41.881s] -- Set non-toolchain portion of runtime path of "/home/fai/nao_ws/install/speech_interfaces/lib/libspeech_interfaces__rosidl_typesupport_fastrtps_c.so" to ""
[41.881s] -- Up-to-date: /home/fai/nao_ws/install/speech_interfaces/include/speech_interfaces/speech_interfaces
[41.882s] -- Up-to-date: /home/fai/nao_ws/install/speech_interfaces/include/speech_interfaces/speech_interfaces/srv
[41.883s] -- Up-to-date: /home/fai/nao_ws/install/speech_interfaces/include/speech_interfaces/speech_interfaces/srv/detail
[41.884s] -- Installing: /home/fai/nao_ws/install/speech_interfaces/include/speech_interfaces/speech_interfaces/srv/detail/play_song__type_support.c
[41.884s] -- Installing: /home/fai/nao_ws/install/speech_interfaces/include/speech_interfaces/speech_interfaces/srv/detail/speak__type_support.c
[41.885s] -- Installing: /home/fai/nao_ws/install/speech_interfaces/include/speech_interfaces/speech_interfaces/srv/detail/play_song__rosidl_typesupport_introspection_c.h
[41.886s] -- Installing: /home/fai/nao_ws/install/speech_interfaces/include/speech_interfaces/speech_interfaces/srv/detail/speak__rosidl_typesupport_introspection_c.h
[41.886s] -- Up-to-date: /home/fai/nao_ws/install/speech_interfaces/include/speech_interfaces/speech_interfaces/msg
[41.887s] -- Installing: /home/fai/nao_ws/install/speech_interfaces/include/speech_interfaces/speech_interfaces/msg/rosidl_typesupport_introspection_c__visibility_control.h
[41.889s] -- Installing: /home/fai/nao_ws/install/speech_interfaces/lib/libspeech_interfaces__rosidl_typesupport_introspection_c.so
[41.891s] -- Set non-toolchain portion of runtime path of "/home/fai/nao_ws/install/speech_interfaces/lib/libspeech_interfaces__rosidl_typesupport_introspection_c.so" to ""
[41.892s] -- Installing: /home/fai/nao_ws/install/speech_interfaces/lib/libspeech_interfaces__rosidl_typesupport_c.so
[41.893s] -- Set non-toolchain portion of runtime path of "/home/fai/nao_ws/install/speech_interfaces/lib/libspeech_interfaces__rosidl_typesupport_c.so" to ""
[41.894s] -- Up-to-date: /home/fai/nao_ws/install/speech_interfaces/include/speech_interfaces/speech_interfaces
[41.894s] -- Up-to-date: /home/fai/nao_ws/install/speech_interfaces/include/speech_interfaces/speech_interfaces/srv
[41.907s] -- Installing: /home/fai/nao_ws/install/speech_interfaces/include/speech_interfaces/speech_interfaces/srv/speak.hpp
[41.907s] -- Up-to-date: /home/fai/nao_ws/install/speech_interfaces/include/speech_interfaces/speech_interfaces/srv/detail
[41.910s] -- Installing: /home/fai/nao_ws/install/speech_interfaces/include/speech_interfaces/speech_interfaces/srv/detail/speak__traits.hpp
[41.910s] -- Installing: /home/fai/nao_ws/install/speech_interfaces/include/speech_interfaces/speech_interfaces/srv/detail/play_song__struct.hpp
[41.913s] -- Installing: /home/fai/nao_ws/install/speech_interfaces/include/speech_interfaces/speech_interfaces/srv/detail/speak__builder.hpp
[41.913s] -- Installing: /home/fai/nao_ws/install/speech_interfaces/include/speech_interfaces/speech_interfaces/srv/detail/speak__type_support.hpp
[41.914s] -- Installing: /home/fai/nao_ws/install/speech_interfaces/include/speech_interfaces/speech_interfaces/srv/detail/play_song__builder.hpp
[41.915s] -- Installing: /home/fai/nao_ws/install/speech_interfaces/include/speech_interfaces/speech_interfaces/srv/detail/play_song__traits.hpp
[41.918s] -- Installing: /home/fai/nao_ws/install/speech_interfaces/include/speech_interfaces/speech_interfaces/srv/detail/play_song__type_support.hpp
[41.918s] -- Installing: /home/fai/nao_ws/install/speech_interfaces/include/speech_interfaces/speech_interfaces/srv/detail/speak__struct.hpp
[41.924s] -- Installing: /home/fai/nao_ws/install/speech_interfaces/include/speech_interfaces/speech_interfaces/srv/play_song.hpp
[41.924s] -- Up-to-date: /home/fai/nao_ws/install/speech_interfaces/include/speech_interfaces/speech_interfaces/msg
[41.924s] -- Installing: /home/fai/nao_ws/install/speech_interfaces/include/speech_interfaces/speech_interfaces/msg/rosidl_generator_cpp__visibility_control.hpp
[41.924s] -- Up-to-date: /home/fai/nao_ws/install/speech_interfaces/include/speech_interfaces/speech_interfaces
[41.925s] -- Up-to-date: /home/fai/nao_ws/install/speech_interfaces/include/speech_interfaces/speech_interfaces/srv
[41.925s] -- Up-to-date: /home/fai/nao_ws/install/speech_interfaces/include/speech_interfaces/speech_interfaces/srv/detail
[41.925s] -- Installing: /home/fai/nao_ws/install/speech_interfaces/include/speech_interfaces/speech_interfaces/srv/detail/speak__rosidl_typesupport_fastrtps_cpp.hpp
[41.925s] -- Installing: /home/fai/nao_ws/install/speech_interfaces/include/speech_interfaces/speech_interfaces/srv/detail/play_song__rosidl_typesupport_fastrtps_cpp.hpp
[41.933s] -- Installing: /home/fai/nao_ws/install/speech_interfaces/include/speech_interfaces/speech_interfaces/srv/detail/dds_fastrtps
[41.934s] -- Up-to-date: /home/fai/nao_ws/install/speech_interfaces/include/speech_interfaces/speech_interfaces/msg
[41.934s] -- Installing: /home/fai/nao_ws/install/speech_interfaces/include/speech_interfaces/speech_interfaces/msg/rosidl_typesupport_fastrtps_cpp__visibility_control.h
[41.934s] -- Installing: /home/fai/nao_ws/install/speech_interfaces/lib/libspeech_interfaces__rosidl_typesupport_fastrtps_cpp.so
[41.935s] -- Set non-toolchain portion of runtime path of "/home/fai/nao_ws/install/speech_interfaces/lib/libspeech_interfaces__rosidl_typesupport_fastrtps_cpp.so" to ""
[41.935s] -- Up-to-date: /home/fai/nao_ws/install/speech_interfaces/include/speech_interfaces/speech_interfaces
[41.935s] -- Up-to-date: /home/fai/nao_ws/install/speech_interfaces/include/speech_interfaces/speech_interfaces/srv
[41.941s] -- Up-to-date: /home/fai/nao_ws/install/speech_interfaces/include/speech_interfaces/speech_interfaces/srv/detail
[41.942s] -- Installing: /home/fai/nao_ws/install/speech_interfaces/include/speech_interfaces/speech_interfaces/srv/detail/speak__rosidl_typesupport_introspection_cpp.hpp
[41.942s] -- Installing: /home/fai/nao_ws/install/speech_interfaces/include/speech_interfaces/speech_interfaces/srv/detail/speak__type_support.cpp
[41.942s] -- Installing: /home/fai/nao_ws/install/speech_interfaces/include/speech_interfaces/speech_interfaces/srv/detail/play_song__type_support.cpp
[41.943s] -- Installing: /home/fai/nao_ws/install/speech_interfaces/include/speech_interfaces/speech_interfaces/srv/detail/play_song__rosidl_typesupport_introspection_cpp.hpp
[41.943s] -- Installing: /home/fai/nao_ws/install/speech_interfaces/lib/libspeech_interfaces__rosidl_typesupport_introspection_cpp.so
[41.949s] -- Set non-toolchain portion of runtime path of "/home/fai/nao_ws/install/speech_interfaces/lib/libspeech_interfaces__rosidl_typesupport_introspection_cpp.so" to ""
[41.950s] -- Installing: /home/fai/nao_ws/install/speech_interfaces/lib/libspeech_interfaces__rosidl_typesupport_cpp.so
[41.953s] -- Set non-toolchain portion of runtime path of "/home/fai/nao_ws/install/speech_interfaces/lib/libspeech_interfaces__rosidl_typesupport_cpp.so" to ""
[41.956s] -- Installing: /home/fai/nao_ws/install/speech_interfaces/share/speech_interfaces/environment/pythonpath.sh
[41.956s] -- Installing: /home/fai/nao_ws/install/speech_interfaces/share/speech_interfaces/environment/pythonpath.dsv
[41.959s] -- Installing: /home/fai/nao_ws/install/speech_interfaces/lib/python3.12/site-packages/speech_interfaces-0.0.0-py3.12.egg-info
[41.960s] -- Installing: /home/fai/nao_ws/install/speech_interfaces/lib/python3.12/site-packages/speech_interfaces-0.0.0-py3.12.egg-info/PKG-INFO
[41.960s] -- Installing: /home/fai/nao_ws/install/speech_interfaces/lib/python3.12/site-packages/speech_interfaces-0.0.0-py3.12.egg-info/top_level.txt
[41.961s] -- Installing: /home/fai/nao_ws/install/speech_interfaces/lib/python3.12/site-packages/speech_interfaces-0.0.0-py3.12.egg-info/dependency_links.txt
[41.961s] -- Installing: /home/fai/nao_ws/install/speech_interfaces/lib/python3.12/site-packages/speech_interfaces-0.0.0-py3.12.egg-info/SOURCES.txt
[41.965s] -- Installing: /home/fai/nao_ws/install/speech_interfaces/lib/python3.12/site-packages/speech_interfaces
[41.965s] -- Installing: /home/fai/nao_ws/install/speech_interfaces/lib/python3.12/site-packages/speech_interfaces/_speech_interfaces_s.ep.rosidl_typesupport_c.c
[41.966s] -- Installing: /home/fai/nao_ws/install/speech_interfaces/lib/python3.12/site-packages/speech_interfaces/srv
[41.973s] -- Installing: /home/fai/nao_ws/install/speech_interfaces/lib/python3.12/site-packages/speech_interfaces/srv/_speak.py
[41.974s] -- Installing: /home/fai/nao_ws/install/speech_interfaces/lib/python3.12/site-packages/speech_interfaces/srv/_play_song_s.c
[41.974s] -- Installing: /home/fai/nao_ws/install/speech_interfaces/lib/python3.12/site-packages/speech_interfaces/srv/__init__.py
[41.974s] -- Installing: /home/fai/nao_ws/install/speech_interfaces/lib/python3.12/site-packages/speech_interfaces/srv/_play_song.py
[41.985s] -- Installing: /home/fai/nao_ws/install/speech_interfaces/lib/python3.12/site-packages/speech_interfaces/srv/_speak_s.c
[41.985s] -- Installing: /home/fai/nao_ws/install/speech_interfaces/lib/python3.12/site-packages/speech_interfaces/speech_interfaces_s__rosidl_typesupport_fastrtps_c.so
[41.985s] -- Installing: /home/fai/nao_ws/install/speech_interfaces/lib/python3.12/site-packages/speech_interfaces/_speech_interfaces_s.ep.rosidl_typesupport_introspection_c.c
[41.986s] -- Installing: /home/fai/nao_ws/install/speech_interfaces/lib/python3.12/site-packages/speech_interfaces/__init__.py
[41.986s] -- Installing: /home/fai/nao_ws/install/speech_interfaces/lib/python3.12/site-packages/speech_interfaces/speech_interfaces_s__rosidl_typesupport_introspection_c.so
[41.988s] -- Installing: /home/fai/nao_ws/install/speech_interfaces/lib/python3.12/site-packages/speech_interfaces/_speech_interfaces_s.ep.rosidl_typesupport_fastrtps_c.c
[41.988s] -- Installing: /home/fai/nao_ws/install/speech_interfaces/lib/python3.12/site-packages/speech_interfaces/speech_interfaces_s__rosidl_typesupport_c.so
[42.265s] Listing '/home/fai/nao_ws/install/speech_interfaces/lib/python3.12/site-packages/speech_interfaces'...
[42.266s] Compiling '/home/fai/nao_ws/install/speech_interfaces/lib/python3.12/site-packages/speech_interfaces/__init__.py'...
[42.267s] Listing '/home/fai/nao_ws/install/speech_interfaces/lib/python3.12/site-packages/speech_interfaces/srv'...
[42.267s] Compiling '/home/fai/nao_ws/install/speech_interfaces/lib/python3.12/site-packages/speech_interfaces/srv/__init__.py'...
[42.268s] Compiling '/home/fai/nao_ws/install/speech_interfaces/lib/python3.12/site-packages/speech_interfaces/srv/_play_song.py'...
[42.268s] Compiling '/home/fai/nao_ws/install/speech_interfaces/lib/python3.12/site-packages/speech_interfaces/srv/_speak.py'...
[42.310s] -- Installing: /home/fai/nao_ws/install/speech_interfaces/lib/python3.12/site-packages/speech_interfaces/speech_interfaces_s__rosidl_typesupport_fastrtps_c.so
[42.312s] -- Set non-toolchain portion of runtime path of "/home/fai/nao_ws/install/speech_interfaces/lib/python3.12/site-packages/speech_interfaces/speech_interfaces_s__rosidl_typesupport_fastrtps_c.so" to ""
[42.313s] -- Installing: /home/fai/nao_ws/install/speech_interfaces/lib/python3.12/site-packages/speech_interfaces/speech_interfaces_s__rosidl_typesupport_introspection_c.so
[42.315s] -- Set non-toolchain portion of runtime path of "/home/fai/nao_ws/install/speech_interfaces/lib/python3.12/site-packages/speech_interfaces/speech_interfaces_s__rosidl_typesupport_introspection_c.so" to ""
[42.318s] -- Installing: /home/fai/nao_ws/install/speech_interfaces/lib/python3.12/site-packages/speech_interfaces/speech_interfaces_s__rosidl_typesupport_c.so
[42.322s] -- Set non-toolchain portion of runtime path of "/home/fai/nao_ws/install/speech_interfaces/lib/python3.12/site-packages/speech_interfaces/speech_interfaces_s__rosidl_typesupport_c.so" to ""
[42.323s] -- Installing: /home/fai/nao_ws/install/speech_interfaces/lib/libspeech_interfaces__rosidl_generator_py.so
[42.325s] -- Set non-toolchain portion of runtime path of "/home/fai/nao_ws/install/speech_interfaces/lib/libspeech_interfaces__rosidl_generator_py.so" to ""
[42.325s] -- Installing: /home/fai/nao_ws/install/speech_interfaces/share/speech_interfaces/srv/Speak.idl
[42.326s] -- Installing: /home/fai/nao_ws/install/speech_interfaces/share/speech_interfaces/srv/PlaySong.idl
[42.327s] -- Installing: /home/fai/nao_ws/install/speech_interfaces/share/speech_interfaces/srv/Speak.srv
[42.328s] -- Installing: /home/fai/nao_ws/install/speech_interfaces/share/speech_interfaces/srv/PlaySong.srv
[42.329s] -- Installing: /home/fai/nao_ws/install/speech_interfaces/share/ament_index/resource_index/package_run_dependencies/speech_interfaces
[42.329s] -- Installing: /home/fai/nao_ws/install/speech_interfaces/share/ament_index/resource_index/parent_prefix_path/speech_interfaces
[42.330s] -- Installing: /home/fai/nao_ws/install/speech_interfaces/share/speech_interfaces/environment/ament_prefix_path.sh
[42.331s] -- Installing: /home/fai/nao_ws/install/speech_interfaces/share/speech_interfaces/environment/ament_prefix_path.dsv
[42.332s] -- Installing: /home/fai/nao_ws/install/speech_interfaces/share/speech_interfaces/environment/path.sh
[42.334s] -- Installing: /home/fai/nao_ws/install/speech_interfaces/share/speech_interfaces/environment/path.dsv
[42.335s] -- Installing: /home/fai/nao_ws/install/speech_interfaces/share/speech_interfaces/local_setup.bash
[42.335s] -- Installing: /home/fai/nao_ws/install/speech_interfaces/share/speech_interfaces/local_setup.sh
[42.340s] -- Installing: /home/fai/nao_ws/install/speech_interfaces/share/speech_interfaces/local_setup.zsh
[42.343s] -- Installing: /home/fai/nao_ws/install/speech_interfaces/share/speech_interfaces/local_setup.dsv
[42.347s] -- Installing: /home/fai/nao_ws/install/speech_interfaces/share/speech_interfaces/package.dsv
[42.347s] -- Installing: /home/fai/nao_ws/install/speech_interfaces/share/ament_index/resource_index/packages/speech_interfaces
[42.349s] -- Installing: /home/fai/nao_ws/install/speech_interfaces/share/speech_interfaces/cmake/export_speech_interfaces__rosidl_generator_cExport.cmake
[42.349s] -- Installing: /home/fai/nao_ws/install/speech_interfaces/share/speech_interfaces/cmake/export_speech_interfaces__rosidl_generator_cExport-noconfig.cmake
[42.350s] -- Installing: /home/fai/nao_ws/install/speech_interfaces/share/speech_interfaces/cmake/export_speech_interfaces__rosidl_typesupport_fastrtps_cExport.cmake
[42.351s] -- Installing: /home/fai/nao_ws/install/speech_interfaces/share/speech_interfaces/cmake/export_speech_interfaces__rosidl_typesupport_fastrtps_cExport-noconfig.cmake
[42.352s] -- Installing: /home/fai/nao_ws/install/speech_interfaces/share/speech_interfaces/cmake/speech_interfaces__rosidl_typesupport_introspection_cExport.cmake
[42.353s] -- Installing: /home/fai/nao_ws/install/speech_interfaces/share/speech_interfaces/cmake/speech_interfaces__rosidl_typesupport_introspection_cExport-noconfig.cmake
[42.353s] -- Installing: /home/fai/nao_ws/install/speech_interfaces/share/speech_interfaces/cmake/speech_interfaces__rosidl_typesupport_cExport.cmake
[42.355s] -- Installing: /home/fai/nao_ws/install/speech_interfaces/share/speech_interfaces/cmake/speech_interfaces__rosidl_typesupport_cExport-noconfig.cmake
[42.355s] -- Installing: /home/fai/nao_ws/install/speech_interfaces/share/speech_interfaces/cmake/export_speech_interfaces__rosidl_generator_cppExport.cmake
[42.356s] -- Installing: /home/fai/nao_ws/install/speech_interfaces/share/speech_interfaces/cmake/export_speech_interfaces__rosidl_typesupport_fastrtps_cppExport.cmake
[42.357s] -- Installing: /home/fai/nao_ws/install/speech_interfaces/share/speech_interfaces/cmake/export_speech_interfaces__rosidl_typesupport_fastrtps_cppExport-noconfig.cmake
[42.357s] -- Installing: /home/fai/nao_ws/install/speech_interfaces/share/speech_interfaces/cmake/speech_interfaces__rosidl_typesupport_introspection_cppExport.cmake
[42.358s] -- Installing: /home/fai/nao_ws/install/speech_interfaces/share/speech_interfaces/cmake/speech_interfaces__rosidl_typesupport_introspection_cppExport-noconfig.cmake
[42.363s] -- Installing: /home/fai/nao_ws/install/speech_interfaces/share/speech_interfaces/cmake/speech_interfaces__rosidl_typesupport_cppExport.cmake
[42.364s] -- Installing: /home/fai/nao_ws/install/speech_interfaces/share/speech_interfaces/cmake/speech_interfaces__rosidl_typesupport_cppExport-noconfig.cmake
[42.371s] -- Installing: /home/fai/nao_ws/install/speech_interfaces/share/speech_interfaces/cmake/export_speech_interfaces__rosidl_generator_pyExport.cmake
[42.372s] -- Installing: /home/fai/nao_ws/install/speech_interfaces/share/speech_interfaces/cmake/export_speech_interfaces__rosidl_generator_pyExport-noconfig.cmake
[42.372s] -- Installing: /home/fai/nao_ws/install/speech_interfaces/share/speech_interfaces/cmake/rosidl_cmake-extras.cmake
[42.372s] -- Installing: /home/fai/nao_ws/install/speech_interfaces/share/speech_interfaces/cmake/ament_cmake_export_dependencies-extras.cmake
[42.373s] -- Installing: /home/fai/nao_ws/install/speech_interfaces/share/speech_interfaces/cmake/ament_cmake_export_include_directories-extras.cmake
[42.386s] -- Installing: /home/fai/nao_ws/install/speech_interfaces/share/speech_interfaces/cmake/ament_cmake_export_libraries-extras.cmake
[42.391s] -- Installing: /home/fai/nao_ws/install/speech_interfaces/share/speech_interfaces/cmake/ament_cmake_export_targets-extras.cmake
[42.397s] -- Installing: /home/fai/nao_ws/install/speech_interfaces/share/speech_interfaces/cmake/rosidl_cmake_export_typesupport_targets-extras.cmake
[42.397s] -- Installing: /home/fai/nao_ws/install/speech_interfaces/share/speech_interfaces/cmake/rosidl_cmake_export_typesupport_libraries-extras.cmake
[42.397s] -- Installing: /home/fai/nao_ws/install/speech_interfaces/share/speech_interfaces/cmake/speech_interfacesConfig.cmake
[42.402s] -- Installing: /home/fai/nao_ws/install/speech_interfaces/share/speech_interfaces/cmake/speech_interfacesConfig-version.cmake
[42.405s] -- Installing: /home/fai/nao_ws/install/speech_interfaces/share/speech_interfaces/package.xml
[42.407s] Invoked command in '/home/fai/nao_ws/build/speech_interfaces' returned '0': CMAKE_PREFIX_PATH=${CMAKE_PREFIX_PATH}:/home/fai/nao_ws/install/nao_tasks:/home/fai/nao_ws/install/web_controller:/home/fai/nao_ws/install/speech:/home/fai/nao_ws/install/integration:/home/fai/nao_ws/install/perception:/home/fai/nao_ws/install/navigation:/home/fai/nao_ws/install/nao_qi_ros2_package:/home/fai/nao_ws/install/manipulation:/opt/ros/jazzy DEBUGINFOD_URLS=https://debuginfod.ubuntu.com /usr/bin/cmake --install /home/fai/nao_ws/build/speech_interfaces
