[0.040s] Invoking command in '/home/fai/nao_ws/build/navigation_interfaces': CMAKE_PREFIX_PATH=${CMAKE_PREFIX_PATH}:/home/fai/nao_ws/install/rest_api:/home/fai/nao_ws/install/web_controller:/home/fai/nao_ws/install/speech:/home/fai/nao_ws/install/nao_tasks:/home/fai/nao_ws/install/integration:/home/fai/nao_ws/install/perception:/home/fai/nao_ws/install/navigation:/home/fai/nao_ws/install/nao_qi_ros2_package:/home/fai/nao_ws/install/manipulation:/opt/ros/jazzy DEBUGINFOD_URLS=https://debuginfod.ubuntu.com /usr/bin/cmake --build /home/fai/nao_ws/build/navigation_interfaces -- -j4 -l4
[0.201s] [  2%] Built target navigation_interfaces__rosidl_generator_type_description
[0.247s] [  2%] Built target ament_cmake_python_copy_navigation_interfaces
[0.289s] [  5%] Built target navigation_interfaces__cpp
[0.394s] [ 20%] Built target navigation_interfaces__rosidl_generator_c
[0.632s] [ 29%] Built target navigation_interfaces__rosidl_typesupport_fastrtps_c
[0.697s] [ 38%] Built target navigation_interfaces__rosidl_typesupport_cpp
[0.710s] [ 47%] Built target navigation_interfaces__rosidl_typesupport_introspection_cpp
[0.739s] [ 55%] Built target navigation_interfaces__rosidl_typesupport_introspection_c
[0.898s] [ 64%] Built target navigation_interfaces__rosidl_typesupport_c
[0.936s] [ 73%] Built target navigation_interfaces__rosidl_typesupport_fastrtps_cpp
[1.073s] [ 73%] Built target navigation_interfaces
[1.202s] [ 76%] Built target navigation_interfaces__py
[1.342s] [ 82%] Built target navigation_interfaces__rosidl_generator_py
[1.482s] [ 88%] Built target navigation_interfaces_s__rosidl_typesupport_fastrtps_c
[1.508s] [ 94%] Built target navigation_interfaces_s__rosidl_typesupport_c
[1.527s] [100%] Built target navigation_interfaces_s__rosidl_typesupport_introspection_c
[1.984s] running egg_info
[2.065s] writing navigation_interfaces.egg-info/PKG-INFO
[2.066s] writing dependency_links to navigation_interfaces.egg-info/dependency_links.txt
[2.067s] writing top-level names to navigation_interfaces.egg-info/top_level.txt
[2.292s] reading manifest file 'navigation_interfaces.egg-info/SOURCES.txt'
[2.294s] writing manifest file 'navigation_interfaces.egg-info/SOURCES.txt'
[2.386s] [100%] Built target ament_cmake_python_build_navigation_interfaces_egg
[2.432s] Invoked command in '/home/fai/nao_ws/build/navigation_interfaces' returned '0': CMAKE_PREFIX_PATH=${CMAKE_PREFIX_PATH}:/home/fai/nao_ws/install/rest_api:/home/fai/nao_ws/install/web_controller:/home/fai/nao_ws/install/speech:/home/fai/nao_ws/install/nao_tasks:/home/fai/nao_ws/install/integration:/home/fai/nao_ws/install/perception:/home/fai/nao_ws/install/navigation:/home/fai/nao_ws/install/nao_qi_ros2_package:/home/fai/nao_ws/install/manipulation:/opt/ros/jazzy DEBUGINFOD_URLS=https://debuginfod.ubuntu.com /usr/bin/cmake --build /home/fai/nao_ws/build/navigation_interfaces -- -j4 -l4
[2.675s] Invoking command in '/home/fai/nao_ws/build/navigation_interfaces': CMAKE_PREFIX_PATH=${CMAKE_PREFIX_PATH}:/home/fai/nao_ws/install/rest_api:/home/fai/nao_ws/install/web_controller:/home/fai/nao_ws/install/speech:/home/fai/nao_ws/install/nao_tasks:/home/fai/nao_ws/install/integration:/home/fai/nao_ws/install/perception:/home/fai/nao_ws/install/navigation:/home/fai/nao_ws/install/nao_qi_ros2_package:/home/fai/nao_ws/install/manipulation:/opt/ros/jazzy DEBUGINFOD_URLS=https://debuginfod.ubuntu.com /usr/bin/cmake --install /home/fai/nao_ws/build/navigation_interfaces
[2.704s] -- Install configuration: ""
[2.704s] -- Up-to-date: /home/fai/nao_ws/install/navigation_interfaces/share/ament_index/resource_index/rosidl_interfaces/navigation_interfaces
[2.704s] -- Up-to-date: /home/fai/nao_ws/install/navigation_interfaces/share/navigation_interfaces/srv/MoveRobot.json
[2.704s] -- Up-to-date: /home/fai/nao_ws/install/navigation_interfaces/include/navigation_interfaces/navigation_interfaces
[2.705s] -- Up-to-date: /home/fai/nao_ws/install/navigation_interfaces/include/navigation_interfaces/navigation_interfaces/srv
[2.705s] -- Up-to-date: /home/fai/nao_ws/install/navigation_interfaces/include/navigation_interfaces/navigation_interfaces/srv/detail
[2.705s] -- Up-to-date: /home/fai/nao_ws/install/navigation_interfaces/include/navigation_interfaces/navigation_interfaces/srv/detail/move_robot__struct.h
[2.705s] -- Up-to-date: /home/fai/nao_ws/install/navigation_interfaces/include/navigation_interfaces/navigation_interfaces/srv/detail/move_robot__description.c
[2.706s] -- Installing: /home/fai/nao_ws/install/navigation_interfaces/include/navigation_interfaces/navigation_interfaces/srv/detail/move_robot__type_support.c
[2.706s] -- Up-to-date: /home/fai/nao_ws/install/navigation_interfaces/include/navigation_interfaces/navigation_interfaces/srv/detail/move_robot__functions.h
[2.706s] -- Up-to-date: /home/fai/nao_ws/install/navigation_interfaces/include/navigation_interfaces/navigation_interfaces/srv/detail/move_robot__functions.c
[2.706s] -- Up-to-date: /home/fai/nao_ws/install/navigation_interfaces/include/navigation_interfaces/navigation_interfaces/srv/detail/move_robot__type_support.h
[2.707s] -- Up-to-date: /home/fai/nao_ws/install/navigation_interfaces/include/navigation_interfaces/navigation_interfaces/srv/move_robot.h
[2.707s] -- Up-to-date: /home/fai/nao_ws/install/navigation_interfaces/include/navigation_interfaces/navigation_interfaces/msg
[2.713s] -- Up-to-date: /home/fai/nao_ws/install/navigation_interfaces/include/navigation_interfaces/navigation_interfaces/msg/rosidl_generator_c__visibility_control.h
[2.714s] -- Up-to-date: /home/fai/nao_ws/install/navigation_interfaces/share/navigation_interfaces/environment/library_path.sh
[2.714s] -- Up-to-date: /home/fai/nao_ws/install/navigation_interfaces/share/navigation_interfaces/environment/library_path.dsv
[2.715s] -- Up-to-date: /home/fai/nao_ws/install/navigation_interfaces/lib/libnavigation_interfaces__rosidl_generator_c.so
[2.715s] -- Up-to-date: /home/fai/nao_ws/install/navigation_interfaces/include/navigation_interfaces/navigation_interfaces
[2.715s] -- Up-to-date: /home/fai/nao_ws/install/navigation_interfaces/include/navigation_interfaces/navigation_interfaces/srv
[2.715s] -- Up-to-date: /home/fai/nao_ws/install/navigation_interfaces/include/navigation_interfaces/navigation_interfaces/srv/detail
[2.716s] -- Up-to-date: /home/fai/nao_ws/install/navigation_interfaces/include/navigation_interfaces/navigation_interfaces/srv/detail/move_robot__rosidl_typesupport_fastrtps_c.h
[2.716s] -- Up-to-date: /home/fai/nao_ws/install/navigation_interfaces/include/navigation_interfaces/navigation_interfaces/msg
[2.716s] -- Up-to-date: /home/fai/nao_ws/install/navigation_interfaces/include/navigation_interfaces/navigation_interfaces/msg/rosidl_typesupport_fastrtps_c__visibility_control.h
[2.716s] -- Up-to-date: /home/fai/nao_ws/install/navigation_interfaces/lib/libnavigation_interfaces__rosidl_typesupport_fastrtps_c.so
[2.717s] -- Up-to-date: /home/fai/nao_ws/install/navigation_interfaces/include/navigation_interfaces/navigation_interfaces
[2.717s] -- Up-to-date: /home/fai/nao_ws/install/navigation_interfaces/include/navigation_interfaces/navigation_interfaces/srv
[2.720s] -- Up-to-date: /home/fai/nao_ws/install/navigation_interfaces/include/navigation_interfaces/navigation_interfaces/srv/detail
[2.725s] -- Up-to-date: /home/fai/nao_ws/install/navigation_interfaces/include/navigation_interfaces/navigation_interfaces/srv/detail/move_robot__rosidl_typesupport_introspection_c.h
[2.727s] -- Installing: /home/fai/nao_ws/install/navigation_interfaces/include/navigation_interfaces/navigation_interfaces/srv/detail/move_robot__type_support.c
[2.727s] -- Up-to-date: /home/fai/nao_ws/install/navigation_interfaces/include/navigation_interfaces/navigation_interfaces/msg
[2.728s] -- Up-to-date: /home/fai/nao_ws/install/navigation_interfaces/include/navigation_interfaces/navigation_interfaces/msg/rosidl_typesupport_introspection_c__visibility_control.h
[2.728s] -- Up-to-date: /home/fai/nao_ws/install/navigation_interfaces/lib/libnavigation_interfaces__rosidl_typesupport_introspection_c.so
[2.731s] -- Up-to-date: /home/fai/nao_ws/install/navigation_interfaces/lib/libnavigation_interfaces__rosidl_typesupport_c.so
[2.733s] -- Up-to-date: /home/fai/nao_ws/install/navigation_interfaces/include/navigation_interfaces/navigation_interfaces
[2.734s] -- Up-to-date: /home/fai/nao_ws/install/navigation_interfaces/include/navigation_interfaces/navigation_interfaces/srv
[2.735s] -- Up-to-date: /home/fai/nao_ws/install/navigation_interfaces/include/navigation_interfaces/navigation_interfaces/srv/move_robot.hpp
[2.735s] -- Up-to-date: /home/fai/nao_ws/install/navigation_interfaces/include/navigation_interfaces/navigation_interfaces/srv/detail
[2.736s] -- Up-to-date: /home/fai/nao_ws/install/navigation_interfaces/include/navigation_interfaces/navigation_interfaces/srv/detail/move_robot__type_support.hpp
[2.736s] -- Up-to-date: /home/fai/nao_ws/install/navigation_interfaces/include/navigation_interfaces/navigation_interfaces/srv/detail/move_robot__traits.hpp
[2.737s] -- Up-to-date: /home/fai/nao_ws/install/navigation_interfaces/include/navigation_interfaces/navigation_interfaces/srv/detail/move_robot__struct.hpp
[2.737s] -- Up-to-date: /home/fai/nao_ws/install/navigation_interfaces/include/navigation_interfaces/navigation_interfaces/srv/detail/move_robot__builder.hpp
[2.737s] -- Up-to-date: /home/fai/nao_ws/install/navigation_interfaces/include/navigation_interfaces/navigation_interfaces/msg
[2.738s] -- Up-to-date: /home/fai/nao_ws/install/navigation_interfaces/include/navigation_interfaces/navigation_interfaces/msg/rosidl_generator_cpp__visibility_control.hpp
[2.738s] -- Up-to-date: /home/fai/nao_ws/install/navigation_interfaces/include/navigation_interfaces/navigation_interfaces
[2.738s] -- Up-to-date: /home/fai/nao_ws/install/navigation_interfaces/include/navigation_interfaces/navigation_interfaces/srv
[2.738s] -- Up-to-date: /home/fai/nao_ws/install/navigation_interfaces/include/navigation_interfaces/navigation_interfaces/srv/detail
[2.739s] -- Up-to-date: /home/fai/nao_ws/install/navigation_interfaces/include/navigation_interfaces/navigation_interfaces/srv/detail/move_robot__rosidl_typesupport_fastrtps_cpp.hpp
[2.741s] -- Up-to-date: /home/fai/nao_ws/install/navigation_interfaces/include/navigation_interfaces/navigation_interfaces/srv/detail/dds_fastrtps
[2.742s] -- Up-to-date: /home/fai/nao_ws/install/navigation_interfaces/include/navigation_interfaces/navigation_interfaces/msg
[2.743s] -- Up-to-date: /home/fai/nao_ws/install/navigation_interfaces/include/navigation_interfaces/navigation_interfaces/msg/rosidl_typesupport_fastrtps_cpp__visibility_control.h
[2.743s] -- Up-to-date: /home/fai/nao_ws/install/navigation_interfaces/lib/libnavigation_interfaces__rosidl_typesupport_fastrtps_cpp.so
[2.743s] -- Up-to-date: /home/fai/nao_ws/install/navigation_interfaces/include/navigation_interfaces/navigation_interfaces
[2.743s] -- Up-to-date: /home/fai/nao_ws/install/navigation_interfaces/include/navigation_interfaces/navigation_interfaces/srv
[2.744s] -- Up-to-date: /home/fai/nao_ws/install/navigation_interfaces/include/navigation_interfaces/navigation_interfaces/srv/detail
[2.744s] -- Up-to-date: /home/fai/nao_ws/install/navigation_interfaces/include/navigation_interfaces/navigation_interfaces/srv/detail/move_robot__rosidl_typesupport_introspection_cpp.hpp
[2.744s] -- Up-to-date: /home/fai/nao_ws/install/navigation_interfaces/include/navigation_interfaces/navigation_interfaces/srv/detail/move_robot__type_support.cpp
[2.745s] -- Up-to-date: /home/fai/nao_ws/install/navigation_interfaces/lib/libnavigation_interfaces__rosidl_typesupport_introspection_cpp.so
[2.745s] -- Up-to-date: /home/fai/nao_ws/install/navigation_interfaces/lib/libnavigation_interfaces__rosidl_typesupport_cpp.so
[2.745s] -- Up-to-date: /home/fai/nao_ws/install/navigation_interfaces/share/navigation_interfaces/environment/pythonpath.sh
[2.745s] -- Up-to-date: /home/fai/nao_ws/install/navigation_interfaces/share/navigation_interfaces/environment/pythonpath.dsv
[2.746s] -- Up-to-date: /home/fai/nao_ws/install/navigation_interfaces/lib/python3.12/site-packages/navigation_interfaces-0.0.0-py3.12.egg-info
[2.746s] -- Installing: /home/fai/nao_ws/install/navigation_interfaces/lib/python3.12/site-packages/navigation_interfaces-0.0.0-py3.12.egg-info/PKG-INFO
[2.747s] -- Installing: /home/fai/nao_ws/install/navigation_interfaces/lib/python3.12/site-packages/navigation_interfaces-0.0.0-py3.12.egg-info/top_level.txt
[2.747s] -- Installing: /home/fai/nao_ws/install/navigation_interfaces/lib/python3.12/site-packages/navigation_interfaces-0.0.0-py3.12.egg-info/dependency_links.txt
[2.747s] -- Installing: /home/fai/nao_ws/install/navigation_interfaces/lib/python3.12/site-packages/navigation_interfaces-0.0.0-py3.12.egg-info/SOURCES.txt
[2.748s] -- Up-to-date: /home/fai/nao_ws/install/navigation_interfaces/lib/python3.12/site-packages/navigation_interfaces
[2.748s] -- Up-to-date: /home/fai/nao_ws/install/navigation_interfaces/lib/python3.12/site-packages/navigation_interfaces/srv
[2.748s] -- Up-to-date: /home/fai/nao_ws/install/navigation_interfaces/lib/python3.12/site-packages/navigation_interfaces/srv/_move_robot.py
[2.749s] -- Up-to-date: /home/fai/nao_ws/install/navigation_interfaces/lib/python3.12/site-packages/navigation_interfaces/srv/_move_robot_s.c
[2.749s] -- Up-to-date: /home/fai/nao_ws/install/navigation_interfaces/lib/python3.12/site-packages/navigation_interfaces/srv/__init__.py
[2.749s] -- Up-to-date: /home/fai/nao_ws/install/navigation_interfaces/lib/python3.12/site-packages/navigation_interfaces/_navigation_interfaces_s.ep.rosidl_typesupport_introspection_c.c
[2.749s] -- Up-to-date: /home/fai/nao_ws/install/navigation_interfaces/lib/python3.12/site-packages/navigation_interfaces/navigation_interfaces_s__rosidl_typesupport_introspection_c.so
[2.750s] -- Up-to-date: /home/fai/nao_ws/install/navigation_interfaces/lib/python3.12/site-packages/navigation_interfaces/__init__.py
[2.750s] -- Up-to-date: /home/fai/nao_ws/install/navigation_interfaces/lib/python3.12/site-packages/navigation_interfaces/_navigation_interfaces_s.ep.rosidl_typesupport_fastrtps_c.c
[2.751s] -- Up-to-date: /home/fai/nao_ws/install/navigation_interfaces/lib/python3.12/site-packages/navigation_interfaces/navigation_interfaces_s__rosidl_typesupport_fastrtps_c.so
[2.751s] -- Up-to-date: /home/fai/nao_ws/install/navigation_interfaces/lib/python3.12/site-packages/navigation_interfaces/navigation_interfaces_s__rosidl_typesupport_c.so
[2.751s] -- Up-to-date: /home/fai/nao_ws/install/navigation_interfaces/lib/python3.12/site-packages/navigation_interfaces/_navigation_interfaces_s.ep.rosidl_typesupport_c.c
[2.863s] Listing '/home/fai/nao_ws/install/navigation_interfaces/lib/python3.12/site-packages/navigation_interfaces'...
[2.863s] Listing '/home/fai/nao_ws/install/navigation_interfaces/lib/python3.12/site-packages/navigation_interfaces/srv'...
[2.881s] -- Up-to-date: /home/fai/nao_ws/install/navigation_interfaces/lib/python3.12/site-packages/navigation_interfaces/navigation_interfaces_s__rosidl_typesupport_fastrtps_c.so
[2.883s] -- Up-to-date: /home/fai/nao_ws/install/navigation_interfaces/lib/python3.12/site-packages/navigation_interfaces/navigation_interfaces_s__rosidl_typesupport_introspection_c.so
[2.884s] -- Up-to-date: /home/fai/nao_ws/install/navigation_interfaces/lib/python3.12/site-packages/navigation_interfaces/navigation_interfaces_s__rosidl_typesupport_c.so
[2.885s] -- Up-to-date: /home/fai/nao_ws/install/navigation_interfaces/lib/libnavigation_interfaces__rosidl_generator_py.so
[2.885s] -- Up-to-date: /home/fai/nao_ws/install/navigation_interfaces/share/navigation_interfaces/srv/MoveRobot.idl
[2.887s] -- Up-to-date: /home/fai/nao_ws/install/navigation_interfaces/share/navigation_interfaces/srv/MoveRobot.srv
[2.887s] -- Up-to-date: /home/fai/nao_ws/install/navigation_interfaces/share/ament_index/resource_index/package_run_dependencies/navigation_interfaces
[2.889s] -- Up-to-date: /home/fai/nao_ws/install/navigation_interfaces/share/ament_index/resource_index/parent_prefix_path/navigation_interfaces
[2.889s] -- Up-to-date: /home/fai/nao_ws/install/navigation_interfaces/share/navigation_interfaces/environment/ament_prefix_path.sh
[2.889s] -- Up-to-date: /home/fai/nao_ws/install/navigation_interfaces/share/navigation_interfaces/environment/ament_prefix_path.dsv
[2.890s] -- Up-to-date: /home/fai/nao_ws/install/navigation_interfaces/share/navigation_interfaces/environment/path.sh
[2.891s] -- Up-to-date: /home/fai/nao_ws/install/navigation_interfaces/share/navigation_interfaces/environment/path.dsv
[2.891s] -- Up-to-date: /home/fai/nao_ws/install/navigation_interfaces/share/navigation_interfaces/local_setup.bash
[2.892s] -- Up-to-date: /home/fai/nao_ws/install/navigation_interfaces/share/navigation_interfaces/local_setup.sh
[2.892s] -- Up-to-date: /home/fai/nao_ws/install/navigation_interfaces/share/navigation_interfaces/local_setup.zsh
[2.893s] -- Up-to-date: /home/fai/nao_ws/install/navigation_interfaces/share/navigation_interfaces/local_setup.dsv
[2.893s] -- Installing: /home/fai/nao_ws/install/navigation_interfaces/share/navigation_interfaces/package.dsv
[2.894s] -- Up-to-date: /home/fai/nao_ws/install/navigation_interfaces/share/ament_index/resource_index/packages/navigation_interfaces
[2.894s] -- Up-to-date: /home/fai/nao_ws/install/navigation_interfaces/share/navigation_interfaces/cmake/export_navigation_interfaces__rosidl_generator_cExport.cmake
[2.894s] -- Up-to-date: /home/fai/nao_ws/install/navigation_interfaces/share/navigation_interfaces/cmake/export_navigation_interfaces__rosidl_generator_cExport-noconfig.cmake
[2.894s] -- Up-to-date: /home/fai/nao_ws/install/navigation_interfaces/share/navigation_interfaces/cmake/export_navigation_interfaces__rosidl_typesupport_fastrtps_cExport.cmake
[2.895s] -- Up-to-date: /home/fai/nao_ws/install/navigation_interfaces/share/navigation_interfaces/cmake/export_navigation_interfaces__rosidl_typesupport_fastrtps_cExport-noconfig.cmake
[2.896s] -- Up-to-date: /home/fai/nao_ws/install/navigation_interfaces/share/navigation_interfaces/cmake/navigation_interfaces__rosidl_typesupport_introspection_cExport.cmake
[2.896s] -- Up-to-date: /home/fai/nao_ws/install/navigation_interfaces/share/navigation_interfaces/cmake/navigation_interfaces__rosidl_typesupport_introspection_cExport-noconfig.cmake
[2.896s] -- Up-to-date: /home/fai/nao_ws/install/navigation_interfaces/share/navigation_interfaces/cmake/navigation_interfaces__rosidl_typesupport_cExport.cmake
[2.896s] -- Up-to-date: /home/fai/nao_ws/install/navigation_interfaces/share/navigation_interfaces/cmake/navigation_interfaces__rosidl_typesupport_cExport-noconfig.cmake
[2.897s] -- Up-to-date: /home/fai/nao_ws/install/navigation_interfaces/share/navigation_interfaces/cmake/export_navigation_interfaces__rosidl_generator_cppExport.cmake
[2.897s] -- Up-to-date: /home/fai/nao_ws/install/navigation_interfaces/share/navigation_interfaces/cmake/export_navigation_interfaces__rosidl_typesupport_fastrtps_cppExport.cmake
[2.897s] -- Up-to-date: /home/fai/nao_ws/install/navigation_interfaces/share/navigation_interfaces/cmake/export_navigation_interfaces__rosidl_typesupport_fastrtps_cppExport-noconfig.cmake
[2.898s] -- Up-to-date: /home/fai/nao_ws/install/navigation_interfaces/share/navigation_interfaces/cmake/navigation_interfaces__rosidl_typesupport_introspection_cppExport.cmake
[2.898s] -- Up-to-date: /home/fai/nao_ws/install/navigation_interfaces/share/navigation_interfaces/cmake/navigation_interfaces__rosidl_typesupport_introspection_cppExport-noconfig.cmake
[2.901s] -- Up-to-date: /home/fai/nao_ws/install/navigation_interfaces/share/navigation_interfaces/cmake/navigation_interfaces__rosidl_typesupport_cppExport.cmake
[2.901s] -- Up-to-date: /home/fai/nao_ws/install/navigation_interfaces/share/navigation_interfaces/cmake/navigation_interfaces__rosidl_typesupport_cppExport-noconfig.cmake
[2.902s] -- Up-to-date: /home/fai/nao_ws/install/navigation_interfaces/share/navigation_interfaces/cmake/export_navigation_interfaces__rosidl_generator_pyExport.cmake
[2.902s] -- Up-to-date: /home/fai/nao_ws/install/navigation_interfaces/share/navigation_interfaces/cmake/export_navigation_interfaces__rosidl_generator_pyExport-noconfig.cmake
[2.902s] -- Up-to-date: /home/fai/nao_ws/install/navigation_interfaces/share/navigation_interfaces/cmake/rosidl_cmake-extras.cmake
[2.903s] -- Up-to-date: /home/fai/nao_ws/install/navigation_interfaces/share/navigation_interfaces/cmake/ament_cmake_export_dependencies-extras.cmake
[2.903s] -- Up-to-date: /home/fai/nao_ws/install/navigation_interfaces/share/navigation_interfaces/cmake/ament_cmake_export_include_directories-extras.cmake
[2.903s] -- Up-to-date: /home/fai/nao_ws/install/navigation_interfaces/share/navigation_interfaces/cmake/ament_cmake_export_libraries-extras.cmake
[2.903s] -- Up-to-date: /home/fai/nao_ws/install/navigation_interfaces/share/navigation_interfaces/cmake/ament_cmake_export_targets-extras.cmake
[2.904s] -- Up-to-date: /home/fai/nao_ws/install/navigation_interfaces/share/navigation_interfaces/cmake/rosidl_cmake_export_typesupport_targets-extras.cmake
[2.904s] -- Up-to-date: /home/fai/nao_ws/install/navigation_interfaces/share/navigation_interfaces/cmake/rosidl_cmake_export_typesupport_libraries-extras.cmake
[2.907s] -- Up-to-date: /home/fai/nao_ws/install/navigation_interfaces/share/navigation_interfaces/cmake/navigation_interfacesConfig.cmake
[2.908s] -- Up-to-date: /home/fai/nao_ws/install/navigation_interfaces/share/navigation_interfaces/cmake/navigation_interfacesConfig-version.cmake
[2.908s] -- Up-to-date: /home/fai/nao_ws/install/navigation_interfaces/share/navigation_interfaces/package.xml
[2.915s] Invoked command in '/home/fai/nao_ws/build/navigation_interfaces' returned '0': CMAKE_PREFIX_PATH=${CMAKE_PREFIX_PATH}:/home/fai/nao_ws/install/rest_api:/home/fai/nao_ws/install/web_controller:/home/fai/nao_ws/install/speech:/home/fai/nao_ws/install/nao_tasks:/home/fai/nao_ws/install/integration:/home/fai/nao_ws/install/perception:/home/fai/nao_ws/install/navigation:/home/fai/nao_ws/install/nao_qi_ros2_package:/home/fai/nao_ws/install/manipulation:/opt/ros/jazzy DEBUGINFOD_URLS=https://debuginfod.ubuntu.com /usr/bin/cmake --install /home/fai/nao_ws/build/navigation_interfaces
