[3.038s] Invoking command in '/home/fai/nao_ws/src/nao_qi_ros2_package': DEBUGINFOD_URLS=https://debuginfod.ubuntu.com PYTHONPATH=/home/fai/nao_ws/build/nao_qi_ros2_package/prefix_override:/usr/lib/python3/dist-packages/colcon_core/task/python/colcon_distutils_commands:/home/fai/nao_ws/install/nao_qi_ros2_package/lib/python3.12/site-packages:${PYTHONPATH} /usr/bin/python3 -W ignore:setup.py install is deprecated setup.py egg_info --egg-base ../../build/nao_qi_ros2_package build --build-base /home/fai/nao_ws/build/nao_qi_ros2_package/build install --record /home/fai/nao_ws/build/nao_qi_ros2_package/install.log --single-version-externally-managed install_data
[4.013s] running egg_info
[4.014s] creating ../../build/nao_qi_ros2_package/nao_qi_ros2_package.egg-info
[4.088s] writing ../../build/nao_qi_ros2_package/nao_qi_ros2_package.egg-info/PKG-INFO
[4.094s] writing dependency_links to ../../build/nao_qi_ros2_package/nao_qi_ros2_package.egg-info/dependency_links.txt
[4.095s] writing entry points to ../../build/nao_qi_ros2_package/nao_qi_ros2_package.egg-info/entry_points.txt
[4.095s] writing requirements to ../../build/nao_qi_ros2_package/nao_qi_ros2_package.egg-info/requires.txt
[4.095s] writing top-level names to ../../build/nao_qi_ros2_package/nao_qi_ros2_package.egg-info/top_level.txt
[4.096s] writing manifest file '../../build/nao_qi_ros2_package/nao_qi_ros2_package.egg-info/SOURCES.txt'
[4.246s] reading manifest file '../../build/nao_qi_ros2_package/nao_qi_ros2_package.egg-info/SOURCES.txt'
[4.249s] writing manifest file '../../build/nao_qi_ros2_package/nao_qi_ros2_package.egg-info/SOURCES.txt'
[4.249s] running build
[4.249s] running build_py
[4.249s] creating /home/fai/nao_ws/build/nao_qi_ros2_package/build
[4.255s] creating /home/fai/nao_ws/build/nao_qi_ros2_package/build/lib
[4.255s] creating /home/fai/nao_ws/build/nao_qi_ros2_package/build/lib/nao_qi_ros2_package
[4.259s] copying nao_qi_ros2_package/nao_talker.py -> /home/fai/nao_ws/build/nao_qi_ros2_package/build/lib/nao_qi_ros2_package
[4.259s] copying nao_qi_ros2_package/__init__.py -> /home/fai/nao_ws/build/nao_qi_ros2_package/build/lib/nao_qi_ros2_package
[4.259s] running install
[4.273s] running install_lib
[4.348s] creating /home/fai/nao_ws/install/nao_qi_ros2_package/lib/python3.12/site-packages/nao_qi_ros2_package
[4.353s] copying /home/fai/nao_ws/build/nao_qi_ros2_package/build/lib/nao_qi_ros2_package/nao_talker.py -> /home/fai/nao_ws/install/nao_qi_ros2_package/lib/python3.12/site-packages/nao_qi_ros2_package
[4.353s] copying /home/fai/nao_ws/build/nao_qi_ros2_package/build/lib/nao_qi_ros2_package/__init__.py -> /home/fai/nao_ws/install/nao_qi_ros2_package/lib/python3.12/site-packages/nao_qi_ros2_package
[4.353s] byte-compiling /home/fai/nao_ws/install/nao_qi_ros2_package/lib/python3.12/site-packages/nao_qi_ros2_package/nao_talker.py to nao_talker.cpython-312.pyc
[4.354s] byte-compiling /home/fai/nao_ws/install/nao_qi_ros2_package/lib/python3.12/site-packages/nao_qi_ros2_package/__init__.py to __init__.cpython-312.pyc
[4.354s] running install_data
[4.355s] creating /home/fai/nao_ws/install/nao_qi_ros2_package/share/ament_index
[4.357s] creating /home/fai/nao_ws/install/nao_qi_ros2_package/share/ament_index/resource_index
[4.358s] creating /home/fai/nao_ws/install/nao_qi_ros2_package/share/ament_index/resource_index/packages
[4.358s] copying resource/nao_qi_ros2_package -> /home/fai/nao_ws/install/nao_qi_ros2_package/share/ament_index/resource_index/packages
[4.358s] copying package.xml -> /home/fai/nao_ws/install/nao_qi_ros2_package/share/nao_qi_ros2_package
[4.358s] running install_egg_info
[4.445s] Copying ../../build/nao_qi_ros2_package/nao_qi_ros2_package.egg-info to /home/fai/nao_ws/install/nao_qi_ros2_package/lib/python3.12/site-packages/nao_qi_ros2_package-0.0.1-py3.12.egg-info
[4.450s] running install_scripts
[5.086s] Installing nao_talker script to /home/fai/nao_ws/install/nao_qi_ros2_package/lib/nao_qi_ros2_package
[5.086s] writing list of installed files to '/home/fai/nao_ws/build/nao_qi_ros2_package/install.log'
[5.289s] Invoked command in '/home/fai/nao_ws/src/nao_qi_ros2_package' returned '0': DEBUGINFOD_URLS=https://debuginfod.ubuntu.com PYTHONPATH=/home/fai/nao_ws/build/nao_qi_ros2_package/prefix_override:/usr/lib/python3/dist-packages/colcon_core/task/python/colcon_distutils_commands:/home/fai/nao_ws/install/nao_qi_ros2_package/lib/python3.12/site-packages:${PYTHONPATH} /usr/bin/python3 -W ignore:setup.py install is deprecated setup.py egg_info --egg-base ../../build/nao_qi_ros2_package build --build-base /home/fai/nao_ws/build/nao_qi_ros2_package/build install --record /home/fai/nao_ws/build/nao_qi_ros2_package/install.log --single-version-externally-managed install_data
