[9.351s] Invoking command in '/home/fai/nao_ws/src/integration': DEBUGINFOD_URLS=https://debuginfod.ubuntu.com PYTHONPATH=/home/fai/nao_ws/build/integration/prefix_override:/usr/lib/python3/dist-packages/colcon_core/task/python/colcon_distutils_commands:/home/fai/nao_ws/install/integration/lib/python3.12/site-packages:/home/fai/nao_ws/install/speech_interfaces/lib/python3.12/site-packages:/home/fai/nao_ws/install/perception_interfaces/lib/python3.12/site-packages:/home/fai/nao_ws/install/navigation_interfaces/lib/python3.12/site-packages:/home/fai/nao_ws/install/manipulation_interfaces/lib/python3.12/site-packages:/home/fai/nao_ws/install/nao_tasks/lib/python3.12/site-packages:/home/fai/nao_ws/install/web_controller/lib/python3.12/site-packages:/home/fai/nao_ws/install/speech/lib/python3.12/site-packages:/home/fai/nao_ws/install/integration/lib/python3.12/site-packages:/home/fai/nao_ws/install/perception/lib/python3.12/site-packages:/home/fai/nao_ws/install/navigation/lib/python3.12/site-packages:/home/fai/nao_ws/install/nao_qi_ros2_package/lib/python3.12/site-packages:/home/fai/nao_ws/install/manipulation/lib/python3.12/site-packages:/opt/ros/jazzy/lib/python3.12/site-packages /usr/bin/python3 -W ignore:setup.py install is deprecated setup.py egg_info --egg-base ../../build/integration build --build-base /home/fai/nao_ws/build/integration/build install --record /home/fai/nao_ws/build/integration/install.log --single-version-externally-managed install_data
[10.321s] running egg_info
[10.321s] creating ../../build/integration/integration.egg-info
[10.398s] writing ../../build/integration/integration.egg-info/PKG-INFO
[10.398s] writing dependency_links to ../../build/integration/integration.egg-info/dependency_links.txt
[10.398s] writing entry points to ../../build/integration/integration.egg-info/entry_points.txt
[10.399s] writing requirements to ../../build/integration/integration.egg-info/requires.txt
[10.399s] writing top-level names to ../../build/integration/integration.egg-info/top_level.txt
[10.399s] writing manifest file '../../build/integration/integration.egg-info/SOURCES.txt'
[10.558s] reading manifest file '../../build/integration/integration.egg-info/SOURCES.txt'
[10.560s] writing manifest file '../../build/integration/integration.egg-info/SOURCES.txt'
[10.566s] running build
[10.567s] running build_py
[10.567s] creating /home/fai/nao_ws/build/integration/build
[10.571s] creating /home/fai/nao_ws/build/integration/build/lib
[10.572s] creating /home/fai/nao_ws/build/integration/build/lib/integration
[10.573s] copying integration/task_one.py -> /home/fai/nao_ws/build/integration/build/lib/integration
[10.573s] copying integration/__init__.py -> /home/fai/nao_ws/build/integration/build/lib/integration
[10.573s] copying integration/integration_interface.py -> /home/fai/nao_ws/build/integration/build/lib/integration
[10.578s] running install
[10.594s] running install_lib
[10.683s] creating /home/fai/nao_ws/install/integration/lib/python3.12/site-packages/integration
[10.683s] copying /home/fai/nao_ws/build/integration/build/lib/integration/task_one.py -> /home/fai/nao_ws/install/integration/lib/python3.12/site-packages/integration
[10.684s] copying /home/fai/nao_ws/build/integration/build/lib/integration/__init__.py -> /home/fai/nao_ws/install/integration/lib/python3.12/site-packages/integration
[10.694s] copying /home/fai/nao_ws/build/integration/build/lib/integration/integration_interface.py -> /home/fai/nao_ws/install/integration/lib/python3.12/site-packages/integration
[10.694s] byte-compiling /home/fai/nao_ws/install/integration/lib/python3.12/site-packages/integration/task_one.py to task_one.cpython-312.pyc
[10.694s] byte-compiling /home/fai/nao_ws/install/integration/lib/python3.12/site-packages/integration/__init__.py to __init__.cpython-312.pyc
[10.695s] byte-compiling /home/fai/nao_ws/install/integration/lib/python3.12/site-packages/integration/integration_interface.py to integration_interface.cpython-312.pyc
[10.697s] running install_data
[10.697s] creating /home/fai/nao_ws/install/integration/share/ament_index
[10.698s] creating /home/fai/nao_ws/install/integration/share/ament_index/resource_index
[10.698s] creating /home/fai/nao_ws/install/integration/share/ament_index/resource_index/packages
[10.698s] copying resource/integration -> /home/fai/nao_ws/install/integration/share/ament_index/resource_index/packages
[10.698s] copying package.xml -> /home/fai/nao_ws/install/integration/share/integration
[10.699s] running install_egg_info
[10.775s] Copying ../../build/integration/integration.egg-info to /home/fai/nao_ws/install/integration/lib/python3.12/site-packages/integration-0.0.0-py3.12.egg-info
[10.780s] running install_scripts
[11.179s] Installing integration_interface script to /home/fai/nao_ws/install/integration/lib/integration
[11.180s] Installing task_one script to /home/fai/nao_ws/install/integration/lib/integration
[11.180s] writing list of installed files to '/home/fai/nao_ws/build/integration/install.log'
[11.246s] Invoked command in '/home/fai/nao_ws/src/integration' returned '0': DEBUGINFOD_URLS=https://debuginfod.ubuntu.com PYTHONPATH=/home/fai/nao_ws/build/integration/prefix_override:/usr/lib/python3/dist-packages/colcon_core/task/python/colcon_distutils_commands:/home/fai/nao_ws/install/integration/lib/python3.12/site-packages:/home/fai/nao_ws/install/speech_interfaces/lib/python3.12/site-packages:/home/fai/nao_ws/install/perception_interfaces/lib/python3.12/site-packages:/home/fai/nao_ws/install/navigation_interfaces/lib/python3.12/site-packages:/home/fai/nao_ws/install/manipulation_interfaces/lib/python3.12/site-packages:/home/fai/nao_ws/install/nao_tasks/lib/python3.12/site-packages:/home/fai/nao_ws/install/web_controller/lib/python3.12/site-packages:/home/fai/nao_ws/install/speech/lib/python3.12/site-packages:/home/fai/nao_ws/install/integration/lib/python3.12/site-packages:/home/fai/nao_ws/install/perception/lib/python3.12/site-packages:/home/fai/nao_ws/install/navigation/lib/python3.12/site-packages:/home/fai/nao_ws/install/nao_qi_ros2_package/lib/python3.12/site-packages:/home/fai/nao_ws/install/manipulation/lib/python3.12/site-packages:/opt/ros/jazzy/lib/python3.12/site-packages /usr/bin/python3 -W ignore:setup.py install is deprecated setup.py egg_info --egg-base ../../build/integration build --build-base /home/fai/nao_ws/build/integration/build install --record /home/fai/nao_ws/build/integration/install.log --single-version-externally-managed install_data
