[1.944s] Invoking command in '/home/fai/nao_ws/src/rest_api': AMENT_PREFIX_PATH=/home/fai/nao_ws/install/manipulation:/home/fai/nao_ws/install/rest_api:/home/fai/nao_ws/install/web_controller:/home/fai/nao_ws/install/speech:/home/fai/nao_ws/install/nao_tasks:/home/fai/nao_ws/install/integration:/home/fai/nao_ws/install/speech_interfaces:/home/fai/nao_ws/install/perception:/home/fai/nao_ws/install/perception_interfaces:/home/fai/nao_ws/install/navigation:/home/fai/nao_ws/install/navigation_interfaces:/home/fai/nao_ws/install/nao_qi_ros2_package:/home/fai/nao_ws/install/manipulation_interfaces:/opt/ros/jazzy CMAKE_PREFIX_PATH=/home/fai/nao_ws/install/manipulation_interfaces:/home/fai/nao_ws/install/speech_interfaces:/home/fai/nao_ws/install/perception_interfaces:/home/fai/nao_ws/install/navigation_interfaces:/opt/ros/jazzy/opt/gz_math_vendor:/opt/ros/jazzy/opt/gz_utils_vendor:/opt/ros/jazzy/opt/gz_cmake_vendor DEBUGINFOD_URLS=https://debuginfod.ubuntu.com LD_LIBRARY_PATH=/home/fai/nao_ws/install/manipulation_interfaces/lib:/home/fai/nao_ws/install/speech_interfaces/lib:/home/fai/nao_ws/install/perception_interfaces/lib:/home/fai/nao_ws/install/navigation_interfaces/lib:/opt/ros/jazzy/opt/rviz_ogre_vendor/lib:/opt/ros/jazzy/lib/x86_64-linux-gnu:/opt/ros/jazzy/opt/gz_math_vendor/lib:/opt/ros/jazzy/opt/gz_utils_vendor/lib:/opt/ros/jazzy/opt/gz_cmake_vendor/lib:/opt/ros/jazzy/lib PYTHONPATH=/home/fai/nao_ws/build/rest_api/prefix_override:/usr/lib/python3/dist-packages/colcon_core/task/python/colcon_distutils_commands:/home/fai/nao_ws/install/rest_api/lib/python3.12/site-packages:/home/fai/nao_ws/install/manipulation/lib/python3.12/site-packages:/home/fai/nao_ws/install/manipulation_interfaces/lib/python3.12/site-packages:/home/fai/nao_ws/install/rest_api/lib/python3.12/site-packages:/home/fai/nao_ws/install/web_controller/lib/python3.12/site-packages:/home/fai/nao_ws/install/speech/lib/python3.12/site-packages:/home/fai/nao_ws/install/nao_tasks/lib/python3.12/site-packages:/home/fai/nao_ws/install/integration/lib/python3.12/site-packages:/home/fai/nao_ws/install/speech_interfaces/lib/python3.12/site-packages:/home/fai/nao_ws/install/perception/lib/python3.12/site-packages:/home/fai/nao_ws/install/perception_interfaces/lib/python3.12/site-packages:/home/fai/nao_ws/install/navigation/lib/python3.12/site-packages:/home/fai/nao_ws/install/navigation_interfaces/lib/python3.12/site-packages:/home/fai/nao_ws/install/nao_qi_ros2_package/lib/python3.12/site-packages:/opt/ros/jazzy/lib/python3.12/site-packages /usr/bin/python3 -W ignore:setup.py install is deprecated setup.py egg_info --egg-base ../../build/rest_api build --build-base /home/fai/nao_ws/build/rest_api/build install --record /home/fai/nao_ws/build/rest_api/install.log --single-version-externally-managed install_data
[2.772s] running egg_info
[2.773s] creating ../../build/rest_api/rest_api.egg-info
[2.810s] writing ../../build/rest_api/rest_api.egg-info/PKG-INFO
[2.811s] writing dependency_links to ../../build/rest_api/rest_api.egg-info/dependency_links.txt
[2.811s] writing entry points to ../../build/rest_api/rest_api.egg-info/entry_points.txt
[2.811s] writing requirements to ../../build/rest_api/rest_api.egg-info/requires.txt
[2.812s] writing top-level names to ../../build/rest_api/rest_api.egg-info/top_level.txt
[2.812s] writing manifest file '../../build/rest_api/rest_api.egg-info/SOURCES.txt'
[2.892s] reading manifest file '../../build/rest_api/rest_api.egg-info/SOURCES.txt'
[2.893s] writing manifest file '../../build/rest_api/rest_api.egg-info/SOURCES.txt'
[2.893s] running build
[2.893s] running build_py
[2.894s] creating /home/fai/nao_ws/build/rest_api/build
[2.894s] creating /home/fai/nao_ws/build/rest_api/build/lib
[2.895s] creating /home/fai/nao_ws/build/rest_api/build/lib/rest_api
[2.895s] copying rest_api/rest_api_node.py -> /home/fai/nao_ws/build/rest_api/build/lib/rest_api
[2.895s] copying rest_api/__init__.py -> /home/fai/nao_ws/build/rest_api/build/lib/rest_api
[2.895s] running install
[2.906s] running install_lib
[2.946s] creating /home/fai/nao_ws/install/rest_api/lib/python3.12/site-packages/rest_api
[2.946s] copying /home/fai/nao_ws/build/rest_api/build/lib/rest_api/rest_api_node.py -> /home/fai/nao_ws/install/rest_api/lib/python3.12/site-packages/rest_api
[2.946s] copying /home/fai/nao_ws/build/rest_api/build/lib/rest_api/__init__.py -> /home/fai/nao_ws/install/rest_api/lib/python3.12/site-packages/rest_api
[2.947s] byte-compiling /home/fai/nao_ws/install/rest_api/lib/python3.12/site-packages/rest_api/rest_api_node.py to rest_api_node.cpython-312.pyc
[2.949s] byte-compiling /home/fai/nao_ws/install/rest_api/lib/python3.12/site-packages/rest_api/__init__.py to __init__.cpython-312.pyc
[2.949s] running install_data
[2.950s] creating /home/fai/nao_ws/install/rest_api/share/ament_index
[2.950s] creating /home/fai/nao_ws/install/rest_api/share/ament_index/resource_index
[2.950s] creating /home/fai/nao_ws/install/rest_api/share/ament_index/resource_index/packages
[2.950s] copying resource/rest_api -> /home/fai/nao_ws/install/rest_api/share/ament_index/resource_index/packages
[2.950s] copying package.xml -> /home/fai/nao_ws/install/rest_api/share/rest_api
[2.951s] running install_egg_info
[2.989s] Copying ../../build/rest_api/rest_api.egg-info to /home/fai/nao_ws/install/rest_api/lib/python3.12/site-packages/rest_api-0.0.0-py3.12.egg-info
[2.990s] running install_scripts
[3.238s] Installing rest_api_node script to /home/fai/nao_ws/install/rest_api/lib/rest_api
[3.239s] writing list of installed files to '/home/fai/nao_ws/build/rest_api/install.log'
[3.283s] Invoked command in '/home/fai/nao_ws/src/rest_api' returned '0': AMENT_PREFIX_PATH=/home/fai/nao_ws/install/manipulation:/home/fai/nao_ws/install/rest_api:/home/fai/nao_ws/install/web_controller:/home/fai/nao_ws/install/speech:/home/fai/nao_ws/install/nao_tasks:/home/fai/nao_ws/install/integration:/home/fai/nao_ws/install/speech_interfaces:/home/fai/nao_ws/install/perception:/home/fai/nao_ws/install/perception_interfaces:/home/fai/nao_ws/install/navigation:/home/fai/nao_ws/install/navigation_interfaces:/home/fai/nao_ws/install/nao_qi_ros2_package:/home/fai/nao_ws/install/manipulation_interfaces:/opt/ros/jazzy CMAKE_PREFIX_PATH=/home/fai/nao_ws/install/manipulation_interfaces:/home/fai/nao_ws/install/speech_interfaces:/home/fai/nao_ws/install/perception_interfaces:/home/fai/nao_ws/install/navigation_interfaces:/opt/ros/jazzy/opt/gz_math_vendor:/opt/ros/jazzy/opt/gz_utils_vendor:/opt/ros/jazzy/opt/gz_cmake_vendor DEBUGINFOD_URLS=https://debuginfod.ubuntu.com LD_LIBRARY_PATH=/home/fai/nao_ws/install/manipulation_interfaces/lib:/home/fai/nao_ws/install/speech_interfaces/lib:/home/fai/nao_ws/install/perception_interfaces/lib:/home/fai/nao_ws/install/navigation_interfaces/lib:/opt/ros/jazzy/opt/rviz_ogre_vendor/lib:/opt/ros/jazzy/lib/x86_64-linux-gnu:/opt/ros/jazzy/opt/gz_math_vendor/lib:/opt/ros/jazzy/opt/gz_utils_vendor/lib:/opt/ros/jazzy/opt/gz_cmake_vendor/lib:/opt/ros/jazzy/lib PYTHONPATH=/home/fai/nao_ws/build/rest_api/prefix_override:/usr/lib/python3/dist-packages/colcon_core/task/python/colcon_distutils_commands:/home/fai/nao_ws/install/rest_api/lib/python3.12/site-packages:/home/fai/nao_ws/install/manipulation/lib/python3.12/site-packages:/home/fai/nao_ws/install/manipulation_interfaces/lib/python3.12/site-packages:/home/fai/nao_ws/install/rest_api/lib/python3.12/site-packages:/home/fai/nao_ws/install/web_controller/lib/python3.12/site-packages:/home/fai/nao_ws/install/speech/lib/python3.12/site-packages:/home/fai/nao_ws/install/nao_tasks/lib/python3.12/site-packages:/home/fai/nao_ws/install/integration/lib/python3.12/site-packages:/home/fai/nao_ws/install/speech_interfaces/lib/python3.12/site-packages:/home/fai/nao_ws/install/perception/lib/python3.12/site-packages:/home/fai/nao_ws/install/perception_interfaces/lib/python3.12/site-packages:/home/fai/nao_ws/install/navigation/lib/python3.12/site-packages:/home/fai/nao_ws/install/navigation_interfaces/lib/python3.12/site-packages:/home/fai/nao_ws/install/nao_qi_ros2_package/lib/python3.12/site-packages:/opt/ros/jazzy/lib/python3.12/site-packages /usr/bin/python3 -W ignore:setup.py install is deprecated setup.py egg_info --egg-base ../../build/rest_api build --build-base /home/fai/nao_ws/build/rest_api/build install --record /home/fai/nao_ws/build/rest_api/install.log --single-version-externally-managed install_data
