running egg_info
creating ../build/web_controller/web_controller.egg-info
writing ../build/web_controller/web_controller.egg-info/PKG-INFO
writing dependency_links to ../build/web_controller/web_controller.egg-info/dependency_links.txt
writing requirements to ../build/web_controller/web_controller.egg-info/requires.txt
writing top-level names to ../build/web_controller/web_controller.egg-info/top_level.txt
writing manifest file '../build/web_controller/web_controller.egg-info/SOURCES.txt'
reading manifest file '../build/web_controller/web_controller.egg-info/SOURCES.txt'
writing manifest file '../build/web_controller/web_controller.egg-info/SOURCES.txt'
running build
running build_py
creating /home/robotica/nao_ws/src/build/web_controller/build
creating /home/robotica/nao_ws/src/build/web_controller/build/lib
creating /home/robotica/nao_ws/src/build/web_controller/build/lib/web_controller
copying web_controller/__init__.py -> /home/robotica/nao_ws/src/build/web_controller/build/lib/web_controller
copying web_controller/web_controller_interface.py -> /home/robotica/nao_ws/src/build/web_controller/build/lib/web_controller
running install
running install_lib
creating /home/robotica/nao_ws/src/install/web_controller/lib/python3.12/site-packages/web_controller
copying /home/robotica/nao_ws/src/build/web_controller/build/lib/web_controller/__init__.py -> /home/robotica/nao_ws/src/install/web_controller/lib/python3.12/site-packages/web_controller
copying /home/robotica/nao_ws/src/build/web_controller/build/lib/web_controller/web_controller_interface.py -> /home/robotica/nao_ws/src/install/web_controller/lib/python3.12/site-packages/web_controller
byte-compiling /home/robotica/nao_ws/src/install/web_controller/lib/python3.12/site-packages/web_controller/__init__.py to __init__.cpython-312.pyc
byte-compiling /home/robotica/nao_ws/src/install/web_controller/lib/python3.12/site-packages/web_controller/web_controller_interface.py to web_controller_interface.cpython-312.pyc
running install_data
creating /home/robotica/nao_ws/src/install/web_controller/share/ament_index
creating /home/robotica/nao_ws/src/install/web_controller/share/ament_index/resource_index
creating /home/robotica/nao_ws/src/install/web_controller/share/ament_index/resource_index/packages
copying resource/web_controller -> /home/robotica/nao_ws/src/install/web_controller/share/ament_index/resource_index/packages
copying package.xml -> /home/robotica/nao_ws/src/install/web_controller/share/web_controller
running install_egg_info
Copying ../build/web_controller/web_controller.egg-info to /home/robotica/nao_ws/src/install/web_controller/lib/python3.12/site-packages/web_controller-0.0.0-py3.12.egg-info
running install_scripts
writing list of installed files to '/home/robotica/nao_ws/src/build/web_controller/install.log'
