[3.732s] Invoking command in '/home/robotica/nao_ws/src/web_controller': DEBUGINFOD_URLS=https://debuginfod.ubuntu.com PYTHONPATH=/home/robotica/nao_ws/src/build/web_controller/prefix_override:/usr/lib/python3/dist-packages/colcon_core/task/python/colcon_distutils_commands:/home/robotica/nao_ws/src/install/web_controller/lib/python3.12/site-packages:${PYTHONPATH} /usr/bin/python3 -W ignore:setup.py install is deprecated setup.py egg_info --egg-base ../build/web_controller build --build-base /home/robotica/nao_ws/src/build/web_controller/build install --record /home/robotica/nao_ws/src/build/web_controller/install.log --single-version-externally-managed install_data
[5.106s] running egg_info
[5.108s] creating ../build/web_controller/web_controller.egg-info
[5.191s] writing ../build/web_controller/web_controller.egg-info/PKG-INFO
[5.191s] writing dependency_links to ../build/web_controller/web_controller.egg-info/dependency_links.txt
[5.191s] writing requirements to ../build/web_controller/web_controller.egg-info/requires.txt
[5.192s] writing top-level names to ../build/web_controller/web_controller.egg-info/top_level.txt
[5.192s] writing manifest file '../build/web_controller/web_controller.egg-info/SOURCES.txt'
[5.347s] reading manifest file '../build/web_controller/web_controller.egg-info/SOURCES.txt'
[5.350s] writing manifest file '../build/web_controller/web_controller.egg-info/SOURCES.txt'
[5.351s] running build
[5.351s] running build_py
[5.353s] creating /home/robotica/nao_ws/src/build/web_controller/build
[5.353s] creating /home/robotica/nao_ws/src/build/web_controller/build/lib
[5.353s] creating /home/robotica/nao_ws/src/build/web_controller/build/lib/web_controller
[5.354s] copying web_controller/__init__.py -> /home/robotica/nao_ws/src/build/web_controller/build/lib/web_controller
[5.354s] copying web_controller/web_controller_interface.py -> /home/robotica/nao_ws/src/build/web_controller/build/lib/web_controller
[5.354s] running install
[5.373s] running install_lib
[5.455s] creating /home/robotica/nao_ws/src/install/web_controller/lib/python3.12/site-packages/web_controller
[5.458s] copying /home/robotica/nao_ws/src/build/web_controller/build/lib/web_controller/__init__.py -> /home/robotica/nao_ws/src/install/web_controller/lib/python3.12/site-packages/web_controller
[5.458s] copying /home/robotica/nao_ws/src/build/web_controller/build/lib/web_controller/web_controller_interface.py -> /home/robotica/nao_ws/src/install/web_controller/lib/python3.12/site-packages/web_controller
[5.462s] byte-compiling /home/robotica/nao_ws/src/install/web_controller/lib/python3.12/site-packages/web_controller/__init__.py to __init__.cpython-312.pyc
[5.462s] byte-compiling /home/robotica/nao_ws/src/install/web_controller/lib/python3.12/site-packages/web_controller/web_controller_interface.py to web_controller_interface.cpython-312.pyc
[5.462s] running install_data
[5.463s] creating /home/robotica/nao_ws/src/install/web_controller/share/ament_index
[5.463s] creating /home/robotica/nao_ws/src/install/web_controller/share/ament_index/resource_index
[5.463s] creating /home/robotica/nao_ws/src/install/web_controller/share/ament_index/resource_index/packages
[5.464s] copying resource/web_controller -> /home/robotica/nao_ws/src/install/web_controller/share/ament_index/resource_index/packages
[5.464s] copying package.xml -> /home/robotica/nao_ws/src/install/web_controller/share/web_controller
[5.467s] running install_egg_info
[5.551s] Copying ../build/web_controller/web_controller.egg-info to /home/robotica/nao_ws/src/install/web_controller/lib/python3.12/site-packages/web_controller-0.0.0-py3.12.egg-info
[5.553s] running install_scripts
[6.027s] writing list of installed files to '/home/robotica/nao_ws/src/build/web_controller/install.log'
[6.473s] Invoked command in '/home/robotica/nao_ws/src/web_controller' returned '0': DEBUGINFOD_URLS=https://debuginfod.ubuntu.com PYTHONPATH=/home/robotica/nao_ws/src/build/web_controller/prefix_override:/usr/lib/python3/dist-packages/colcon_core/task/python/colcon_distutils_commands:/home/robotica/nao_ws/src/install/web_controller/lib/python3.12/site-packages:${PYTHONPATH} /usr/bin/python3 -W ignore:setup.py install is deprecated setup.py egg_info --egg-base ../build/web_controller build --build-base /home/robotica/nao_ws/src/build/web_controller/build install --record /home/robotica/nao_ws/src/build/web_controller/install.log --single-version-externally-managed install_data
