[0.042s] Invoking command in '/home/fai/nao_ws/build/perception_interfaces': CMAKE_PREFIX_PATH=${CMAKE_PREFIX_PATH}:/home/fai/nao_ws/install/web_controller:/home/fai/nao_ws/install/speech:/home/fai/nao_ws/install/nao_tasks:/home/fai/nao_ws/install/integration:/home/fai/nao_ws/install/perception:/home/fai/nao_ws/install/navigation:/home/fai/nao_ws/install/nao_qi_ros2_package:/home/fai/nao_ws/install/manipulation:/opt/ros/jazzy DEBUGINFOD_URLS=https://debuginfod.ubuntu.com /usr/bin/cmake --build /home/fai/nao_ws/build/perception_interfaces -- -j4 -l4
[0.226s] [  2%] Built target perception_interfaces__rosidl_generator_type_description
[0.341s] [  5%] Built target ament_cmake_python_copy_perception_interfaces
[0.356s] [ 17%] Built target perception_interfaces__rosidl_generator_c
[0.400s] [ 20%] Built target perception_interfaces__cpp
[0.496s] [ 29%] Built target perception_interfaces__rosidl_typesupport_introspection_c
[0.637s] [ 41%] Built target perception_interfaces__rosidl_typesupport_c
[0.648s] [ 47%] Built target perception_interfaces__rosidl_typesupport_fastrtps_c
[0.771s] [ 55%] Built target perception_interfaces__rosidl_typesupport_cpp
[0.778s] [ 64%] Built target perception_interfaces__rosidl_typesupport_fastrtps_cpp
[0.904s] [ 73%] Built target perception_interfaces__rosidl_typesupport_introspection_cpp
[1.018s] [ 73%] Built target perception_interfaces
[1.139s] [ 76%] Built target perception_interfaces__py
[1.275s] [ 82%] Built target perception_interfaces__rosidl_generator_py
[1.492s] [ 88%] Built target perception_interfaces_s__rosidl_typesupport_c
[1.530s] [ 94%] Built target perception_interfaces_s__rosidl_typesupport_fastrtps_c
[1.559s] [100%] Built target perception_interfaces_s__rosidl_typesupport_introspection_c
[2.013s] running egg_info
[2.113s] writing perception_interfaces.egg-info/PKG-INFO
[2.113s] writing dependency_links to perception_interfaces.egg-info/dependency_links.txt
[2.114s] writing top-level names to perception_interfaces.egg-info/top_level.txt
[2.279s] reading manifest file 'perception_interfaces.egg-info/SOURCES.txt'
[2.284s] writing manifest file 'perception_interfaces.egg-info/SOURCES.txt'
[2.367s] [100%] Built target ament_cmake_python_build_perception_interfaces_egg
[2.390s] Invoked command in '/home/fai/nao_ws/build/perception_interfaces' returned '0': CMAKE_PREFIX_PATH=${CMAKE_PREFIX_PATH}:/home/fai/nao_ws/install/web_controller:/home/fai/nao_ws/install/speech:/home/fai/nao_ws/install/nao_tasks:/home/fai/nao_ws/install/integration:/home/fai/nao_ws/install/perception:/home/fai/nao_ws/install/navigation:/home/fai/nao_ws/install/nao_qi_ros2_package:/home/fai/nao_ws/install/manipulation:/opt/ros/jazzy DEBUGINFOD_URLS=https://debuginfod.ubuntu.com /usr/bin/cmake --build /home/fai/nao_ws/build/perception_interfaces -- -j4 -l4
[2.618s] Invoking command in '/home/fai/nao_ws/build/perception_interfaces': CMAKE_PREFIX_PATH=${CMAKE_PREFIX_PATH}:/home/fai/nao_ws/install/web_controller:/home/fai/nao_ws/install/speech:/home/fai/nao_ws/install/nao_tasks:/home/fai/nao_ws/install/integration:/home/fai/nao_ws/install/perception:/home/fai/nao_ws/install/navigation:/home/fai/nao_ws/install/nao_qi_ros2_package:/home/fai/nao_ws/install/manipulation:/opt/ros/jazzy DEBUGINFOD_URLS=https://debuginfod.ubuntu.com /usr/bin/cmake --install /home/fai/nao_ws/build/perception_interfaces
[2.682s] -- Install configuration: ""
[2.683s] -- Up-to-date: /home/fai/nao_ws/install/perception_interfaces/share/ament_index/resource_index/rosidl_interfaces/perception_interfaces
[2.683s] -- Up-to-date: /home/fai/nao_ws/install/perception_interfaces/share/perception_interfaces/srv/DetectObjects.json
[2.683s] -- Up-to-date: /home/fai/nao_ws/install/perception_interfaces/include/perception_interfaces/perception_interfaces
[2.683s] -- Up-to-date: /home/fai/nao_ws/install/perception_interfaces/include/perception_interfaces/perception_interfaces/srv
[2.684s] -- Up-to-date: /home/fai/nao_ws/install/perception_interfaces/include/perception_interfaces/perception_interfaces/srv/detect_objects.h
[2.684s] -- Up-to-date: /home/fai/nao_ws/install/perception_interfaces/include/perception_interfaces/perception_interfaces/srv/detail
[2.685s] -- Up-to-date: /home/fai/nao_ws/install/perception_interfaces/include/perception_interfaces/perception_interfaces/srv/detail/detect_objects__type_support.h
[2.685s] -- Up-to-date: /home/fai/nao_ws/install/perception_interfaces/include/perception_interfaces/perception_interfaces/srv/detail/detect_objects__description.c
[2.685s] -- Up-to-date: /home/fai/nao_ws/install/perception_interfaces/include/perception_interfaces/perception_interfaces/srv/detail/detect_objects__functions.c
[2.685s] -- Up-to-date: /home/fai/nao_ws/install/perception_interfaces/include/perception_interfaces/perception_interfaces/srv/detail/detect_objects__functions.h
[2.686s] -- Installing: /home/fai/nao_ws/install/perception_interfaces/include/perception_interfaces/perception_interfaces/srv/detail/detect_objects__type_support.c
[2.686s] -- Up-to-date: /home/fai/nao_ws/install/perception_interfaces/include/perception_interfaces/perception_interfaces/srv/detail/detect_objects__struct.h
[2.686s] -- Up-to-date: /home/fai/nao_ws/install/perception_interfaces/include/perception_interfaces/perception_interfaces/msg
[2.687s] -- Up-to-date: /home/fai/nao_ws/install/perception_interfaces/include/perception_interfaces/perception_interfaces/msg/rosidl_generator_c__visibility_control.h
[2.687s] -- Up-to-date: /home/fai/nao_ws/install/perception_interfaces/share/perception_interfaces/environment/library_path.sh
[2.687s] -- Up-to-date: /home/fai/nao_ws/install/perception_interfaces/share/perception_interfaces/environment/library_path.dsv
[2.688s] -- Up-to-date: /home/fai/nao_ws/install/perception_interfaces/lib/libperception_interfaces__rosidl_generator_c.so
[2.688s] -- Up-to-date: /home/fai/nao_ws/install/perception_interfaces/include/perception_interfaces/perception_interfaces
[2.688s] -- Up-to-date: /home/fai/nao_ws/install/perception_interfaces/include/perception_interfaces/perception_interfaces/srv
[2.689s] -- Up-to-date: /home/fai/nao_ws/install/perception_interfaces/include/perception_interfaces/perception_interfaces/srv/detail
[2.689s] -- Up-to-date: /home/fai/nao_ws/install/perception_interfaces/include/perception_interfaces/perception_interfaces/srv/detail/detect_objects__rosidl_typesupport_fastrtps_c.h
[2.689s] -- Up-to-date: /home/fai/nao_ws/install/perception_interfaces/include/perception_interfaces/perception_interfaces/msg
[2.690s] -- Up-to-date: /home/fai/nao_ws/install/perception_interfaces/include/perception_interfaces/perception_interfaces/msg/rosidl_typesupport_fastrtps_c__visibility_control.h
[2.690s] -- Up-to-date: /home/fai/nao_ws/install/perception_interfaces/lib/libperception_interfaces__rosidl_typesupport_fastrtps_c.so
[2.690s] -- Up-to-date: /home/fai/nao_ws/install/perception_interfaces/include/perception_interfaces/perception_interfaces
[2.690s] -- Up-to-date: /home/fai/nao_ws/install/perception_interfaces/include/perception_interfaces/perception_interfaces/srv
[2.691s] -- Up-to-date: /home/fai/nao_ws/install/perception_interfaces/include/perception_interfaces/perception_interfaces/srv/detail
[2.691s] -- Up-to-date: /home/fai/nao_ws/install/perception_interfaces/include/perception_interfaces/perception_interfaces/srv/detail/detect_objects__rosidl_typesupport_introspection_c.h
[2.692s] -- Installing: /home/fai/nao_ws/install/perception_interfaces/include/perception_interfaces/perception_interfaces/srv/detail/detect_objects__type_support.c
[2.692s] -- Up-to-date: /home/fai/nao_ws/install/perception_interfaces/include/perception_interfaces/perception_interfaces/msg
[2.692s] -- Up-to-date: /home/fai/nao_ws/install/perception_interfaces/include/perception_interfaces/perception_interfaces/msg/rosidl_typesupport_introspection_c__visibility_control.h
[2.692s] -- Up-to-date: /home/fai/nao_ws/install/perception_interfaces/lib/libperception_interfaces__rosidl_typesupport_introspection_c.so
[2.693s] -- Up-to-date: /home/fai/nao_ws/install/perception_interfaces/lib/libperception_interfaces__rosidl_typesupport_c.so
[2.693s] -- Up-to-date: /home/fai/nao_ws/install/perception_interfaces/include/perception_interfaces/perception_interfaces
[2.693s] -- Up-to-date: /home/fai/nao_ws/install/perception_interfaces/include/perception_interfaces/perception_interfaces/srv
[2.693s] -- Up-to-date: /home/fai/nao_ws/install/perception_interfaces/include/perception_interfaces/perception_interfaces/srv/detail
[2.694s] -- Up-to-date: /home/fai/nao_ws/install/perception_interfaces/include/perception_interfaces/perception_interfaces/srv/detail/detect_objects__type_support.hpp
[2.694s] -- Up-to-date: /home/fai/nao_ws/install/perception_interfaces/include/perception_interfaces/perception_interfaces/srv/detail/detect_objects__struct.hpp
[2.694s] -- Up-to-date: /home/fai/nao_ws/install/perception_interfaces/include/perception_interfaces/perception_interfaces/srv/detail/detect_objects__builder.hpp
[2.694s] -- Up-to-date: /home/fai/nao_ws/install/perception_interfaces/include/perception_interfaces/perception_interfaces/srv/detail/detect_objects__traits.hpp
[2.695s] -- Up-to-date: /home/fai/nao_ws/install/perception_interfaces/include/perception_interfaces/perception_interfaces/srv/detect_objects.hpp
[2.695s] -- Up-to-date: /home/fai/nao_ws/install/perception_interfaces/include/perception_interfaces/perception_interfaces/msg
[2.695s] -- Up-to-date: /home/fai/nao_ws/install/perception_interfaces/include/perception_interfaces/perception_interfaces/msg/rosidl_generator_cpp__visibility_control.hpp
[2.696s] -- Up-to-date: /home/fai/nao_ws/install/perception_interfaces/include/perception_interfaces/perception_interfaces
[2.696s] -- Up-to-date: /home/fai/nao_ws/install/perception_interfaces/include/perception_interfaces/perception_interfaces/srv
[2.696s] -- Up-to-date: /home/fai/nao_ws/install/perception_interfaces/include/perception_interfaces/perception_interfaces/srv/detail
[2.697s] -- Up-to-date: /home/fai/nao_ws/install/perception_interfaces/include/perception_interfaces/perception_interfaces/srv/detail/detect_objects__rosidl_typesupport_fastrtps_cpp.hpp
[2.697s] -- Up-to-date: /home/fai/nao_ws/install/perception_interfaces/include/perception_interfaces/perception_interfaces/srv/detail/dds_fastrtps
[2.697s] -- Up-to-date: /home/fai/nao_ws/install/perception_interfaces/include/perception_interfaces/perception_interfaces/msg
[2.698s] -- Up-to-date: /home/fai/nao_ws/install/perception_interfaces/include/perception_interfaces/perception_interfaces/msg/rosidl_typesupport_fastrtps_cpp__visibility_control.h
[2.698s] -- Up-to-date: /home/fai/nao_ws/install/perception_interfaces/lib/libperception_interfaces__rosidl_typesupport_fastrtps_cpp.so
[2.698s] -- Up-to-date: /home/fai/nao_ws/install/perception_interfaces/include/perception_interfaces/perception_interfaces
[2.698s] -- Up-to-date: /home/fai/nao_ws/install/perception_interfaces/include/perception_interfaces/perception_interfaces/srv
[2.699s] -- Up-to-date: /home/fai/nao_ws/install/perception_interfaces/include/perception_interfaces/perception_interfaces/srv/detail
[2.699s] -- Up-to-date: /home/fai/nao_ws/install/perception_interfaces/include/perception_interfaces/perception_interfaces/srv/detail/detect_objects__type_support.cpp
[2.699s] -- Up-to-date: /home/fai/nao_ws/install/perception_interfaces/include/perception_interfaces/perception_interfaces/srv/detail/detect_objects__rosidl_typesupport_introspection_cpp.hpp
[2.700s] -- Up-to-date: /home/fai/nao_ws/install/perception_interfaces/lib/libperception_interfaces__rosidl_typesupport_introspection_cpp.so
[2.700s] -- Up-to-date: /home/fai/nao_ws/install/perception_interfaces/lib/libperception_interfaces__rosidl_typesupport_cpp.so
[2.700s] -- Up-to-date: /home/fai/nao_ws/install/perception_interfaces/share/perception_interfaces/environment/pythonpath.sh
[2.700s] -- Up-to-date: /home/fai/nao_ws/install/perception_interfaces/share/perception_interfaces/environment/pythonpath.dsv
[2.701s] -- Up-to-date: /home/fai/nao_ws/install/perception_interfaces/lib/python3.12/site-packages/perception_interfaces-0.0.1-py3.12.egg-info
[2.701s] -- Installing: /home/fai/nao_ws/install/perception_interfaces/lib/python3.12/site-packages/perception_interfaces-0.0.1-py3.12.egg-info/PKG-INFO
[2.701s] -- Installing: /home/fai/nao_ws/install/perception_interfaces/lib/python3.12/site-packages/perception_interfaces-0.0.1-py3.12.egg-info/top_level.txt
[2.702s] -- Installing: /home/fai/nao_ws/install/perception_interfaces/lib/python3.12/site-packages/perception_interfaces-0.0.1-py3.12.egg-info/dependency_links.txt
[2.702s] -- Installing: /home/fai/nao_ws/install/perception_interfaces/lib/python3.12/site-packages/perception_interfaces-0.0.1-py3.12.egg-info/SOURCES.txt
[2.702s] -- Up-to-date: /home/fai/nao_ws/install/perception_interfaces/lib/python3.12/site-packages/perception_interfaces
[2.703s] -- Up-to-date: /home/fai/nao_ws/install/perception_interfaces/lib/python3.12/site-packages/perception_interfaces/_perception_interfaces_s.ep.rosidl_typesupport_introspection_c.c
[2.703s] -- Up-to-date: /home/fai/nao_ws/install/perception_interfaces/lib/python3.12/site-packages/perception_interfaces/srv
[2.703s] -- Up-to-date: /home/fai/nao_ws/install/perception_interfaces/lib/python3.12/site-packages/perception_interfaces/srv/_detect_objects_s.c
[2.703s] -- Up-to-date: /home/fai/nao_ws/install/perception_interfaces/lib/python3.12/site-packages/perception_interfaces/srv/_detect_objects.py
[2.704s] -- Up-to-date: /home/fai/nao_ws/install/perception_interfaces/lib/python3.12/site-packages/perception_interfaces/srv/__init__.py
[2.704s] -- Up-to-date: /home/fai/nao_ws/install/perception_interfaces/lib/python3.12/site-packages/perception_interfaces/perception_interfaces_s__rosidl_typesupport_fastrtps_c.so
[2.704s] -- Up-to-date: /home/fai/nao_ws/install/perception_interfaces/lib/python3.12/site-packages/perception_interfaces/_perception_interfaces_s.ep.rosidl_typesupport_c.c
[2.704s] -- Up-to-date: /home/fai/nao_ws/install/perception_interfaces/lib/python3.12/site-packages/perception_interfaces/perception_interfaces_s__rosidl_typesupport_introspection_c.so
[2.705s] -- Up-to-date: /home/fai/nao_ws/install/perception_interfaces/lib/python3.12/site-packages/perception_interfaces/perception_interfaces_s__rosidl_typesupport_c.so
[2.705s] -- Up-to-date: /home/fai/nao_ws/install/perception_interfaces/lib/python3.12/site-packages/perception_interfaces/__init__.py
[2.705s] -- Up-to-date: /home/fai/nao_ws/install/perception_interfaces/lib/python3.12/site-packages/perception_interfaces/_perception_interfaces_s.ep.rosidl_typesupport_fastrtps_c.c
[2.797s] Listing '/home/fai/nao_ws/install/perception_interfaces/lib/python3.12/site-packages/perception_interfaces'...
[2.798s] Listing '/home/fai/nao_ws/install/perception_interfaces/lib/python3.12/site-packages/perception_interfaces/srv'...
[2.811s] -- Up-to-date: /home/fai/nao_ws/install/perception_interfaces/lib/python3.12/site-packages/perception_interfaces/perception_interfaces_s__rosidl_typesupport_fastrtps_c.so
[2.811s] -- Up-to-date: /home/fai/nao_ws/install/perception_interfaces/lib/python3.12/site-packages/perception_interfaces/perception_interfaces_s__rosidl_typesupport_introspection_c.so
[2.815s] -- Up-to-date: /home/fai/nao_ws/install/perception_interfaces/lib/python3.12/site-packages/perception_interfaces/perception_interfaces_s__rosidl_typesupport_c.so
[2.816s] -- Up-to-date: /home/fai/nao_ws/install/perception_interfaces/lib/libperception_interfaces__rosidl_generator_py.so
[2.819s] -- Up-to-date: /home/fai/nao_ws/install/perception_interfaces/share/perception_interfaces/srv/DetectObjects.idl
[2.819s] -- Up-to-date: /home/fai/nao_ws/install/perception_interfaces/share/perception_interfaces/srv/DetectObjects.srv
[2.820s] -- Up-to-date: /home/fai/nao_ws/install/perception_interfaces/share/ament_index/resource_index/package_run_dependencies/perception_interfaces
[2.820s] -- Up-to-date: /home/fai/nao_ws/install/perception_interfaces/share/ament_index/resource_index/parent_prefix_path/perception_interfaces
[2.820s] -- Up-to-date: /home/fai/nao_ws/install/perception_interfaces/share/perception_interfaces/environment/ament_prefix_path.sh
[2.820s] -- Up-to-date: /home/fai/nao_ws/install/perception_interfaces/share/perception_interfaces/environment/ament_prefix_path.dsv
[2.821s] -- Up-to-date: /home/fai/nao_ws/install/perception_interfaces/share/perception_interfaces/environment/path.sh
[2.821s] -- Up-to-date: /home/fai/nao_ws/install/perception_interfaces/share/perception_interfaces/environment/path.dsv
[2.827s] -- Up-to-date: /home/fai/nao_ws/install/perception_interfaces/share/perception_interfaces/local_setup.bash
[2.827s] -- Up-to-date: /home/fai/nao_ws/install/perception_interfaces/share/perception_interfaces/local_setup.sh
[2.828s] -- Up-to-date: /home/fai/nao_ws/install/perception_interfaces/share/perception_interfaces/local_setup.zsh
[2.828s] -- Up-to-date: /home/fai/nao_ws/install/perception_interfaces/share/perception_interfaces/local_setup.dsv
[2.828s] -- Installing: /home/fai/nao_ws/install/perception_interfaces/share/perception_interfaces/package.dsv
[2.828s] -- Up-to-date: /home/fai/nao_ws/install/perception_interfaces/share/ament_index/resource_index/packages/perception_interfaces
[2.829s] -- Up-to-date: /home/fai/nao_ws/install/perception_interfaces/share/perception_interfaces/cmake/export_perception_interfaces__rosidl_generator_cExport.cmake
[2.829s] -- Up-to-date: /home/fai/nao_ws/install/perception_interfaces/share/perception_interfaces/cmake/export_perception_interfaces__rosidl_generator_cExport-noconfig.cmake
[2.829s] -- Up-to-date: /home/fai/nao_ws/install/perception_interfaces/share/perception_interfaces/cmake/export_perception_interfaces__rosidl_typesupport_fastrtps_cExport.cmake
[2.834s] -- Up-to-date: /home/fai/nao_ws/install/perception_interfaces/share/perception_interfaces/cmake/export_perception_interfaces__rosidl_typesupport_fastrtps_cExport-noconfig.cmake
[2.834s] -- Up-to-date: /home/fai/nao_ws/install/perception_interfaces/share/perception_interfaces/cmake/perception_interfaces__rosidl_typesupport_introspection_cExport.cmake
[2.835s] -- Up-to-date: /home/fai/nao_ws/install/perception_interfaces/share/perception_interfaces/cmake/perception_interfaces__rosidl_typesupport_introspection_cExport-noconfig.cmake
[2.835s] -- Up-to-date: /home/fai/nao_ws/install/perception_interfaces/share/perception_interfaces/cmake/perception_interfaces__rosidl_typesupport_cExport.cmake
[2.841s] -- Up-to-date: /home/fai/nao_ws/install/perception_interfaces/share/perception_interfaces/cmake/perception_interfaces__rosidl_typesupport_cExport-noconfig.cmake
[2.846s] -- Up-to-date: /home/fai/nao_ws/install/perception_interfaces/share/perception_interfaces/cmake/export_perception_interfaces__rosidl_generator_cppExport.cmake
[2.847s] -- Up-to-date: /home/fai/nao_ws/install/perception_interfaces/share/perception_interfaces/cmake/export_perception_interfaces__rosidl_typesupport_fastrtps_cppExport.cmake
[2.850s] -- Up-to-date: /home/fai/nao_ws/install/perception_interfaces/share/perception_interfaces/cmake/export_perception_interfaces__rosidl_typesupport_fastrtps_cppExport-noconfig.cmake
[2.852s] -- Up-to-date: /home/fai/nao_ws/install/perception_interfaces/share/perception_interfaces/cmake/perception_interfaces__rosidl_typesupport_introspection_cppExport.cmake
[2.853s] -- Up-to-date: /home/fai/nao_ws/install/perception_interfaces/share/perception_interfaces/cmake/perception_interfaces__rosidl_typesupport_introspection_cppExport-noconfig.cmake
[2.854s] -- Up-to-date: /home/fai/nao_ws/install/perception_interfaces/share/perception_interfaces/cmake/perception_interfaces__rosidl_typesupport_cppExport.cmake
[2.855s] -- Up-to-date: /home/fai/nao_ws/install/perception_interfaces/share/perception_interfaces/cmake/perception_interfaces__rosidl_typesupport_cppExport-noconfig.cmake
[2.875s] -- Up-to-date: /home/fai/nao_ws/install/perception_interfaces/share/perception_interfaces/cmake/export_perception_interfaces__rosidl_generator_pyExport.cmake
[2.877s] -- Up-to-date: /home/fai/nao_ws/install/perception_interfaces/share/perception_interfaces/cmake/export_perception_interfaces__rosidl_generator_pyExport-noconfig.cmake
[2.877s] -- Up-to-date: /home/fai/nao_ws/install/perception_interfaces/share/perception_interfaces/cmake/rosidl_cmake-extras.cmake
[2.877s] -- Up-to-date: /home/fai/nao_ws/install/perception_interfaces/share/perception_interfaces/cmake/ament_cmake_export_dependencies-extras.cmake
[2.877s] -- Up-to-date: /home/fai/nao_ws/install/perception_interfaces/share/perception_interfaces/cmake/ament_cmake_export_include_directories-extras.cmake
[2.878s] -- Up-to-date: /home/fai/nao_ws/install/perception_interfaces/share/perception_interfaces/cmake/ament_cmake_export_libraries-extras.cmake
[2.878s] -- Up-to-date: /home/fai/nao_ws/install/perception_interfaces/share/perception_interfaces/cmake/ament_cmake_export_targets-extras.cmake
[2.878s] -- Up-to-date: /home/fai/nao_ws/install/perception_interfaces/share/perception_interfaces/cmake/rosidl_cmake_export_typesupport_targets-extras.cmake
[2.879s] -- Up-to-date: /home/fai/nao_ws/install/perception_interfaces/share/perception_interfaces/cmake/rosidl_cmake_export_typesupport_libraries-extras.cmake
[2.879s] -- Up-to-date: /home/fai/nao_ws/install/perception_interfaces/share/perception_interfaces/cmake/perception_interfacesConfig.cmake
[2.879s] -- Up-to-date: /home/fai/nao_ws/install/perception_interfaces/share/perception_interfaces/cmake/perception_interfacesConfig-version.cmake
[2.880s] -- Up-to-date: /home/fai/nao_ws/install/perception_interfaces/share/perception_interfaces/package.xml
[2.934s] Invoked command in '/home/fai/nao_ws/build/perception_interfaces' returned '0': CMAKE_PREFIX_PATH=${CMAKE_PREFIX_PATH}:/home/fai/nao_ws/install/web_controller:/home/fai/nao_ws/install/speech:/home/fai/nao_ws/install/nao_tasks:/home/fai/nao_ws/install/integration:/home/fai/nao_ws/install/perception:/home/fai/nao_ws/install/navigation:/home/fai/nao_ws/install/nao_qi_ros2_package:/home/fai/nao_ws/install/manipulation:/opt/ros/jazzy DEBUGINFOD_URLS=https://debuginfod.ubuntu.com /usr/bin/cmake --install /home/fai/nao_ws/build/perception_interfaces
