running egg_info
creating ../build/rest_api/rest_api.egg-info
writing ../build/rest_api/rest_api.egg-info/PKG-INFO
writing dependency_links to ../build/rest_api/rest_api.egg-info/dependency_links.txt
writing entry points to ../build/rest_api/rest_api.egg-info/entry_points.txt
writing requirements to ../build/rest_api/rest_api.egg-info/requires.txt
writing top-level names to ../build/rest_api/rest_api.egg-info/top_level.txt
writing manifest file '../build/rest_api/rest_api.egg-info/SOURCES.txt'
reading manifest file '../build/rest_api/rest_api.egg-info/SOURCES.txt'
writing manifest file '../build/rest_api/rest_api.egg-info/SOURCES.txt'
running build
running build_py
creating /home/robotica/nao_ws/src/build/rest_api/build
creating /home/robotica/nao_ws/src/build/rest_api/build/lib
creating /home/robotica/nao_ws/src/build/rest_api/build/lib/rest_api
copying rest_api/rest_api_node.py -> /home/robotica/nao_ws/src/build/rest_api/build/lib/rest_api
copying rest_api/__init__.py -> /home/robotica/nao_ws/src/build/rest_api/build/lib/rest_api
running install
running install_lib
creating /home/robotica/nao_ws/src/install/rest_api/lib/python3.12/site-packages/rest_api
copying /home/robotica/nao_ws/src/build/rest_api/build/lib/rest_api/rest_api_node.py -> /home/robotica/nao_ws/src/install/rest_api/lib/python3.12/site-packages/rest_api
copying /home/robotica/nao_ws/src/build/rest_api/build/lib/rest_api/__init__.py -> /home/robotica/nao_ws/src/install/rest_api/lib/python3.12/site-packages/rest_api
byte-compiling /home/robotica/nao_ws/src/install/rest_api/lib/python3.12/site-packages/rest_api/rest_api_node.py to rest_api_node.cpython-312.pyc
byte-compiling /home/robotica/nao_ws/src/install/rest_api/lib/python3.12/site-packages/rest_api/__init__.py to __init__.cpython-312.pyc
running install_data
creating /home/robotica/nao_ws/src/install/rest_api/share/ament_index
creating /home/robotica/nao_ws/src/install/rest_api/share/ament_index/resource_index
creating /home/robotica/nao_ws/src/install/rest_api/share/ament_index/resource_index/packages
copying resource/rest_api -> /home/robotica/nao_ws/src/install/rest_api/share/ament_index/resource_index/packages
copying package.xml -> /home/robotica/nao_ws/src/install/rest_api/share/rest_api
running install_egg_info
Copying ../build/rest_api/rest_api.egg-info to /home/robotica/nao_ws/src/install/rest_api/lib/python3.12/site-packages/rest_api-0.0.0-py3.12.egg-info
running install_scripts
Installing rest_api_node script to /home/robotica/nao_ws/src/install/rest_api/lib/rest_api
writing list of installed files to '/home/robotica/nao_ws/src/build/rest_api/install.log'
