[1.770s] Invoking command in '/home/fai/nao_ws/src/nao_qi_ros2_package': DEBUGINFOD_URLS=https://debuginfod.ubuntu.com PYTHONPATH=/home/fai/nao_ws/build/nao_qi_ros2_package/prefix_override:/usr/lib/python3/dist-packages/colcon_core/task/python/colcon_distutils_commands:/home/fai/nao_ws/install/nao_qi_ros2_package/lib/python3.12/site-packages:${PYTHONPATH} /usr/bin/python3 -W ignore:setup.py install is deprecated setup.py egg_info --egg-base ../../build/nao_qi_ros2_package build --build-base /home/fai/nao_ws/build/nao_qi_ros2_package/build install --record /home/fai/nao_ws/build/nao_qi_ros2_package/install.log --single-version-externally-managed install_data
[2.651s] running egg_info
[2.714s] writing ../../build/nao_qi_ros2_package/nao_qi_ros2_package.egg-info/PKG-INFO
[2.715s] writing dependency_links to ../../build/nao_qi_ros2_package/nao_qi_ros2_package.egg-info/dependency_links.txt
[2.715s] writing entry points to ../../build/nao_qi_ros2_package/nao_qi_ros2_package.egg-info/entry_points.txt
[2.716s] writing requirements to ../../build/nao_qi_ros2_package/nao_qi_ros2_package.egg-info/requires.txt
[2.716s] writing top-level names to ../../build/nao_qi_ros2_package/nao_qi_ros2_package.egg-info/top_level.txt
[2.851s] reading manifest file '../../build/nao_qi_ros2_package/nao_qi_ros2_package.egg-info/SOURCES.txt'
[2.856s] writing manifest file '../../build/nao_qi_ros2_package/nao_qi_ros2_package.egg-info/SOURCES.txt'
[2.856s] running build
[2.856s] running build_py
[2.857s] running install
[2.878s] running install_lib
[2.941s] running install_data
[2.943s] running install_egg_info
[3.009s] removing '/home/fai/nao_ws/install/nao_qi_ros2_package/lib/python3.12/site-packages/nao_qi_ros2_package-0.0.1-py3.12.egg-info' (and everything under it)
[3.009s] Copying ../../build/nao_qi_ros2_package/nao_qi_ros2_package.egg-info to /home/fai/nao_ws/install/nao_qi_ros2_package/lib/python3.12/site-packages/nao_qi_ros2_package-0.0.1-py3.12.egg-info
[3.011s] running install_scripts
[3.425s] Installing nao_talker script to /home/fai/nao_ws/install/nao_qi_ros2_package/lib/nao_qi_ros2_package
[3.428s] writing list of installed files to '/home/fai/nao_ws/build/nao_qi_ros2_package/install.log'
[3.521s] Invoked command in '/home/fai/nao_ws/src/nao_qi_ros2_package' returned '0': DEBUGINFOD_URLS=https://debuginfod.ubuntu.com PYTHONPATH=/home/fai/nao_ws/build/nao_qi_ros2_package/prefix_override:/usr/lib/python3/dist-packages/colcon_core/task/python/colcon_distutils_commands:/home/fai/nao_ws/install/nao_qi_ros2_package/lib/python3.12/site-packages:${PYTHONPATH} /usr/bin/python3 -W ignore:setup.py install is deprecated setup.py egg_info --egg-base ../../build/nao_qi_ros2_package build --build-base /home/fai/nao_ws/build/nao_qi_ros2_package/build install --record /home/fai/nao_ws/build/nao_qi_ros2_package/install.log --single-version-externally-managed install_data
