[5.557s] Invoking command in '/home/fai/nao_ws/src/web_controller': DEBUGINFOD_URLS=https://debuginfod.ubuntu.com PYTHONPATH=/home/fai/nao_ws/build/web_controller/prefix_override:/usr/lib/python3/dist-packages/colcon_core/task/python/colcon_distutils_commands:/home/fai/nao_ws/install/web_controller/lib/python3.12/site-packages:${PYTHONPATH} /usr/bin/python3 -W ignore:setup.py install is deprecated setup.py egg_info --egg-base ../../build/web_controller build --build-base /home/fai/nao_ws/build/web_controller/build install --record /home/fai/nao_ws/build/web_controller/install.log --single-version-externally-managed install_data
[6.434s] running egg_info
[6.438s] creating ../../build/web_controller/web_controller.egg-info
[6.495s] writing ../../build/web_controller/web_controller.egg-info/PKG-INFO
[6.496s] writing dependency_links to ../../build/web_controller/web_controller.egg-info/dependency_links.txt
[6.496s] writing requirements to ../../build/web_controller/web_controller.egg-info/requires.txt
[6.496s] writing top-level names to ../../build/web_controller/web_controller.egg-info/top_level.txt
[6.497s] writing manifest file '../../build/web_controller/web_controller.egg-info/SOURCES.txt'
[6.621s] reading manifest file '../../build/web_controller/web_controller.egg-info/SOURCES.txt'
[6.622s] writing manifest file '../../build/web_controller/web_controller.egg-info/SOURCES.txt'
[6.623s] running build
[6.624s] running build_py
[6.624s] creating /home/fai/nao_ws/build/web_controller/build
[6.624s] creating /home/fai/nao_ws/build/web_controller/build/lib
[6.627s] creating /home/fai/nao_ws/build/web_controller/build/lib/web_controller
[6.627s] copying web_controller/__init__.py -> /home/fai/nao_ws/build/web_controller/build/lib/web_controller
[6.627s] copying web_controller/web_controller_interface.py -> /home/fai/nao_ws/build/web_controller/build/lib/web_controller
[6.627s] running install
[6.645s] running install_lib
[6.706s] creating /home/fai/nao_ws/install/web_controller/lib/python3.12/site-packages/web_controller
[6.707s] copying /home/fai/nao_ws/build/web_controller/build/lib/web_controller/__init__.py -> /home/fai/nao_ws/install/web_controller/lib/python3.12/site-packages/web_controller
[6.708s] copying /home/fai/nao_ws/build/web_controller/build/lib/web_controller/web_controller_interface.py -> /home/fai/nao_ws/install/web_controller/lib/python3.12/site-packages/web_controller
[6.710s] byte-compiling /home/fai/nao_ws/install/web_controller/lib/python3.12/site-packages/web_controller/__init__.py to __init__.cpython-312.pyc
[6.711s] byte-compiling /home/fai/nao_ws/install/web_controller/lib/python3.12/site-packages/web_controller/web_controller_interface.py to web_controller_interface.cpython-312.pyc
[6.712s] running install_data
[6.712s] creating /home/fai/nao_ws/install/web_controller/share/ament_index
[6.713s] creating /home/fai/nao_ws/install/web_controller/share/ament_index/resource_index
[6.713s] creating /home/fai/nao_ws/install/web_controller/share/ament_index/resource_index/packages
[6.714s] copying resource/web_controller -> /home/fai/nao_ws/install/web_controller/share/ament_index/resource_index/packages
[6.716s] copying package.xml -> /home/fai/nao_ws/install/web_controller/share/web_controller
[6.717s] running install_egg_info
[6.780s] Copying ../../build/web_controller/web_controller.egg-info to /home/fai/nao_ws/install/web_controller/lib/python3.12/site-packages/web_controller-0.0.0-py3.12.egg-info
[6.782s] running install_scripts
[7.193s] writing list of installed files to '/home/fai/nao_ws/build/web_controller/install.log'
[7.278s] Invoked command in '/home/fai/nao_ws/src/web_controller' returned '0': DEBUGINFOD_URLS=https://debuginfod.ubuntu.com PYTHONPATH=/home/fai/nao_ws/build/web_controller/prefix_override:/usr/lib/python3/dist-packages/colcon_core/task/python/colcon_distutils_commands:/home/fai/nao_ws/install/web_controller/lib/python3.12/site-packages:${PYTHONPATH} /usr/bin/python3 -W ignore:setup.py install is deprecated setup.py egg_info --egg-base ../../build/web_controller build --build-base /home/fai/nao_ws/build/web_controller/build install --record /home/fai/nao_ws/build/web_controller/install.log --single-version-externally-managed install_data
