running egg_info
creating ../build/integration/integration.egg-info
writing ../build/integration/integration.egg-info/PKG-INFO
writing dependency_links to ../build/integration/integration.egg-info/dependency_links.txt
writing entry points to ../build/integration/integration.egg-info/entry_points.txt
writing requirements to ../build/integration/integration.egg-info/requires.txt
writing top-level names to ../build/integration/integration.egg-info/top_level.txt
writing manifest file '../build/integration/integration.egg-info/SOURCES.txt'
reading manifest file '../build/integration/integration.egg-info/SOURCES.txt'
writing manifest file '../build/integration/integration.egg-info/SOURCES.txt'
running build
running build_py
creating /home/robotica/nao_ws/src/build/integration/build
creating /home/robotica/nao_ws/src/build/integration/build/lib
creating /home/robotica/nao_ws/src/build/integration/build/lib/integration
copying integration/__init__.py -> /home/robotica/nao_ws/src/build/integration/build/lib/integration
copying integration/integration_interface.py -> /home/robotica/nao_ws/src/build/integration/build/lib/integration
creating /home/robotica/nao_ws/src/build/integration/build/lib/integration/tasks
copying integration/tasks/task_one.py -> /home/robotica/nao_ws/src/build/integration/build/lib/integration/tasks
copying integration/tasks/demo_task.py -> /home/robotica/nao_ws/src/build/integration/build/lib/integration/tasks
copying integration/tasks/__init__.py -> /home/robotica/nao_ws/src/build/integration/build/lib/integration/tasks
running install
running install_lib
creating /home/robotica/nao_ws/src/install/integration/lib/python3.12/site-packages/integration
copying /home/robotica/nao_ws/src/build/integration/build/lib/integration/__init__.py -> /home/robotica/nao_ws/src/install/integration/lib/python3.12/site-packages/integration
creating /home/robotica/nao_ws/src/install/integration/lib/python3.12/site-packages/integration/tasks
copying /home/robotica/nao_ws/src/build/integration/build/lib/integration/tasks/task_one.py -> /home/robotica/nao_ws/src/install/integration/lib/python3.12/site-packages/integration/tasks
copying /home/robotica/nao_ws/src/build/integration/build/lib/integration/tasks/demo_task.py -> /home/robotica/nao_ws/src/install/integration/lib/python3.12/site-packages/integration/tasks
copying /home/robotica/nao_ws/src/build/integration/build/lib/integration/tasks/__init__.py -> /home/robotica/nao_ws/src/install/integration/lib/python3.12/site-packages/integration/tasks
copying /home/robotica/nao_ws/src/build/integration/build/lib/integration/integration_interface.py -> /home/robotica/nao_ws/src/install/integration/lib/python3.12/site-packages/integration
byte-compiling /home/robotica/nao_ws/src/install/integration/lib/python3.12/site-packages/integration/__init__.py to __init__.cpython-312.pyc
byte-compiling /home/robotica/nao_ws/src/install/integration/lib/python3.12/site-packages/integration/tasks/task_one.py to task_one.cpython-312.pyc
byte-compiling /home/robotica/nao_ws/src/install/integration/lib/python3.12/site-packages/integration/tasks/demo_task.py to demo_task.cpython-312.pyc
byte-compiling /home/robotica/nao_ws/src/install/integration/lib/python3.12/site-packages/integration/tasks/__init__.py to __init__.cpython-312.pyc
byte-compiling /home/robotica/nao_ws/src/install/integration/lib/python3.12/site-packages/integration/integration_interface.py to integration_interface.cpython-312.pyc
running install_data
creating /home/robotica/nao_ws/src/install/integration/share/ament_index
creating /home/robotica/nao_ws/src/install/integration/share/ament_index/resource_index
creating /home/robotica/nao_ws/src/install/integration/share/ament_index/resource_index/packages
copying resource/integration -> /home/robotica/nao_ws/src/install/integration/share/ament_index/resource_index/packages
copying package.xml -> /home/robotica/nao_ws/src/install/integration/share/integration
running install_egg_info
Copying ../build/integration/integration.egg-info to /home/robotica/nao_ws/src/install/integration/lib/python3.12/site-packages/integration-0.0.0-py3.12.egg-info
running install_scripts
Installing demo_task script to /home/robotica/nao_ws/src/install/integration/lib/integration
Installing integration_interface script to /home/robotica/nao_ws/src/install/integration/lib/integration
Installing task_one script to /home/robotica/nao_ws/src/install/integration/lib/integration
writing list of installed files to '/home/robotica/nao_ws/src/build/integration/install.log'
