-- The C compiler identification is GNU 13.2.0
-- The CXX compiler identification is GNU 13.2.0
-- Detecting C compiler ABI info
-- Detecting C compiler ABI info - done
-- Check for working C compiler: /usr/bin/cc - skipped
-- Detecting C compile features
-- Detecting C compile features - done
-- Detecting CXX compiler ABI info
-- Detecting CXX compiler ABI info - done
-- Check for working CXX compiler: /usr/bin/c++ - skipped
-- Detecting CXX compile features
-- Detecting CXX compile features - done
-- Found ament_cmake: 2.5.2 (/opt/ros/jazzy/share/ament_cmake/cmake)
-- Found Python3: /usr/bin/python3 (found version "3.12.3") found components: Interpreter 
-- Found rosidl_default_generators: 1.6.0 (/opt/ros/jazzy/share/rosidl_default_generators/cmake)
-- Using all available rosidl_typesupport_c: rosidl_typesupport_fastrtps_c;rosidl_typesupport_introspection_c
-- Using all available rosidl_typesupport_cpp: rosidl_typesupport_fastrtps_cpp;rosidl_typesupport_introspection_cpp
-- Found rosidl_adapter: 4.6.4 (/opt/ros/jazzy/share/rosidl_adapter/cmake)
-- Found geometry_msgs: 5.3.5 (/opt/ros/jazzy/share/geometry_msgs/cmake)
-- Found ament_cmake_ros: 0.12.0 (/opt/ros/jazzy/share/ament_cmake_ros/cmake)
-- Using all available rosidl_typesupport_c: rosidl_typesupport_fastrtps_c;rosidl_typesupport_introspection_c
-- Using all available rosidl_typesupport_cpp: rosidl_typesupport_fastrtps_cpp;rosidl_typesupport_introspection_cpp
-- Found python_cmake_module: 0.11.1 (/opt/ros/jazzy/share/python_cmake_module/cmake)
-- Found PythonExtra: /usr/bin/python3  
-- Found Python3: /usr/bin/python3 (found version "3.12.3") found components: Interpreter Development NumPy Development.Module Development.Embed 
-- Configuring done (12.5s)
-- Generating done (0.1s)
-- Build files have been written to: /home/fai/nao_ws/build/manipulation_interfaces
[  2%] [34m[1mGenerating type hashes for ROS interfaces[0m
[  2%] Built target ament_cmake_python_copy_manipulation_interfaces
running egg_info
creating manipulation_interfaces.egg-info
writing manipulation_interfaces.egg-info/PKG-INFO
writing dependency_links to manipulation_interfaces.egg-info/dependency_links.txt
writing top-level names to manipulation_interfaces.egg-info/top_level.txt
writing manifest file 'manipulation_interfaces.egg-info/SOURCES.txt'
reading manifest file 'manipulation_interfaces.egg-info/SOURCES.txt'
writing manifest file 'manipulation_interfaces.egg-info/SOURCES.txt'
[  2%] Built target ament_cmake_python_build_manipulation_interfaces_egg
[  2%] Built target manipulation_interfaces__rosidl_generator_type_description
[  5%] [34m[1mGenerating C code for ROS interfaces[0m
[  8%] [34m[1mGenerating C++ code for ROS interfaces[0m
[ 11%] [32mBuilding C object CMakeFiles/manipulation_interfaces__rosidl_generator_c.dir/rosidl_generator_c/manipulation_interfaces/srv/detail/move_arm__type_support.c.o[0m
[ 14%] [32mBuilding C object CMakeFiles/manipulation_interfaces__rosidl_generator_c.dir/rosidl_generator_c/manipulation_interfaces/srv/detail/move_arm__description.c.o[0m
[ 17%] [32mBuilding C object CMakeFiles/manipulation_interfaces__rosidl_generator_c.dir/rosidl_generator_c/manipulation_interfaces/srv/detail/move_arm__functions.c.o[0m
[ 17%] Built target manipulation_interfaces__cpp
[ 20%] [32m[1mLinking C shared library libmanipulation_interfaces__rosidl_generator_c.so[0m
[ 20%] Built target manipulation_interfaces__rosidl_generator_c
[ 23%] [34m[1mGenerating C type support for eProsima Fast-RTPS[0m
[ 26%] [34m[1mGenerating C++ type support for eProsima Fast-RTPS[0m
[ 29%] [34m[1mGenerating C++ type support dispatch for ROS interfaces[0m
[ 32%] [34m[1mGenerating C++ introspection for ROS interfaces[0m
[ 35%] [32mBuilding CXX object CMakeFiles/manipulation_interfaces__rosidl_typesupport_introspection_cpp.dir/rosidl_typesupport_introspection_cpp/manipulation_interfaces/srv/detail/move_arm__type_support.cpp.o[0m
[ 38%] [32mBuilding CXX object CMakeFiles/manipulation_interfaces__rosidl_typesupport_fastrtps_c.dir/rosidl_typesupport_fastrtps_c/manipulation_interfaces/srv/detail/move_arm__type_support_c.cpp.o[0m
[ 41%] [32mBuilding CXX object CMakeFiles/manipulation_interfaces__rosidl_typesupport_cpp.dir/rosidl_typesupport_cpp/manipulation_interfaces/srv/move_arm__type_support.cpp.o[0m
[ 44%] [32mBuilding CXX object CMakeFiles/manipulation_interfaces__rosidl_typesupport_fastrtps_cpp.dir/rosidl_typesupport_fastrtps_cpp/manipulation_interfaces/srv/detail/dds_fastrtps/move_arm__type_support.cpp.o[0m
[ 47%] [32m[1mLinking CXX shared library libmanipulation_interfaces__rosidl_typesupport_introspection_cpp.so[0m
[ 50%] [32m[1mLinking CXX shared library libmanipulation_interfaces__rosidl_typesupport_fastrtps_c.so[0m
[ 50%] Built target manipulation_interfaces__rosidl_typesupport_fastrtps_c
[ 50%] Built target manipulation_interfaces__rosidl_typesupport_introspection_cpp
[ 52%] [32m[1mLinking CXX shared library libmanipulation_interfaces__rosidl_typesupport_cpp.so[0m
[ 52%] Built target manipulation_interfaces__rosidl_typesupport_cpp
[ 55%] [32m[1mLinking CXX shared library libmanipulation_interfaces__rosidl_typesupport_fastrtps_cpp.so[0m
[ 55%] Built target manipulation_interfaces__rosidl_typesupport_fastrtps_cpp
[ 58%] [34m[1mGenerating C type support dispatch for ROS interfaces[0m
[ 61%] [32mBuilding CXX object CMakeFiles/manipulation_interfaces__rosidl_typesupport_c.dir/rosidl_typesupport_c/manipulation_interfaces/srv/move_arm__type_support.cpp.o[0m
[ 64%] [32m[1mLinking CXX shared library libmanipulation_interfaces__rosidl_typesupport_c.so[0m
[ 64%] Built target manipulation_interfaces__rosidl_typesupport_c
[ 67%] [34m[1mGenerating C introspection for ROS interfaces[0m
[ 70%] [32mBuilding C object CMakeFiles/manipulation_interfaces__rosidl_typesupport_introspection_c.dir/rosidl_typesupport_introspection_c/manipulation_interfaces/srv/detail/move_arm__type_support.c.o[0m
[ 73%] [32m[1mLinking C shared library libmanipulation_interfaces__rosidl_typesupport_introspection_c.so[0m
[ 73%] Built target manipulation_interfaces__rosidl_typesupport_introspection_c
[ 73%] Built target manipulation_interfaces
[ 76%] [34m[1mGenerating Python code for ROS interfaces[0m
[ 76%] Built target manipulation_interfaces__py
[ 79%] [32mBuilding C object CMakeFiles/manipulation_interfaces__rosidl_generator_py.dir/rosidl_generator_py/manipulation_interfaces/srv/_move_arm_s.c.o[0m
[ 82%] [32m[1mLinking C shared library libmanipulation_interfaces__rosidl_generator_py.so[0m
[ 82%] Built target manipulation_interfaces__rosidl_generator_py
[ 85%] [32mBuilding C object CMakeFiles/manipulation_interfaces_s__rosidl_typesupport_fastrtps_c.dir/rosidl_generator_py/manipulation_interfaces/_manipulation_interfaces_s.ep.rosidl_typesupport_fastrtps_c.c.o[0m
[ 88%] [32m[1mLinking C shared module rosidl_generator_py/manipulation_interfaces/manipulation_interfaces_s__rosidl_typesupport_fastrtps_c.so[0m
[ 88%] Built target manipulation_interfaces_s__rosidl_typesupport_fastrtps_c
[ 91%] [32mBuilding C object CMakeFiles/manipulation_interfaces_s__rosidl_typesupport_c.dir/rosidl_generator_py/manipulation_interfaces/_manipulation_interfaces_s.ep.rosidl_typesupport_c.c.o[0m
[ 94%] [32m[1mLinking C shared module rosidl_generator_py/manipulation_interfaces/manipulation_interfaces_s__rosidl_typesupport_c.so[0m
[ 94%] Built target manipulation_interfaces_s__rosidl_typesupport_c
[ 97%] [32mBuilding C object CMakeFiles/manipulation_interfaces_s__rosidl_typesupport_introspection_c.dir/rosidl_generator_py/manipulation_interfaces/_manipulation_interfaces_s.ep.rosidl_typesupport_introspection_c.c.o[0m
[100%] [32m[1mLinking C shared module rosidl_generator_py/manipulation_interfaces/manipulation_interfaces_s__rosidl_typesupport_introspection_c.so[0m
[100%] Built target manipulation_interfaces_s__rosidl_typesupport_introspection_c
-- Install configuration: ""
-- Installing: /home/fai/nao_ws/install/manipulation_interfaces/share/ament_index/resource_index/rosidl_interfaces/manipulation_interfaces
-- Installing: /home/fai/nao_ws/install/manipulation_interfaces/share/manipulation_interfaces/srv/MoveArm.json
-- Installing: /home/fai/nao_ws/install/manipulation_interfaces/include/manipulation_interfaces/manipulation_interfaces
-- Installing: /home/fai/nao_ws/install/manipulation_interfaces/include/manipulation_interfaces/manipulation_interfaces/srv
-- Installing: /home/fai/nao_ws/install/manipulation_interfaces/include/manipulation_interfaces/manipulation_interfaces/srv/move_arm.h
-- Installing: /home/fai/nao_ws/install/manipulation_interfaces/include/manipulation_interfaces/manipulation_interfaces/srv/detail
-- Installing: /home/fai/nao_ws/install/manipulation_interfaces/include/manipulation_interfaces/manipulation_interfaces/srv/detail/move_arm__struct.h
-- Installing: /home/fai/nao_ws/install/manipulation_interfaces/include/manipulation_interfaces/manipulation_interfaces/srv/detail/move_arm__type_support.c
-- Installing: /home/fai/nao_ws/install/manipulation_interfaces/include/manipulation_interfaces/manipulation_interfaces/srv/detail/move_arm__functions.h
-- Installing: /home/fai/nao_ws/install/manipulation_interfaces/include/manipulation_interfaces/manipulation_interfaces/srv/detail/move_arm__type_support.h
-- Installing: /home/fai/nao_ws/install/manipulation_interfaces/include/manipulation_interfaces/manipulation_interfaces/srv/detail/move_arm__description.c
-- Installing: /home/fai/nao_ws/install/manipulation_interfaces/include/manipulation_interfaces/manipulation_interfaces/srv/detail/move_arm__functions.c
-- Installing: /home/fai/nao_ws/install/manipulation_interfaces/include/manipulation_interfaces/manipulation_interfaces/msg
-- Installing: /home/fai/nao_ws/install/manipulation_interfaces/include/manipulation_interfaces/manipulation_interfaces/msg/rosidl_generator_c__visibility_control.h
-- Installing: /home/fai/nao_ws/install/manipulation_interfaces/share/manipulation_interfaces/environment/library_path.sh
-- Installing: /home/fai/nao_ws/install/manipulation_interfaces/share/manipulation_interfaces/environment/library_path.dsv
-- Installing: /home/fai/nao_ws/install/manipulation_interfaces/lib/libmanipulation_interfaces__rosidl_generator_c.so
-- Set non-toolchain portion of runtime path of "/home/fai/nao_ws/install/manipulation_interfaces/lib/libmanipulation_interfaces__rosidl_generator_c.so" to ""
-- Up-to-date: /home/fai/nao_ws/install/manipulation_interfaces/include/manipulation_interfaces/manipulation_interfaces
-- Up-to-date: /home/fai/nao_ws/install/manipulation_interfaces/include/manipulation_interfaces/manipulation_interfaces/srv
-- Up-to-date: /home/fai/nao_ws/install/manipulation_interfaces/include/manipulation_interfaces/manipulation_interfaces/srv/detail
-- Installing: /home/fai/nao_ws/install/manipulation_interfaces/include/manipulation_interfaces/manipulation_interfaces/srv/detail/move_arm__rosidl_typesupport_fastrtps_c.h
-- Up-to-date: /home/fai/nao_ws/install/manipulation_interfaces/include/manipulation_interfaces/manipulation_interfaces/msg
-- Installing: /home/fai/nao_ws/install/manipulation_interfaces/include/manipulation_interfaces/manipulation_interfaces/msg/rosidl_typesupport_fastrtps_c__visibility_control.h
-- Installing: /home/fai/nao_ws/install/manipulation_interfaces/lib/libmanipulation_interfaces__rosidl_typesupport_fastrtps_c.so
-- Set non-toolchain portion of runtime path of "/home/fai/nao_ws/install/manipulation_interfaces/lib/libmanipulation_interfaces__rosidl_typesupport_fastrtps_c.so" to ""
-- Up-to-date: /home/fai/nao_ws/install/manipulation_interfaces/include/manipulation_interfaces/manipulation_interfaces
-- Up-to-date: /home/fai/nao_ws/install/manipulation_interfaces/include/manipulation_interfaces/manipulation_interfaces/srv
-- Up-to-date: /home/fai/nao_ws/install/manipulation_interfaces/include/manipulation_interfaces/manipulation_interfaces/srv/detail
-- Installing: /home/fai/nao_ws/install/manipulation_interfaces/include/manipulation_interfaces/manipulation_interfaces/srv/detail/move_arm__rosidl_typesupport_introspection_c.h
-- Installing: /home/fai/nao_ws/install/manipulation_interfaces/include/manipulation_interfaces/manipulation_interfaces/srv/detail/move_arm__type_support.c
-- Up-to-date: /home/fai/nao_ws/install/manipulation_interfaces/include/manipulation_interfaces/manipulation_interfaces/msg
-- Installing: /home/fai/nao_ws/install/manipulation_interfaces/include/manipulation_interfaces/manipulation_interfaces/msg/rosidl_typesupport_introspection_c__visibility_control.h
-- Installing: /home/fai/nao_ws/install/manipulation_interfaces/lib/libmanipulation_interfaces__rosidl_typesupport_introspection_c.so
-- Set non-toolchain portion of runtime path of "/home/fai/nao_ws/install/manipulation_interfaces/lib/libmanipulation_interfaces__rosidl_typesupport_introspection_c.so" to ""
-- Installing: /home/fai/nao_ws/install/manipulation_interfaces/lib/libmanipulation_interfaces__rosidl_typesupport_c.so
-- Set non-toolchain portion of runtime path of "/home/fai/nao_ws/install/manipulation_interfaces/lib/libmanipulation_interfaces__rosidl_typesupport_c.so" to ""
-- Up-to-date: /home/fai/nao_ws/install/manipulation_interfaces/include/manipulation_interfaces/manipulation_interfaces
-- Up-to-date: /home/fai/nao_ws/install/manipulation_interfaces/include/manipulation_interfaces/manipulation_interfaces/srv
-- Installing: /home/fai/nao_ws/install/manipulation_interfaces/include/manipulation_interfaces/manipulation_interfaces/srv/move_arm.hpp
-- Up-to-date: /home/fai/nao_ws/install/manipulation_interfaces/include/manipulation_interfaces/manipulation_interfaces/srv/detail
-- Installing: /home/fai/nao_ws/install/manipulation_interfaces/include/manipulation_interfaces/manipulation_interfaces/srv/detail/move_arm__type_support.hpp
-- Installing: /home/fai/nao_ws/install/manipulation_interfaces/include/manipulation_interfaces/manipulation_interfaces/srv/detail/move_arm__struct.hpp
-- Installing: /home/fai/nao_ws/install/manipulation_interfaces/include/manipulation_interfaces/manipulation_interfaces/srv/detail/move_arm__builder.hpp
-- Installing: /home/fai/nao_ws/install/manipulation_interfaces/include/manipulation_interfaces/manipulation_interfaces/srv/detail/move_arm__traits.hpp
-- Up-to-date: /home/fai/nao_ws/install/manipulation_interfaces/include/manipulation_interfaces/manipulation_interfaces/msg
-- Installing: /home/fai/nao_ws/install/manipulation_interfaces/include/manipulation_interfaces/manipulation_interfaces/msg/rosidl_generator_cpp__visibility_control.hpp
-- Up-to-date: /home/fai/nao_ws/install/manipulation_interfaces/include/manipulation_interfaces/manipulation_interfaces
-- Up-to-date: /home/fai/nao_ws/install/manipulation_interfaces/include/manipulation_interfaces/manipulation_interfaces/srv
-- Up-to-date: /home/fai/nao_ws/install/manipulation_interfaces/include/manipulation_interfaces/manipulation_interfaces/srv/detail
-- Installing: /home/fai/nao_ws/install/manipulation_interfaces/include/manipulation_interfaces/manipulation_interfaces/srv/detail/move_arm__rosidl_typesupport_fastrtps_cpp.hpp
-- Installing: /home/fai/nao_ws/install/manipulation_interfaces/include/manipulation_interfaces/manipulation_interfaces/srv/detail/dds_fastrtps
-- Up-to-date: /home/fai/nao_ws/install/manipulation_interfaces/include/manipulation_interfaces/manipulation_interfaces/msg
-- Installing: /home/fai/nao_ws/install/manipulation_interfaces/include/manipulation_interfaces/manipulation_interfaces/msg/rosidl_typesupport_fastrtps_cpp__visibility_control.h
-- Installing: /home/fai/nao_ws/install/manipulation_interfaces/lib/libmanipulation_interfaces__rosidl_typesupport_fastrtps_cpp.so
-- Set non-toolchain portion of runtime path of "/home/fai/nao_ws/install/manipulation_interfaces/lib/libmanipulation_interfaces__rosidl_typesupport_fastrtps_cpp.so" to ""
-- Up-to-date: /home/fai/nao_ws/install/manipulation_interfaces/include/manipulation_interfaces/manipulation_interfaces
-- Up-to-date: /home/fai/nao_ws/install/manipulation_interfaces/include/manipulation_interfaces/manipulation_interfaces/srv
-- Up-to-date: /home/fai/nao_ws/install/manipulation_interfaces/include/manipulation_interfaces/manipulation_interfaces/srv/detail
-- Installing: /home/fai/nao_ws/install/manipulation_interfaces/include/manipulation_interfaces/manipulation_interfaces/srv/detail/move_arm__rosidl_typesupport_introspection_cpp.hpp
-- Installing: /home/fai/nao_ws/install/manipulation_interfaces/include/manipulation_interfaces/manipulation_interfaces/srv/detail/move_arm__type_support.cpp
-- Installing: /home/fai/nao_ws/install/manipulation_interfaces/lib/libmanipulation_interfaces__rosidl_typesupport_introspection_cpp.so
-- Set non-toolchain portion of runtime path of "/home/fai/nao_ws/install/manipulation_interfaces/lib/libmanipulation_interfaces__rosidl_typesupport_introspection_cpp.so" to ""
-- Installing: /home/fai/nao_ws/install/manipulation_interfaces/lib/libmanipulation_interfaces__rosidl_typesupport_cpp.so
-- Set non-toolchain portion of runtime path of "/home/fai/nao_ws/install/manipulation_interfaces/lib/libmanipulation_interfaces__rosidl_typesupport_cpp.so" to ""
-- Installing: /home/fai/nao_ws/install/manipulation_interfaces/share/manipulation_interfaces/environment/pythonpath.sh
-- Installing: /home/fai/nao_ws/install/manipulation_interfaces/share/manipulation_interfaces/environment/pythonpath.dsv
-- Installing: /home/fai/nao_ws/install/manipulation_interfaces/lib/python3.12/site-packages/manipulation_interfaces-0.0.1-py3.12.egg-info
-- Installing: /home/fai/nao_ws/install/manipulation_interfaces/lib/python3.12/site-packages/manipulation_interfaces-0.0.1-py3.12.egg-info/PKG-INFO
-- Installing: /home/fai/nao_ws/install/manipulation_interfaces/lib/python3.12/site-packages/manipulation_interfaces-0.0.1-py3.12.egg-info/top_level.txt
-- Installing: /home/fai/nao_ws/install/manipulation_interfaces/lib/python3.12/site-packages/manipulation_interfaces-0.0.1-py3.12.egg-info/dependency_links.txt
-- Installing: /home/fai/nao_ws/install/manipulation_interfaces/lib/python3.12/site-packages/manipulation_interfaces-0.0.1-py3.12.egg-info/SOURCES.txt
-- Installing: /home/fai/nao_ws/install/manipulation_interfaces/lib/python3.12/site-packages/manipulation_interfaces
-- Installing: /home/fai/nao_ws/install/manipulation_interfaces/lib/python3.12/site-packages/manipulation_interfaces/srv
-- Installing: /home/fai/nao_ws/install/manipulation_interfaces/lib/python3.12/site-packages/manipulation_interfaces/srv/_move_arm.py
-- Installing: /home/fai/nao_ws/install/manipulation_interfaces/lib/python3.12/site-packages/manipulation_interfaces/srv/__init__.py
-- Installing: /home/fai/nao_ws/install/manipulation_interfaces/lib/python3.12/site-packages/manipulation_interfaces/srv/_move_arm_s.c
-- Installing: /home/fai/nao_ws/install/manipulation_interfaces/lib/python3.12/site-packages/manipulation_interfaces/_manipulation_interfaces_s.ep.rosidl_typesupport_introspection_c.c
-- Installing: /home/fai/nao_ws/install/manipulation_interfaces/lib/python3.12/site-packages/manipulation_interfaces/manipulation_interfaces_s__rosidl_typesupport_c.so
-- Installing: /home/fai/nao_ws/install/manipulation_interfaces/lib/python3.12/site-packages/manipulation_interfaces/manipulation_interfaces_s__rosidl_typesupport_fastrtps_c.so
-- Installing: /home/fai/nao_ws/install/manipulation_interfaces/lib/python3.12/site-packages/manipulation_interfaces/_manipulation_interfaces_s.ep.rosidl_typesupport_fastrtps_c.c
-- Installing: /home/fai/nao_ws/install/manipulation_interfaces/lib/python3.12/site-packages/manipulation_interfaces/__init__.py
-- Installing: /home/fai/nao_ws/install/manipulation_interfaces/lib/python3.12/site-packages/manipulation_interfaces/_manipulation_interfaces_s.ep.rosidl_typesupport_c.c
-- Installing: /home/fai/nao_ws/install/manipulation_interfaces/lib/python3.12/site-packages/manipulation_interfaces/manipulation_interfaces_s__rosidl_typesupport_introspection_c.so
Listing '/home/fai/nao_ws/install/manipulation_interfaces/lib/python3.12/site-packages/manipulation_interfaces'...
Compiling '/home/fai/nao_ws/install/manipulation_interfaces/lib/python3.12/site-packages/manipulation_interfaces/__init__.py'...
Listing '/home/fai/nao_ws/install/manipulation_interfaces/lib/python3.12/site-packages/manipulation_interfaces/srv'...
Compiling '/home/fai/nao_ws/install/manipulation_interfaces/lib/python3.12/site-packages/manipulation_interfaces/srv/__init__.py'...
Compiling '/home/fai/nao_ws/install/manipulation_interfaces/lib/python3.12/site-packages/manipulation_interfaces/srv/_move_arm.py'...
-- Installing: /home/fai/nao_ws/install/manipulation_interfaces/lib/python3.12/site-packages/manipulation_interfaces/manipulation_interfaces_s__rosidl_typesupport_fastrtps_c.so
-- Set non-toolchain portion of runtime path of "/home/fai/nao_ws/install/manipulation_interfaces/lib/python3.12/site-packages/manipulation_interfaces/manipulation_interfaces_s__rosidl_typesupport_fastrtps_c.so" to ""
-- Installing: /home/fai/nao_ws/install/manipulation_interfaces/lib/python3.12/site-packages/manipulation_interfaces/manipulation_interfaces_s__rosidl_typesupport_introspection_c.so
-- Set non-toolchain portion of runtime path of "/home/fai/nao_ws/install/manipulation_interfaces/lib/python3.12/site-packages/manipulation_interfaces/manipulation_interfaces_s__rosidl_typesupport_introspection_c.so" to ""
-- Installing: /home/fai/nao_ws/install/manipulation_interfaces/lib/python3.12/site-packages/manipulation_interfaces/manipulation_interfaces_s__rosidl_typesupport_c.so
-- Set non-toolchain portion of runtime path of "/home/fai/nao_ws/install/manipulation_interfaces/lib/python3.12/site-packages/manipulation_interfaces/manipulation_interfaces_s__rosidl_typesupport_c.so" to ""
-- Installing: /home/fai/nao_ws/install/manipulation_interfaces/lib/libmanipulation_interfaces__rosidl_generator_py.so
-- Set non-toolchain portion of runtime path of "/home/fai/nao_ws/install/manipulation_interfaces/lib/libmanipulation_interfaces__rosidl_generator_py.so" to ""
-- Installing: /home/fai/nao_ws/install/manipulation_interfaces/share/manipulation_interfaces/srv/MoveArm.idl
-- Installing: /home/fai/nao_ws/install/manipulation_interfaces/share/manipulation_interfaces/srv/MoveArm.srv
-- Installing: /home/fai/nao_ws/install/manipulation_interfaces/share/ament_index/resource_index/package_run_dependencies/manipulation_interfaces
-- Installing: /home/fai/nao_ws/install/manipulation_interfaces/share/ament_index/resource_index/parent_prefix_path/manipulation_interfaces
-- Installing: /home/fai/nao_ws/install/manipulation_interfaces/share/manipulation_interfaces/environment/ament_prefix_path.sh
-- Installing: /home/fai/nao_ws/install/manipulation_interfaces/share/manipulation_interfaces/environment/ament_prefix_path.dsv
-- Installing: /home/fai/nao_ws/install/manipulation_interfaces/share/manipulation_interfaces/environment/path.sh
-- Installing: /home/fai/nao_ws/install/manipulation_interfaces/share/manipulation_interfaces/environment/path.dsv
-- Installing: /home/fai/nao_ws/install/manipulation_interfaces/share/manipulation_interfaces/local_setup.bash
-- Installing: /home/fai/nao_ws/install/manipulation_interfaces/share/manipulation_interfaces/local_setup.sh
-- Installing: /home/fai/nao_ws/install/manipulation_interfaces/share/manipulation_interfaces/local_setup.zsh
-- Installing: /home/fai/nao_ws/install/manipulation_interfaces/share/manipulation_interfaces/local_setup.dsv
-- Installing: /home/fai/nao_ws/install/manipulation_interfaces/share/manipulation_interfaces/package.dsv
-- Installing: /home/fai/nao_ws/install/manipulation_interfaces/share/ament_index/resource_index/packages/manipulation_interfaces
-- Installing: /home/fai/nao_ws/install/manipulation_interfaces/share/manipulation_interfaces/cmake/export_manipulation_interfaces__rosidl_generator_cExport.cmake
-- Installing: /home/fai/nao_ws/install/manipulation_interfaces/share/manipulation_interfaces/cmake/export_manipulation_interfaces__rosidl_generator_cExport-noconfig.cmake
-- Installing: /home/fai/nao_ws/install/manipulation_interfaces/share/manipulation_interfaces/cmake/export_manipulation_interfaces__rosidl_typesupport_fastrtps_cExport.cmake
-- Installing: /home/fai/nao_ws/install/manipulation_interfaces/share/manipulation_interfaces/cmake/export_manipulation_interfaces__rosidl_typesupport_fastrtps_cExport-noconfig.cmake
-- Installing: /home/fai/nao_ws/install/manipulation_interfaces/share/manipulation_interfaces/cmake/manipulation_interfaces__rosidl_typesupport_introspection_cExport.cmake
-- Installing: /home/fai/nao_ws/install/manipulation_interfaces/share/manipulation_interfaces/cmake/manipulation_interfaces__rosidl_typesupport_introspection_cExport-noconfig.cmake
-- Installing: /home/fai/nao_ws/install/manipulation_interfaces/share/manipulation_interfaces/cmake/manipulation_interfaces__rosidl_typesupport_cExport.cmake
-- Installing: /home/fai/nao_ws/install/manipulation_interfaces/share/manipulation_interfaces/cmake/manipulation_interfaces__rosidl_typesupport_cExport-noconfig.cmake
-- Installing: /home/fai/nao_ws/install/manipulation_interfaces/share/manipulation_interfaces/cmake/export_manipulation_interfaces__rosidl_generator_cppExport.cmake
-- Installing: /home/fai/nao_ws/install/manipulation_interfaces/share/manipulation_interfaces/cmake/export_manipulation_interfaces__rosidl_typesupport_fastrtps_cppExport.cmake
-- Installing: /home/fai/nao_ws/install/manipulation_interfaces/share/manipulation_interfaces/cmake/export_manipulation_interfaces__rosidl_typesupport_fastrtps_cppExport-noconfig.cmake
-- Installing: /home/fai/nao_ws/install/manipulation_interfaces/share/manipulation_interfaces/cmake/manipulation_interfaces__rosidl_typesupport_introspection_cppExport.cmake
-- Installing: /home/fai/nao_ws/install/manipulation_interfaces/share/manipulation_interfaces/cmake/manipulation_interfaces__rosidl_typesupport_introspection_cppExport-noconfig.cmake
-- Installing: /home/fai/nao_ws/install/manipulation_interfaces/share/manipulation_interfaces/cmake/manipulation_interfaces__rosidl_typesupport_cppExport.cmake
-- Installing: /home/fai/nao_ws/install/manipulation_interfaces/share/manipulation_interfaces/cmake/manipulation_interfaces__rosidl_typesupport_cppExport-noconfig.cmake
-- Installing: /home/fai/nao_ws/install/manipulation_interfaces/share/manipulation_interfaces/cmake/export_manipulation_interfaces__rosidl_generator_pyExport.cmake
-- Installing: /home/fai/nao_ws/install/manipulation_interfaces/share/manipulation_interfaces/cmake/export_manipulation_interfaces__rosidl_generator_pyExport-noconfig.cmake
-- Installing: /home/fai/nao_ws/install/manipulation_interfaces/share/manipulation_interfaces/cmake/rosidl_cmake-extras.cmake
-- Installing: /home/fai/nao_ws/install/manipulation_interfaces/share/manipulation_interfaces/cmake/ament_cmake_export_dependencies-extras.cmake
-- Installing: /home/fai/nao_ws/install/manipulation_interfaces/share/manipulation_interfaces/cmake/ament_cmake_export_include_directories-extras.cmake
-- Installing: /home/fai/nao_ws/install/manipulation_interfaces/share/manipulation_interfaces/cmake/ament_cmake_export_libraries-extras.cmake
-- Installing: /home/fai/nao_ws/install/manipulation_interfaces/share/manipulation_interfaces/cmake/ament_cmake_export_targets-extras.cmake
-- Installing: /home/fai/nao_ws/install/manipulation_interfaces/share/manipulation_interfaces/cmake/rosidl_cmake_export_typesupport_targets-extras.cmake
-- Installing: /home/fai/nao_ws/install/manipulation_interfaces/share/manipulation_interfaces/cmake/rosidl_cmake_export_typesupport_libraries-extras.cmake
-- Installing: /home/fai/nao_ws/install/manipulation_interfaces/share/manipulation_interfaces/cmake/manipulation_interfacesConfig.cmake
-- Installing: /home/fai/nao_ws/install/manipulation_interfaces/share/manipulation_interfaces/cmake/manipulation_interfacesConfig-version.cmake
-- Installing: /home/fai/nao_ws/install/manipulation_interfaces/share/manipulation_interfaces/package.xml
