[6.228s] Invoking command in '/home/fai/nao_ws/src/speech': DEBUGINFOD_URLS=https://debuginfod.ubuntu.com PYTHONPATH=/home/fai/nao_ws/build/speech/prefix_override:/usr/lib/python3/dist-packages/colcon_core/task/python/colcon_distutils_commands:/home/fai/nao_ws/install/speech/lib/python3.12/site-packages:/home/fai/nao_ws/install/speech_interfaces/lib/python3.12/site-packages:/home/fai/nao_ws/install/nao_tasks/lib/python3.12/site-packages:/home/fai/nao_ws/install/web_controller/lib/python3.12/site-packages:/home/fai/nao_ws/install/speech/lib/python3.12/site-packages:/home/fai/nao_ws/install/integration/lib/python3.12/site-packages:/home/fai/nao_ws/install/perception/lib/python3.12/site-packages:/home/fai/nao_ws/install/perception_interfaces/lib/python3.12/site-packages:/home/fai/nao_ws/install/navigation/lib/python3.12/site-packages:/home/fai/nao_ws/install/navigation_interfaces/lib/python3.12/site-packages:/home/fai/nao_ws/install/nao_qi_ros2_package/lib/python3.12/site-packages:/home/fai/nao_ws/install/manipulation/lib/python3.12/site-packages:/home/fai/nao_ws/install/manipulation_interfaces/lib/python3.12/site-packages:/opt/ros/jazzy/lib/python3.12/site-packages /usr/bin/python3 -W ignore:setup.py install is deprecated setup.py egg_info --egg-base ../../build/speech build --build-base /home/fai/nao_ws/build/speech/build install --record /home/fai/nao_ws/build/speech/install.log --single-version-externally-managed install_data
[9.366s] running egg_info
[9.371s] creating ../../build/speech/speech.egg-info
[9.556s] writing ../../build/speech/speech.egg-info/PKG-INFO
[9.557s] writing dependency_links to ../../build/speech/speech.egg-info/dependency_links.txt
[9.557s] writing entry points to ../../build/speech/speech.egg-info/entry_points.txt
[9.566s] writing requirements to ../../build/speech/speech.egg-info/requires.txt
[9.566s] writing top-level names to ../../build/speech/speech.egg-info/top_level.txt
[9.567s] writing manifest file '../../build/speech/speech.egg-info/SOURCES.txt'
[10.029s] reading manifest file '../../build/speech/speech.egg-info/SOURCES.txt'
[10.038s] writing manifest file '../../build/speech/speech.egg-info/SOURCES.txt'
[10.039s] running build
[10.039s] running build_py
[10.045s] creating /home/fai/nao_ws/build/speech/build
[10.046s] creating /home/fai/nao_ws/build/speech/build/lib
[10.046s] creating /home/fai/nao_ws/build/speech/build/lib/speech
[10.046s] copying speech/__init__.py -> /home/fai/nao_ws/build/speech/build/lib/speech
[10.048s] copying speech/speech_node.py -> /home/fai/nao_ws/build/speech/build/lib/speech
[10.048s] running install
[10.114s] running install_lib
[10.227s] creating /home/fai/nao_ws/install/speech/lib/python3.12/site-packages/speech
[10.231s] copying /home/fai/nao_ws/build/speech/build/lib/speech/__init__.py -> /home/fai/nao_ws/install/speech/lib/python3.12/site-packages/speech
[10.234s] copying /home/fai/nao_ws/build/speech/build/lib/speech/speech_node.py -> /home/fai/nao_ws/install/speech/lib/python3.12/site-packages/speech
[10.235s] byte-compiling /home/fai/nao_ws/install/speech/lib/python3.12/site-packages/speech/__init__.py to __init__.cpython-312.pyc
[10.237s] byte-compiling /home/fai/nao_ws/install/speech/lib/python3.12/site-packages/speech/speech_node.py to speech_node.cpython-312.pyc
[10.242s] running install_data
[10.243s] creating /home/fai/nao_ws/install/speech/share/ament_index
[10.243s] creating /home/fai/nao_ws/install/speech/share/ament_index/resource_index
[10.244s] creating /home/fai/nao_ws/install/speech/share/ament_index/resource_index/packages
[10.244s] copying resource/speech -> /home/fai/nao_ws/install/speech/share/ament_index/resource_index/packages
[10.245s] copying package.xml -> /home/fai/nao_ws/install/speech/share/speech
[10.245s] running install_egg_info
[10.324s] Copying ../../build/speech/speech.egg-info to /home/fai/nao_ws/install/speech/lib/python3.12/site-packages/speech-0.0.0-py3.12.egg-info
[10.328s] running install_scripts
[10.882s] Installing speech_node script to /home/fai/nao_ws/install/speech/lib/speech
[10.883s] writing list of installed files to '/home/fai/nao_ws/build/speech/install.log'
[11.017s] Invoked command in '/home/fai/nao_ws/src/speech' returned '0': DEBUGINFOD_URLS=https://debuginfod.ubuntu.com PYTHONPATH=/home/fai/nao_ws/build/speech/prefix_override:/usr/lib/python3/dist-packages/colcon_core/task/python/colcon_distutils_commands:/home/fai/nao_ws/install/speech/lib/python3.12/site-packages:/home/fai/nao_ws/install/speech_interfaces/lib/python3.12/site-packages:/home/fai/nao_ws/install/nao_tasks/lib/python3.12/site-packages:/home/fai/nao_ws/install/web_controller/lib/python3.12/site-packages:/home/fai/nao_ws/install/speech/lib/python3.12/site-packages:/home/fai/nao_ws/install/integration/lib/python3.12/site-packages:/home/fai/nao_ws/install/perception/lib/python3.12/site-packages:/home/fai/nao_ws/install/perception_interfaces/lib/python3.12/site-packages:/home/fai/nao_ws/install/navigation/lib/python3.12/site-packages:/home/fai/nao_ws/install/navigation_interfaces/lib/python3.12/site-packages:/home/fai/nao_ws/install/nao_qi_ros2_package/lib/python3.12/site-packages:/home/fai/nao_ws/install/manipulation/lib/python3.12/site-packages:/home/fai/nao_ws/install/manipulation_interfaces/lib/python3.12/site-packages:/opt/ros/jazzy/lib/python3.12/site-packages /usr/bin/python3 -W ignore:setup.py install is deprecated setup.py egg_info --egg-base ../../build/speech build --build-base /home/fai/nao_ws/build/speech/build install --record /home/fai/nao_ws/build/speech/install.log --single-version-externally-managed install_data
