[2.653s] Invoking command in '/home/fai/nao_ws/src/manipulation': CMAKE_PREFIX_PATH=/home/fai/nao_ws/install/manipulation_interfaces:/home/fai/nao_ws/install/speech_interfaces:/home/fai/nao_ws/install/perception_interfaces:/home/fai/nao_ws/install/navigation_interfaces:/opt/ros/jazzy/opt/gz_math_vendor:/opt/ros/jazzy/opt/gz_utils_vendor:/opt/ros/jazzy/opt/gz_cmake_vendor DEBUGINFOD_URLS=https://debuginfod.ubuntu.com LD_LIBRARY_PATH=/home/fai/nao_ws/install/manipulation_interfaces/lib:/home/fai/nao_ws/install/speech_interfaces/lib:/home/fai/nao_ws/install/perception_interfaces/lib:/home/fai/nao_ws/install/navigation_interfaces/lib:/opt/ros/jazzy/opt/rviz_ogre_vendor/lib:/opt/ros/jazzy/lib/x86_64-linux-gnu:/opt/ros/jazzy/opt/gz_math_vendor/lib:/opt/ros/jazzy/opt/gz_utils_vendor/lib:/opt/ros/jazzy/opt/gz_cmake_vendor/lib:/opt/ros/jazzy/lib PYTHONPATH=/home/fai/nao_ws/build/manipulation/prefix_override:/usr/lib/python3/dist-packages/colcon_core/task/python/colcon_distutils_commands:/home/fai/nao_ws/install/manipulation/lib/python3.12/site-packages:/home/fai/nao_ws/install/manipulation_interfaces/lib/python3.12/site-packages:/home/fai/nao_ws/install/rest_api/lib/python3.12/site-packages:/home/fai/nao_ws/install/web_controller/lib/python3.12/site-packages:/home/fai/nao_ws/install/speech/lib/python3.12/site-packages:/home/fai/nao_ws/install/nao_tasks/lib/python3.12/site-packages:/home/fai/nao_ws/install/integration/lib/python3.12/site-packages:/home/fai/nao_ws/install/speech_interfaces/lib/python3.12/site-packages:/home/fai/nao_ws/install/perception/lib/python3.12/site-packages:/home/fai/nao_ws/install/perception_interfaces/lib/python3.12/site-packages:/home/fai/nao_ws/install/navigation/lib/python3.12/site-packages:/home/fai/nao_ws/install/navigation_interfaces/lib/python3.12/site-packages:/home/fai/nao_ws/install/nao_qi_ros2_package/lib/python3.12/site-packages:/home/fai/nao_ws/install/manipulation/lib/python3.12/site-packages:/opt/ros/jazzy/lib/python3.12/site-packages /usr/bin/python3 -W ignore:setup.py install is deprecated setup.py egg_info --egg-base ../../build/manipulation build --build-base /home/fai/nao_ws/build/manipulation/build install --record /home/fai/nao_ws/build/manipulation/install.log --single-version-externally-managed install_data
[3.188s] running egg_info
[3.189s] creating ../../build/manipulation/manipulation.egg-info
[3.228s] writing ../../build/manipulation/manipulation.egg-info/PKG-INFO
[3.229s] writing dependency_links to ../../build/manipulation/manipulation.egg-info/dependency_links.txt
[3.229s] writing entry points to ../../build/manipulation/manipulation.egg-info/entry_points.txt
[3.230s] writing requirements to ../../build/manipulation/manipulation.egg-info/requires.txt
[3.230s] writing top-level names to ../../build/manipulation/manipulation.egg-info/top_level.txt
[3.230s] writing manifest file '../../build/manipulation/manipulation.egg-info/SOURCES.txt'
[3.308s] reading manifest file '../../build/manipulation/manipulation.egg-info/SOURCES.txt'
[3.310s] writing manifest file '../../build/manipulation/manipulation.egg-info/SOURCES.txt'
[3.310s] running build
[3.310s] running build_py
[3.311s] creating /home/fai/nao_ws/build/manipulation/build
[3.311s] creating /home/fai/nao_ws/build/manipulation/build/lib
[3.311s] creating /home/fai/nao_ws/build/manipulation/build/lib/manipulation
[3.311s] copying manipulation/manipulation_node.py -> /home/fai/nao_ws/build/manipulation/build/lib/manipulation
[3.312s] copying manipulation/__init__.py -> /home/fai/nao_ws/build/manipulation/build/lib/manipulation
[3.312s] running install
[3.323s] running install_lib
[3.362s] creating /home/fai/nao_ws/install/manipulation/lib/python3.12/site-packages/manipulation
[3.362s] copying /home/fai/nao_ws/build/manipulation/build/lib/manipulation/manipulation_node.py -> /home/fai/nao_ws/install/manipulation/lib/python3.12/site-packages/manipulation
[3.362s] copying /home/fai/nao_ws/build/manipulation/build/lib/manipulation/__init__.py -> /home/fai/nao_ws/install/manipulation/lib/python3.12/site-packages/manipulation
[3.363s] byte-compiling /home/fai/nao_ws/install/manipulation/lib/python3.12/site-packages/manipulation/manipulation_node.py to manipulation_node.cpython-312.pyc
[3.366s] byte-compiling /home/fai/nao_ws/install/manipulation/lib/python3.12/site-packages/manipulation/__init__.py to __init__.cpython-312.pyc
[3.366s] running install_data
[3.366s] creating /home/fai/nao_ws/install/manipulation/share/ament_index
[3.367s] creating /home/fai/nao_ws/install/manipulation/share/ament_index/resource_index
[3.367s] creating /home/fai/nao_ws/install/manipulation/share/ament_index/resource_index/packages
[3.367s] copying resource/manipulation -> /home/fai/nao_ws/install/manipulation/share/ament_index/resource_index/packages
[3.368s] copying package.xml -> /home/fai/nao_ws/install/manipulation/share/manipulation
[3.368s] running install_egg_info
[3.412s] Copying ../../build/manipulation/manipulation.egg-info to /home/fai/nao_ws/install/manipulation/lib/python3.12/site-packages/manipulation-0.0.0-py3.12.egg-info
[3.414s] running install_scripts
[3.669s] Installing manipulation_node script to /home/fai/nao_ws/install/manipulation/lib/manipulation
[3.670s] writing list of installed files to '/home/fai/nao_ws/build/manipulation/install.log'
[3.720s] Invoked command in '/home/fai/nao_ws/src/manipulation' returned '0': CMAKE_PREFIX_PATH=/home/fai/nao_ws/install/manipulation_interfaces:/home/fai/nao_ws/install/speech_interfaces:/home/fai/nao_ws/install/perception_interfaces:/home/fai/nao_ws/install/navigation_interfaces:/opt/ros/jazzy/opt/gz_math_vendor:/opt/ros/jazzy/opt/gz_utils_vendor:/opt/ros/jazzy/opt/gz_cmake_vendor DEBUGINFOD_URLS=https://debuginfod.ubuntu.com LD_LIBRARY_PATH=/home/fai/nao_ws/install/manipulation_interfaces/lib:/home/fai/nao_ws/install/speech_interfaces/lib:/home/fai/nao_ws/install/perception_interfaces/lib:/home/fai/nao_ws/install/navigation_interfaces/lib:/opt/ros/jazzy/opt/rviz_ogre_vendor/lib:/opt/ros/jazzy/lib/x86_64-linux-gnu:/opt/ros/jazzy/opt/gz_math_vendor/lib:/opt/ros/jazzy/opt/gz_utils_vendor/lib:/opt/ros/jazzy/opt/gz_cmake_vendor/lib:/opt/ros/jazzy/lib PYTHONPATH=/home/fai/nao_ws/build/manipulation/prefix_override:/usr/lib/python3/dist-packages/colcon_core/task/python/colcon_distutils_commands:/home/fai/nao_ws/install/manipulation/lib/python3.12/site-packages:/home/fai/nao_ws/install/manipulation_interfaces/lib/python3.12/site-packages:/home/fai/nao_ws/install/rest_api/lib/python3.12/site-packages:/home/fai/nao_ws/install/web_controller/lib/python3.12/site-packages:/home/fai/nao_ws/install/speech/lib/python3.12/site-packages:/home/fai/nao_ws/install/nao_tasks/lib/python3.12/site-packages:/home/fai/nao_ws/install/integration/lib/python3.12/site-packages:/home/fai/nao_ws/install/speech_interfaces/lib/python3.12/site-packages:/home/fai/nao_ws/install/perception/lib/python3.12/site-packages:/home/fai/nao_ws/install/perception_interfaces/lib/python3.12/site-packages:/home/fai/nao_ws/install/navigation/lib/python3.12/site-packages:/home/fai/nao_ws/install/navigation_interfaces/lib/python3.12/site-packages:/home/fai/nao_ws/install/nao_qi_ros2_package/lib/python3.12/site-packages:/home/fai/nao_ws/install/manipulation/lib/python3.12/site-packages:/opt/ros/jazzy/lib/python3.12/site-packages /usr/bin/python3 -W ignore:setup.py install is deprecated setup.py egg_info --egg-base ../../build/manipulation build --build-base /home/fai/nao_ws/build/manipulation/build install --record /home/fai/nao_ws/build/manipulation/install.log --single-version-externally-managed install_data
