[2.223s] Invoking command in '/home/fai/nao_ws/src/perception': CMAKE_PREFIX_PATH=/home/fai/nao_ws/install/perception_interfaces:/home/fai/nao_ws/install/speech_interfaces:/home/fai/nao_ws/install/navigation_interfaces:/home/fai/nao_ws/install/manipulation_interfaces:/opt/ros/jazzy/opt/gz_math_vendor:/opt/ros/jazzy/opt/gz_utils_vendor:/opt/ros/jazzy/opt/gz_cmake_vendor DEBUGINFOD_URLS=https://debuginfod.ubuntu.com LD_LIBRARY_PATH=/home/fai/nao_ws/install/perception_interfaces/lib:/home/fai/nao_ws/install/speech_interfaces/lib:/home/fai/nao_ws/install/navigation_interfaces/lib:/home/fai/nao_ws/install/manipulation_interfaces/lib:/opt/ros/jazzy/opt/rviz_ogre_vendor/lib:/opt/ros/jazzy/lib/x86_64-linux-gnu:/opt/ros/jazzy/opt/gz_math_vendor/lib:/opt/ros/jazzy/opt/gz_utils_vendor/lib:/opt/ros/jazzy/opt/gz_cmake_vendor/lib:/opt/ros/jazzy/lib PYTHONPATH=/home/fai/nao_ws/build/perception/prefix_override:/usr/lib/python3/dist-packages/colcon_core/task/python/colcon_distutils_commands:/home/fai/nao_ws/install/perception/lib/python3.12/site-packages:/home/fai/nao_ws/install/perception_interfaces/lib/python3.12/site-packages:/home/fai/nao_ws/install/nao_tasks/lib/python3.12/site-packages:/home/fai/nao_ws/install/web_controller/lib/python3.12/site-packages:/home/fai/nao_ws/install/speech/lib/python3.12/site-packages:/home/fai/nao_ws/install/integration/lib/python3.12/site-packages:/home/fai/nao_ws/install/speech_interfaces/lib/python3.12/site-packages:/home/fai/nao_ws/install/perception/lib/python3.12/site-packages:/home/fai/nao_ws/install/navigation/lib/python3.12/site-packages:/home/fai/nao_ws/install/navigation_interfaces/lib/python3.12/site-packages:/home/fai/nao_ws/install/nao_qi_ros2_package/lib/python3.12/site-packages:/home/fai/nao_ws/install/manipulation/lib/python3.12/site-packages:/home/fai/nao_ws/install/manipulation_interfaces/lib/python3.12/site-packages:/opt/ros/jazzy/lib/python3.12/site-packages /usr/bin/python3 -W ignore:setup.py install is deprecated setup.py egg_info --egg-base ../../build/perception build --build-base /home/fai/nao_ws/build/perception/build install --record /home/fai/nao_ws/build/perception/install.log --single-version-externally-managed install_data
[2.752s] running egg_info
[2.791s] writing ../../build/perception/perception.egg-info/PKG-INFO
[2.792s] writing dependency_links to ../../build/perception/perception.egg-info/dependency_links.txt
[2.792s] writing entry points to ../../build/perception/perception.egg-info/entry_points.txt
[2.792s] writing requirements to ../../build/perception/perception.egg-info/requires.txt
[2.793s] writing top-level names to ../../build/perception/perception.egg-info/top_level.txt
[2.876s] reading manifest file '../../build/perception/perception.egg-info/SOURCES.txt'
[2.877s] writing manifest file '../../build/perception/perception.egg-info/SOURCES.txt'
[2.877s] running build
[2.878s] running build_py
[2.878s] running install
[2.890s] running install_lib
[2.930s] running install_data
[2.931s] running install_egg_info
[2.979s] removing '/home/fai/nao_ws/install/perception/lib/python3.12/site-packages/perception-0.0.0-py3.12.egg-info' (and everything under it)
[2.980s] Copying ../../build/perception/perception.egg-info to /home/fai/nao_ws/install/perception/lib/python3.12/site-packages/perception-0.0.0-py3.12.egg-info
[2.982s] running install_scripts
[3.382s] Installing perception_node script to /home/fai/nao_ws/install/perception/lib/perception
[3.383s] writing list of installed files to '/home/fai/nao_ws/build/perception/install.log'
[3.432s] Invoked command in '/home/fai/nao_ws/src/perception' returned '0': CMAKE_PREFIX_PATH=/home/fai/nao_ws/install/perception_interfaces:/home/fai/nao_ws/install/speech_interfaces:/home/fai/nao_ws/install/navigation_interfaces:/home/fai/nao_ws/install/manipulation_interfaces:/opt/ros/jazzy/opt/gz_math_vendor:/opt/ros/jazzy/opt/gz_utils_vendor:/opt/ros/jazzy/opt/gz_cmake_vendor DEBUGINFOD_URLS=https://debuginfod.ubuntu.com LD_LIBRARY_PATH=/home/fai/nao_ws/install/perception_interfaces/lib:/home/fai/nao_ws/install/speech_interfaces/lib:/home/fai/nao_ws/install/navigation_interfaces/lib:/home/fai/nao_ws/install/manipulation_interfaces/lib:/opt/ros/jazzy/opt/rviz_ogre_vendor/lib:/opt/ros/jazzy/lib/x86_64-linux-gnu:/opt/ros/jazzy/opt/gz_math_vendor/lib:/opt/ros/jazzy/opt/gz_utils_vendor/lib:/opt/ros/jazzy/opt/gz_cmake_vendor/lib:/opt/ros/jazzy/lib PYTHONPATH=/home/fai/nao_ws/build/perception/prefix_override:/usr/lib/python3/dist-packages/colcon_core/task/python/colcon_distutils_commands:/home/fai/nao_ws/install/perception/lib/python3.12/site-packages:/home/fai/nao_ws/install/perception_interfaces/lib/python3.12/site-packages:/home/fai/nao_ws/install/nao_tasks/lib/python3.12/site-packages:/home/fai/nao_ws/install/web_controller/lib/python3.12/site-packages:/home/fai/nao_ws/install/speech/lib/python3.12/site-packages:/home/fai/nao_ws/install/integration/lib/python3.12/site-packages:/home/fai/nao_ws/install/speech_interfaces/lib/python3.12/site-packages:/home/fai/nao_ws/install/perception/lib/python3.12/site-packages:/home/fai/nao_ws/install/navigation/lib/python3.12/site-packages:/home/fai/nao_ws/install/navigation_interfaces/lib/python3.12/site-packages:/home/fai/nao_ws/install/nao_qi_ros2_package/lib/python3.12/site-packages:/home/fai/nao_ws/install/manipulation/lib/python3.12/site-packages:/home/fai/nao_ws/install/manipulation_interfaces/lib/python3.12/site-packages:/opt/ros/jazzy/lib/python3.12/site-packages /usr/bin/python3 -W ignore:setup.py install is deprecated setup.py egg_info --egg-base ../../build/perception build --build-base /home/fai/nao_ws/build/perception/build install --record /home/fai/nao_ws/build/perception/install.log --single-version-externally-managed install_data
