running egg_info
creating ../../build/nao_qi_ros2_package/nao_qi_ros2_package.egg-info
writing ../../build/nao_qi_ros2_package/nao_qi_ros2_package.egg-info/PKG-INFO
writing dependency_links to ../../build/nao_qi_ros2_package/nao_qi_ros2_package.egg-info/dependency_links.txt
writing entry points to ../../build/nao_qi_ros2_package/nao_qi_ros2_package.egg-info/entry_points.txt
writing requirements to ../../build/nao_qi_ros2_package/nao_qi_ros2_package.egg-info/requires.txt
writing top-level names to ../../build/nao_qi_ros2_package/nao_qi_ros2_package.egg-info/top_level.txt
writing manifest file '../../build/nao_qi_ros2_package/nao_qi_ros2_package.egg-info/SOURCES.txt'
reading manifest file '../../build/nao_qi_ros2_package/nao_qi_ros2_package.egg-info/SOURCES.txt'
writing manifest file '../../build/nao_qi_ros2_package/nao_qi_ros2_package.egg-info/SOURCES.txt'
running build
running build_py
creating /home/fai/nao_ws/build/nao_qi_ros2_package/build
creating /home/fai/nao_ws/build/nao_qi_ros2_package/build/lib
creating /home/fai/nao_ws/build/nao_qi_ros2_package/build/lib/nao_qi_ros2_package
copying nao_qi_ros2_package/nao_talker.py -> /home/fai/nao_ws/build/nao_qi_ros2_package/build/lib/nao_qi_ros2_package
copying nao_qi_ros2_package/__init__.py -> /home/fai/nao_ws/build/nao_qi_ros2_package/build/lib/nao_qi_ros2_package
running install
running install_lib
creating /home/fai/nao_ws/install/nao_qi_ros2_package/lib/python3.12/site-packages/nao_qi_ros2_package
copying /home/fai/nao_ws/build/nao_qi_ros2_package/build/lib/nao_qi_ros2_package/nao_talker.py -> /home/fai/nao_ws/install/nao_qi_ros2_package/lib/python3.12/site-packages/nao_qi_ros2_package
copying /home/fai/nao_ws/build/nao_qi_ros2_package/build/lib/nao_qi_ros2_package/__init__.py -> /home/fai/nao_ws/install/nao_qi_ros2_package/lib/python3.12/site-packages/nao_qi_ros2_package
byte-compiling /home/fai/nao_ws/install/nao_qi_ros2_package/lib/python3.12/site-packages/nao_qi_ros2_package/nao_talker.py to nao_talker.cpython-312.pyc
byte-compiling /home/fai/nao_ws/install/nao_qi_ros2_package/lib/python3.12/site-packages/nao_qi_ros2_package/__init__.py to __init__.cpython-312.pyc
running install_data
creating /home/fai/nao_ws/install/nao_qi_ros2_package/share/ament_index
creating /home/fai/nao_ws/install/nao_qi_ros2_package/share/ament_index/resource_index
creating /home/fai/nao_ws/install/nao_qi_ros2_package/share/ament_index/resource_index/packages
copying resource/nao_qi_ros2_package -> /home/fai/nao_ws/install/nao_qi_ros2_package/share/ament_index/resource_index/packages
copying package.xml -> /home/fai/nao_ws/install/nao_qi_ros2_package/share/nao_qi_ros2_package
running install_egg_info
Copying ../../build/nao_qi_ros2_package/nao_qi_ros2_package.egg-info to /home/fai/nao_ws/install/nao_qi_ros2_package/lib/python3.12/site-packages/nao_qi_ros2_package-0.0.1-py3.12.egg-info
running install_scripts
Installing nao_talker script to /home/fai/nao_ws/install/nao_qi_ros2_package/lib/nao_qi_ros2_package
writing list of installed files to '/home/fai/nao_ws/build/nao_qi_ros2_package/install.log'
