[7.234s] Invoking command in '/home/fai/nao_ws/src/nao_qi_ros2_package': DEBUGINFOD_URLS=https://debuginfod.ubuntu.com PYTHONPATH=/home/fai/nao_ws/build/nao_qi_ros2_package/prefix_override:/usr/lib/python3/dist-packages/colcon_core/task/python/colcon_distutils_commands:/home/fai/nao_ws/install/nao_qi_ros2_package/lib/python3.12/site-packages:${PYTHONPATH} /usr/bin/python3 -W ignore:setup.py install is deprecated setup.py egg_info --egg-base ../../build/nao_qi_ros2_package build --build-base /home/fai/nao_ws/build/nao_qi_ros2_package/build install --record /home/fai/nao_ws/build/nao_qi_ros2_package/install.log --single-version-externally-managed install_data
[8.728s] running egg_info
[8.729s] creating ../../build/nao_qi_ros2_package/nao_qi_ros2_package.egg-info
[8.849s] writing ../../build/nao_qi_ros2_package/nao_qi_ros2_package.egg-info/PKG-INFO
[8.850s] writing dependency_links to ../../build/nao_qi_ros2_package/nao_qi_ros2_package.egg-info/dependency_links.txt
[8.850s] writing entry points to ../../build/nao_qi_ros2_package/nao_qi_ros2_package.egg-info/entry_points.txt
[8.850s] writing requirements to ../../build/nao_qi_ros2_package/nao_qi_ros2_package.egg-info/requires.txt
[8.851s] writing top-level names to ../../build/nao_qi_ros2_package/nao_qi_ros2_package.egg-info/top_level.txt
[8.851s] writing manifest file '../../build/nao_qi_ros2_package/nao_qi_ros2_package.egg-info/SOURCES.txt'
[9.032s] reading manifest file '../../build/nao_qi_ros2_package/nao_qi_ros2_package.egg-info/SOURCES.txt'
[9.032s] writing manifest file '../../build/nao_qi_ros2_package/nao_qi_ros2_package.egg-info/SOURCES.txt'
[9.034s] running build
[9.034s] running build_py
[9.034s] creating /home/fai/nao_ws/build/nao_qi_ros2_package/build
[9.035s] creating /home/fai/nao_ws/build/nao_qi_ros2_package/build/lib
[9.043s] creating /home/fai/nao_ws/build/nao_qi_ros2_package/build/lib/nao_qi_ros2_package
[9.044s] copying nao_qi_ros2_package/nao_talker.py -> /home/fai/nao_ws/build/nao_qi_ros2_package/build/lib/nao_qi_ros2_package
[9.044s] copying nao_qi_ros2_package/__init__.py -> /home/fai/nao_ws/build/nao_qi_ros2_package/build/lib/nao_qi_ros2_package
[9.044s] running install
[9.064s] running install_lib
[9.128s] creating /home/fai/nao_ws/install/nao_qi_ros2_package/lib/python3.12/site-packages/nao_qi_ros2_package
[9.128s] copying /home/fai/nao_ws/build/nao_qi_ros2_package/build/lib/nao_qi_ros2_package/nao_talker.py -> /home/fai/nao_ws/install/nao_qi_ros2_package/lib/python3.12/site-packages/nao_qi_ros2_package
[9.128s] copying /home/fai/nao_ws/build/nao_qi_ros2_package/build/lib/nao_qi_ros2_package/__init__.py -> /home/fai/nao_ws/install/nao_qi_ros2_package/lib/python3.12/site-packages/nao_qi_ros2_package
[9.129s] byte-compiling /home/fai/nao_ws/install/nao_qi_ros2_package/lib/python3.12/site-packages/nao_qi_ros2_package/nao_talker.py to nao_talker.cpython-312.pyc
[9.133s] byte-compiling /home/fai/nao_ws/install/nao_qi_ros2_package/lib/python3.12/site-packages/nao_qi_ros2_package/__init__.py to __init__.cpython-312.pyc
[9.134s] running install_data
[9.135s] creating /home/fai/nao_ws/install/nao_qi_ros2_package/share/ament_index
[9.136s] creating /home/fai/nao_ws/install/nao_qi_ros2_package/share/ament_index/resource_index
[9.136s] creating /home/fai/nao_ws/install/nao_qi_ros2_package/share/ament_index/resource_index/packages
[9.136s] copying resource/nao_qi_ros2_package -> /home/fai/nao_ws/install/nao_qi_ros2_package/share/ament_index/resource_index/packages
[9.140s] copying package.xml -> /home/fai/nao_ws/install/nao_qi_ros2_package/share/nao_qi_ros2_package
[9.140s] running install_egg_info
[9.211s] Copying ../../build/nao_qi_ros2_package/nao_qi_ros2_package.egg-info to /home/fai/nao_ws/install/nao_qi_ros2_package/lib/python3.12/site-packages/nao_qi_ros2_package-0.0.1-py3.12.egg-info
[9.213s] running install_scripts
[9.657s] Installing nao_talker script to /home/fai/nao_ws/install/nao_qi_ros2_package/lib/nao_qi_ros2_package
[9.658s] writing list of installed files to '/home/fai/nao_ws/build/nao_qi_ros2_package/install.log'
[10.027s] Invoked command in '/home/fai/nao_ws/src/nao_qi_ros2_package' returned '0': DEBUGINFOD_URLS=https://debuginfod.ubuntu.com PYTHONPATH=/home/fai/nao_ws/build/nao_qi_ros2_package/prefix_override:/usr/lib/python3/dist-packages/colcon_core/task/python/colcon_distutils_commands:/home/fai/nao_ws/install/nao_qi_ros2_package/lib/python3.12/site-packages:${PYTHONPATH} /usr/bin/python3 -W ignore:setup.py install is deprecated setup.py egg_info --egg-base ../../build/nao_qi_ros2_package build --build-base /home/fai/nao_ws/build/nao_qi_ros2_package/build install --record /home/fai/nao_ws/build/nao_qi_ros2_package/install.log --single-version-externally-managed install_data
