[2.083s] Invoking command in '/home/robotica/nao_ws/src/speech': DEBUGINFOD_URLS=https://debuginfod.ubuntu.com PYTHONPATH=/home/robotica/nao_ws/src/build/speech/prefix_override:/usr/lib/python3/dist-packages/colcon_core/task/python/colcon_distutils_commands:/home/robotica/nao_ws/src/install/speech/lib/python3.12/site-packages:/home/robotica/nao_ws/src/install/speech_interfaces/lib/python3.12/site-packages:/home/robotica/nao_ws/src/install/web_controller/lib/python3.12/site-packages:/home/robotica/nao_ws/src/install/speech/lib/python3.12/site-packages:/home/robotica/nao_ws/src/install/integration/lib/python3.12/site-packages:/home/robotica/nao_ws/src/install/rest_api/lib/python3.12/site-packages:/home/robotica/nao_ws/src/install/perception/lib/python3.12/site-packages:/home/robotica/nao_ws/src/install/perception_interfaces/lib/python3.12/site-packages:/home/robotica/nao_ws/src/install/navigation/lib/python3.12/site-packages:/home/robotica/nao_ws/src/install/navigation_interfaces/lib/python3.12/site-packages:/home/robotica/nao_ws/src/install/nao_qi_ros2_package/lib/python3.12/site-packages:/home/robotica/nao_ws/src/install/manipulation/lib/python3.12/site-packages:/home/robotica/nao_ws/src/install/manipulation_interfaces/lib/python3.12/site-packages:/home/robotica/nao_ws/install/web_controller/lib/python3.12/site-packages:/home/robotica/nao_ws/install/speech/lib/python3.12/site-packages:/home/robotica/nao_ws/install/integration/lib/python3.12/site-packages:/home/robotica/nao_ws/install/speech_interfaces/lib/python3.12/site-packages:/home/robotica/nao_ws/install/rest_api/lib/python3.12/site-packages:/home/robotica/nao_ws/install/perception/lib/python3.12/site-packages:/home/robotica/nao_ws/install/perception_interfaces/lib/python3.12/site-packages:/home/robotica/nao_ws/install/navigation/lib/python3.12/site-packages:/home/robotica/nao_ws/install/navigation_interfaces/lib/python3.12/site-packages:/home/robotica/nao_ws/install/nao_qi_ros2_package/lib/python3.12/site-packages:/home/robotica/nao_ws/install/manipulation/lib/python3.12/site-packages:/home/robotica/nao_ws/install/manipulation_interfaces/lib/python3.12/site-packages:/opt/ros/jazzy/lib/python3.12/site-packages /usr/bin/python3 -W ignore:setup.py install is deprecated setup.py egg_info --egg-base ../build/speech build --build-base /home/robotica/nao_ws/src/build/speech/build install --record /home/robotica/nao_ws/src/build/speech/install.log --single-version-externally-managed install_data
[2.700s] running egg_info
[2.701s] creating ../build/speech/speech.egg-info
[2.746s] writing ../build/speech/speech.egg-info/PKG-INFO
[2.747s] writing dependency_links to ../build/speech/speech.egg-info/dependency_links.txt
[2.747s] writing entry points to ../build/speech/speech.egg-info/entry_points.txt
[2.748s] writing requirements to ../build/speech/speech.egg-info/requires.txt
[2.748s] writing top-level names to ../build/speech/speech.egg-info/top_level.txt
[2.748s] writing manifest file '../build/speech/speech.egg-info/SOURCES.txt'
[2.838s] reading manifest file '../build/speech/speech.egg-info/SOURCES.txt'
[2.839s] writing manifest file '../build/speech/speech.egg-info/SOURCES.txt'
[2.840s] running build
[2.840s] running build_py
[2.840s] creating /home/robotica/nao_ws/src/build/speech/build
[2.841s] creating /home/robotica/nao_ws/src/build/speech/build/lib
[2.841s] creating /home/robotica/nao_ws/src/build/speech/build/lib/speech
[2.841s] copying speech/__init__.py -> /home/robotica/nao_ws/src/build/speech/build/lib/speech
[2.841s] copying speech/speech_node.py -> /home/robotica/nao_ws/src/build/speech/build/lib/speech
[2.842s] running install
[2.862s] running install_lib
[2.933s] creating /home/robotica/nao_ws/src/install/speech/lib/python3.12/site-packages/speech
[2.934s] copying /home/robotica/nao_ws/src/build/speech/build/lib/speech/__init__.py -> /home/robotica/nao_ws/src/install/speech/lib/python3.12/site-packages/speech
[2.934s] copying /home/robotica/nao_ws/src/build/speech/build/lib/speech/speech_node.py -> /home/robotica/nao_ws/src/install/speech/lib/python3.12/site-packages/speech
[2.935s] byte-compiling /home/robotica/nao_ws/src/install/speech/lib/python3.12/site-packages/speech/__init__.py to __init__.cpython-312.pyc
[2.935s] byte-compiling /home/robotica/nao_ws/src/install/speech/lib/python3.12/site-packages/speech/speech_node.py to speech_node.cpython-312.pyc
[2.937s] running install_data
[2.938s] creating /home/robotica/nao_ws/src/install/speech/share/ament_index
[2.938s] creating /home/robotica/nao_ws/src/install/speech/share/ament_index/resource_index
[2.939s] creating /home/robotica/nao_ws/src/install/speech/share/ament_index/resource_index/packages
[2.939s] copying resource/speech -> /home/robotica/nao_ws/src/install/speech/share/ament_index/resource_index/packages
[2.939s] copying package.xml -> /home/robotica/nao_ws/src/install/speech/share/speech
[2.939s] running install_egg_info
[2.982s] Copying ../build/speech/speech.egg-info to /home/robotica/nao_ws/src/install/speech/lib/python3.12/site-packages/speech-0.0.0-py3.12.egg-info
[2.985s] running install_scripts
[3.290s] Installing speech_node script to /home/robotica/nao_ws/src/install/speech/lib/speech
[3.291s] writing list of installed files to '/home/robotica/nao_ws/src/build/speech/install.log'
[3.351s] Invoked command in '/home/robotica/nao_ws/src/speech' returned '0': DEBUGINFOD_URLS=https://debuginfod.ubuntu.com PYTHONPATH=/home/robotica/nao_ws/src/build/speech/prefix_override:/usr/lib/python3/dist-packages/colcon_core/task/python/colcon_distutils_commands:/home/robotica/nao_ws/src/install/speech/lib/python3.12/site-packages:/home/robotica/nao_ws/src/install/speech_interfaces/lib/python3.12/site-packages:/home/robotica/nao_ws/src/install/web_controller/lib/python3.12/site-packages:/home/robotica/nao_ws/src/install/speech/lib/python3.12/site-packages:/home/robotica/nao_ws/src/install/integration/lib/python3.12/site-packages:/home/robotica/nao_ws/src/install/rest_api/lib/python3.12/site-packages:/home/robotica/nao_ws/src/install/perception/lib/python3.12/site-packages:/home/robotica/nao_ws/src/install/perception_interfaces/lib/python3.12/site-packages:/home/robotica/nao_ws/src/install/navigation/lib/python3.12/site-packages:/home/robotica/nao_ws/src/install/navigation_interfaces/lib/python3.12/site-packages:/home/robotica/nao_ws/src/install/nao_qi_ros2_package/lib/python3.12/site-packages:/home/robotica/nao_ws/src/install/manipulation/lib/python3.12/site-packages:/home/robotica/nao_ws/src/install/manipulation_interfaces/lib/python3.12/site-packages:/home/robotica/nao_ws/install/web_controller/lib/python3.12/site-packages:/home/robotica/nao_ws/install/speech/lib/python3.12/site-packages:/home/robotica/nao_ws/install/integration/lib/python3.12/site-packages:/home/robotica/nao_ws/install/speech_interfaces/lib/python3.12/site-packages:/home/robotica/nao_ws/install/rest_api/lib/python3.12/site-packages:/home/robotica/nao_ws/install/perception/lib/python3.12/site-packages:/home/robotica/nao_ws/install/perception_interfaces/lib/python3.12/site-packages:/home/robotica/nao_ws/install/navigation/lib/python3.12/site-packages:/home/robotica/nao_ws/install/navigation_interfaces/lib/python3.12/site-packages:/home/robotica/nao_ws/install/nao_qi_ros2_package/lib/python3.12/site-packages:/home/robotica/nao_ws/install/manipulation/lib/python3.12/site-packages:/home/robotica/nao_ws/install/manipulation_interfaces/lib/python3.12/site-packages:/opt/ros/jazzy/lib/python3.12/site-packages /usr/bin/python3 -W ignore:setup.py install is deprecated setup.py egg_info --egg-base ../build/speech build --build-base /home/robotica/nao_ws/src/build/speech/build install --record /home/robotica/nao_ws/src/build/speech/install.log --single-version-externally-managed install_data
