[0.037s] Invoking command in '/home/fai/nao_ws/build/navigation_interfaces': CMAKE_PREFIX_PATH=${CMAKE_PREFIX_PATH}:/home/fai/nao_ws/install/web_controller:/home/fai/nao_ws/install/speech:/home/fai/nao_ws/install/nao_tasks:/home/fai/nao_ws/install/integration:/home/fai/nao_ws/install/perception:/home/fai/nao_ws/install/navigation:/home/fai/nao_ws/install/nao_qi_ros2_package:/home/fai/nao_ws/install/manipulation:/opt/ros/jazzy DEBUGINFOD_URLS=https://debuginfod.ubuntu.com /usr/bin/cmake --build /home/fai/nao_ws/build/navigation_interfaces -- -j4 -l4
[0.193s] [  2%] Built target navigation_interfaces__rosidl_generator_type_description
[0.274s] [  5%] Built target navigation_interfaces__cpp
[0.275s] [  5%] Built target ament_cmake_python_copy_navigation_interfaces
[0.325s] [ 20%] Built target navigation_interfaces__rosidl_generator_c
[0.518s] [ 29%] Built target navigation_interfaces__rosidl_typesupport_c
[0.584s] [ 38%] Built target navigation_interfaces__rosidl_typesupport_introspection_c
[0.598s] [ 47%] Built target navigation_interfaces__rosidl_typesupport_fastrtps_c
[0.770s] [ 55%] Built target navigation_interfaces__rosidl_typesupport_fastrtps_cpp
[0.822s] [ 64%] Built target navigation_interfaces__rosidl_typesupport_cpp
[0.837s] [ 73%] Built target navigation_interfaces__rosidl_typesupport_introspection_cpp
[1.003s] [ 73%] Built target navigation_interfaces
[1.085s] [ 76%] Built target navigation_interfaces__py
[1.241s] [ 82%] Built target navigation_interfaces__rosidl_generator_py
[1.449s] [ 88%] Built target navigation_interfaces_s__rosidl_typesupport_introspection_c
[1.511s] [ 94%] Built target navigation_interfaces_s__rosidl_typesupport_c
[1.524s] [100%] Built target navigation_interfaces_s__rosidl_typesupport_fastrtps_c
[1.605s] running egg_info
[1.685s] writing navigation_interfaces.egg-info/PKG-INFO
[1.686s] writing dependency_links to navigation_interfaces.egg-info/dependency_links.txt
[1.687s] writing top-level names to navigation_interfaces.egg-info/top_level.txt
[1.881s] reading manifest file 'navigation_interfaces.egg-info/SOURCES.txt'
[1.881s] writing manifest file 'navigation_interfaces.egg-info/SOURCES.txt'
[1.962s] [100%] Built target ament_cmake_python_build_navigation_interfaces_egg
[2.006s] Invoked command in '/home/fai/nao_ws/build/navigation_interfaces' returned '0': CMAKE_PREFIX_PATH=${CMAKE_PREFIX_PATH}:/home/fai/nao_ws/install/web_controller:/home/fai/nao_ws/install/speech:/home/fai/nao_ws/install/nao_tasks:/home/fai/nao_ws/install/integration:/home/fai/nao_ws/install/perception:/home/fai/nao_ws/install/navigation:/home/fai/nao_ws/install/nao_qi_ros2_package:/home/fai/nao_ws/install/manipulation:/opt/ros/jazzy DEBUGINFOD_URLS=https://debuginfod.ubuntu.com /usr/bin/cmake --build /home/fai/nao_ws/build/navigation_interfaces -- -j4 -l4
[2.315s] Invoking command in '/home/fai/nao_ws/build/navigation_interfaces': CMAKE_PREFIX_PATH=${CMAKE_PREFIX_PATH}:/home/fai/nao_ws/install/web_controller:/home/fai/nao_ws/install/speech:/home/fai/nao_ws/install/nao_tasks:/home/fai/nao_ws/install/integration:/home/fai/nao_ws/install/perception:/home/fai/nao_ws/install/navigation:/home/fai/nao_ws/install/nao_qi_ros2_package:/home/fai/nao_ws/install/manipulation:/opt/ros/jazzy DEBUGINFOD_URLS=https://debuginfod.ubuntu.com /usr/bin/cmake --install /home/fai/nao_ws/build/navigation_interfaces
[2.350s] -- Install configuration: ""
[2.351s] -- Up-to-date: /home/fai/nao_ws/install/navigation_interfaces/share/ament_index/resource_index/rosidl_interfaces/navigation_interfaces
[2.351s] -- Up-to-date: /home/fai/nao_ws/install/navigation_interfaces/share/navigation_interfaces/action/NavigationToPose.json
[2.351s] -- Up-to-date: /home/fai/nao_ws/install/navigation_interfaces/include/navigation_interfaces/navigation_interfaces
[2.353s] -- Up-to-date: /home/fai/nao_ws/install/navigation_interfaces/include/navigation_interfaces/navigation_interfaces/msg
[2.353s] -- Up-to-date: /home/fai/nao_ws/install/navigation_interfaces/include/navigation_interfaces/navigation_interfaces/msg/rosidl_generator_c__visibility_control.h
[2.354s] -- Up-to-date: /home/fai/nao_ws/install/navigation_interfaces/include/navigation_interfaces/navigation_interfaces/action
[2.354s] -- Up-to-date: /home/fai/nao_ws/install/navigation_interfaces/include/navigation_interfaces/navigation_interfaces/action/navigation_to_pose.h
[2.354s] -- Up-to-date: /home/fai/nao_ws/install/navigation_interfaces/include/navigation_interfaces/navigation_interfaces/action/detail
[2.354s] -- Up-to-date: /home/fai/nao_ws/install/navigation_interfaces/include/navigation_interfaces/navigation_interfaces/action/detail/navigation_to_pose__description.c
[2.355s] -- Up-to-date: /home/fai/nao_ws/install/navigation_interfaces/include/navigation_interfaces/navigation_interfaces/action/detail/navigation_to_pose__type_support.h
[2.355s] -- Up-to-date: /home/fai/nao_ws/install/navigation_interfaces/include/navigation_interfaces/navigation_interfaces/action/detail/navigation_to_pose__functions.c
[2.355s] -- Up-to-date: /home/fai/nao_ws/install/navigation_interfaces/include/navigation_interfaces/navigation_interfaces/action/detail/navigation_to_pose__functions.h
[2.356s] -- Installing: /home/fai/nao_ws/install/navigation_interfaces/include/navigation_interfaces/navigation_interfaces/action/detail/navigation_to_pose__type_support.c
[2.356s] -- Up-to-date: /home/fai/nao_ws/install/navigation_interfaces/include/navigation_interfaces/navigation_interfaces/action/detail/navigation_to_pose__struct.h
[2.359s] -- Up-to-date: /home/fai/nao_ws/install/navigation_interfaces/share/navigation_interfaces/environment/library_path.sh
[2.360s] -- Up-to-date: /home/fai/nao_ws/install/navigation_interfaces/share/navigation_interfaces/environment/library_path.dsv
[2.363s] -- Up-to-date: /home/fai/nao_ws/install/navigation_interfaces/lib/libnavigation_interfaces__rosidl_generator_c.so
[2.363s] -- Up-to-date: /home/fai/nao_ws/install/navigation_interfaces/include/navigation_interfaces/navigation_interfaces
[2.364s] -- Up-to-date: /home/fai/nao_ws/install/navigation_interfaces/include/navigation_interfaces/navigation_interfaces/msg
[2.364s] -- Up-to-date: /home/fai/nao_ws/install/navigation_interfaces/include/navigation_interfaces/navigation_interfaces/msg/rosidl_typesupport_fastrtps_c__visibility_control.h
[2.365s] -- Up-to-date: /home/fai/nao_ws/install/navigation_interfaces/include/navigation_interfaces/navigation_interfaces/action
[2.365s] -- Up-to-date: /home/fai/nao_ws/install/navigation_interfaces/include/navigation_interfaces/navigation_interfaces/action/detail
[2.365s] -- Up-to-date: /home/fai/nao_ws/install/navigation_interfaces/include/navigation_interfaces/navigation_interfaces/action/detail/navigation_to_pose__rosidl_typesupport_fastrtps_c.h
[2.368s] -- Up-to-date: /home/fai/nao_ws/install/navigation_interfaces/lib/libnavigation_interfaces__rosidl_typesupport_fastrtps_c.so
[2.368s] -- Up-to-date: /home/fai/nao_ws/install/navigation_interfaces/include/navigation_interfaces/navigation_interfaces
[2.369s] -- Up-to-date: /home/fai/nao_ws/install/navigation_interfaces/include/navigation_interfaces/navigation_interfaces/msg
[2.369s] -- Up-to-date: /home/fai/nao_ws/install/navigation_interfaces/include/navigation_interfaces/navigation_interfaces/msg/rosidl_typesupport_introspection_c__visibility_control.h
[2.369s] -- Up-to-date: /home/fai/nao_ws/install/navigation_interfaces/include/navigation_interfaces/navigation_interfaces/action
[2.370s] -- Up-to-date: /home/fai/nao_ws/install/navigation_interfaces/include/navigation_interfaces/navigation_interfaces/action/detail
[2.370s] -- Up-to-date: /home/fai/nao_ws/install/navigation_interfaces/include/navigation_interfaces/navigation_interfaces/action/detail/navigation_to_pose__rosidl_typesupport_introspection_c.h
[2.370s] -- Installing: /home/fai/nao_ws/install/navigation_interfaces/include/navigation_interfaces/navigation_interfaces/action/detail/navigation_to_pose__type_support.c
[2.371s] -- Up-to-date: /home/fai/nao_ws/install/navigation_interfaces/lib/libnavigation_interfaces__rosidl_typesupport_introspection_c.so
[2.371s] -- Up-to-date: /home/fai/nao_ws/install/navigation_interfaces/lib/libnavigation_interfaces__rosidl_typesupport_c.so
[2.371s] -- Up-to-date: /home/fai/nao_ws/install/navigation_interfaces/include/navigation_interfaces/navigation_interfaces
[2.371s] -- Up-to-date: /home/fai/nao_ws/install/navigation_interfaces/include/navigation_interfaces/navigation_interfaces/msg
[2.372s] -- Up-to-date: /home/fai/nao_ws/install/navigation_interfaces/include/navigation_interfaces/navigation_interfaces/msg/rosidl_generator_cpp__visibility_control.hpp
[2.372s] -- Up-to-date: /home/fai/nao_ws/install/navigation_interfaces/include/navigation_interfaces/navigation_interfaces/action
[2.372s] -- Up-to-date: /home/fai/nao_ws/install/navigation_interfaces/include/navigation_interfaces/navigation_interfaces/action/navigation_to_pose.hpp
[2.372s] -- Up-to-date: /home/fai/nao_ws/install/navigation_interfaces/include/navigation_interfaces/navigation_interfaces/action/detail
[2.373s] -- Up-to-date: /home/fai/nao_ws/install/navigation_interfaces/include/navigation_interfaces/navigation_interfaces/action/detail/navigation_to_pose__type_support.hpp
[2.376s] -- Up-to-date: /home/fai/nao_ws/install/navigation_interfaces/include/navigation_interfaces/navigation_interfaces/action/detail/navigation_to_pose__traits.hpp
[2.376s] -- Up-to-date: /home/fai/nao_ws/install/navigation_interfaces/include/navigation_interfaces/navigation_interfaces/action/detail/navigation_to_pose__builder.hpp
[2.377s] -- Up-to-date: /home/fai/nao_ws/install/navigation_interfaces/include/navigation_interfaces/navigation_interfaces/action/detail/navigation_to_pose__struct.hpp
[2.377s] -- Up-to-date: /home/fai/nao_ws/install/navigation_interfaces/include/navigation_interfaces/navigation_interfaces
[2.380s] -- Up-to-date: /home/fai/nao_ws/install/navigation_interfaces/include/navigation_interfaces/navigation_interfaces/msg
[2.380s] -- Up-to-date: /home/fai/nao_ws/install/navigation_interfaces/include/navigation_interfaces/navigation_interfaces/msg/rosidl_typesupport_fastrtps_cpp__visibility_control.h
[2.381s] -- Up-to-date: /home/fai/nao_ws/install/navigation_interfaces/include/navigation_interfaces/navigation_interfaces/action
[2.381s] -- Up-to-date: /home/fai/nao_ws/install/navigation_interfaces/include/navigation_interfaces/navigation_interfaces/action/detail
[2.381s] -- Up-to-date: /home/fai/nao_ws/install/navigation_interfaces/include/navigation_interfaces/navigation_interfaces/action/detail/navigation_to_pose__rosidl_typesupport_fastrtps_cpp.hpp
[2.381s] -- Up-to-date: /home/fai/nao_ws/install/navigation_interfaces/include/navigation_interfaces/navigation_interfaces/action/detail/dds_fastrtps
[2.382s] -- Up-to-date: /home/fai/nao_ws/install/navigation_interfaces/lib/libnavigation_interfaces__rosidl_typesupport_fastrtps_cpp.so
[2.382s] -- Up-to-date: /home/fai/nao_ws/install/navigation_interfaces/include/navigation_interfaces/navigation_interfaces
[2.382s] -- Up-to-date: /home/fai/nao_ws/install/navigation_interfaces/include/navigation_interfaces/navigation_interfaces/action
[2.383s] -- Up-to-date: /home/fai/nao_ws/install/navigation_interfaces/include/navigation_interfaces/navigation_interfaces/action/detail
[2.383s] -- Up-to-date: /home/fai/nao_ws/install/navigation_interfaces/include/navigation_interfaces/navigation_interfaces/action/detail/navigation_to_pose__type_support.cpp
[2.383s] -- Up-to-date: /home/fai/nao_ws/install/navigation_interfaces/include/navigation_interfaces/navigation_interfaces/action/detail/navigation_to_pose__rosidl_typesupport_introspection_cpp.hpp
[2.383s] -- Up-to-date: /home/fai/nao_ws/install/navigation_interfaces/lib/libnavigation_interfaces__rosidl_typesupport_introspection_cpp.so
[2.384s] -- Up-to-date: /home/fai/nao_ws/install/navigation_interfaces/lib/libnavigation_interfaces__rosidl_typesupport_cpp.so
[2.387s] -- Up-to-date: /home/fai/nao_ws/install/navigation_interfaces/share/navigation_interfaces/environment/pythonpath.sh
[2.388s] -- Up-to-date: /home/fai/nao_ws/install/navigation_interfaces/share/navigation_interfaces/environment/pythonpath.dsv
[2.388s] -- Up-to-date: /home/fai/nao_ws/install/navigation_interfaces/lib/python3.12/site-packages/navigation_interfaces-0.0.0-py3.12.egg-info
[2.388s] -- Installing: /home/fai/nao_ws/install/navigation_interfaces/lib/python3.12/site-packages/navigation_interfaces-0.0.0-py3.12.egg-info/PKG-INFO
[2.388s] -- Installing: /home/fai/nao_ws/install/navigation_interfaces/lib/python3.12/site-packages/navigation_interfaces-0.0.0-py3.12.egg-info/top_level.txt
[2.389s] -- Installing: /home/fai/nao_ws/install/navigation_interfaces/lib/python3.12/site-packages/navigation_interfaces-0.0.0-py3.12.egg-info/dependency_links.txt
[2.392s] -- Installing: /home/fai/nao_ws/install/navigation_interfaces/lib/python3.12/site-packages/navigation_interfaces-0.0.0-py3.12.egg-info/SOURCES.txt
[2.392s] -- Up-to-date: /home/fai/nao_ws/install/navigation_interfaces/lib/python3.12/site-packages/navigation_interfaces
[2.393s] -- Up-to-date: /home/fai/nao_ws/install/navigation_interfaces/lib/python3.12/site-packages/navigation_interfaces/_navigation_interfaces_s.ep.rosidl_typesupport_introspection_c.c
[2.393s] -- Up-to-date: /home/fai/nao_ws/install/navigation_interfaces/lib/python3.12/site-packages/navigation_interfaces/navigation_interfaces_s__rosidl_typesupport_introspection_c.so
[2.393s] -- Up-to-date: /home/fai/nao_ws/install/navigation_interfaces/lib/python3.12/site-packages/navigation_interfaces/__init__.py
[2.393s] -- Up-to-date: /home/fai/nao_ws/install/navigation_interfaces/lib/python3.12/site-packages/navigation_interfaces/_navigation_interfaces_s.ep.rosidl_typesupport_fastrtps_c.c
[2.394s] -- Up-to-date: /home/fai/nao_ws/install/navigation_interfaces/lib/python3.12/site-packages/navigation_interfaces/navigation_interfaces_s__rosidl_typesupport_fastrtps_c.so
[2.394s] -- Up-to-date: /home/fai/nao_ws/install/navigation_interfaces/lib/python3.12/site-packages/navigation_interfaces/navigation_interfaces_s__rosidl_typesupport_c.so
[2.394s] -- Up-to-date: /home/fai/nao_ws/install/navigation_interfaces/lib/python3.12/site-packages/navigation_interfaces/_navigation_interfaces_s.ep.rosidl_typesupport_c.c
[2.395s] -- Up-to-date: /home/fai/nao_ws/install/navigation_interfaces/lib/python3.12/site-packages/navigation_interfaces/action
[2.395s] -- Up-to-date: /home/fai/nao_ws/install/navigation_interfaces/lib/python3.12/site-packages/navigation_interfaces/action/_navigation_to_pose.py
[2.395s] -- Up-to-date: /home/fai/nao_ws/install/navigation_interfaces/lib/python3.12/site-packages/navigation_interfaces/action/_navigation_to_pose_s.c
[2.398s] -- Up-to-date: /home/fai/nao_ws/install/navigation_interfaces/lib/python3.12/site-packages/navigation_interfaces/action/__init__.py
[2.476s] Listing '/home/fai/nao_ws/install/navigation_interfaces/lib/python3.12/site-packages/navigation_interfaces'...
[2.476s] Listing '/home/fai/nao_ws/install/navigation_interfaces/lib/python3.12/site-packages/navigation_interfaces/action'...
[2.490s] -- Up-to-date: /home/fai/nao_ws/install/navigation_interfaces/lib/python3.12/site-packages/navigation_interfaces/navigation_interfaces_s__rosidl_typesupport_fastrtps_c.so
[2.491s] -- Up-to-date: /home/fai/nao_ws/install/navigation_interfaces/lib/python3.12/site-packages/navigation_interfaces/navigation_interfaces_s__rosidl_typesupport_introspection_c.so
[2.496s] -- Up-to-date: /home/fai/nao_ws/install/navigation_interfaces/lib/python3.12/site-packages/navigation_interfaces/navigation_interfaces_s__rosidl_typesupport_c.so
[2.496s] -- Up-to-date: /home/fai/nao_ws/install/navigation_interfaces/lib/libnavigation_interfaces__rosidl_generator_py.so
[2.497s] -- Up-to-date: /home/fai/nao_ws/install/navigation_interfaces/share/navigation_interfaces/action/NavigationToPose.idl
[2.497s] -- Up-to-date: /home/fai/nao_ws/install/navigation_interfaces/share/navigation_interfaces/action/NavigationToPose.action
[2.499s] -- Up-to-date: /home/fai/nao_ws/install/navigation_interfaces/share/ament_index/resource_index/package_run_dependencies/navigation_interfaces
[2.499s] -- Up-to-date: /home/fai/nao_ws/install/navigation_interfaces/share/ament_index/resource_index/parent_prefix_path/navigation_interfaces
[2.501s] -- Up-to-date: /home/fai/nao_ws/install/navigation_interfaces/share/navigation_interfaces/environment/ament_prefix_path.sh
[2.502s] -- Up-to-date: /home/fai/nao_ws/install/navigation_interfaces/share/navigation_interfaces/environment/ament_prefix_path.dsv
[2.504s] -- Up-to-date: /home/fai/nao_ws/install/navigation_interfaces/share/navigation_interfaces/environment/path.sh
[2.504s] -- Up-to-date: /home/fai/nao_ws/install/navigation_interfaces/share/navigation_interfaces/environment/path.dsv
[2.505s] -- Up-to-date: /home/fai/nao_ws/install/navigation_interfaces/share/navigation_interfaces/local_setup.bash
[2.505s] -- Up-to-date: /home/fai/nao_ws/install/navigation_interfaces/share/navigation_interfaces/local_setup.sh
[2.508s] -- Up-to-date: /home/fai/nao_ws/install/navigation_interfaces/share/navigation_interfaces/local_setup.zsh
[2.508s] -- Up-to-date: /home/fai/nao_ws/install/navigation_interfaces/share/navigation_interfaces/local_setup.dsv
[2.509s] -- Installing: /home/fai/nao_ws/install/navigation_interfaces/share/navigation_interfaces/package.dsv
[2.510s] -- Up-to-date: /home/fai/nao_ws/install/navigation_interfaces/share/ament_index/resource_index/packages/navigation_interfaces
[2.510s] -- Up-to-date: /home/fai/nao_ws/install/navigation_interfaces/share/navigation_interfaces/cmake/export_navigation_interfaces__rosidl_generator_cExport.cmake
[2.510s] -- Up-to-date: /home/fai/nao_ws/install/navigation_interfaces/share/navigation_interfaces/cmake/export_navigation_interfaces__rosidl_generator_cExport-noconfig.cmake
[2.514s] -- Up-to-date: /home/fai/nao_ws/install/navigation_interfaces/share/navigation_interfaces/cmake/export_navigation_interfaces__rosidl_typesupport_fastrtps_cExport.cmake
[2.514s] -- Up-to-date: /home/fai/nao_ws/install/navigation_interfaces/share/navigation_interfaces/cmake/export_navigation_interfaces__rosidl_typesupport_fastrtps_cExport-noconfig.cmake
[2.515s] -- Up-to-date: /home/fai/nao_ws/install/navigation_interfaces/share/navigation_interfaces/cmake/navigation_interfaces__rosidl_typesupport_introspection_cExport.cmake
[2.515s] -- Up-to-date: /home/fai/nao_ws/install/navigation_interfaces/share/navigation_interfaces/cmake/navigation_interfaces__rosidl_typesupport_introspection_cExport-noconfig.cmake
[2.516s] -- Up-to-date: /home/fai/nao_ws/install/navigation_interfaces/share/navigation_interfaces/cmake/navigation_interfaces__rosidl_typesupport_cExport.cmake
[2.516s] -- Up-to-date: /home/fai/nao_ws/install/navigation_interfaces/share/navigation_interfaces/cmake/navigation_interfaces__rosidl_typesupport_cExport-noconfig.cmake
[2.516s] -- Up-to-date: /home/fai/nao_ws/install/navigation_interfaces/share/navigation_interfaces/cmake/export_navigation_interfaces__rosidl_generator_cppExport.cmake
[2.516s] -- Up-to-date: /home/fai/nao_ws/install/navigation_interfaces/share/navigation_interfaces/cmake/export_navigation_interfaces__rosidl_typesupport_fastrtps_cppExport.cmake
[2.517s] -- Up-to-date: /home/fai/nao_ws/install/navigation_interfaces/share/navigation_interfaces/cmake/export_navigation_interfaces__rosidl_typesupport_fastrtps_cppExport-noconfig.cmake
[2.517s] -- Up-to-date: /home/fai/nao_ws/install/navigation_interfaces/share/navigation_interfaces/cmake/navigation_interfaces__rosidl_typesupport_introspection_cppExport.cmake
[2.517s] -- Up-to-date: /home/fai/nao_ws/install/navigation_interfaces/share/navigation_interfaces/cmake/navigation_interfaces__rosidl_typesupport_introspection_cppExport-noconfig.cmake
[2.517s] -- Up-to-date: /home/fai/nao_ws/install/navigation_interfaces/share/navigation_interfaces/cmake/navigation_interfaces__rosidl_typesupport_cppExport.cmake
[2.518s] -- Up-to-date: /home/fai/nao_ws/install/navigation_interfaces/share/navigation_interfaces/cmake/navigation_interfaces__rosidl_typesupport_cppExport-noconfig.cmake
[2.518s] -- Up-to-date: /home/fai/nao_ws/install/navigation_interfaces/share/navigation_interfaces/cmake/export_navigation_interfaces__rosidl_generator_pyExport.cmake
[2.522s] -- Up-to-date: /home/fai/nao_ws/install/navigation_interfaces/share/navigation_interfaces/cmake/export_navigation_interfaces__rosidl_generator_pyExport-noconfig.cmake
[2.523s] -- Up-to-date: /home/fai/nao_ws/install/navigation_interfaces/share/navigation_interfaces/cmake/rosidl_cmake-extras.cmake
[2.523s] -- Up-to-date: /home/fai/nao_ws/install/navigation_interfaces/share/navigation_interfaces/cmake/ament_cmake_export_dependencies-extras.cmake
[2.524s] -- Up-to-date: /home/fai/nao_ws/install/navigation_interfaces/share/navigation_interfaces/cmake/ament_cmake_export_include_directories-extras.cmake
[2.524s] -- Up-to-date: /home/fai/nao_ws/install/navigation_interfaces/share/navigation_interfaces/cmake/ament_cmake_export_libraries-extras.cmake
[2.525s] -- Up-to-date: /home/fai/nao_ws/install/navigation_interfaces/share/navigation_interfaces/cmake/ament_cmake_export_targets-extras.cmake
[2.525s] -- Up-to-date: /home/fai/nao_ws/install/navigation_interfaces/share/navigation_interfaces/cmake/rosidl_cmake_export_typesupport_targets-extras.cmake
[2.531s] -- Up-to-date: /home/fai/nao_ws/install/navigation_interfaces/share/navigation_interfaces/cmake/rosidl_cmake_export_typesupport_libraries-extras.cmake
[2.532s] -- Up-to-date: /home/fai/nao_ws/install/navigation_interfaces/share/navigation_interfaces/cmake/navigation_interfacesConfig.cmake
[2.532s] -- Up-to-date: /home/fai/nao_ws/install/navigation_interfaces/share/navigation_interfaces/cmake/navigation_interfacesConfig-version.cmake
[2.532s] -- Up-to-date: /home/fai/nao_ws/install/navigation_interfaces/share/navigation_interfaces/package.xml
[2.533s] Invoked command in '/home/fai/nao_ws/build/navigation_interfaces' returned '0': CMAKE_PREFIX_PATH=${CMAKE_PREFIX_PATH}:/home/fai/nao_ws/install/web_controller:/home/fai/nao_ws/install/speech:/home/fai/nao_ws/install/nao_tasks:/home/fai/nao_ws/install/integration:/home/fai/nao_ws/install/perception:/home/fai/nao_ws/install/navigation:/home/fai/nao_ws/install/nao_qi_ros2_package:/home/fai/nao_ws/install/manipulation:/opt/ros/jazzy DEBUGINFOD_URLS=https://debuginfod.ubuntu.com /usr/bin/cmake --install /home/fai/nao_ws/build/navigation_interfaces
