[2.495s] Invoking command in '/home/fai/nao_ws/src/integration': DEBUGINFOD_URLS=https://debuginfod.ubuntu.com PYTHONPATH=/home/fai/nao_ws/build/integration/prefix_override:/usr/lib/python3/dist-packages/colcon_core/task/python/colcon_distutils_commands:/home/fai/nao_ws/install/integration/lib/python3.12/site-packages:/home/fai/nao_ws/install/speech_interfaces/lib/python3.12/site-packages:/home/fai/nao_ws/install/perception_interfaces/lib/python3.12/site-packages:/home/fai/nao_ws/install/navigation_interfaces/lib/python3.12/site-packages:/home/fai/nao_ws/install/manipulation_interfaces/lib/python3.12/site-packages:/home/fai/nao_ws/install/rest_api/lib/python3.12/site-packages:/home/fai/nao_ws/install/web_controller/lib/python3.12/site-packages:/home/fai/nao_ws/install/speech/lib/python3.12/site-packages:/home/fai/nao_ws/install/nao_tasks/lib/python3.12/site-packages:/home/fai/nao_ws/install/integration/lib/python3.12/site-packages:/home/fai/nao_ws/install/perception/lib/python3.12/site-packages:/home/fai/nao_ws/install/navigation/lib/python3.12/site-packages:/home/fai/nao_ws/install/nao_qi_ros2_package/lib/python3.12/site-packages:/home/fai/nao_ws/install/manipulation/lib/python3.12/site-packages:/opt/ros/jazzy/lib/python3.12/site-packages /usr/bin/python3 -W ignore:setup.py install is deprecated setup.py egg_info --egg-base ../../build/integration build --build-base /home/fai/nao_ws/build/integration/build install --record /home/fai/nao_ws/build/integration/install.log --single-version-externally-managed install_data
[3.103s] running egg_info
[3.103s] creating ../../build/integration/integration.egg-info
[3.142s] writing ../../build/integration/integration.egg-info/PKG-INFO
[3.142s] writing dependency_links to ../../build/integration/integration.egg-info/dependency_links.txt
[3.143s] writing entry points to ../../build/integration/integration.egg-info/entry_points.txt
[3.143s] writing requirements to ../../build/integration/integration.egg-info/requires.txt
[3.143s] writing top-level names to ../../build/integration/integration.egg-info/top_level.txt
[3.144s] writing manifest file '../../build/integration/integration.egg-info/SOURCES.txt'
[3.225s] reading manifest file '../../build/integration/integration.egg-info/SOURCES.txt'
[3.226s] writing manifest file '../../build/integration/integration.egg-info/SOURCES.txt'
[3.226s] running build
[3.226s] running build_py
[3.227s] creating /home/fai/nao_ws/build/integration/build
[3.227s] creating /home/fai/nao_ws/build/integration/build/lib
[3.227s] creating /home/fai/nao_ws/build/integration/build/lib/integration
[3.228s] copying integration/__init__.py -> /home/fai/nao_ws/build/integration/build/lib/integration
[3.228s] copying integration/integration_interface.py -> /home/fai/nao_ws/build/integration/build/lib/integration
[3.228s] creating /home/fai/nao_ws/build/integration/build/lib/integration/tasks
[3.229s] copying integration/tasks/task_one.py -> /home/fai/nao_ws/build/integration/build/lib/integration/tasks
[3.229s] copying integration/tasks/demo_task.py -> /home/fai/nao_ws/build/integration/build/lib/integration/tasks
[3.229s] copying integration/tasks/__init__.py -> /home/fai/nao_ws/build/integration/build/lib/integration/tasks
[3.229s] running install
[3.239s] running install_lib
[3.278s] creating /home/fai/nao_ws/install/integration/lib/python3.12/site-packages/integration
[3.278s] copying /home/fai/nao_ws/build/integration/build/lib/integration/__init__.py -> /home/fai/nao_ws/install/integration/lib/python3.12/site-packages/integration
[3.278s] creating /home/fai/nao_ws/install/integration/lib/python3.12/site-packages/integration/tasks
[3.279s] copying /home/fai/nao_ws/build/integration/build/lib/integration/tasks/task_one.py -> /home/fai/nao_ws/install/integration/lib/python3.12/site-packages/integration/tasks
[3.279s] copying /home/fai/nao_ws/build/integration/build/lib/integration/tasks/demo_task.py -> /home/fai/nao_ws/install/integration/lib/python3.12/site-packages/integration/tasks
[3.280s] copying /home/fai/nao_ws/build/integration/build/lib/integration/tasks/__init__.py -> /home/fai/nao_ws/install/integration/lib/python3.12/site-packages/integration/tasks
[3.280s] copying /home/fai/nao_ws/build/integration/build/lib/integration/integration_interface.py -> /home/fai/nao_ws/install/integration/lib/python3.12/site-packages/integration
[3.280s] byte-compiling /home/fai/nao_ws/install/integration/lib/python3.12/site-packages/integration/__init__.py to __init__.cpython-312.pyc
[3.281s] byte-compiling /home/fai/nao_ws/install/integration/lib/python3.12/site-packages/integration/tasks/task_one.py to task_one.cpython-312.pyc
[3.282s] byte-compiling /home/fai/nao_ws/install/integration/lib/python3.12/site-packages/integration/tasks/demo_task.py to demo_task.cpython-312.pyc
[3.284s] byte-compiling /home/fai/nao_ws/install/integration/lib/python3.12/site-packages/integration/tasks/__init__.py to __init__.cpython-312.pyc
[3.284s] byte-compiling /home/fai/nao_ws/install/integration/lib/python3.12/site-packages/integration/integration_interface.py to integration_interface.cpython-312.pyc
[3.287s] running install_data
[3.288s] creating /home/fai/nao_ws/install/integration/share/ament_index
[3.288s] creating /home/fai/nao_ws/install/integration/share/ament_index/resource_index
[3.288s] creating /home/fai/nao_ws/install/integration/share/ament_index/resource_index/packages
[3.288s] copying resource/integration -> /home/fai/nao_ws/install/integration/share/ament_index/resource_index/packages
[3.289s] copying package.xml -> /home/fai/nao_ws/install/integration/share/integration
[3.289s] running install_egg_info
[3.331s] Copying ../../build/integration/integration.egg-info to /home/fai/nao_ws/install/integration/lib/python3.12/site-packages/integration-0.0.0-py3.12.egg-info
[3.332s] running install_scripts
[3.589s] Installing demo_task script to /home/fai/nao_ws/install/integration/lib/integration
[3.590s] Installing integration_interface script to /home/fai/nao_ws/install/integration/lib/integration
[3.590s] Installing task_one script to /home/fai/nao_ws/install/integration/lib/integration
[3.590s] writing list of installed files to '/home/fai/nao_ws/build/integration/install.log'
[3.647s] Invoked command in '/home/fai/nao_ws/src/integration' returned '0': DEBUGINFOD_URLS=https://debuginfod.ubuntu.com PYTHONPATH=/home/fai/nao_ws/build/integration/prefix_override:/usr/lib/python3/dist-packages/colcon_core/task/python/colcon_distutils_commands:/home/fai/nao_ws/install/integration/lib/python3.12/site-packages:/home/fai/nao_ws/install/speech_interfaces/lib/python3.12/site-packages:/home/fai/nao_ws/install/perception_interfaces/lib/python3.12/site-packages:/home/fai/nao_ws/install/navigation_interfaces/lib/python3.12/site-packages:/home/fai/nao_ws/install/manipulation_interfaces/lib/python3.12/site-packages:/home/fai/nao_ws/install/rest_api/lib/python3.12/site-packages:/home/fai/nao_ws/install/web_controller/lib/python3.12/site-packages:/home/fai/nao_ws/install/speech/lib/python3.12/site-packages:/home/fai/nao_ws/install/nao_tasks/lib/python3.12/site-packages:/home/fai/nao_ws/install/integration/lib/python3.12/site-packages:/home/fai/nao_ws/install/perception/lib/python3.12/site-packages:/home/fai/nao_ws/install/navigation/lib/python3.12/site-packages:/home/fai/nao_ws/install/nao_qi_ros2_package/lib/python3.12/site-packages:/home/fai/nao_ws/install/manipulation/lib/python3.12/site-packages:/opt/ros/jazzy/lib/python3.12/site-packages /usr/bin/python3 -W ignore:setup.py install is deprecated setup.py egg_info --egg-base ../../build/integration build --build-base /home/fai/nao_ws/build/integration/build install --record /home/fai/nao_ws/build/integration/install.log --single-version-externally-managed install_data
