[3.092s] Invoking command in '/home/fai/nao_ws/src/integration': DEBUGINFOD_URLS=https://debuginfod.ubuntu.com PYTHONPATH=/home/fai/nao_ws/build/integration/prefix_override:/usr/lib/python3/dist-packages/colcon_core/task/python/colcon_distutils_commands:/home/fai/nao_ws/install/integration/lib/python3.12/site-packages:/home/fai/nao_ws/install/speech_interfaces/lib/python3.12/site-packages:/home/fai/nao_ws/install/perception_interfaces/lib/python3.12/site-packages:/home/fai/nao_ws/install/navigation_interfaces/lib/python3.12/site-packages:/home/fai/nao_ws/install/manipulation_interfaces/lib/python3.12/site-packages:/home/fai/nao_ws/install/nao_tasks/lib/python3.12/site-packages:/home/fai/nao_ws/install/web_controller/lib/python3.12/site-packages:/home/fai/nao_ws/install/speech/lib/python3.12/site-packages:/home/fai/nao_ws/install/integration/lib/python3.12/site-packages:/home/fai/nao_ws/install/perception/lib/python3.12/site-packages:/home/fai/nao_ws/install/navigation/lib/python3.12/site-packages:/home/fai/nao_ws/install/nao_qi_ros2_package/lib/python3.12/site-packages:/home/fai/nao_ws/install/manipulation/lib/python3.12/site-packages:/opt/ros/jazzy/lib/python3.12/site-packages /usr/bin/python3 -W ignore:setup.py install is deprecated setup.py egg_info --egg-base ../../build/integration build --build-base /home/fai/nao_ws/build/integration/build install --record /home/fai/nao_ws/build/integration/install.log --single-version-externally-managed install_data
[3.845s] running egg_info
[3.846s] creating ../../build/integration/integration.egg-info
[3.896s] writing ../../build/integration/integration.egg-info/PKG-INFO
[3.897s] writing dependency_links to ../../build/integration/integration.egg-info/dependency_links.txt
[3.897s] writing entry points to ../../build/integration/integration.egg-info/entry_points.txt
[3.898s] writing requirements to ../../build/integration/integration.egg-info/requires.txt
[3.898s] writing top-level names to ../../build/integration/integration.egg-info/top_level.txt
[3.898s] writing manifest file '../../build/integration/integration.egg-info/SOURCES.txt'
[3.986s] reading manifest file '../../build/integration/integration.egg-info/SOURCES.txt'
[3.987s] writing manifest file '../../build/integration/integration.egg-info/SOURCES.txt'
[3.987s] running build
[3.988s] running build_py
[3.988s] creating /home/fai/nao_ws/build/integration/build
[3.988s] creating /home/fai/nao_ws/build/integration/build/lib
[3.988s] creating /home/fai/nao_ws/build/integration/build/lib/integration
[3.989s] copying integration/task_one.py -> /home/fai/nao_ws/build/integration/build/lib/integration
[3.989s] copying integration/__init__.py -> /home/fai/nao_ws/build/integration/build/lib/integration
[3.989s] copying integration/integration_interface.py -> /home/fai/nao_ws/build/integration/build/lib/integration
[3.990s] running install
[4.002s] running install_lib
[4.051s] creating /home/fai/nao_ws/install/integration/lib/python3.12/site-packages/integration
[4.052s] copying /home/fai/nao_ws/build/integration/build/lib/integration/task_one.py -> /home/fai/nao_ws/install/integration/lib/python3.12/site-packages/integration
[4.052s] copying /home/fai/nao_ws/build/integration/build/lib/integration/__init__.py -> /home/fai/nao_ws/install/integration/lib/python3.12/site-packages/integration
[4.052s] copying /home/fai/nao_ws/build/integration/build/lib/integration/integration_interface.py -> /home/fai/nao_ws/install/integration/lib/python3.12/site-packages/integration
[4.056s] byte-compiling /home/fai/nao_ws/install/integration/lib/python3.12/site-packages/integration/task_one.py to task_one.cpython-312.pyc
[4.057s] byte-compiling /home/fai/nao_ws/install/integration/lib/python3.12/site-packages/integration/__init__.py to __init__.cpython-312.pyc
[4.059s] byte-compiling /home/fai/nao_ws/install/integration/lib/python3.12/site-packages/integration/integration_interface.py to integration_interface.cpython-312.pyc
[4.062s] running install_data
[4.062s] creating /home/fai/nao_ws/install/integration/share/ament_index
[4.063s] creating /home/fai/nao_ws/install/integration/share/ament_index/resource_index
[4.063s] creating /home/fai/nao_ws/install/integration/share/ament_index/resource_index/packages
[4.063s] copying resource/integration -> /home/fai/nao_ws/install/integration/share/ament_index/resource_index/packages
[4.063s] copying package.xml -> /home/fai/nao_ws/install/integration/share/integration
[4.064s] running install_egg_info
[4.124s] Copying ../../build/integration/integration.egg-info to /home/fai/nao_ws/install/integration/lib/python3.12/site-packages/integration-0.0.0-py3.12.egg-info
[4.126s] running install_scripts
[4.432s] Installing integration_interface script to /home/fai/nao_ws/install/integration/lib/integration
[4.432s] Installing task_one script to /home/fai/nao_ws/install/integration/lib/integration
[4.432s] writing list of installed files to '/home/fai/nao_ws/build/integration/install.log'
[4.518s] Invoked command in '/home/fai/nao_ws/src/integration' returned '0': DEBUGINFOD_URLS=https://debuginfod.ubuntu.com PYTHONPATH=/home/fai/nao_ws/build/integration/prefix_override:/usr/lib/python3/dist-packages/colcon_core/task/python/colcon_distutils_commands:/home/fai/nao_ws/install/integration/lib/python3.12/site-packages:/home/fai/nao_ws/install/speech_interfaces/lib/python3.12/site-packages:/home/fai/nao_ws/install/perception_interfaces/lib/python3.12/site-packages:/home/fai/nao_ws/install/navigation_interfaces/lib/python3.12/site-packages:/home/fai/nao_ws/install/manipulation_interfaces/lib/python3.12/site-packages:/home/fai/nao_ws/install/nao_tasks/lib/python3.12/site-packages:/home/fai/nao_ws/install/web_controller/lib/python3.12/site-packages:/home/fai/nao_ws/install/speech/lib/python3.12/site-packages:/home/fai/nao_ws/install/integration/lib/python3.12/site-packages:/home/fai/nao_ws/install/perception/lib/python3.12/site-packages:/home/fai/nao_ws/install/navigation/lib/python3.12/site-packages:/home/fai/nao_ws/install/nao_qi_ros2_package/lib/python3.12/site-packages:/home/fai/nao_ws/install/manipulation/lib/python3.12/site-packages:/opt/ros/jazzy/lib/python3.12/site-packages /usr/bin/python3 -W ignore:setup.py install is deprecated setup.py egg_info --egg-base ../../build/integration build --build-base /home/fai/nao_ws/build/integration/build install --record /home/fai/nao_ws/build/integration/install.log --single-version-externally-managed install_data
