[3.952s] Invoking command in '/home/robotica/nao_ws/src/nao_qi_ros2_package': DEBUGINFOD_URLS=https://debuginfod.ubuntu.com PYTHONPATH=/home/robotica/nao_ws/src/build/nao_qi_ros2_package/prefix_override:/usr/lib/python3/dist-packages/colcon_core/task/python/colcon_distutils_commands:/home/robotica/nao_ws/src/install/nao_qi_ros2_package/lib/python3.12/site-packages:${PYTHONPATH} /usr/bin/python3 -W ignore:setup.py install is deprecated setup.py egg_info --egg-base ../build/nao_qi_ros2_package build --build-base /home/robotica/nao_ws/src/build/nao_qi_ros2_package/build install --record /home/robotica/nao_ws/src/build/nao_qi_ros2_package/install.log --single-version-externally-managed install_data
[4.981s] running egg_info
[4.985s] creating ../build/nao_qi_ros2_package/nao_qi_ros2_package.egg-info
[5.066s] writing ../build/nao_qi_ros2_package/nao_qi_ros2_package.egg-info/PKG-INFO
[5.066s] writing dependency_links to ../build/nao_qi_ros2_package/nao_qi_ros2_package.egg-info/dependency_links.txt
[5.069s] writing entry points to ../build/nao_qi_ros2_package/nao_qi_ros2_package.egg-info/entry_points.txt
[5.069s] writing requirements to ../build/nao_qi_ros2_package/nao_qi_ros2_package.egg-info/requires.txt
[5.070s] writing top-level names to ../build/nao_qi_ros2_package/nao_qi_ros2_package.egg-info/top_level.txt
[5.072s] writing manifest file '../build/nao_qi_ros2_package/nao_qi_ros2_package.egg-info/SOURCES.txt'
[5.224s] reading manifest file '../build/nao_qi_ros2_package/nao_qi_ros2_package.egg-info/SOURCES.txt'
[5.226s] writing manifest file '../build/nao_qi_ros2_package/nao_qi_ros2_package.egg-info/SOURCES.txt'
[5.226s] running build
[5.226s] running build_py
[5.228s] creating /home/robotica/nao_ws/src/build/nao_qi_ros2_package/build
[5.228s] creating /home/robotica/nao_ws/src/build/nao_qi_ros2_package/build/lib
[5.229s] creating /home/robotica/nao_ws/src/build/nao_qi_ros2_package/build/lib/nao_qi_ros2_package
[5.229s] copying nao_qi_ros2_package/nao_talker.py -> /home/robotica/nao_ws/src/build/nao_qi_ros2_package/build/lib/nao_qi_ros2_package
[5.229s] copying nao_qi_ros2_package/__init__.py -> /home/robotica/nao_ws/src/build/nao_qi_ros2_package/build/lib/nao_qi_ros2_package
[5.230s] running install
[5.255s] running install_lib
[5.328s] creating /home/robotica/nao_ws/src/install/nao_qi_ros2_package/lib/python3.12/site-packages/nao_qi_ros2_package
[5.328s] copying /home/robotica/nao_ws/src/build/nao_qi_ros2_package/build/lib/nao_qi_ros2_package/nao_talker.py -> /home/robotica/nao_ws/src/install/nao_qi_ros2_package/lib/python3.12/site-packages/nao_qi_ros2_package
[5.328s] copying /home/robotica/nao_ws/src/build/nao_qi_ros2_package/build/lib/nao_qi_ros2_package/__init__.py -> /home/robotica/nao_ws/src/install/nao_qi_ros2_package/lib/python3.12/site-packages/nao_qi_ros2_package
[5.330s] byte-compiling /home/robotica/nao_ws/src/install/nao_qi_ros2_package/lib/python3.12/site-packages/nao_qi_ros2_package/nao_talker.py to nao_talker.cpython-312.pyc
[5.333s] byte-compiling /home/robotica/nao_ws/src/install/nao_qi_ros2_package/lib/python3.12/site-packages/nao_qi_ros2_package/__init__.py to __init__.cpython-312.pyc
[5.334s] running install_data
[5.335s] creating /home/robotica/nao_ws/src/install/nao_qi_ros2_package/share/ament_index
[5.335s] creating /home/robotica/nao_ws/src/install/nao_qi_ros2_package/share/ament_index/resource_index
[5.336s] creating /home/robotica/nao_ws/src/install/nao_qi_ros2_package/share/ament_index/resource_index/packages
[5.337s] copying resource/nao_qi_ros2_package -> /home/robotica/nao_ws/src/install/nao_qi_ros2_package/share/ament_index/resource_index/packages
[5.339s] copying package.xml -> /home/robotica/nao_ws/src/install/nao_qi_ros2_package/share/nao_qi_ros2_package
[5.339s] running install_egg_info
[5.421s] Copying ../build/nao_qi_ros2_package/nao_qi_ros2_package.egg-info to /home/robotica/nao_ws/src/install/nao_qi_ros2_package/lib/python3.12/site-packages/nao_qi_ros2_package-0.0.1-py3.12.egg-info
[5.421s] running install_scripts
[5.911s] Installing nao_talker script to /home/robotica/nao_ws/src/install/nao_qi_ros2_package/lib/nao_qi_ros2_package
[5.914s] writing list of installed files to '/home/robotica/nao_ws/src/build/nao_qi_ros2_package/install.log'
[6.004s] Invoked command in '/home/robotica/nao_ws/src/nao_qi_ros2_package' returned '0': DEBUGINFOD_URLS=https://debuginfod.ubuntu.com PYTHONPATH=/home/robotica/nao_ws/src/build/nao_qi_ros2_package/prefix_override:/usr/lib/python3/dist-packages/colcon_core/task/python/colcon_distutils_commands:/home/robotica/nao_ws/src/install/nao_qi_ros2_package/lib/python3.12/site-packages:${PYTHONPATH} /usr/bin/python3 -W ignore:setup.py install is deprecated setup.py egg_info --egg-base ../build/nao_qi_ros2_package build --build-base /home/robotica/nao_ws/src/build/nao_qi_ros2_package/build install --record /home/robotica/nao_ws/src/build/nao_qi_ros2_package/install.log --single-version-externally-managed install_data
