[3.032s] Invoking command in '/home/fai/nao_ws/src/integration': DEBUGINFOD_URLS=https://debuginfod.ubuntu.com PYTHONPATH=/home/fai/nao_ws/build/integration/prefix_override:/usr/lib/python3/dist-packages/colcon_core/task/python/colcon_distutils_commands:/home/fai/nao_ws/install/integration/lib/python3.12/site-packages:/home/fai/nao_ws/install/speech_interfaces/lib/python3.12/site-packages:/home/fai/nao_ws/install/perception_interfaces/lib/python3.12/site-packages:/home/fai/nao_ws/install/navigation_interfaces/lib/python3.12/site-packages:/home/fai/nao_ws/install/manipulation_interfaces/lib/python3.12/site-packages:/home/fai/nao_ws/install/web_controller/lib/python3.12/site-packages:/home/fai/nao_ws/install/speech/lib/python3.12/site-packages:/home/fai/nao_ws/install/nao_tasks/lib/python3.12/site-packages:/home/fai/nao_ws/install/integration/lib/python3.12/site-packages:/home/fai/nao_ws/install/perception/lib/python3.12/site-packages:/home/fai/nao_ws/install/navigation/lib/python3.12/site-packages:/home/fai/nao_ws/install/nao_qi_ros2_package/lib/python3.12/site-packages:/home/fai/nao_ws/install/manipulation/lib/python3.12/site-packages:/opt/ros/jazzy/lib/python3.12/site-packages /usr/bin/python3 -W ignore:setup.py install is deprecated setup.py egg_info --egg-base ../../build/integration build --build-base /home/fai/nao_ws/build/integration/build install --record /home/fai/nao_ws/build/integration/install.log --single-version-externally-managed install_data
[3.890s] running egg_info
[3.954s] writing ../../build/integration/integration.egg-info/PKG-INFO
[3.958s] writing dependency_links to ../../build/integration/integration.egg-info/dependency_links.txt
[3.958s] writing entry points to ../../build/integration/integration.egg-info/entry_points.txt
[3.958s] writing requirements to ../../build/integration/integration.egg-info/requires.txt
[3.959s] writing top-level names to ../../build/integration/integration.egg-info/top_level.txt
[4.091s] reading manifest file '../../build/integration/integration.egg-info/SOURCES.txt'
[4.094s] writing manifest file '../../build/integration/integration.egg-info/SOURCES.txt'
[4.095s] running build
[4.095s] running build_py
[4.096s] copying integration/tasks/demo_task.py -> /home/fai/nao_ws/build/integration/build/lib/integration/tasks
[4.096s] running install
[4.115s] running install_lib
[4.188s] copying /home/fai/nao_ws/build/integration/build/lib/integration/tasks/demo_task.py -> /home/fai/nao_ws/install/integration/lib/python3.12/site-packages/integration/tasks
[4.189s] byte-compiling /home/fai/nao_ws/install/integration/lib/python3.12/site-packages/integration/tasks/demo_task.py to demo_task.cpython-312.pyc
[4.193s] running install_data
[4.193s] running install_egg_info
[4.258s] removing '/home/fai/nao_ws/install/integration/lib/python3.12/site-packages/integration-0.0.0-py3.12.egg-info' (and everything under it)
[4.261s] Copying ../../build/integration/integration.egg-info to /home/fai/nao_ws/install/integration/lib/python3.12/site-packages/integration-0.0.0-py3.12.egg-info
[4.262s] running install_scripts
[4.732s] Installing demo_task script to /home/fai/nao_ws/install/integration/lib/integration
[4.737s] Installing integration_interface script to /home/fai/nao_ws/install/integration/lib/integration
[4.737s] Installing task_one script to /home/fai/nao_ws/install/integration/lib/integration
[4.737s] writing list of installed files to '/home/fai/nao_ws/build/integration/install.log'
[5.122s] Invoked command in '/home/fai/nao_ws/src/integration' returned '0': DEBUGINFOD_URLS=https://debuginfod.ubuntu.com PYTHONPATH=/home/fai/nao_ws/build/integration/prefix_override:/usr/lib/python3/dist-packages/colcon_core/task/python/colcon_distutils_commands:/home/fai/nao_ws/install/integration/lib/python3.12/site-packages:/home/fai/nao_ws/install/speech_interfaces/lib/python3.12/site-packages:/home/fai/nao_ws/install/perception_interfaces/lib/python3.12/site-packages:/home/fai/nao_ws/install/navigation_interfaces/lib/python3.12/site-packages:/home/fai/nao_ws/install/manipulation_interfaces/lib/python3.12/site-packages:/home/fai/nao_ws/install/web_controller/lib/python3.12/site-packages:/home/fai/nao_ws/install/speech/lib/python3.12/site-packages:/home/fai/nao_ws/install/nao_tasks/lib/python3.12/site-packages:/home/fai/nao_ws/install/integration/lib/python3.12/site-packages:/home/fai/nao_ws/install/perception/lib/python3.12/site-packages:/home/fai/nao_ws/install/navigation/lib/python3.12/site-packages:/home/fai/nao_ws/install/nao_qi_ros2_package/lib/python3.12/site-packages:/home/fai/nao_ws/install/manipulation/lib/python3.12/site-packages:/opt/ros/jazzy/lib/python3.12/site-packages /usr/bin/python3 -W ignore:setup.py install is deprecated setup.py egg_info --egg-base ../../build/integration build --build-base /home/fai/nao_ws/build/integration/build install --record /home/fai/nao_ws/build/integration/install.log --single-version-externally-managed install_data
