[0.059s] Invoking command in '/home/robotica/nao_ws/src/build/manipulation_interfaces': CMAKE_PREFIX_PATH=${CMAKE_PREFIX_PATH}:/home/robotica/nao_ws/src/install/web_controller:/home/robotica/nao_ws/src/install/speech:/home/robotica/nao_ws/src/install/integration:/home/robotica/nao_ws/src/install/rest_api:/home/robotica/nao_ws/src/install/perception:/home/robotica/nao_ws/src/install/navigation:/home/robotica/nao_ws/src/install/nao_qi_ros2_package:/home/robotica/nao_ws/src/install/manipulation:/home/robotica/nao_ws/install/web_controller:/home/robotica/nao_ws/install/speech:/home/robotica/nao_ws/install/integration:/home/robotica/nao_ws/install/rest_api:/home/robotica/nao_ws/install/perception:/home/robotica/nao_ws/install/navigation:/home/robotica/nao_ws/install/nao_qi_ros2_package:/home/robotica/nao_ws/install/manipulation:/opt/ros/jazzy DEBUGINFOD_URLS=https://debuginfod.ubuntu.com /usr/bin/cmake --build /home/robotica/nao_ws/src/build/manipulation_interfaces -- -j4 -l4
[0.254s] [  1%] Built target manipulation_interfaces__rosidl_generator_type_description
[0.379s] [  1%] Built target ament_cmake_python_copy_manipulation_interfaces
[0.420s] [ 24%] Built target manipulation_interfaces__rosidl_generator_c
[0.448s] [ 25%] Built target manipulation_interfaces__cpp
[0.695s] [ 35%] Built target manipulation_interfaces__rosidl_typesupport_c
[0.746s] [ 44%] Built target manipulation_interfaces__rosidl_typesupport_introspection_c
[0.814s] [ 54%] Built target manipulation_interfaces__rosidl_typesupport_fastrtps_c
[0.999s] [ 63%] Built target manipulation_interfaces__rosidl_typesupport_introspection_cpp
[1.035s] [ 72%] Built target manipulation_interfaces__rosidl_typesupport_fastrtps_cpp
[1.058s] [ 82%] Built target manipulation_interfaces__rosidl_typesupport_cpp
[1.141s] [ 82%] Built target manipulation_interfaces
[1.243s] [ 83%] Built target manipulation_interfaces__py
[1.460s] [ 91%] Built target manipulation_interfaces__rosidl_generator_py
[1.688s] [ 94%] Built target manipulation_interfaces_s__rosidl_typesupport_fastrtps_c
[1.703s] [ 97%] Built target manipulation_interfaces_s__rosidl_typesupport_c
[1.708s] [100%] Built target manipulation_interfaces_s__rosidl_typesupport_introspection_c
[1.935s] running egg_info
[2.017s] writing manipulation_interfaces.egg-info/PKG-INFO
[2.018s] writing dependency_links to manipulation_interfaces.egg-info/dependency_links.txt
[2.019s] writing top-level names to manipulation_interfaces.egg-info/top_level.txt
[2.269s] reading manifest file 'manipulation_interfaces.egg-info/SOURCES.txt'
[2.269s] writing manifest file 'manipulation_interfaces.egg-info/SOURCES.txt'
[2.362s] [100%] Built target ament_cmake_python_build_manipulation_interfaces_egg
[2.422s] Invoked command in '/home/robotica/nao_ws/src/build/manipulation_interfaces' returned '0': CMAKE_PREFIX_PATH=${CMAKE_PREFIX_PATH}:/home/robotica/nao_ws/src/install/web_controller:/home/robotica/nao_ws/src/install/speech:/home/robotica/nao_ws/src/install/integration:/home/robotica/nao_ws/src/install/rest_api:/home/robotica/nao_ws/src/install/perception:/home/robotica/nao_ws/src/install/navigation:/home/robotica/nao_ws/src/install/nao_qi_ros2_package:/home/robotica/nao_ws/src/install/manipulation:/home/robotica/nao_ws/install/web_controller:/home/robotica/nao_ws/install/speech:/home/robotica/nao_ws/install/integration:/home/robotica/nao_ws/install/rest_api:/home/robotica/nao_ws/install/perception:/home/robotica/nao_ws/install/navigation:/home/robotica/nao_ws/install/nao_qi_ros2_package:/home/robotica/nao_ws/install/manipulation:/opt/ros/jazzy DEBUGINFOD_URLS=https://debuginfod.ubuntu.com /usr/bin/cmake --build /home/robotica/nao_ws/src/build/manipulation_interfaces -- -j4 -l4
[3.174s] Invoking command in '/home/robotica/nao_ws/src/build/manipulation_interfaces': CMAKE_PREFIX_PATH=${CMAKE_PREFIX_PATH}:/home/robotica/nao_ws/src/install/web_controller:/home/robotica/nao_ws/src/install/speech:/home/robotica/nao_ws/src/install/integration:/home/robotica/nao_ws/src/install/rest_api:/home/robotica/nao_ws/src/install/perception:/home/robotica/nao_ws/src/install/navigation:/home/robotica/nao_ws/src/install/nao_qi_ros2_package:/home/robotica/nao_ws/src/install/manipulation:/home/robotica/nao_ws/install/web_controller:/home/robotica/nao_ws/install/speech:/home/robotica/nao_ws/install/integration:/home/robotica/nao_ws/install/rest_api:/home/robotica/nao_ws/install/perception:/home/robotica/nao_ws/install/navigation:/home/robotica/nao_ws/install/nao_qi_ros2_package:/home/robotica/nao_ws/install/manipulation:/opt/ros/jazzy DEBUGINFOD_URLS=https://debuginfod.ubuntu.com /usr/bin/cmake --install /home/robotica/nao_ws/src/build/manipulation_interfaces
[3.210s] -- Install configuration: ""
[3.212s] -- Up-to-date: /home/robotica/nao_ws/src/install/manipulation_interfaces/share/ament_index/resource_index/rosidl_interfaces/manipulation_interfaces
[3.213s] -- Up-to-date: /home/robotica/nao_ws/src/install/manipulation_interfaces/share/manipulation_interfaces/srv/MoveArm.json
[3.214s] -- Up-to-date: /home/robotica/nao_ws/src/install/manipulation_interfaces/share/manipulation_interfaces/srv/StandUp.json
[3.216s] -- Up-to-date: /home/robotica/nao_ws/src/install/manipulation_interfaces/share/manipulation_interfaces/srv/SetPosture.json
[3.219s] -- Up-to-date: /home/robotica/nao_ws/src/install/manipulation_interfaces/share/manipulation_interfaces/srv/SetMode.json
[3.221s] -- Up-to-date: /home/robotica/nao_ws/src/install/manipulation_interfaces/share/manipulation_interfaces/srv/ToggleAwareness.json
[3.222s] -- Up-to-date: /home/robotica/nao_ws/src/install/manipulation_interfaces/include/manipulation_interfaces/manipulation_interfaces
[3.225s] -- Up-to-date: /home/robotica/nao_ws/src/install/manipulation_interfaces/include/manipulation_interfaces/manipulation_interfaces/srv
[3.226s] -- Up-to-date: /home/robotica/nao_ws/src/install/manipulation_interfaces/include/manipulation_interfaces/manipulation_interfaces/srv/set_posture.h
[3.226s] -- Up-to-date: /home/robotica/nao_ws/src/install/manipulation_interfaces/include/manipulation_interfaces/manipulation_interfaces/srv/toggle_awareness.h
[3.226s] -- Up-to-date: /home/robotica/nao_ws/src/install/manipulation_interfaces/include/manipulation_interfaces/manipulation_interfaces/srv/stand_up.h
[3.226s] -- Up-to-date: /home/robotica/nao_ws/src/install/manipulation_interfaces/include/manipulation_interfaces/manipulation_interfaces/srv/move_arm.h
[3.227s] -- Up-to-date: /home/robotica/nao_ws/src/install/manipulation_interfaces/include/manipulation_interfaces/manipulation_interfaces/srv/set_mode.h
[3.235s] -- Up-to-date: /home/robotica/nao_ws/src/install/manipulation_interfaces/include/manipulation_interfaces/manipulation_interfaces/srv/detail
[3.235s] -- Up-to-date: /home/robotica/nao_ws/src/install/manipulation_interfaces/include/manipulation_interfaces/manipulation_interfaces/srv/detail/set_mode__type_support.h
[3.236s] -- Installing: /home/robotica/nao_ws/src/install/manipulation_interfaces/include/manipulation_interfaces/manipulation_interfaces/srv/detail/set_mode__type_support.c
[3.236s] -- Up-to-date: /home/robotica/nao_ws/src/install/manipulation_interfaces/include/manipulation_interfaces/manipulation_interfaces/srv/detail/set_posture__type_support.h
[3.238s] -- Up-to-date: /home/robotica/nao_ws/src/install/manipulation_interfaces/include/manipulation_interfaces/manipulation_interfaces/srv/detail/move_arm__struct.h
[3.238s] -- Up-to-date: /home/robotica/nao_ws/src/install/manipulation_interfaces/include/manipulation_interfaces/manipulation_interfaces/srv/detail/set_mode__functions.c
[3.239s] -- Up-to-date: /home/robotica/nao_ws/src/install/manipulation_interfaces/include/manipulation_interfaces/manipulation_interfaces/srv/detail/toggle_awareness__struct.h
[3.239s] -- Installing: /home/robotica/nao_ws/src/install/manipulation_interfaces/include/manipulation_interfaces/manipulation_interfaces/srv/detail/move_arm__type_support.c
[3.239s] -- Up-to-date: /home/robotica/nao_ws/src/install/manipulation_interfaces/include/manipulation_interfaces/manipulation_interfaces/srv/detail/toggle_awareness__description.c
[3.239s] -- Up-to-date: /home/robotica/nao_ws/src/install/manipulation_interfaces/include/manipulation_interfaces/manipulation_interfaces/srv/detail/stand_up__functions.c
[3.240s] -- Up-to-date: /home/robotica/nao_ws/src/install/manipulation_interfaces/include/manipulation_interfaces/manipulation_interfaces/srv/detail/set_posture__functions.h
[3.242s] -- Up-to-date: /home/robotica/nao_ws/src/install/manipulation_interfaces/include/manipulation_interfaces/manipulation_interfaces/srv/detail/move_arm__functions.h
[3.242s] -- Up-to-date: /home/robotica/nao_ws/src/install/manipulation_interfaces/include/manipulation_interfaces/manipulation_interfaces/srv/detail/stand_up__functions.h
[3.242s] -- Up-to-date: /home/robotica/nao_ws/src/install/manipulation_interfaces/include/manipulation_interfaces/manipulation_interfaces/srv/detail/move_arm__type_support.h
[3.242s] -- Up-to-date: /home/robotica/nao_ws/src/install/manipulation_interfaces/include/manipulation_interfaces/manipulation_interfaces/srv/detail/toggle_awareness__functions.h
[3.242s] -- Up-to-date: /home/robotica/nao_ws/src/install/manipulation_interfaces/include/manipulation_interfaces/manipulation_interfaces/srv/detail/move_arm__description.c
[3.243s] -- Up-to-date: /home/robotica/nao_ws/src/install/manipulation_interfaces/include/manipulation_interfaces/manipulation_interfaces/srv/detail/toggle_awareness__functions.c
[3.244s] -- Installing: /home/robotica/nao_ws/src/install/manipulation_interfaces/include/manipulation_interfaces/manipulation_interfaces/srv/detail/toggle_awareness__type_support.c
[3.244s] -- Up-to-date: /home/robotica/nao_ws/src/install/manipulation_interfaces/include/manipulation_interfaces/manipulation_interfaces/srv/detail/set_mode__struct.h
[3.244s] -- Up-to-date: /home/robotica/nao_ws/src/install/manipulation_interfaces/include/manipulation_interfaces/manipulation_interfaces/srv/detail/stand_up__description.c
[3.245s] -- Up-to-date: /home/robotica/nao_ws/src/install/manipulation_interfaces/include/manipulation_interfaces/manipulation_interfaces/srv/detail/set_posture__struct.h
[3.245s] -- Up-to-date: /home/robotica/nao_ws/src/install/manipulation_interfaces/include/manipulation_interfaces/manipulation_interfaces/srv/detail/stand_up__struct.h
[3.246s] -- Installing: /home/robotica/nao_ws/src/install/manipulation_interfaces/include/manipulation_interfaces/manipulation_interfaces/srv/detail/stand_up__type_support.c
[3.246s] -- Up-to-date: /home/robotica/nao_ws/src/install/manipulation_interfaces/include/manipulation_interfaces/manipulation_interfaces/srv/detail/set_mode__functions.h
[3.246s] -- Up-to-date: /home/robotica/nao_ws/src/install/manipulation_interfaces/include/manipulation_interfaces/manipulation_interfaces/srv/detail/toggle_awareness__type_support.h
[3.247s] -- Up-to-date: /home/robotica/nao_ws/src/install/manipulation_interfaces/include/manipulation_interfaces/manipulation_interfaces/srv/detail/set_posture__description.c
[3.247s] -- Up-to-date: /home/robotica/nao_ws/src/install/manipulation_interfaces/include/manipulation_interfaces/manipulation_interfaces/srv/detail/stand_up__type_support.h
[3.247s] -- Up-to-date: /home/robotica/nao_ws/src/install/manipulation_interfaces/include/manipulation_interfaces/manipulation_interfaces/srv/detail/set_posture__functions.c
[3.247s] -- Up-to-date: /home/robotica/nao_ws/src/install/manipulation_interfaces/include/manipulation_interfaces/manipulation_interfaces/srv/detail/move_arm__functions.c
[3.248s] -- Up-to-date: /home/robotica/nao_ws/src/install/manipulation_interfaces/include/manipulation_interfaces/manipulation_interfaces/srv/detail/set_mode__description.c
[3.248s] -- Installing: /home/robotica/nao_ws/src/install/manipulation_interfaces/include/manipulation_interfaces/manipulation_interfaces/srv/detail/set_posture__type_support.c
[3.248s] -- Up-to-date: /home/robotica/nao_ws/src/install/manipulation_interfaces/include/manipulation_interfaces/manipulation_interfaces/msg
[3.248s] -- Up-to-date: /home/robotica/nao_ws/src/install/manipulation_interfaces/include/manipulation_interfaces/manipulation_interfaces/msg/rosidl_generator_c__visibility_control.h
[3.249s] -- Up-to-date: /home/robotica/nao_ws/src/install/manipulation_interfaces/share/manipulation_interfaces/environment/library_path.sh
[3.252s] -- Up-to-date: /home/robotica/nao_ws/src/install/manipulation_interfaces/share/manipulation_interfaces/environment/library_path.dsv
[3.252s] -- Up-to-date: /home/robotica/nao_ws/src/install/manipulation_interfaces/lib/libmanipulation_interfaces__rosidl_generator_c.so
[3.252s] -- Up-to-date: /home/robotica/nao_ws/src/install/manipulation_interfaces/include/manipulation_interfaces/manipulation_interfaces
[3.253s] -- Up-to-date: /home/robotica/nao_ws/src/install/manipulation_interfaces/include/manipulation_interfaces/manipulation_interfaces/srv
[3.253s] -- Up-to-date: /home/robotica/nao_ws/src/install/manipulation_interfaces/include/manipulation_interfaces/manipulation_interfaces/srv/detail
[3.254s] -- Up-to-date: /home/robotica/nao_ws/src/install/manipulation_interfaces/include/manipulation_interfaces/manipulation_interfaces/srv/detail/set_mode__rosidl_typesupport_fastrtps_c.h
[3.254s] -- Up-to-date: /home/robotica/nao_ws/src/install/manipulation_interfaces/include/manipulation_interfaces/manipulation_interfaces/srv/detail/set_posture__rosidl_typesupport_fastrtps_c.h
[3.255s] -- Up-to-date: /home/robotica/nao_ws/src/install/manipulation_interfaces/include/manipulation_interfaces/manipulation_interfaces/srv/detail/toggle_awareness__rosidl_typesupport_fastrtps_c.h
[3.255s] -- Up-to-date: /home/robotica/nao_ws/src/install/manipulation_interfaces/include/manipulation_interfaces/manipulation_interfaces/srv/detail/move_arm__rosidl_typesupport_fastrtps_c.h
[3.255s] -- Up-to-date: /home/robotica/nao_ws/src/install/manipulation_interfaces/include/manipulation_interfaces/manipulation_interfaces/srv/detail/stand_up__rosidl_typesupport_fastrtps_c.h
[3.256s] -- Up-to-date: /home/robotica/nao_ws/src/install/manipulation_interfaces/include/manipulation_interfaces/manipulation_interfaces/msg
[3.256s] -- Up-to-date: /home/robotica/nao_ws/src/install/manipulation_interfaces/include/manipulation_interfaces/manipulation_interfaces/msg/rosidl_typesupport_fastrtps_c__visibility_control.h
[3.257s] -- Up-to-date: /home/robotica/nao_ws/src/install/manipulation_interfaces/lib/libmanipulation_interfaces__rosidl_typesupport_fastrtps_c.so
[3.258s] -- Up-to-date: /home/robotica/nao_ws/src/install/manipulation_interfaces/include/manipulation_interfaces/manipulation_interfaces
[3.259s] -- Up-to-date: /home/robotica/nao_ws/src/install/manipulation_interfaces/include/manipulation_interfaces/manipulation_interfaces/srv
[3.261s] -- Up-to-date: /home/robotica/nao_ws/src/install/manipulation_interfaces/include/manipulation_interfaces/manipulation_interfaces/srv/detail
[3.262s] -- Up-to-date: /home/robotica/nao_ws/src/install/manipulation_interfaces/include/manipulation_interfaces/manipulation_interfaces/srv/detail/set_posture__rosidl_typesupport_introspection_c.h
[3.263s] -- Installing: /home/robotica/nao_ws/src/install/manipulation_interfaces/include/manipulation_interfaces/manipulation_interfaces/srv/detail/set_mode__type_support.c
[3.264s] -- Up-to-date: /home/robotica/nao_ws/src/install/manipulation_interfaces/include/manipulation_interfaces/manipulation_interfaces/srv/detail/move_arm__rosidl_typesupport_introspection_c.h
[3.264s] -- Up-to-date: /home/robotica/nao_ws/src/install/manipulation_interfaces/include/manipulation_interfaces/manipulation_interfaces/srv/detail/stand_up__rosidl_typesupport_introspection_c.h
[3.264s] -- Installing: /home/robotica/nao_ws/src/install/manipulation_interfaces/include/manipulation_interfaces/manipulation_interfaces/srv/detail/move_arm__type_support.c
[3.265s] -- Up-to-date: /home/robotica/nao_ws/src/install/manipulation_interfaces/include/manipulation_interfaces/manipulation_interfaces/srv/detail/set_mode__rosidl_typesupport_introspection_c.h
[3.266s] -- Installing: /home/robotica/nao_ws/src/install/manipulation_interfaces/include/manipulation_interfaces/manipulation_interfaces/srv/detail/toggle_awareness__type_support.c
[3.270s] -- Installing: /home/robotica/nao_ws/src/install/manipulation_interfaces/include/manipulation_interfaces/manipulation_interfaces/srv/detail/stand_up__type_support.c
[3.270s] -- Up-to-date: /home/robotica/nao_ws/src/install/manipulation_interfaces/include/manipulation_interfaces/manipulation_interfaces/srv/detail/toggle_awareness__rosidl_typesupport_introspection_c.h
[3.270s] -- Installing: /home/robotica/nao_ws/src/install/manipulation_interfaces/include/manipulation_interfaces/manipulation_interfaces/srv/detail/set_posture__type_support.c
[3.271s] -- Up-to-date: /home/robotica/nao_ws/src/install/manipulation_interfaces/include/manipulation_interfaces/manipulation_interfaces/msg
[3.271s] -- Up-to-date: /home/robotica/nao_ws/src/install/manipulation_interfaces/include/manipulation_interfaces/manipulation_interfaces/msg/rosidl_typesupport_introspection_c__visibility_control.h
[3.271s] -- Up-to-date: /home/robotica/nao_ws/src/install/manipulation_interfaces/lib/libmanipulation_interfaces__rosidl_typesupport_introspection_c.so
[3.271s] -- Up-to-date: /home/robotica/nao_ws/src/install/manipulation_interfaces/lib/libmanipulation_interfaces__rosidl_typesupport_c.so
[3.272s] -- Up-to-date: /home/robotica/nao_ws/src/install/manipulation_interfaces/include/manipulation_interfaces/manipulation_interfaces
[3.272s] -- Up-to-date: /home/robotica/nao_ws/src/install/manipulation_interfaces/include/manipulation_interfaces/manipulation_interfaces/srv
[3.272s] -- Up-to-date: /home/robotica/nao_ws/src/install/manipulation_interfaces/include/manipulation_interfaces/manipulation_interfaces/srv/toggle_awareness.hpp
[3.272s] -- Up-to-date: /home/robotica/nao_ws/src/install/manipulation_interfaces/include/manipulation_interfaces/manipulation_interfaces/srv/move_arm.hpp
[3.273s] -- Up-to-date: /home/robotica/nao_ws/src/install/manipulation_interfaces/include/manipulation_interfaces/manipulation_interfaces/srv/stand_up.hpp
[3.273s] -- Up-to-date: /home/robotica/nao_ws/src/install/manipulation_interfaces/include/manipulation_interfaces/manipulation_interfaces/srv/set_posture.hpp
[3.273s] -- Up-to-date: /home/robotica/nao_ws/src/install/manipulation_interfaces/include/manipulation_interfaces/manipulation_interfaces/srv/detail
[3.274s] -- Up-to-date: /home/robotica/nao_ws/src/install/manipulation_interfaces/include/manipulation_interfaces/manipulation_interfaces/srv/detail/toggle_awareness__builder.hpp
[3.274s] -- Up-to-date: /home/robotica/nao_ws/src/install/manipulation_interfaces/include/manipulation_interfaces/manipulation_interfaces/srv/detail/set_posture__struct.hpp
[3.275s] -- Up-to-date: /home/robotica/nao_ws/src/install/manipulation_interfaces/include/manipulation_interfaces/manipulation_interfaces/srv/detail/set_posture__type_support.hpp
[3.275s] -- Up-to-date: /home/robotica/nao_ws/src/install/manipulation_interfaces/include/manipulation_interfaces/manipulation_interfaces/srv/detail/stand_up__traits.hpp
[3.275s] -- Up-to-date: /home/robotica/nao_ws/src/install/manipulation_interfaces/include/manipulation_interfaces/manipulation_interfaces/srv/detail/set_posture__traits.hpp
[3.275s] -- Up-to-date: /home/robotica/nao_ws/src/install/manipulation_interfaces/include/manipulation_interfaces/manipulation_interfaces/srv/detail/set_mode__builder.hpp
[3.275s] -- Up-to-date: /home/robotica/nao_ws/src/install/manipulation_interfaces/include/manipulation_interfaces/manipulation_interfaces/srv/detail/set_mode__struct.hpp
[3.276s] -- Up-to-date: /home/robotica/nao_ws/src/install/manipulation_interfaces/include/manipulation_interfaces/manipulation_interfaces/srv/detail/move_arm__type_support.hpp
[3.276s] -- Up-to-date: /home/robotica/nao_ws/src/install/manipulation_interfaces/include/manipulation_interfaces/manipulation_interfaces/srv/detail/set_mode__type_support.hpp
[3.280s] -- Up-to-date: /home/robotica/nao_ws/src/install/manipulation_interfaces/include/manipulation_interfaces/manipulation_interfaces/srv/detail/toggle_awareness__type_support.hpp
[3.282s] -- Up-to-date: /home/robotica/nao_ws/src/install/manipulation_interfaces/include/manipulation_interfaces/manipulation_interfaces/srv/detail/move_arm__struct.hpp
[3.283s] -- Up-to-date: /home/robotica/nao_ws/src/install/manipulation_interfaces/include/manipulation_interfaces/manipulation_interfaces/srv/detail/set_mode__traits.hpp
[3.283s] -- Up-to-date: /home/robotica/nao_ws/src/install/manipulation_interfaces/include/manipulation_interfaces/manipulation_interfaces/srv/detail/move_arm__builder.hpp
[3.283s] -- Up-to-date: /home/robotica/nao_ws/src/install/manipulation_interfaces/include/manipulation_interfaces/manipulation_interfaces/srv/detail/stand_up__builder.hpp
[3.289s] -- Up-to-date: /home/robotica/nao_ws/src/install/manipulation_interfaces/include/manipulation_interfaces/manipulation_interfaces/srv/detail/toggle_awareness__traits.hpp
[3.290s] -- Up-to-date: /home/robotica/nao_ws/src/install/manipulation_interfaces/include/manipulation_interfaces/manipulation_interfaces/srv/detail/set_posture__builder.hpp
[3.290s] -- Up-to-date: /home/robotica/nao_ws/src/install/manipulation_interfaces/include/manipulation_interfaces/manipulation_interfaces/srv/detail/stand_up__type_support.hpp
[3.290s] -- Up-to-date: /home/robotica/nao_ws/src/install/manipulation_interfaces/include/manipulation_interfaces/manipulation_interfaces/srv/detail/move_arm__traits.hpp
[3.290s] -- Up-to-date: /home/robotica/nao_ws/src/install/manipulation_interfaces/include/manipulation_interfaces/manipulation_interfaces/srv/detail/stand_up__struct.hpp
[3.292s] -- Up-to-date: /home/robotica/nao_ws/src/install/manipulation_interfaces/include/manipulation_interfaces/manipulation_interfaces/srv/detail/toggle_awareness__struct.hpp
[3.292s] -- Up-to-date: /home/robotica/nao_ws/src/install/manipulation_interfaces/include/manipulation_interfaces/manipulation_interfaces/srv/set_mode.hpp
[3.292s] -- Up-to-date: /home/robotica/nao_ws/src/install/manipulation_interfaces/include/manipulation_interfaces/manipulation_interfaces/msg
[3.292s] -- Up-to-date: /home/robotica/nao_ws/src/install/manipulation_interfaces/include/manipulation_interfaces/manipulation_interfaces/msg/rosidl_generator_cpp__visibility_control.hpp
[3.293s] -- Up-to-date: /home/robotica/nao_ws/src/install/manipulation_interfaces/include/manipulation_interfaces/manipulation_interfaces
[3.293s] -- Up-to-date: /home/robotica/nao_ws/src/install/manipulation_interfaces/include/manipulation_interfaces/manipulation_interfaces/srv
[3.293s] -- Up-to-date: /home/robotica/nao_ws/src/install/manipulation_interfaces/include/manipulation_interfaces/manipulation_interfaces/srv/detail
[3.294s] -- Up-to-date: /home/robotica/nao_ws/src/install/manipulation_interfaces/include/manipulation_interfaces/manipulation_interfaces/srv/detail/move_arm__rosidl_typesupport_fastrtps_cpp.hpp
[3.294s] -- Up-to-date: /home/robotica/nao_ws/src/install/manipulation_interfaces/include/manipulation_interfaces/manipulation_interfaces/srv/detail/toggle_awareness__rosidl_typesupport_fastrtps_cpp.hpp
[3.295s] -- Up-to-date: /home/robotica/nao_ws/src/install/manipulation_interfaces/include/manipulation_interfaces/manipulation_interfaces/srv/detail/stand_up__rosidl_typesupport_fastrtps_cpp.hpp
[3.295s] -- Up-to-date: /home/robotica/nao_ws/src/install/manipulation_interfaces/include/manipulation_interfaces/manipulation_interfaces/srv/detail/set_posture__rosidl_typesupport_fastrtps_cpp.hpp
[3.295s] -- Up-to-date: /home/robotica/nao_ws/src/install/manipulation_interfaces/include/manipulation_interfaces/manipulation_interfaces/srv/detail/set_mode__rosidl_typesupport_fastrtps_cpp.hpp
[3.295s] -- Up-to-date: /home/robotica/nao_ws/src/install/manipulation_interfaces/include/manipulation_interfaces/manipulation_interfaces/srv/detail/dds_fastrtps
[3.296s] -- Up-to-date: /home/robotica/nao_ws/src/install/manipulation_interfaces/include/manipulation_interfaces/manipulation_interfaces/msg
[3.297s] -- Up-to-date: /home/robotica/nao_ws/src/install/manipulation_interfaces/include/manipulation_interfaces/manipulation_interfaces/msg/rosidl_typesupport_fastrtps_cpp__visibility_control.h
[3.297s] -- Up-to-date: /home/robotica/nao_ws/src/install/manipulation_interfaces/lib/libmanipulation_interfaces__rosidl_typesupport_fastrtps_cpp.so
[3.297s] -- Up-to-date: /home/robotica/nao_ws/src/install/manipulation_interfaces/include/manipulation_interfaces/manipulation_interfaces
[3.298s] -- Up-to-date: /home/robotica/nao_ws/src/install/manipulation_interfaces/include/manipulation_interfaces/manipulation_interfaces/srv
[3.300s] -- Up-to-date: /home/robotica/nao_ws/src/install/manipulation_interfaces/include/manipulation_interfaces/manipulation_interfaces/srv/detail
[3.301s] -- Up-to-date: /home/robotica/nao_ws/src/install/manipulation_interfaces/include/manipulation_interfaces/manipulation_interfaces/srv/detail/set_mode__rosidl_typesupport_introspection_cpp.hpp
[3.301s] -- Up-to-date: /home/robotica/nao_ws/src/install/manipulation_interfaces/include/manipulation_interfaces/manipulation_interfaces/srv/detail/stand_up__rosidl_typesupport_introspection_cpp.hpp
[3.302s] -- Up-to-date: /home/robotica/nao_ws/src/install/manipulation_interfaces/include/manipulation_interfaces/manipulation_interfaces/srv/detail/stand_up__type_support.cpp
[3.302s] -- Up-to-date: /home/robotica/nao_ws/src/install/manipulation_interfaces/include/manipulation_interfaces/manipulation_interfaces/srv/detail/set_mode__type_support.cpp
[3.302s] -- Up-to-date: /home/robotica/nao_ws/src/install/manipulation_interfaces/include/manipulation_interfaces/manipulation_interfaces/srv/detail/move_arm__rosidl_typesupport_introspection_cpp.hpp
[3.302s] -- Up-to-date: /home/robotica/nao_ws/src/install/manipulation_interfaces/include/manipulation_interfaces/manipulation_interfaces/srv/detail/set_posture__type_support.cpp
[3.303s] -- Up-to-date: /home/robotica/nao_ws/src/install/manipulation_interfaces/include/manipulation_interfaces/manipulation_interfaces/srv/detail/move_arm__type_support.cpp
[3.303s] -- Up-to-date: /home/robotica/nao_ws/src/install/manipulation_interfaces/include/manipulation_interfaces/manipulation_interfaces/srv/detail/set_posture__rosidl_typesupport_introspection_cpp.hpp
[3.303s] -- Up-to-date: /home/robotica/nao_ws/src/install/manipulation_interfaces/include/manipulation_interfaces/manipulation_interfaces/srv/detail/toggle_awareness__type_support.cpp
[3.303s] -- Up-to-date: /home/robotica/nao_ws/src/install/manipulation_interfaces/include/manipulation_interfaces/manipulation_interfaces/srv/detail/toggle_awareness__rosidl_typesupport_introspection_cpp.hpp
[3.304s] -- Up-to-date: /home/robotica/nao_ws/src/install/manipulation_interfaces/lib/libmanipulation_interfaces__rosidl_typesupport_introspection_cpp.so
[3.304s] -- Up-to-date: /home/robotica/nao_ws/src/install/manipulation_interfaces/lib/libmanipulation_interfaces__rosidl_typesupport_cpp.so
[3.304s] -- Up-to-date: /home/robotica/nao_ws/src/install/manipulation_interfaces/share/manipulation_interfaces/environment/pythonpath.sh
[3.305s] -- Up-to-date: /home/robotica/nao_ws/src/install/manipulation_interfaces/share/manipulation_interfaces/environment/pythonpath.dsv
[3.305s] -- Up-to-date: /home/robotica/nao_ws/src/install/manipulation_interfaces/lib/python3.12/site-packages/manipulation_interfaces-0.0.1-py3.12.egg-info
[3.305s] -- Installing: /home/robotica/nao_ws/src/install/manipulation_interfaces/lib/python3.12/site-packages/manipulation_interfaces-0.0.1-py3.12.egg-info/PKG-INFO
[3.306s] -- Installing: /home/robotica/nao_ws/src/install/manipulation_interfaces/lib/python3.12/site-packages/manipulation_interfaces-0.0.1-py3.12.egg-info/top_level.txt
[3.306s] -- Installing: /home/robotica/nao_ws/src/install/manipulation_interfaces/lib/python3.12/site-packages/manipulation_interfaces-0.0.1-py3.12.egg-info/dependency_links.txt
[3.306s] -- Installing: /home/robotica/nao_ws/src/install/manipulation_interfaces/lib/python3.12/site-packages/manipulation_interfaces-0.0.1-py3.12.egg-info/SOURCES.txt
[3.306s] -- Up-to-date: /home/robotica/nao_ws/src/install/manipulation_interfaces/lib/python3.12/site-packages/manipulation_interfaces
[3.306s] -- Up-to-date: /home/robotica/nao_ws/src/install/manipulation_interfaces/lib/python3.12/site-packages/manipulation_interfaces/srv
[3.307s] -- Up-to-date: /home/robotica/nao_ws/src/install/manipulation_interfaces/lib/python3.12/site-packages/manipulation_interfaces/srv/_set_mode_s.c
[3.307s] -- Up-to-date: /home/robotica/nao_ws/src/install/manipulation_interfaces/lib/python3.12/site-packages/manipulation_interfaces/srv/_stand_up.py
[3.310s] -- Up-to-date: /home/robotica/nao_ws/src/install/manipulation_interfaces/lib/python3.12/site-packages/manipulation_interfaces/srv/_toggle_awareness_s.c
[3.310s] -- Up-to-date: /home/robotica/nao_ws/src/install/manipulation_interfaces/lib/python3.12/site-packages/manipulation_interfaces/srv/_move_arm.py
[3.311s] -- Up-to-date: /home/robotica/nao_ws/src/install/manipulation_interfaces/lib/python3.12/site-packages/manipulation_interfaces/srv/__init__.py
[3.311s] -- Up-to-date: /home/robotica/nao_ws/src/install/manipulation_interfaces/lib/python3.12/site-packages/manipulation_interfaces/srv/_set_posture.py
[3.311s] -- Up-to-date: /home/robotica/nao_ws/src/install/manipulation_interfaces/lib/python3.12/site-packages/manipulation_interfaces/srv/_set_mode.py
[3.312s] -- Up-to-date: /home/robotica/nao_ws/src/install/manipulation_interfaces/lib/python3.12/site-packages/manipulation_interfaces/srv/_move_arm_s.c
[3.312s] -- Up-to-date: /home/robotica/nao_ws/src/install/manipulation_interfaces/lib/python3.12/site-packages/manipulation_interfaces/srv/_set_posture_s.c
[3.312s] -- Up-to-date: /home/robotica/nao_ws/src/install/manipulation_interfaces/lib/python3.12/site-packages/manipulation_interfaces/srv/_toggle_awareness.py
[3.312s] -- Up-to-date: /home/robotica/nao_ws/src/install/manipulation_interfaces/lib/python3.12/site-packages/manipulation_interfaces/srv/_stand_up_s.c
[3.313s] -- Up-to-date: /home/robotica/nao_ws/src/install/manipulation_interfaces/lib/python3.12/site-packages/manipulation_interfaces/_manipulation_interfaces_s.ep.rosidl_typesupport_introspection_c.c
[3.313s] -- Up-to-date: /home/robotica/nao_ws/src/install/manipulation_interfaces/lib/python3.12/site-packages/manipulation_interfaces/manipulation_interfaces_s__rosidl_typesupport_c.so
[3.313s] -- Up-to-date: /home/robotica/nao_ws/src/install/manipulation_interfaces/lib/python3.12/site-packages/manipulation_interfaces/manipulation_interfaces_s__rosidl_typesupport_fastrtps_c.so
[3.313s] -- Up-to-date: /home/robotica/nao_ws/src/install/manipulation_interfaces/lib/python3.12/site-packages/manipulation_interfaces/_manipulation_interfaces_s.ep.rosidl_typesupport_fastrtps_c.c
[3.314s] -- Up-to-date: /home/robotica/nao_ws/src/install/manipulation_interfaces/lib/python3.12/site-packages/manipulation_interfaces/__init__.py
[3.314s] -- Up-to-date: /home/robotica/nao_ws/src/install/manipulation_interfaces/lib/python3.12/site-packages/manipulation_interfaces/_manipulation_interfaces_s.ep.rosidl_typesupport_c.c
[3.314s] -- Up-to-date: /home/robotica/nao_ws/src/install/manipulation_interfaces/lib/python3.12/site-packages/manipulation_interfaces/manipulation_interfaces_s__rosidl_typesupport_introspection_c.so
[3.443s] Listing '/home/robotica/nao_ws/src/install/manipulation_interfaces/lib/python3.12/site-packages/manipulation_interfaces'...
[3.443s] Listing '/home/robotica/nao_ws/src/install/manipulation_interfaces/lib/python3.12/site-packages/manipulation_interfaces/srv'...
[3.458s] -- Up-to-date: /home/robotica/nao_ws/src/install/manipulation_interfaces/lib/python3.12/site-packages/manipulation_interfaces/manipulation_interfaces_s__rosidl_typesupport_fastrtps_c.so
[3.459s] -- Up-to-date: /home/robotica/nao_ws/src/install/manipulation_interfaces/lib/python3.12/site-packages/manipulation_interfaces/manipulation_interfaces_s__rosidl_typesupport_introspection_c.so
[3.460s] -- Up-to-date: /home/robotica/nao_ws/src/install/manipulation_interfaces/lib/python3.12/site-packages/manipulation_interfaces/manipulation_interfaces_s__rosidl_typesupport_c.so
[3.460s] -- Up-to-date: /home/robotica/nao_ws/src/install/manipulation_interfaces/lib/libmanipulation_interfaces__rosidl_generator_py.so
[3.461s] -- Up-to-date: /home/robotica/nao_ws/src/install/manipulation_interfaces/share/manipulation_interfaces/srv/MoveArm.idl
[3.462s] -- Up-to-date: /home/robotica/nao_ws/src/install/manipulation_interfaces/share/manipulation_interfaces/srv/StandUp.idl
[3.462s] -- Up-to-date: /home/robotica/nao_ws/src/install/manipulation_interfaces/share/manipulation_interfaces/srv/SetPosture.idl
[3.463s] -- Up-to-date: /home/robotica/nao_ws/src/install/manipulation_interfaces/share/manipulation_interfaces/srv/SetMode.idl
[3.464s] -- Up-to-date: /home/robotica/nao_ws/src/install/manipulation_interfaces/share/manipulation_interfaces/srv/ToggleAwareness.idl
[3.468s] -- Up-to-date: /home/robotica/nao_ws/src/install/manipulation_interfaces/share/manipulation_interfaces/srv/MoveArm.srv
[3.473s] -- Up-to-date: /home/robotica/nao_ws/src/install/manipulation_interfaces/share/manipulation_interfaces/srv/StandUp.srv
[3.473s] -- Up-to-date: /home/robotica/nao_ws/src/install/manipulation_interfaces/share/manipulation_interfaces/srv/SetPosture.srv
[3.474s] -- Up-to-date: /home/robotica/nao_ws/src/install/manipulation_interfaces/share/manipulation_interfaces/srv/SetMode.srv
[3.474s] -- Up-to-date: /home/robotica/nao_ws/src/install/manipulation_interfaces/share/manipulation_interfaces/srv/ToggleAwareness.srv
[3.474s] -- Up-to-date: /home/robotica/nao_ws/src/install/manipulation_interfaces/share/ament_index/resource_index/package_run_dependencies/manipulation_interfaces
[3.474s] -- Up-to-date: /home/robotica/nao_ws/src/install/manipulation_interfaces/share/ament_index/resource_index/parent_prefix_path/manipulation_interfaces
[3.475s] -- Up-to-date: /home/robotica/nao_ws/src/install/manipulation_interfaces/share/manipulation_interfaces/environment/ament_prefix_path.sh
[3.475s] -- Up-to-date: /home/robotica/nao_ws/src/install/manipulation_interfaces/share/manipulation_interfaces/environment/ament_prefix_path.dsv
[3.475s] -- Up-to-date: /home/robotica/nao_ws/src/install/manipulation_interfaces/share/manipulation_interfaces/environment/path.sh
[3.475s] -- Up-to-date: /home/robotica/nao_ws/src/install/manipulation_interfaces/share/manipulation_interfaces/environment/path.dsv
[3.476s] -- Up-to-date: /home/robotica/nao_ws/src/install/manipulation_interfaces/share/manipulation_interfaces/local_setup.bash
[3.483s] -- Up-to-date: /home/robotica/nao_ws/src/install/manipulation_interfaces/share/manipulation_interfaces/local_setup.sh
[3.484s] -- Up-to-date: /home/robotica/nao_ws/src/install/manipulation_interfaces/share/manipulation_interfaces/local_setup.zsh
[3.484s] -- Up-to-date: /home/robotica/nao_ws/src/install/manipulation_interfaces/share/manipulation_interfaces/local_setup.dsv
[3.484s] -- Installing: /home/robotica/nao_ws/src/install/manipulation_interfaces/share/manipulation_interfaces/package.dsv
[3.485s] -- Up-to-date: /home/robotica/nao_ws/src/install/manipulation_interfaces/share/ament_index/resource_index/packages/manipulation_interfaces
[3.485s] -- Up-to-date: /home/robotica/nao_ws/src/install/manipulation_interfaces/share/manipulation_interfaces/cmake/export_manipulation_interfaces__rosidl_generator_cExport.cmake
[3.485s] -- Up-to-date: /home/robotica/nao_ws/src/install/manipulation_interfaces/share/manipulation_interfaces/cmake/export_manipulation_interfaces__rosidl_generator_cExport-noconfig.cmake
[3.485s] -- Up-to-date: /home/robotica/nao_ws/src/install/manipulation_interfaces/share/manipulation_interfaces/cmake/export_manipulation_interfaces__rosidl_typesupport_fastrtps_cExport.cmake
[3.500s] -- Up-to-date: /home/robotica/nao_ws/src/install/manipulation_interfaces/share/manipulation_interfaces/cmake/export_manipulation_interfaces__rosidl_typesupport_fastrtps_cExport-noconfig.cmake
[3.501s] -- Up-to-date: /home/robotica/nao_ws/src/install/manipulation_interfaces/share/manipulation_interfaces/cmake/manipulation_interfaces__rosidl_typesupport_introspection_cExport.cmake
[3.501s] -- Up-to-date: /home/robotica/nao_ws/src/install/manipulation_interfaces/share/manipulation_interfaces/cmake/manipulation_interfaces__rosidl_typesupport_introspection_cExport-noconfig.cmake
[3.501s] -- Up-to-date: /home/robotica/nao_ws/src/install/manipulation_interfaces/share/manipulation_interfaces/cmake/manipulation_interfaces__rosidl_typesupport_cExport.cmake
[3.501s] -- Up-to-date: /home/robotica/nao_ws/src/install/manipulation_interfaces/share/manipulation_interfaces/cmake/manipulation_interfaces__rosidl_typesupport_cExport-noconfig.cmake
[3.502s] -- Up-to-date: /home/robotica/nao_ws/src/install/manipulation_interfaces/share/manipulation_interfaces/cmake/export_manipulation_interfaces__rosidl_generator_cppExport.cmake
[3.502s] -- Up-to-date: /home/robotica/nao_ws/src/install/manipulation_interfaces/share/manipulation_interfaces/cmake/export_manipulation_interfaces__rosidl_typesupport_fastrtps_cppExport.cmake
[3.502s] -- Up-to-date: /home/robotica/nao_ws/src/install/manipulation_interfaces/share/manipulation_interfaces/cmake/export_manipulation_interfaces__rosidl_typesupport_fastrtps_cppExport-noconfig.cmake
[3.502s] -- Up-to-date: /home/robotica/nao_ws/src/install/manipulation_interfaces/share/manipulation_interfaces/cmake/manipulation_interfaces__rosidl_typesupport_introspection_cppExport.cmake
[3.503s] -- Up-to-date: /home/robotica/nao_ws/src/install/manipulation_interfaces/share/manipulation_interfaces/cmake/manipulation_interfaces__rosidl_typesupport_introspection_cppExport-noconfig.cmake
[3.503s] -- Up-to-date: /home/robotica/nao_ws/src/install/manipulation_interfaces/share/manipulation_interfaces/cmake/manipulation_interfaces__rosidl_typesupport_cppExport.cmake
[3.503s] -- Up-to-date: /home/robotica/nao_ws/src/install/manipulation_interfaces/share/manipulation_interfaces/cmake/manipulation_interfaces__rosidl_typesupport_cppExport-noconfig.cmake
[3.503s] -- Up-to-date: /home/robotica/nao_ws/src/install/manipulation_interfaces/share/manipulation_interfaces/cmake/export_manipulation_interfaces__rosidl_generator_pyExport.cmake
[3.504s] -- Up-to-date: /home/robotica/nao_ws/src/install/manipulation_interfaces/share/manipulation_interfaces/cmake/export_manipulation_interfaces__rosidl_generator_pyExport-noconfig.cmake
[3.504s] -- Up-to-date: /home/robotica/nao_ws/src/install/manipulation_interfaces/share/manipulation_interfaces/cmake/rosidl_cmake-extras.cmake
[3.504s] -- Up-to-date: /home/robotica/nao_ws/src/install/manipulation_interfaces/share/manipulation_interfaces/cmake/ament_cmake_export_dependencies-extras.cmake
[3.504s] -- Up-to-date: /home/robotica/nao_ws/src/install/manipulation_interfaces/share/manipulation_interfaces/cmake/ament_cmake_export_include_directories-extras.cmake
[3.504s] -- Up-to-date: /home/robotica/nao_ws/src/install/manipulation_interfaces/share/manipulation_interfaces/cmake/ament_cmake_export_libraries-extras.cmake
[3.505s] -- Up-to-date: /home/robotica/nao_ws/src/install/manipulation_interfaces/share/manipulation_interfaces/cmake/ament_cmake_export_targets-extras.cmake
[3.505s] -- Up-to-date: /home/robotica/nao_ws/src/install/manipulation_interfaces/share/manipulation_interfaces/cmake/rosidl_cmake_export_typesupport_targets-extras.cmake
[3.505s] -- Up-to-date: /home/robotica/nao_ws/src/install/manipulation_interfaces/share/manipulation_interfaces/cmake/rosidl_cmake_export_typesupport_libraries-extras.cmake
[3.522s] -- Up-to-date: /home/robotica/nao_ws/src/install/manipulation_interfaces/share/manipulation_interfaces/cmake/manipulation_interfacesConfig.cmake
[3.522s] -- Up-to-date: /home/robotica/nao_ws/src/install/manipulation_interfaces/share/manipulation_interfaces/cmake/manipulation_interfacesConfig-version.cmake
[3.522s] -- Up-to-date: /home/robotica/nao_ws/src/install/manipulation_interfaces/share/manipulation_interfaces/package.xml
[3.523s] Invoked command in '/home/robotica/nao_ws/src/build/manipulation_interfaces' returned '0': CMAKE_PREFIX_PATH=${CMAKE_PREFIX_PATH}:/home/robotica/nao_ws/src/install/web_controller:/home/robotica/nao_ws/src/install/speech:/home/robotica/nao_ws/src/install/integration:/home/robotica/nao_ws/src/install/rest_api:/home/robotica/nao_ws/src/install/perception:/home/robotica/nao_ws/src/install/navigation:/home/robotica/nao_ws/src/install/nao_qi_ros2_package:/home/robotica/nao_ws/src/install/manipulation:/home/robotica/nao_ws/install/web_controller:/home/robotica/nao_ws/install/speech:/home/robotica/nao_ws/install/integration:/home/robotica/nao_ws/install/rest_api:/home/robotica/nao_ws/install/perception:/home/robotica/nao_ws/install/navigation:/home/robotica/nao_ws/install/nao_qi_ros2_package:/home/robotica/nao_ws/install/manipulation:/opt/ros/jazzy DEBUGINFOD_URLS=https://debuginfod.ubuntu.com /usr/bin/cmake --install /home/robotica/nao_ws/src/build/manipulation_interfaces
