[1.946s] Invoking command in '/home/fai/nao_ws/src/nao_qi_ros2_package': DEBUGINFOD_URLS=https://debuginfod.ubuntu.com PYTHONPATH=/home/fai/nao_ws/build/nao_qi_ros2_package/prefix_override:/usr/lib/python3/dist-packages/colcon_core/task/python/colcon_distutils_commands:/home/fai/nao_ws/install/nao_qi_ros2_package/lib/python3.12/site-packages:${PYTHONPATH} /usr/bin/python3 -W ignore:setup.py install is deprecated setup.py egg_info --egg-base ../../build/nao_qi_ros2_package build --build-base /home/fai/nao_ws/build/nao_qi_ros2_package/build install --record /home/fai/nao_ws/build/nao_qi_ros2_package/install.log --single-version-externally-managed install_data
[2.838s] running egg_info
[2.913s] writing ../../build/nao_qi_ros2_package/nao_qi_ros2_package.egg-info/PKG-INFO
[2.914s] writing dependency_links to ../../build/nao_qi_ros2_package/nao_qi_ros2_package.egg-info/dependency_links.txt
[2.914s] writing entry points to ../../build/nao_qi_ros2_package/nao_qi_ros2_package.egg-info/entry_points.txt
[2.914s] writing requirements to ../../build/nao_qi_ros2_package/nao_qi_ros2_package.egg-info/requires.txt
[2.917s] writing top-level names to ../../build/nao_qi_ros2_package/nao_qi_ros2_package.egg-info/top_level.txt
[3.060s] reading manifest file '../../build/nao_qi_ros2_package/nao_qi_ros2_package.egg-info/SOURCES.txt'
[3.063s] writing manifest file '../../build/nao_qi_ros2_package/nao_qi_ros2_package.egg-info/SOURCES.txt'
[3.064s] running build
[3.064s] running build_py
[3.066s] running install
[3.092s] running install_lib
[3.167s] running install_data
[3.168s] running install_egg_info
[3.277s] removing '/home/fai/nao_ws/install/nao_qi_ros2_package/lib/python3.12/site-packages/nao_qi_ros2_package-0.0.1-py3.12.egg-info' (and everything under it)
[3.277s] Copying ../../build/nao_qi_ros2_package/nao_qi_ros2_package.egg-info to /home/fai/nao_ws/install/nao_qi_ros2_package/lib/python3.12/site-packages/nao_qi_ros2_package-0.0.1-py3.12.egg-info
[3.279s] running install_scripts
[3.702s] Installing nao_talker script to /home/fai/nao_ws/install/nao_qi_ros2_package/lib/nao_qi_ros2_package
[3.703s] writing list of installed files to '/home/fai/nao_ws/build/nao_qi_ros2_package/install.log'
[3.785s] Invoked command in '/home/fai/nao_ws/src/nao_qi_ros2_package' returned '0': DEBUGINFOD_URLS=https://debuginfod.ubuntu.com PYTHONPATH=/home/fai/nao_ws/build/nao_qi_ros2_package/prefix_override:/usr/lib/python3/dist-packages/colcon_core/task/python/colcon_distutils_commands:/home/fai/nao_ws/install/nao_qi_ros2_package/lib/python3.12/site-packages:${PYTHONPATH} /usr/bin/python3 -W ignore:setup.py install is deprecated setup.py egg_info --egg-base ../../build/nao_qi_ros2_package build --build-base /home/fai/nao_ws/build/nao_qi_ros2_package/build install --record /home/fai/nao_ws/build/nao_qi_ros2_package/install.log --single-version-externally-managed install_data
