running egg_info
writing ../build/speech/speech.egg-info/PKG-INFO
writing dependency_links to ../build/speech/speech.egg-info/dependency_links.txt
writing entry points to ../build/speech/speech.egg-info/entry_points.txt
writing requirements to ../build/speech/speech.egg-info/requires.txt
writing top-level names to ../build/speech/speech.egg-info/top_level.txt
reading manifest file '../build/speech/speech.egg-info/SOURCES.txt'
writing manifest file '../build/speech/speech.egg-info/SOURCES.txt'
running build
running build_py
copying speech/speech_node.py -> /home/robotica/nao_ws/src/build/speech/build/lib/speech
running install
running install_lib
copying /home/robotica/nao_ws/src/build/speech/build/lib/speech/speech_node.py -> /home/robotica/nao_ws/src/install/speech/lib/python3.12/site-packages/speech
byte-compiling /home/robotica/nao_ws/src/install/speech/lib/python3.12/site-packages/speech/speech_node.py to speech_node.cpython-312.pyc
running install_data
running install_egg_info
removing '/home/robotica/nao_ws/src/install/speech/lib/python3.12/site-packages/speech-0.0.0-py3.12.egg-info' (and everything under it)
Copying ../build/speech/speech.egg-info to /home/robotica/nao_ws/src/install/speech/lib/python3.12/site-packages/speech-0.0.0-py3.12.egg-info
running install_scripts
Installing speech_node script to /home/robotica/nao_ws/src/install/speech/lib/speech
writing list of installed files to '/home/robotica/nao_ws/src/build/speech/install.log'
