[2.732s] Invoking command in '/home/robotica/nao_ws/src/speech': DEBUGINFOD_URLS=https://debuginfod.ubuntu.com PYTHONPATH=/home/robotica/nao_ws/src/build/speech/prefix_override:/usr/lib/python3/dist-packages/colcon_core/task/python/colcon_distutils_commands:/home/robotica/nao_ws/src/install/speech/lib/python3.12/site-packages:/home/robotica/nao_ws/src/install/speech_interfaces/lib/python3.12/site-packages:/home/robotica/nao_ws/src/install/web_controller/lib/python3.12/site-packages:/home/robotica/nao_ws/src/install/speech/lib/python3.12/site-packages:/home/robotica/nao_ws/src/install/integration/lib/python3.12/site-packages:/home/robotica/nao_ws/src/install/rest_api/lib/python3.12/site-packages:/home/robotica/nao_ws/src/install/perception/lib/python3.12/site-packages:/home/robotica/nao_ws/src/install/perception_interfaces/lib/python3.12/site-packages:/home/robotica/nao_ws/src/install/navigation/lib/python3.12/site-packages:/home/robotica/nao_ws/src/install/navigation_interfaces/lib/python3.12/site-packages:/home/robotica/nao_ws/src/install/nao_qi_ros2_package/lib/python3.12/site-packages:/home/robotica/nao_ws/src/install/manipulation/lib/python3.12/site-packages:/home/robotica/nao_ws/src/install/manipulation_interfaces/lib/python3.12/site-packages:/home/robotica/nao_ws/install/web_controller/lib/python3.12/site-packages:/home/robotica/nao_ws/install/speech/lib/python3.12/site-packages:/home/robotica/nao_ws/install/integration/lib/python3.12/site-packages:/home/robotica/nao_ws/install/speech_interfaces/lib/python3.12/site-packages:/home/robotica/nao_ws/install/rest_api/lib/python3.12/site-packages:/home/robotica/nao_ws/install/perception/lib/python3.12/site-packages:/home/robotica/nao_ws/install/perception_interfaces/lib/python3.12/site-packages:/home/robotica/nao_ws/install/navigation/lib/python3.12/site-packages:/home/robotica/nao_ws/install/navigation_interfaces/lib/python3.12/site-packages:/home/robotica/nao_ws/install/nao_qi_ros2_package/lib/python3.12/site-packages:/home/robotica/nao_ws/install/manipulation/lib/python3.12/site-packages:/home/robotica/nao_ws/install/manipulation_interfaces/lib/python3.12/site-packages:/opt/ros/jazzy/lib/python3.12/site-packages /usr/bin/python3 -W ignore:setup.py install is deprecated setup.py egg_info --egg-base ../build/speech build --build-base /home/robotica/nao_ws/src/build/speech/build install --record /home/robotica/nao_ws/src/build/speech/install.log --single-version-externally-managed install_data
[3.644s] running egg_info
[3.707s] writing ../build/speech/speech.egg-info/PKG-INFO
[3.707s] writing dependency_links to ../build/speech/speech.egg-info/dependency_links.txt
[3.708s] writing entry points to ../build/speech/speech.egg-info/entry_points.txt
[3.708s] writing requirements to ../build/speech/speech.egg-info/requires.txt
[3.708s] writing top-level names to ../build/speech/speech.egg-info/top_level.txt
[3.843s] reading manifest file '../build/speech/speech.egg-info/SOURCES.txt'
[3.849s] writing manifest file '../build/speech/speech.egg-info/SOURCES.txt'
[3.851s] running build
[3.852s] running build_py
[3.852s] copying speech/speech_node.py -> /home/robotica/nao_ws/src/build/speech/build/lib/speech
[3.852s] running install
[3.873s] running install_lib
[3.940s] copying /home/robotica/nao_ws/src/build/speech/build/lib/speech/speech_node.py -> /home/robotica/nao_ws/src/install/speech/lib/python3.12/site-packages/speech
[3.942s] byte-compiling /home/robotica/nao_ws/src/install/speech/lib/python3.12/site-packages/speech/speech_node.py to speech_node.cpython-312.pyc
[3.946s] running install_data
[3.946s] running install_egg_info
[4.022s] removing '/home/robotica/nao_ws/src/install/speech/lib/python3.12/site-packages/speech-0.0.0-py3.12.egg-info' (and everything under it)
[4.022s] Copying ../build/speech/speech.egg-info to /home/robotica/nao_ws/src/install/speech/lib/python3.12/site-packages/speech-0.0.0-py3.12.egg-info
[4.023s] running install_scripts
[4.493s] Installing speech_node script to /home/robotica/nao_ws/src/install/speech/lib/speech
[4.493s] writing list of installed files to '/home/robotica/nao_ws/src/build/speech/install.log'
[4.587s] Invoked command in '/home/robotica/nao_ws/src/speech' returned '0': DEBUGINFOD_URLS=https://debuginfod.ubuntu.com PYTHONPATH=/home/robotica/nao_ws/src/build/speech/prefix_override:/usr/lib/python3/dist-packages/colcon_core/task/python/colcon_distutils_commands:/home/robotica/nao_ws/src/install/speech/lib/python3.12/site-packages:/home/robotica/nao_ws/src/install/speech_interfaces/lib/python3.12/site-packages:/home/robotica/nao_ws/src/install/web_controller/lib/python3.12/site-packages:/home/robotica/nao_ws/src/install/speech/lib/python3.12/site-packages:/home/robotica/nao_ws/src/install/integration/lib/python3.12/site-packages:/home/robotica/nao_ws/src/install/rest_api/lib/python3.12/site-packages:/home/robotica/nao_ws/src/install/perception/lib/python3.12/site-packages:/home/robotica/nao_ws/src/install/perception_interfaces/lib/python3.12/site-packages:/home/robotica/nao_ws/src/install/navigation/lib/python3.12/site-packages:/home/robotica/nao_ws/src/install/navigation_interfaces/lib/python3.12/site-packages:/home/robotica/nao_ws/src/install/nao_qi_ros2_package/lib/python3.12/site-packages:/home/robotica/nao_ws/src/install/manipulation/lib/python3.12/site-packages:/home/robotica/nao_ws/src/install/manipulation_interfaces/lib/python3.12/site-packages:/home/robotica/nao_ws/install/web_controller/lib/python3.12/site-packages:/home/robotica/nao_ws/install/speech/lib/python3.12/site-packages:/home/robotica/nao_ws/install/integration/lib/python3.12/site-packages:/home/robotica/nao_ws/install/speech_interfaces/lib/python3.12/site-packages:/home/robotica/nao_ws/install/rest_api/lib/python3.12/site-packages:/home/robotica/nao_ws/install/perception/lib/python3.12/site-packages:/home/robotica/nao_ws/install/perception_interfaces/lib/python3.12/site-packages:/home/robotica/nao_ws/install/navigation/lib/python3.12/site-packages:/home/robotica/nao_ws/install/navigation_interfaces/lib/python3.12/site-packages:/home/robotica/nao_ws/install/nao_qi_ros2_package/lib/python3.12/site-packages:/home/robotica/nao_ws/install/manipulation/lib/python3.12/site-packages:/home/robotica/nao_ws/install/manipulation_interfaces/lib/python3.12/site-packages:/opt/ros/jazzy/lib/python3.12/site-packages /usr/bin/python3 -W ignore:setup.py install is deprecated setup.py egg_info --egg-base ../build/speech build --build-base /home/robotica/nao_ws/src/build/speech/build install --record /home/robotica/nao_ws/src/build/speech/install.log --single-version-externally-managed install_data
