[2.717s] Invoking command in '/home/fai/nao_ws/src/manipulation': CMAKE_PREFIX_PATH=/home/fai/nao_ws/install/manipulation_interfaces:/home/fai/nao_ws/install/speech_interfaces:/home/fai/nao_ws/install/perception_interfaces:/home/fai/nao_ws/install/navigation_interfaces:/opt/ros/jazzy/opt/gz_math_vendor:/opt/ros/jazzy/opt/gz_utils_vendor:/opt/ros/jazzy/opt/gz_cmake_vendor DEBUGINFOD_URLS=https://debuginfod.ubuntu.com LD_LIBRARY_PATH=/home/fai/nao_ws/install/manipulation_interfaces/lib:/home/fai/nao_ws/install/speech_interfaces/lib:/home/fai/nao_ws/install/perception_interfaces/lib:/home/fai/nao_ws/install/navigation_interfaces/lib:/opt/ros/jazzy/opt/rviz_ogre_vendor/lib:/opt/ros/jazzy/lib/x86_64-linux-gnu:/opt/ros/jazzy/opt/gz_math_vendor/lib:/opt/ros/jazzy/opt/gz_utils_vendor/lib:/opt/ros/jazzy/opt/gz_cmake_vendor/lib:/opt/ros/jazzy/lib PYTHONPATH=/home/fai/nao_ws/build/manipulation/prefix_override:/usr/lib/python3/dist-packages/colcon_core/task/python/colcon_distutils_commands:/home/fai/nao_ws/install/manipulation/lib/python3.12/site-packages:/home/fai/nao_ws/install/manipulation_interfaces/lib/python3.12/site-packages:/home/fai/nao_ws/install/web_controller/lib/python3.12/site-packages:/home/fai/nao_ws/install/speech/lib/python3.12/site-packages:/home/fai/nao_ws/install/nao_tasks/lib/python3.12/site-packages:/home/fai/nao_ws/install/integration/lib/python3.12/site-packages:/home/fai/nao_ws/install/speech_interfaces/lib/python3.12/site-packages:/home/fai/nao_ws/install/perception/lib/python3.12/site-packages:/home/fai/nao_ws/install/perception_interfaces/lib/python3.12/site-packages:/home/fai/nao_ws/install/navigation/lib/python3.12/site-packages:/home/fai/nao_ws/install/navigation_interfaces/lib/python3.12/site-packages:/home/fai/nao_ws/install/nao_qi_ros2_package/lib/python3.12/site-packages:/home/fai/nao_ws/install/manipulation/lib/python3.12/site-packages:/opt/ros/jazzy/lib/python3.12/site-packages /usr/bin/python3 -W ignore:setup.py install is deprecated setup.py egg_info --egg-base ../../build/manipulation build --build-base /home/fai/nao_ws/build/manipulation/build install --record /home/fai/nao_ws/build/manipulation/install.log --single-version-externally-managed install_data
[3.582s] running egg_info
[3.647s] writing ../../build/manipulation/manipulation.egg-info/PKG-INFO
[3.648s] writing dependency_links to ../../build/manipulation/manipulation.egg-info/dependency_links.txt
[3.649s] writing entry points to ../../build/manipulation/manipulation.egg-info/entry_points.txt
[3.649s] writing requirements to ../../build/manipulation/manipulation.egg-info/requires.txt
[3.649s] writing top-level names to ../../build/manipulation/manipulation.egg-info/top_level.txt
[3.778s] reading manifest file '../../build/manipulation/manipulation.egg-info/SOURCES.txt'
[3.780s] writing manifest file '../../build/manipulation/manipulation.egg-info/SOURCES.txt'
[3.781s] running build
[3.781s] running build_py
[3.783s] running install
[3.805s] running install_lib
[3.874s] running install_data
[3.878s] running install_egg_info
[3.944s] removing '/home/fai/nao_ws/install/manipulation/lib/python3.12/site-packages/manipulation-0.0.0-py3.12.egg-info' (and everything under it)
[3.945s] Copying ../../build/manipulation/manipulation.egg-info to /home/fai/nao_ws/install/manipulation/lib/python3.12/site-packages/manipulation-0.0.0-py3.12.egg-info
[3.948s] running install_scripts
[4.382s] Installing manipulation_node script to /home/fai/nao_ws/install/manipulation/lib/manipulation
[4.383s] writing list of installed files to '/home/fai/nao_ws/build/manipulation/install.log'
[4.838s] Invoked command in '/home/fai/nao_ws/src/manipulation' returned '0': CMAKE_PREFIX_PATH=/home/fai/nao_ws/install/manipulation_interfaces:/home/fai/nao_ws/install/speech_interfaces:/home/fai/nao_ws/install/perception_interfaces:/home/fai/nao_ws/install/navigation_interfaces:/opt/ros/jazzy/opt/gz_math_vendor:/opt/ros/jazzy/opt/gz_utils_vendor:/opt/ros/jazzy/opt/gz_cmake_vendor DEBUGINFOD_URLS=https://debuginfod.ubuntu.com LD_LIBRARY_PATH=/home/fai/nao_ws/install/manipulation_interfaces/lib:/home/fai/nao_ws/install/speech_interfaces/lib:/home/fai/nao_ws/install/perception_interfaces/lib:/home/fai/nao_ws/install/navigation_interfaces/lib:/opt/ros/jazzy/opt/rviz_ogre_vendor/lib:/opt/ros/jazzy/lib/x86_64-linux-gnu:/opt/ros/jazzy/opt/gz_math_vendor/lib:/opt/ros/jazzy/opt/gz_utils_vendor/lib:/opt/ros/jazzy/opt/gz_cmake_vendor/lib:/opt/ros/jazzy/lib PYTHONPATH=/home/fai/nao_ws/build/manipulation/prefix_override:/usr/lib/python3/dist-packages/colcon_core/task/python/colcon_distutils_commands:/home/fai/nao_ws/install/manipulation/lib/python3.12/site-packages:/home/fai/nao_ws/install/manipulation_interfaces/lib/python3.12/site-packages:/home/fai/nao_ws/install/web_controller/lib/python3.12/site-packages:/home/fai/nao_ws/install/speech/lib/python3.12/site-packages:/home/fai/nao_ws/install/nao_tasks/lib/python3.12/site-packages:/home/fai/nao_ws/install/integration/lib/python3.12/site-packages:/home/fai/nao_ws/install/speech_interfaces/lib/python3.12/site-packages:/home/fai/nao_ws/install/perception/lib/python3.12/site-packages:/home/fai/nao_ws/install/perception_interfaces/lib/python3.12/site-packages:/home/fai/nao_ws/install/navigation/lib/python3.12/site-packages:/home/fai/nao_ws/install/navigation_interfaces/lib/python3.12/site-packages:/home/fai/nao_ws/install/nao_qi_ros2_package/lib/python3.12/site-packages:/home/fai/nao_ws/install/manipulation/lib/python3.12/site-packages:/opt/ros/jazzy/lib/python3.12/site-packages /usr/bin/python3 -W ignore:setup.py install is deprecated setup.py egg_info --egg-base ../../build/manipulation build --build-base /home/fai/nao_ws/build/manipulation/build install --record /home/fai/nao_ws/build/manipulation/install.log --single-version-externally-managed install_data
