[0.037s] Invoking command in '/home/fai/nao_ws/build/speech_interfaces': CMAKE_PREFIX_PATH=${CMAKE_PREFIX_PATH}:/home/fai/nao_ws/install/web_controller:/home/fai/nao_ws/install/speech:/home/fai/nao_ws/install/nao_tasks:/home/fai/nao_ws/install/integration:/home/fai/nao_ws/install/perception:/home/fai/nao_ws/install/navigation:/home/fai/nao_ws/install/nao_qi_ros2_package:/home/fai/nao_ws/install/manipulation:/opt/ros/jazzy DEBUGINFOD_URLS=https://debuginfod.ubuntu.com /usr/bin/cmake --build /home/fai/nao_ws/build/speech_interfaces -- -j4 -l4
[0.198s] [  2%] Built target speech_interfaces__rosidl_generator_type_description
[0.255s] [  2%] Built target ament_cmake_python_copy_speech_interfaces
[0.372s] [ 20%] Built target speech_interfaces__rosidl_generator_c
[0.375s] [ 22%] Built target speech_interfaces__cpp
[0.602s] [ 31%] Built target speech_interfaces__rosidl_typesupport_c
[0.626s] [ 40%] Built target speech_interfaces__rosidl_typesupport_introspection_c
[0.695s] [ 50%] Built target speech_interfaces__rosidl_typesupport_fastrtps_cpp
[0.874s] [ 59%] Built target speech_interfaces__rosidl_typesupport_introspection_cpp
[0.928s] [ 68%] Built target speech_interfaces__rosidl_typesupport_cpp
[0.942s] [ 77%] Built target speech_interfaces__rosidl_typesupport_fastrtps_c
[1.033s] [ 77%] Built target speech_interfaces
[1.202s] [ 79%] Built target speech_interfaces__py
[1.408s] [ 86%] Built target speech_interfaces__rosidl_generator_py
[1.523s] [ 90%] Built target speech_interfaces_s__rosidl_typesupport_c
[1.525s] [ 95%] Built target speech_interfaces_s__rosidl_typesupport_introspection_c
[1.556s] [100%] Built target speech_interfaces_s__rosidl_typesupport_fastrtps_c
[2.208s] running egg_info
[2.290s] writing speech_interfaces.egg-info/PKG-INFO
[2.291s] writing dependency_links to speech_interfaces.egg-info/dependency_links.txt
[2.292s] writing top-level names to speech_interfaces.egg-info/top_level.txt
[2.517s] reading manifest file 'speech_interfaces.egg-info/SOURCES.txt'
[2.526s] writing manifest file 'speech_interfaces.egg-info/SOURCES.txt'
[2.588s] [100%] Built target ament_cmake_python_build_speech_interfaces_egg
[2.617s] Invoked command in '/home/fai/nao_ws/build/speech_interfaces' returned '0': CMAKE_PREFIX_PATH=${CMAKE_PREFIX_PATH}:/home/fai/nao_ws/install/web_controller:/home/fai/nao_ws/install/speech:/home/fai/nao_ws/install/nao_tasks:/home/fai/nao_ws/install/integration:/home/fai/nao_ws/install/perception:/home/fai/nao_ws/install/navigation:/home/fai/nao_ws/install/nao_qi_ros2_package:/home/fai/nao_ws/install/manipulation:/opt/ros/jazzy DEBUGINFOD_URLS=https://debuginfod.ubuntu.com /usr/bin/cmake --build /home/fai/nao_ws/build/speech_interfaces -- -j4 -l4
[3.274s] Invoking command in '/home/fai/nao_ws/build/speech_interfaces': CMAKE_PREFIX_PATH=${CMAKE_PREFIX_PATH}:/home/fai/nao_ws/install/web_controller:/home/fai/nao_ws/install/speech:/home/fai/nao_ws/install/nao_tasks:/home/fai/nao_ws/install/integration:/home/fai/nao_ws/install/perception:/home/fai/nao_ws/install/navigation:/home/fai/nao_ws/install/nao_qi_ros2_package:/home/fai/nao_ws/install/manipulation:/opt/ros/jazzy DEBUGINFOD_URLS=https://debuginfod.ubuntu.com /usr/bin/cmake --install /home/fai/nao_ws/build/speech_interfaces
[3.303s] -- Install configuration: ""
[3.304s] -- Up-to-date: /home/fai/nao_ws/install/speech_interfaces/share/ament_index/resource_index/rosidl_interfaces/speech_interfaces
[3.304s] -- Up-to-date: /home/fai/nao_ws/install/speech_interfaces/share/speech_interfaces/srv/Speak.json
[3.304s] -- Up-to-date: /home/fai/nao_ws/install/speech_interfaces/share/speech_interfaces/srv/PlaySong.json
[3.304s] -- Up-to-date: /home/fai/nao_ws/install/speech_interfaces/include/speech_interfaces/speech_interfaces
[3.305s] -- Up-to-date: /home/fai/nao_ws/install/speech_interfaces/include/speech_interfaces/speech_interfaces/srv
[3.305s] -- Up-to-date: /home/fai/nao_ws/install/speech_interfaces/include/speech_interfaces/speech_interfaces/srv/play_song.h
[3.305s] -- Up-to-date: /home/fai/nao_ws/install/speech_interfaces/include/speech_interfaces/speech_interfaces/srv/speak.h
[3.305s] -- Up-to-date: /home/fai/nao_ws/install/speech_interfaces/include/speech_interfaces/speech_interfaces/srv/detail
[3.306s] -- Up-to-date: /home/fai/nao_ws/install/speech_interfaces/include/speech_interfaces/speech_interfaces/srv/detail/play_song__functions.h
[3.306s] -- Installing: /home/fai/nao_ws/install/speech_interfaces/include/speech_interfaces/speech_interfaces/srv/detail/play_song__type_support.c
[3.306s] -- Up-to-date: /home/fai/nao_ws/install/speech_interfaces/include/speech_interfaces/speech_interfaces/srv/detail/speak__functions.h
[3.307s] -- Up-to-date: /home/fai/nao_ws/install/speech_interfaces/include/speech_interfaces/speech_interfaces/srv/detail/play_song__functions.c
[3.308s] -- Installing: /home/fai/nao_ws/install/speech_interfaces/include/speech_interfaces/speech_interfaces/srv/detail/speak__type_support.c
[3.308s] -- Up-to-date: /home/fai/nao_ws/install/speech_interfaces/include/speech_interfaces/speech_interfaces/srv/detail/play_song__type_support.h
[3.309s] -- Up-to-date: /home/fai/nao_ws/install/speech_interfaces/include/speech_interfaces/speech_interfaces/srv/detail/play_song__description.c
[3.309s] -- Up-to-date: /home/fai/nao_ws/install/speech_interfaces/include/speech_interfaces/speech_interfaces/srv/detail/speak__struct.h
[3.309s] -- Up-to-date: /home/fai/nao_ws/install/speech_interfaces/include/speech_interfaces/speech_interfaces/srv/detail/speak__description.c
[3.312s] -- Up-to-date: /home/fai/nao_ws/install/speech_interfaces/include/speech_interfaces/speech_interfaces/srv/detail/speak__functions.c
[3.313s] -- Up-to-date: /home/fai/nao_ws/install/speech_interfaces/include/speech_interfaces/speech_interfaces/srv/detail/play_song__struct.h
[3.313s] -- Up-to-date: /home/fai/nao_ws/install/speech_interfaces/include/speech_interfaces/speech_interfaces/srv/detail/speak__type_support.h
[3.313s] -- Up-to-date: /home/fai/nao_ws/install/speech_interfaces/include/speech_interfaces/speech_interfaces/msg
[3.314s] -- Up-to-date: /home/fai/nao_ws/install/speech_interfaces/include/speech_interfaces/speech_interfaces/msg/rosidl_generator_c__visibility_control.h
[3.314s] -- Up-to-date: /home/fai/nao_ws/install/speech_interfaces/share/speech_interfaces/environment/library_path.sh
[3.314s] -- Up-to-date: /home/fai/nao_ws/install/speech_interfaces/share/speech_interfaces/environment/library_path.dsv
[3.314s] -- Up-to-date: /home/fai/nao_ws/install/speech_interfaces/lib/libspeech_interfaces__rosidl_generator_c.so
[3.315s] -- Up-to-date: /home/fai/nao_ws/install/speech_interfaces/include/speech_interfaces/speech_interfaces
[3.315s] -- Up-to-date: /home/fai/nao_ws/install/speech_interfaces/include/speech_interfaces/speech_interfaces/srv
[3.315s] -- Up-to-date: /home/fai/nao_ws/install/speech_interfaces/include/speech_interfaces/speech_interfaces/srv/detail
[3.315s] -- Up-to-date: /home/fai/nao_ws/install/speech_interfaces/include/speech_interfaces/speech_interfaces/srv/detail/play_song__rosidl_typesupport_fastrtps_c.h
[3.316s] -- Up-to-date: /home/fai/nao_ws/install/speech_interfaces/include/speech_interfaces/speech_interfaces/srv/detail/speak__rosidl_typesupport_fastrtps_c.h
[3.316s] -- Up-to-date: /home/fai/nao_ws/install/speech_interfaces/include/speech_interfaces/speech_interfaces/msg
[3.319s] -- Up-to-date: /home/fai/nao_ws/install/speech_interfaces/include/speech_interfaces/speech_interfaces/msg/rosidl_typesupport_fastrtps_c__visibility_control.h
[3.320s] -- Up-to-date: /home/fai/nao_ws/install/speech_interfaces/lib/libspeech_interfaces__rosidl_typesupport_fastrtps_c.so
[3.320s] -- Up-to-date: /home/fai/nao_ws/install/speech_interfaces/include/speech_interfaces/speech_interfaces
[3.320s] -- Up-to-date: /home/fai/nao_ws/install/speech_interfaces/include/speech_interfaces/speech_interfaces/srv
[3.323s] -- Up-to-date: /home/fai/nao_ws/install/speech_interfaces/include/speech_interfaces/speech_interfaces/srv/detail
[3.323s] -- Installing: /home/fai/nao_ws/install/speech_interfaces/include/speech_interfaces/speech_interfaces/srv/detail/play_song__type_support.c
[3.324s] -- Installing: /home/fai/nao_ws/install/speech_interfaces/include/speech_interfaces/speech_interfaces/srv/detail/speak__type_support.c
[3.324s] -- Up-to-date: /home/fai/nao_ws/install/speech_interfaces/include/speech_interfaces/speech_interfaces/srv/detail/play_song__rosidl_typesupport_introspection_c.h
[3.324s] -- Up-to-date: /home/fai/nao_ws/install/speech_interfaces/include/speech_interfaces/speech_interfaces/srv/detail/speak__rosidl_typesupport_introspection_c.h
[3.325s] -- Up-to-date: /home/fai/nao_ws/install/speech_interfaces/include/speech_interfaces/speech_interfaces/msg
[3.325s] -- Up-to-date: /home/fai/nao_ws/install/speech_interfaces/include/speech_interfaces/speech_interfaces/msg/rosidl_typesupport_introspection_c__visibility_control.h
[3.326s] -- Up-to-date: /home/fai/nao_ws/install/speech_interfaces/lib/libspeech_interfaces__rosidl_typesupport_introspection_c.so
[3.326s] -- Up-to-date: /home/fai/nao_ws/install/speech_interfaces/lib/libspeech_interfaces__rosidl_typesupport_c.so
[3.326s] -- Up-to-date: /home/fai/nao_ws/install/speech_interfaces/include/speech_interfaces/speech_interfaces
[3.326s] -- Up-to-date: /home/fai/nao_ws/install/speech_interfaces/include/speech_interfaces/speech_interfaces/srv
[3.327s] -- Up-to-date: /home/fai/nao_ws/install/speech_interfaces/include/speech_interfaces/speech_interfaces/srv/speak.hpp
[3.327s] -- Up-to-date: /home/fai/nao_ws/install/speech_interfaces/include/speech_interfaces/speech_interfaces/srv/detail
[3.327s] -- Up-to-date: /home/fai/nao_ws/install/speech_interfaces/include/speech_interfaces/speech_interfaces/srv/detail/speak__traits.hpp
[3.332s] -- Up-to-date: /home/fai/nao_ws/install/speech_interfaces/include/speech_interfaces/speech_interfaces/srv/detail/play_song__struct.hpp
[3.332s] -- Up-to-date: /home/fai/nao_ws/install/speech_interfaces/include/speech_interfaces/speech_interfaces/srv/detail/speak__builder.hpp
[3.333s] -- Up-to-date: /home/fai/nao_ws/install/speech_interfaces/include/speech_interfaces/speech_interfaces/srv/detail/speak__type_support.hpp
[3.333s] -- Up-to-date: /home/fai/nao_ws/install/speech_interfaces/include/speech_interfaces/speech_interfaces/srv/detail/play_song__builder.hpp
[3.333s] -- Up-to-date: /home/fai/nao_ws/install/speech_interfaces/include/speech_interfaces/speech_interfaces/srv/detail/play_song__traits.hpp
[3.334s] -- Up-to-date: /home/fai/nao_ws/install/speech_interfaces/include/speech_interfaces/speech_interfaces/srv/detail/play_song__type_support.hpp
[3.335s] -- Up-to-date: /home/fai/nao_ws/install/speech_interfaces/include/speech_interfaces/speech_interfaces/srv/detail/speak__struct.hpp
[3.336s] -- Up-to-date: /home/fai/nao_ws/install/speech_interfaces/include/speech_interfaces/speech_interfaces/srv/play_song.hpp
[3.336s] -- Up-to-date: /home/fai/nao_ws/install/speech_interfaces/include/speech_interfaces/speech_interfaces/msg
[3.336s] -- Up-to-date: /home/fai/nao_ws/install/speech_interfaces/include/speech_interfaces/speech_interfaces/msg/rosidl_generator_cpp__visibility_control.hpp
[3.336s] -- Up-to-date: /home/fai/nao_ws/install/speech_interfaces/include/speech_interfaces/speech_interfaces
[3.337s] -- Up-to-date: /home/fai/nao_ws/install/speech_interfaces/include/speech_interfaces/speech_interfaces/srv
[3.337s] -- Up-to-date: /home/fai/nao_ws/install/speech_interfaces/include/speech_interfaces/speech_interfaces/srv/detail
[3.337s] -- Up-to-date: /home/fai/nao_ws/install/speech_interfaces/include/speech_interfaces/speech_interfaces/srv/detail/speak__rosidl_typesupport_fastrtps_cpp.hpp
[3.339s] -- Up-to-date: /home/fai/nao_ws/install/speech_interfaces/include/speech_interfaces/speech_interfaces/srv/detail/play_song__rosidl_typesupport_fastrtps_cpp.hpp
[3.339s] -- Up-to-date: /home/fai/nao_ws/install/speech_interfaces/include/speech_interfaces/speech_interfaces/srv/detail/dds_fastrtps
[3.339s] -- Up-to-date: /home/fai/nao_ws/install/speech_interfaces/include/speech_interfaces/speech_interfaces/msg
[3.340s] -- Up-to-date: /home/fai/nao_ws/install/speech_interfaces/include/speech_interfaces/speech_interfaces/msg/rosidl_typesupport_fastrtps_cpp__visibility_control.h
[3.340s] -- Up-to-date: /home/fai/nao_ws/install/speech_interfaces/lib/libspeech_interfaces__rosidl_typesupport_fastrtps_cpp.so
[3.340s] -- Up-to-date: /home/fai/nao_ws/install/speech_interfaces/include/speech_interfaces/speech_interfaces
[3.340s] -- Up-to-date: /home/fai/nao_ws/install/speech_interfaces/include/speech_interfaces/speech_interfaces/srv
[3.341s] -- Up-to-date: /home/fai/nao_ws/install/speech_interfaces/include/speech_interfaces/speech_interfaces/srv/detail
[3.341s] -- Up-to-date: /home/fai/nao_ws/install/speech_interfaces/include/speech_interfaces/speech_interfaces/srv/detail/speak__rosidl_typesupport_introspection_cpp.hpp
[3.341s] -- Up-to-date: /home/fai/nao_ws/install/speech_interfaces/include/speech_interfaces/speech_interfaces/srv/detail/speak__type_support.cpp
[3.342s] -- Up-to-date: /home/fai/nao_ws/install/speech_interfaces/include/speech_interfaces/speech_interfaces/srv/detail/play_song__type_support.cpp
[3.342s] -- Up-to-date: /home/fai/nao_ws/install/speech_interfaces/include/speech_interfaces/speech_interfaces/srv/detail/play_song__rosidl_typesupport_introspection_cpp.hpp
[3.342s] -- Up-to-date: /home/fai/nao_ws/install/speech_interfaces/lib/libspeech_interfaces__rosidl_typesupport_introspection_cpp.so
[3.342s] -- Up-to-date: /home/fai/nao_ws/install/speech_interfaces/lib/libspeech_interfaces__rosidl_typesupport_cpp.so
[3.343s] -- Up-to-date: /home/fai/nao_ws/install/speech_interfaces/share/speech_interfaces/environment/pythonpath.sh
[3.343s] -- Up-to-date: /home/fai/nao_ws/install/speech_interfaces/share/speech_interfaces/environment/pythonpath.dsv
[3.343s] -- Up-to-date: /home/fai/nao_ws/install/speech_interfaces/lib/python3.12/site-packages/speech_interfaces-0.0.0-py3.12.egg-info
[3.343s] -- Installing: /home/fai/nao_ws/install/speech_interfaces/lib/python3.12/site-packages/speech_interfaces-0.0.0-py3.12.egg-info/PKG-INFO
[3.344s] -- Installing: /home/fai/nao_ws/install/speech_interfaces/lib/python3.12/site-packages/speech_interfaces-0.0.0-py3.12.egg-info/top_level.txt
[3.344s] -- Installing: /home/fai/nao_ws/install/speech_interfaces/lib/python3.12/site-packages/speech_interfaces-0.0.0-py3.12.egg-info/dependency_links.txt
[3.346s] -- Installing: /home/fai/nao_ws/install/speech_interfaces/lib/python3.12/site-packages/speech_interfaces-0.0.0-py3.12.egg-info/SOURCES.txt
[3.347s] -- Up-to-date: /home/fai/nao_ws/install/speech_interfaces/lib/python3.12/site-packages/speech_interfaces
[3.347s] -- Up-to-date: /home/fai/nao_ws/install/speech_interfaces/lib/python3.12/site-packages/speech_interfaces/_speech_interfaces_s.ep.rosidl_typesupport_c.c
[3.347s] -- Up-to-date: /home/fai/nao_ws/install/speech_interfaces/lib/python3.12/site-packages/speech_interfaces/srv
[3.348s] -- Up-to-date: /home/fai/nao_ws/install/speech_interfaces/lib/python3.12/site-packages/speech_interfaces/srv/_speak.py
[3.348s] -- Up-to-date: /home/fai/nao_ws/install/speech_interfaces/lib/python3.12/site-packages/speech_interfaces/srv/_play_song_s.c
[3.348s] -- Up-to-date: /home/fai/nao_ws/install/speech_interfaces/lib/python3.12/site-packages/speech_interfaces/srv/__init__.py
[3.348s] -- Up-to-date: /home/fai/nao_ws/install/speech_interfaces/lib/python3.12/site-packages/speech_interfaces/srv/_play_song.py
[3.349s] -- Up-to-date: /home/fai/nao_ws/install/speech_interfaces/lib/python3.12/site-packages/speech_interfaces/srv/_speak_s.c
[3.349s] -- Up-to-date: /home/fai/nao_ws/install/speech_interfaces/lib/python3.12/site-packages/speech_interfaces/speech_interfaces_s__rosidl_typesupport_fastrtps_c.so
[3.349s] -- Up-to-date: /home/fai/nao_ws/install/speech_interfaces/lib/python3.12/site-packages/speech_interfaces/_speech_interfaces_s.ep.rosidl_typesupport_introspection_c.c
[3.350s] -- Up-to-date: /home/fai/nao_ws/install/speech_interfaces/lib/python3.12/site-packages/speech_interfaces/__init__.py
[3.350s] -- Up-to-date: /home/fai/nao_ws/install/speech_interfaces/lib/python3.12/site-packages/speech_interfaces/speech_interfaces_s__rosidl_typesupport_introspection_c.so
[3.350s] -- Up-to-date: /home/fai/nao_ws/install/speech_interfaces/lib/python3.12/site-packages/speech_interfaces/_speech_interfaces_s.ep.rosidl_typesupport_fastrtps_c.c
[3.351s] -- Up-to-date: /home/fai/nao_ws/install/speech_interfaces/lib/python3.12/site-packages/speech_interfaces/speech_interfaces_s__rosidl_typesupport_c.so
[3.459s] Listing '/home/fai/nao_ws/install/speech_interfaces/lib/python3.12/site-packages/speech_interfaces'...
[3.459s] Listing '/home/fai/nao_ws/install/speech_interfaces/lib/python3.12/site-packages/speech_interfaces/srv'...
[3.475s] -- Up-to-date: /home/fai/nao_ws/install/speech_interfaces/lib/python3.12/site-packages/speech_interfaces/speech_interfaces_s__rosidl_typesupport_fastrtps_c.so
[3.479s] -- Up-to-date: /home/fai/nao_ws/install/speech_interfaces/lib/python3.12/site-packages/speech_interfaces/speech_interfaces_s__rosidl_typesupport_introspection_c.so
[3.479s] -- Up-to-date: /home/fai/nao_ws/install/speech_interfaces/lib/python3.12/site-packages/speech_interfaces/speech_interfaces_s__rosidl_typesupport_c.so
[3.483s] -- Up-to-date: /home/fai/nao_ws/install/speech_interfaces/lib/libspeech_interfaces__rosidl_generator_py.so
[3.485s] -- Up-to-date: /home/fai/nao_ws/install/speech_interfaces/share/speech_interfaces/srv/Speak.idl
[3.486s] -- Up-to-date: /home/fai/nao_ws/install/speech_interfaces/share/speech_interfaces/srv/PlaySong.idl
[3.486s] -- Up-to-date: /home/fai/nao_ws/install/speech_interfaces/share/speech_interfaces/srv/Speak.srv
[3.486s] -- Up-to-date: /home/fai/nao_ws/install/speech_interfaces/share/speech_interfaces/srv/PlaySong.srv
[3.486s] -- Up-to-date: /home/fai/nao_ws/install/speech_interfaces/share/ament_index/resource_index/package_run_dependencies/speech_interfaces
[3.487s] -- Up-to-date: /home/fai/nao_ws/install/speech_interfaces/share/ament_index/resource_index/parent_prefix_path/speech_interfaces
[3.487s] -- Up-to-date: /home/fai/nao_ws/install/speech_interfaces/share/speech_interfaces/environment/ament_prefix_path.sh
[3.487s] -- Up-to-date: /home/fai/nao_ws/install/speech_interfaces/share/speech_interfaces/environment/ament_prefix_path.dsv
[3.487s] -- Up-to-date: /home/fai/nao_ws/install/speech_interfaces/share/speech_interfaces/environment/path.sh
[3.488s] -- Up-to-date: /home/fai/nao_ws/install/speech_interfaces/share/speech_interfaces/environment/path.dsv
[3.488s] -- Up-to-date: /home/fai/nao_ws/install/speech_interfaces/share/speech_interfaces/local_setup.bash
[3.488s] -- Up-to-date: /home/fai/nao_ws/install/speech_interfaces/share/speech_interfaces/local_setup.sh
[3.490s] -- Up-to-date: /home/fai/nao_ws/install/speech_interfaces/share/speech_interfaces/local_setup.zsh
[3.490s] -- Up-to-date: /home/fai/nao_ws/install/speech_interfaces/share/speech_interfaces/local_setup.dsv
[3.490s] -- Installing: /home/fai/nao_ws/install/speech_interfaces/share/speech_interfaces/package.dsv
[3.491s] -- Up-to-date: /home/fai/nao_ws/install/speech_interfaces/share/ament_index/resource_index/packages/speech_interfaces
[3.491s] -- Up-to-date: /home/fai/nao_ws/install/speech_interfaces/share/speech_interfaces/cmake/export_speech_interfaces__rosidl_generator_cExport.cmake
[3.491s] -- Up-to-date: /home/fai/nao_ws/install/speech_interfaces/share/speech_interfaces/cmake/export_speech_interfaces__rosidl_generator_cExport-noconfig.cmake
[3.491s] -- Up-to-date: /home/fai/nao_ws/install/speech_interfaces/share/speech_interfaces/cmake/export_speech_interfaces__rosidl_typesupport_fastrtps_cExport.cmake
[3.492s] -- Up-to-date: /home/fai/nao_ws/install/speech_interfaces/share/speech_interfaces/cmake/export_speech_interfaces__rosidl_typesupport_fastrtps_cExport-noconfig.cmake
[3.492s] -- Up-to-date: /home/fai/nao_ws/install/speech_interfaces/share/speech_interfaces/cmake/speech_interfaces__rosidl_typesupport_introspection_cExport.cmake
[3.492s] -- Up-to-date: /home/fai/nao_ws/install/speech_interfaces/share/speech_interfaces/cmake/speech_interfaces__rosidl_typesupport_introspection_cExport-noconfig.cmake
[3.494s] -- Up-to-date: /home/fai/nao_ws/install/speech_interfaces/share/speech_interfaces/cmake/speech_interfaces__rosidl_typesupport_cExport.cmake
[3.494s] -- Up-to-date: /home/fai/nao_ws/install/speech_interfaces/share/speech_interfaces/cmake/speech_interfaces__rosidl_typesupport_cExport-noconfig.cmake
[3.494s] -- Up-to-date: /home/fai/nao_ws/install/speech_interfaces/share/speech_interfaces/cmake/export_speech_interfaces__rosidl_generator_cppExport.cmake
[3.494s] -- Up-to-date: /home/fai/nao_ws/install/speech_interfaces/share/speech_interfaces/cmake/export_speech_interfaces__rosidl_typesupport_fastrtps_cppExport.cmake
[3.495s] -- Up-to-date: /home/fai/nao_ws/install/speech_interfaces/share/speech_interfaces/cmake/export_speech_interfaces__rosidl_typesupport_fastrtps_cppExport-noconfig.cmake
[3.495s] -- Up-to-date: /home/fai/nao_ws/install/speech_interfaces/share/speech_interfaces/cmake/speech_interfaces__rosidl_typesupport_introspection_cppExport.cmake
[3.495s] -- Up-to-date: /home/fai/nao_ws/install/speech_interfaces/share/speech_interfaces/cmake/speech_interfaces__rosidl_typesupport_introspection_cppExport-noconfig.cmake
[3.495s] -- Up-to-date: /home/fai/nao_ws/install/speech_interfaces/share/speech_interfaces/cmake/speech_interfaces__rosidl_typesupport_cppExport.cmake
[3.495s] -- Up-to-date: /home/fai/nao_ws/install/speech_interfaces/share/speech_interfaces/cmake/speech_interfaces__rosidl_typesupport_cppExport-noconfig.cmake
[3.496s] -- Up-to-date: /home/fai/nao_ws/install/speech_interfaces/share/speech_interfaces/cmake/export_speech_interfaces__rosidl_generator_pyExport.cmake
[3.496s] -- Up-to-date: /home/fai/nao_ws/install/speech_interfaces/share/speech_interfaces/cmake/export_speech_interfaces__rosidl_generator_pyExport-noconfig.cmake
[3.496s] -- Up-to-date: /home/fai/nao_ws/install/speech_interfaces/share/speech_interfaces/cmake/rosidl_cmake-extras.cmake
[3.497s] -- Up-to-date: /home/fai/nao_ws/install/speech_interfaces/share/speech_interfaces/cmake/ament_cmake_export_dependencies-extras.cmake
[3.498s] -- Up-to-date: /home/fai/nao_ws/install/speech_interfaces/share/speech_interfaces/cmake/ament_cmake_export_include_directories-extras.cmake
[3.498s] -- Up-to-date: /home/fai/nao_ws/install/speech_interfaces/share/speech_interfaces/cmake/ament_cmake_export_libraries-extras.cmake
[3.498s] -- Up-to-date: /home/fai/nao_ws/install/speech_interfaces/share/speech_interfaces/cmake/ament_cmake_export_targets-extras.cmake
[3.498s] -- Up-to-date: /home/fai/nao_ws/install/speech_interfaces/share/speech_interfaces/cmake/rosidl_cmake_export_typesupport_targets-extras.cmake
[3.499s] -- Up-to-date: /home/fai/nao_ws/install/speech_interfaces/share/speech_interfaces/cmake/rosidl_cmake_export_typesupport_libraries-extras.cmake
[3.499s] -- Up-to-date: /home/fai/nao_ws/install/speech_interfaces/share/speech_interfaces/cmake/speech_interfacesConfig.cmake
[3.499s] -- Up-to-date: /home/fai/nao_ws/install/speech_interfaces/share/speech_interfaces/cmake/speech_interfacesConfig-version.cmake
[3.499s] -- Up-to-date: /home/fai/nao_ws/install/speech_interfaces/share/speech_interfaces/package.xml
[3.520s] Invoked command in '/home/fai/nao_ws/build/speech_interfaces' returned '0': CMAKE_PREFIX_PATH=${CMAKE_PREFIX_PATH}:/home/fai/nao_ws/install/web_controller:/home/fai/nao_ws/install/speech:/home/fai/nao_ws/install/nao_tasks:/home/fai/nao_ws/install/integration:/home/fai/nao_ws/install/perception:/home/fai/nao_ws/install/navigation:/home/fai/nao_ws/install/nao_qi_ros2_package:/home/fai/nao_ws/install/manipulation:/opt/ros/jazzy DEBUGINFOD_URLS=https://debuginfod.ubuntu.com /usr/bin/cmake --install /home/fai/nao_ws/build/speech_interfaces
