[2.883s] Invoking command in '/home/fai/nao_ws/src/web_controller': DEBUGINFOD_URLS=https://debuginfod.ubuntu.com PYTHONPATH=/home/fai/nao_ws/build/web_controller/prefix_override:/usr/lib/python3/dist-packages/colcon_core/task/python/colcon_distutils_commands:/home/fai/nao_ws/install/web_controller/lib/python3.12/site-packages:${PYTHONPATH} /usr/bin/python3 -W ignore:setup.py install is deprecated setup.py egg_info --egg-base ../../build/web_controller build --build-base /home/fai/nao_ws/build/web_controller/build install --record /home/fai/nao_ws/build/web_controller/install.log --single-version-externally-managed install_data
[4.259s] running egg_info
[4.260s] creating ../../build/web_controller/web_controller.egg-info
[4.464s] writing ../../build/web_controller/web_controller.egg-info/PKG-INFO
[4.464s] writing dependency_links to ../../build/web_controller/web_controller.egg-info/dependency_links.txt
[4.471s] writing requirements to ../../build/web_controller/web_controller.egg-info/requires.txt
[4.472s] writing top-level names to ../../build/web_controller/web_controller.egg-info/top_level.txt
[4.472s] writing manifest file '../../build/web_controller/web_controller.egg-info/SOURCES.txt'
[4.667s] reading manifest file '../../build/web_controller/web_controller.egg-info/SOURCES.txt'
[4.669s] writing manifest file '../../build/web_controller/web_controller.egg-info/SOURCES.txt'
[4.670s] running build
[4.671s] running build_py
[4.671s] creating /home/fai/nao_ws/build/web_controller/build
[4.672s] creating /home/fai/nao_ws/build/web_controller/build/lib
[4.672s] creating /home/fai/nao_ws/build/web_controller/build/lib/web_controller
[4.673s] copying web_controller/__init__.py -> /home/fai/nao_ws/build/web_controller/build/lib/web_controller
[4.673s] copying web_controller/web_controller_interface.py -> /home/fai/nao_ws/build/web_controller/build/lib/web_controller
[4.675s] running install
[4.698s] running install_lib
[4.767s] creating /home/fai/nao_ws/install/web_controller/lib/python3.12/site-packages/web_controller
[4.767s] copying /home/fai/nao_ws/build/web_controller/build/lib/web_controller/__init__.py -> /home/fai/nao_ws/install/web_controller/lib/python3.12/site-packages/web_controller
[4.768s] copying /home/fai/nao_ws/build/web_controller/build/lib/web_controller/web_controller_interface.py -> /home/fai/nao_ws/install/web_controller/lib/python3.12/site-packages/web_controller
[4.771s] byte-compiling /home/fai/nao_ws/install/web_controller/lib/python3.12/site-packages/web_controller/__init__.py to __init__.cpython-312.pyc
[4.772s] byte-compiling /home/fai/nao_ws/install/web_controller/lib/python3.12/site-packages/web_controller/web_controller_interface.py to web_controller_interface.cpython-312.pyc
[4.772s] running install_data
[4.773s] creating /home/fai/nao_ws/install/web_controller/share/ament_index
[4.774s] creating /home/fai/nao_ws/install/web_controller/share/ament_index/resource_index
[4.775s] creating /home/fai/nao_ws/install/web_controller/share/ament_index/resource_index/packages
[4.776s] copying resource/web_controller -> /home/fai/nao_ws/install/web_controller/share/ament_index/resource_index/packages
[4.776s] copying package.xml -> /home/fai/nao_ws/install/web_controller/share/web_controller
[4.777s] running install_egg_info
[4.844s] Copying ../../build/web_controller/web_controller.egg-info to /home/fai/nao_ws/install/web_controller/lib/python3.12/site-packages/web_controller-0.0.0-py3.12.egg-info
[4.849s] running install_scripts
[5.564s] writing list of installed files to '/home/fai/nao_ws/build/web_controller/install.log'
[5.823s] Invoked command in '/home/fai/nao_ws/src/web_controller' returned '0': DEBUGINFOD_URLS=https://debuginfod.ubuntu.com PYTHONPATH=/home/fai/nao_ws/build/web_controller/prefix_override:/usr/lib/python3/dist-packages/colcon_core/task/python/colcon_distutils_commands:/home/fai/nao_ws/install/web_controller/lib/python3.12/site-packages:${PYTHONPATH} /usr/bin/python3 -W ignore:setup.py install is deprecated setup.py egg_info --egg-base ../../build/web_controller build --build-base /home/fai/nao_ws/build/web_controller/build install --record /home/fai/nao_ws/build/web_controller/install.log --single-version-externally-managed install_data
