[2.689s] Invoking command in '/home/fai/nao_ws/src/perception': CMAKE_PREFIX_PATH=/home/fai/nao_ws/install/perception_interfaces:/home/fai/nao_ws/install/speech_interfaces:/home/fai/nao_ws/install/navigation_interfaces:/home/fai/nao_ws/install/manipulation_interfaces:/opt/ros/jazzy/opt/gz_math_vendor:/opt/ros/jazzy/opt/gz_utils_vendor:/opt/ros/jazzy/opt/gz_cmake_vendor DEBUGINFOD_URLS=https://debuginfod.ubuntu.com LD_LIBRARY_PATH=/home/fai/nao_ws/install/perception_interfaces/lib:/home/fai/nao_ws/install/speech_interfaces/lib:/home/fai/nao_ws/install/navigation_interfaces/lib:/home/fai/nao_ws/install/manipulation_interfaces/lib:/opt/ros/jazzy/opt/rviz_ogre_vendor/lib:/opt/ros/jazzy/lib/x86_64-linux-gnu:/opt/ros/jazzy/opt/gz_math_vendor/lib:/opt/ros/jazzy/opt/gz_utils_vendor/lib:/opt/ros/jazzy/opt/gz_cmake_vendor/lib:/opt/ros/jazzy/lib PS1=(ros2_rest_env) \[\e]0;\u@\h: \w\a\]${debian_chroot:+($debian_chroot)}\[\033[01;32m\]\u@\h\[\033[00m\]:\[\033[01;34m\]\w\[\033[00m\]\$ PYTHONPATH=/home/fai/nao_ws/build/perception/prefix_override:/usr/lib/python3/dist-packages/colcon_core/task/python/colcon_distutils_commands:/home/fai/nao_ws/install/perception/lib/python3.12/site-packages:/home/fai/nao_ws/install/perception_interfaces/lib/python3.12/site-packages:/home/fai/nao_ws/install/rest_api/lib/python3.12/site-packages:/home/fai/nao_ws/install/web_controller/lib/python3.12/site-packages:/home/fai/nao_ws/install/speech/lib/python3.12/site-packages:/home/fai/nao_ws/install/nao_tasks/lib/python3.12/site-packages:/home/fai/nao_ws/install/integration/lib/python3.12/site-packages:/home/fai/nao_ws/install/speech_interfaces/lib/python3.12/site-packages:/home/fai/nao_ws/install/perception/lib/python3.12/site-packages:/home/fai/nao_ws/install/navigation/lib/python3.12/site-packages:/home/fai/nao_ws/install/navigation_interfaces/lib/python3.12/site-packages:/home/fai/nao_ws/install/nao_qi_ros2_package/lib/python3.12/site-packages:/home/fai/nao_ws/install/manipulation/lib/python3.12/site-packages:/home/fai/nao_ws/install/manipulation_interfaces/lib/python3.12/site-packages:/opt/ros/jazzy/lib/python3.12/site-packages VIRTUAL_ENV_PROMPT=(ros2_rest_env) /usr/bin/python3 -W ignore:setup.py install is deprecated setup.py egg_info --egg-base ../../build/perception build --build-base /home/fai/nao_ws/build/perception/build install --record /home/fai/nao_ws/build/perception/install.log --single-version-externally-managed install_data
[3.768s] running egg_info
[3.839s] writing ../../build/perception/perception.egg-info/PKG-INFO
[3.839s] writing dependency_links to ../../build/perception/perception.egg-info/dependency_links.txt
[3.841s] writing entry points to ../../build/perception/perception.egg-info/entry_points.txt
[3.841s] writing requirements to ../../build/perception/perception.egg-info/requires.txt
[3.846s] writing top-level names to ../../build/perception/perception.egg-info/top_level.txt
[3.986s] reading manifest file '../../build/perception/perception.egg-info/SOURCES.txt'
[3.988s] writing manifest file '../../build/perception/perception.egg-info/SOURCES.txt'
[3.989s] running build
[3.989s] running build_py
[3.990s] running install
[4.011s] running install_lib
[4.084s] running install_data
[4.085s] running install_egg_info
[4.151s] removing '/home/fai/nao_ws/install/perception/lib/python3.12/site-packages/perception-0.0.0-py3.12.egg-info' (and everything under it)
[4.154s] Copying ../../build/perception/perception.egg-info to /home/fai/nao_ws/install/perception/lib/python3.12/site-packages/perception-0.0.0-py3.12.egg-info
[4.155s] running install_scripts
[4.593s] Installing perception_node script to /home/fai/nao_ws/install/perception/lib/perception
[4.602s] writing list of installed files to '/home/fai/nao_ws/build/perception/install.log'
[4.707s] Invoked command in '/home/fai/nao_ws/src/perception' returned '0': CMAKE_PREFIX_PATH=/home/fai/nao_ws/install/perception_interfaces:/home/fai/nao_ws/install/speech_interfaces:/home/fai/nao_ws/install/navigation_interfaces:/home/fai/nao_ws/install/manipulation_interfaces:/opt/ros/jazzy/opt/gz_math_vendor:/opt/ros/jazzy/opt/gz_utils_vendor:/opt/ros/jazzy/opt/gz_cmake_vendor DEBUGINFOD_URLS=https://debuginfod.ubuntu.com LD_LIBRARY_PATH=/home/fai/nao_ws/install/perception_interfaces/lib:/home/fai/nao_ws/install/speech_interfaces/lib:/home/fai/nao_ws/install/navigation_interfaces/lib:/home/fai/nao_ws/install/manipulation_interfaces/lib:/opt/ros/jazzy/opt/rviz_ogre_vendor/lib:/opt/ros/jazzy/lib/x86_64-linux-gnu:/opt/ros/jazzy/opt/gz_math_vendor/lib:/opt/ros/jazzy/opt/gz_utils_vendor/lib:/opt/ros/jazzy/opt/gz_cmake_vendor/lib:/opt/ros/jazzy/lib PS1=(ros2_rest_env) \[\e]0;\u@\h: \w\a\]${debian_chroot:+($debian_chroot)}\[\033[01;32m\]\u@\h\[\033[00m\]:\[\033[01;34m\]\w\[\033[00m\]\$ PYTHONPATH=/home/fai/nao_ws/build/perception/prefix_override:/usr/lib/python3/dist-packages/colcon_core/task/python/colcon_distutils_commands:/home/fai/nao_ws/install/perception/lib/python3.12/site-packages:/home/fai/nao_ws/install/perception_interfaces/lib/python3.12/site-packages:/home/fai/nao_ws/install/rest_api/lib/python3.12/site-packages:/home/fai/nao_ws/install/web_controller/lib/python3.12/site-packages:/home/fai/nao_ws/install/speech/lib/python3.12/site-packages:/home/fai/nao_ws/install/nao_tasks/lib/python3.12/site-packages:/home/fai/nao_ws/install/integration/lib/python3.12/site-packages:/home/fai/nao_ws/install/speech_interfaces/lib/python3.12/site-packages:/home/fai/nao_ws/install/perception/lib/python3.12/site-packages:/home/fai/nao_ws/install/navigation/lib/python3.12/site-packages:/home/fai/nao_ws/install/navigation_interfaces/lib/python3.12/site-packages:/home/fai/nao_ws/install/nao_qi_ros2_package/lib/python3.12/site-packages:/home/fai/nao_ws/install/manipulation/lib/python3.12/site-packages:/home/fai/nao_ws/install/manipulation_interfaces/lib/python3.12/site-packages:/opt/ros/jazzy/lib/python3.12/site-packages VIRTUAL_ENV_PROMPT=(ros2_rest_env) /usr/bin/python3 -W ignore:setup.py install is deprecated setup.py egg_info --egg-base ../../build/perception build --build-base /home/fai/nao_ws/build/perception/build install --record /home/fai/nao_ws/build/perception/install.log --single-version-externally-managed install_data
