[2.837s] Invoking command in '/home/fai/nao_ws/src/nao_tasks': CMAKE_PREFIX_PATH=/home/fai/nao_ws/install/speech_interfaces:/home/fai/nao_ws/install/navigation_interfaces:/home/fai/nao_ws/install/manipulation_interfaces:/home/fai/nao_ws/install/perception_interfaces:/opt/ros/jazzy/opt/gz_math_vendor:/opt/ros/jazzy/opt/gz_utils_vendor:/opt/ros/jazzy/opt/gz_cmake_vendor DEBUGINFOD_URLS=https://debuginfod.ubuntu.com LD_LIBRARY_PATH=/home/fai/nao_ws/install/speech_interfaces/lib:/home/fai/nao_ws/install/navigation_interfaces/lib:/home/fai/nao_ws/install/manipulation_interfaces/lib:/home/fai/nao_ws/install/perception_interfaces/lib:/opt/ros/jazzy/opt/rviz_ogre_vendor/lib:/opt/ros/jazzy/lib/x86_64-linux-gnu:/opt/ros/jazzy/opt/gz_math_vendor/lib:/opt/ros/jazzy/opt/gz_utils_vendor/lib:/opt/ros/jazzy/opt/gz_cmake_vendor/lib:/opt/ros/jazzy/lib PYTHONPATH=/home/fai/nao_ws/build/nao_tasks/prefix_override:/usr/lib/python3/dist-packages/colcon_core/task/python/colcon_distutils_commands:/home/fai/nao_ws/install/nao_tasks/lib/python3.12/site-packages:/home/fai/nao_ws/install/speech_interfaces/lib/python3.12/site-packages:/home/fai/nao_ws/install/navigation_interfaces/lib/python3.12/site-packages:/home/fai/nao_ws/install/manipulation_interfaces/lib/python3.12/site-packages:/home/fai/nao_ws/install/web_controller/lib/python3.12/site-packages:/home/fai/nao_ws/install/speech/lib/python3.12/site-packages:/home/fai/nao_ws/install/nao_tasks/lib/python3.12/site-packages:/home/fai/nao_ws/install/integration/lib/python3.12/site-packages:/home/fai/nao_ws/install/perception/lib/python3.12/site-packages:/home/fai/nao_ws/install/perception_interfaces/lib/python3.12/site-packages:/home/fai/nao_ws/install/navigation/lib/python3.12/site-packages:/home/fai/nao_ws/install/nao_qi_ros2_package/lib/python3.12/site-packages:/home/fai/nao_ws/install/manipulation/lib/python3.12/site-packages:/opt/ros/jazzy/lib/python3.12/site-packages /usr/bin/python3 -W ignore:setup.py install is deprecated setup.py egg_info --egg-base ../../build/nao_tasks build --build-base /home/fai/nao_ws/build/nao_tasks/build install --record /home/fai/nao_ws/build/nao_tasks/install.log --single-version-externally-managed install_data
[3.673s] running egg_info
[3.743s] writing ../../build/nao_tasks/nao_tasks.egg-info/PKG-INFO
[3.744s] writing dependency_links to ../../build/nao_tasks/nao_tasks.egg-info/dependency_links.txt
[3.744s] writing entry points to ../../build/nao_tasks/nao_tasks.egg-info/entry_points.txt
[3.744s] writing requirements to ../../build/nao_tasks/nao_tasks.egg-info/requires.txt
[3.744s] writing top-level names to ../../build/nao_tasks/nao_tasks.egg-info/top_level.txt
[3.882s] reading manifest file '../../build/nao_tasks/nao_tasks.egg-info/SOURCES.txt'
[3.885s] writing manifest file '../../build/nao_tasks/nao_tasks.egg-info/SOURCES.txt'
[3.886s] running build
[3.888s] running build_py
[3.888s] running install
[3.913s] running install_lib
[3.985s] running install_data
[3.986s] running install_egg_info
[4.058s] removing '/home/fai/nao_ws/install/nao_tasks/lib/python3.12/site-packages/nao_tasks-0.0.0-py3.12.egg-info' (and everything under it)
[4.059s] Copying ../../build/nao_tasks/nao_tasks.egg-info to /home/fai/nao_ws/install/nao_tasks/lib/python3.12/site-packages/nao_tasks-0.0.0-py3.12.egg-info
[4.064s] running install_scripts
[4.483s] Installing task_one script to /home/fai/nao_ws/install/nao_tasks/lib/nao_tasks
[4.486s] writing list of installed files to '/home/fai/nao_ws/build/nao_tasks/install.log'
[4.563s] Invoked command in '/home/fai/nao_ws/src/nao_tasks' returned '0': CMAKE_PREFIX_PATH=/home/fai/nao_ws/install/speech_interfaces:/home/fai/nao_ws/install/navigation_interfaces:/home/fai/nao_ws/install/manipulation_interfaces:/home/fai/nao_ws/install/perception_interfaces:/opt/ros/jazzy/opt/gz_math_vendor:/opt/ros/jazzy/opt/gz_utils_vendor:/opt/ros/jazzy/opt/gz_cmake_vendor DEBUGINFOD_URLS=https://debuginfod.ubuntu.com LD_LIBRARY_PATH=/home/fai/nao_ws/install/speech_interfaces/lib:/home/fai/nao_ws/install/navigation_interfaces/lib:/home/fai/nao_ws/install/manipulation_interfaces/lib:/home/fai/nao_ws/install/perception_interfaces/lib:/opt/ros/jazzy/opt/rviz_ogre_vendor/lib:/opt/ros/jazzy/lib/x86_64-linux-gnu:/opt/ros/jazzy/opt/gz_math_vendor/lib:/opt/ros/jazzy/opt/gz_utils_vendor/lib:/opt/ros/jazzy/opt/gz_cmake_vendor/lib:/opt/ros/jazzy/lib PYTHONPATH=/home/fai/nao_ws/build/nao_tasks/prefix_override:/usr/lib/python3/dist-packages/colcon_core/task/python/colcon_distutils_commands:/home/fai/nao_ws/install/nao_tasks/lib/python3.12/site-packages:/home/fai/nao_ws/install/speech_interfaces/lib/python3.12/site-packages:/home/fai/nao_ws/install/navigation_interfaces/lib/python3.12/site-packages:/home/fai/nao_ws/install/manipulation_interfaces/lib/python3.12/site-packages:/home/fai/nao_ws/install/web_controller/lib/python3.12/site-packages:/home/fai/nao_ws/install/speech/lib/python3.12/site-packages:/home/fai/nao_ws/install/nao_tasks/lib/python3.12/site-packages:/home/fai/nao_ws/install/integration/lib/python3.12/site-packages:/home/fai/nao_ws/install/perception/lib/python3.12/site-packages:/home/fai/nao_ws/install/perception_interfaces/lib/python3.12/site-packages:/home/fai/nao_ws/install/navigation/lib/python3.12/site-packages:/home/fai/nao_ws/install/nao_qi_ros2_package/lib/python3.12/site-packages:/home/fai/nao_ws/install/manipulation/lib/python3.12/site-packages:/opt/ros/jazzy/lib/python3.12/site-packages /usr/bin/python3 -W ignore:setup.py install is deprecated setup.py egg_info --egg-base ../../build/nao_tasks build --build-base /home/fai/nao_ws/build/nao_tasks/build install --record /home/fai/nao_ws/build/nao_tasks/install.log --single-version-externally-managed install_data
