[0.031s] Invoking command in '/home/fai/nao_ws/build/navigation_interfaces': CMAKE_PREFIX_PATH=${CMAKE_PREFIX_PATH}:/home/fai/nao_ws/install/rest_api:/home/fai/nao_ws/install/web_controller:/home/fai/nao_ws/install/speech:/home/fai/nao_ws/install/nao_tasks:/home/fai/nao_ws/install/integration:/home/fai/nao_ws/install/perception:/home/fai/nao_ws/install/navigation:/home/fai/nao_ws/install/nao_qi_ros2_package:/home/fai/nao_ws/install/manipulation:/opt/ros/jazzy DEBUGINFOD_URLS=https://debuginfod.ubuntu.com /usr/bin/cmake /home/fai/nao_ws/src/navigation_interfaces -DCMAKE_INSTALL_PREFIX=/home/fai/nao_ws/install/navigation_interfaces
[0.290s] -- The C compiler identification is GNU 13.2.0
[0.560s] -- The CXX compiler identification is GNU 13.2.0
[0.625s] -- Detecting C compiler ABI info
[0.938s] -- Detecting C compiler ABI info - done
[0.995s] -- Check for working C compiler: /usr/bin/cc - skipped
[0.999s] -- Detecting C compile features
[1.005s] -- Detecting C compile features - done
[1.043s] -- Detecting CXX compiler ABI info
[1.363s] -- Detecting CXX compiler ABI info - done
[1.425s] -- Check for working CXX compiler: /usr/bin/c++ - skipped
[1.425s] -- Detecting CXX compile features
[1.425s] -- Detecting CXX compile features - done
[1.449s] -- Found ament_cmake: 2.5.2 (/opt/ros/jazzy/share/ament_cmake/cmake)
[2.061s] -- Found Python3: /usr/bin/python3 (found version "3.12.3") found components: Interpreter 
[2.349s] -- Found rosidl_default_generators: 1.6.0 (/opt/ros/jazzy/share/rosidl_default_generators/cmake)
[2.367s] -- Using all available rosidl_typesupport_c: rosidl_typesupport_fastrtps_c;rosidl_typesupport_introspection_c
[2.497s] -- Using all available rosidl_typesupport_cpp: rosidl_typesupport_fastrtps_cpp;rosidl_typesupport_introspection_cpp
[2.614s] -- Found rosidl_adapter: 4.6.4 (/opt/ros/jazzy/share/rosidl_adapter/cmake)
[2.619s] -- Found geometry_msgs: 5.3.5 (/opt/ros/jazzy/share/geometry_msgs/cmake)
[4.928s] -- Found ament_cmake_ros: 0.12.0 (/opt/ros/jazzy/share/ament_cmake_ros/cmake)
[6.598s] -- Using all available rosidl_typesupport_c: rosidl_typesupport_fastrtps_c;rosidl_typesupport_introspection_c
[8.933s] -- Using all available rosidl_typesupport_cpp: rosidl_typesupport_fastrtps_cpp;rosidl_typesupport_introspection_cpp
[8.940s] -- Found python_cmake_module: 0.11.1 (/opt/ros/jazzy/share/python_cmake_module/cmake)
[9.306s] -- Found PythonExtra: /usr/bin/python3  
[10.757s] -- Found Python3: /usr/bin/python3 (found version "3.12.3") found components: Interpreter Development NumPy Development.Module Development.Embed 
[11.534s] -- Configuring done (11.5s)
[11.832s] -- Generating done (0.2s)
[11.849s] -- Build files have been written to: /home/fai/nao_ws/build/navigation_interfaces
[11.911s] Invoked command in '/home/fai/nao_ws/build/navigation_interfaces' returned '0': CMAKE_PREFIX_PATH=${CMAKE_PREFIX_PATH}:/home/fai/nao_ws/install/rest_api:/home/fai/nao_ws/install/web_controller:/home/fai/nao_ws/install/speech:/home/fai/nao_ws/install/nao_tasks:/home/fai/nao_ws/install/integration:/home/fai/nao_ws/install/perception:/home/fai/nao_ws/install/navigation:/home/fai/nao_ws/install/nao_qi_ros2_package:/home/fai/nao_ws/install/manipulation:/opt/ros/jazzy DEBUGINFOD_URLS=https://debuginfod.ubuntu.com /usr/bin/cmake /home/fai/nao_ws/src/navigation_interfaces -DCMAKE_INSTALL_PREFIX=/home/fai/nao_ws/install/navigation_interfaces
[11.912s] Invoking command in '/home/fai/nao_ws/build/navigation_interfaces': CMAKE_PREFIX_PATH=${CMAKE_PREFIX_PATH}:/home/fai/nao_ws/install/rest_api:/home/fai/nao_ws/install/web_controller:/home/fai/nao_ws/install/speech:/home/fai/nao_ws/install/nao_tasks:/home/fai/nao_ws/install/integration:/home/fai/nao_ws/install/perception:/home/fai/nao_ws/install/navigation:/home/fai/nao_ws/install/nao_qi_ros2_package:/home/fai/nao_ws/install/manipulation:/opt/ros/jazzy DEBUGINFOD_URLS=https://debuginfod.ubuntu.com /usr/bin/cmake --build /home/fai/nao_ws/build/navigation_interfaces -- -j4 -l4
[12.154s] [  2%] [34m[1mGenerating type hashes for ROS interfaces[0m
[12.159s] [  2%] Built target ament_cmake_python_copy_navigation_interfaces
[13.802s] running egg_info
[13.807s] creating navigation_interfaces.egg-info
[13.929s] writing navigation_interfaces.egg-info/PKG-INFO
[13.930s] writing dependency_links to navigation_interfaces.egg-info/dependency_links.txt
[13.930s] writing top-level names to navigation_interfaces.egg-info/top_level.txt
[13.932s] writing manifest file 'navigation_interfaces.egg-info/SOURCES.txt'
[14.037s] [  2%] Built target navigation_interfaces__rosidl_generator_type_description
[14.116s] [  5%] [34m[1mGenerating C code for ROS interfaces[0m
[14.190s] [  8%] [34m[1mGenerating C++ code for ROS interfaces[0m
[14.559s] reading manifest file 'navigation_interfaces.egg-info/SOURCES.txt'
[14.564s] writing manifest file 'navigation_interfaces.egg-info/SOURCES.txt'
[14.745s] [  8%] Built target ament_cmake_python_build_navigation_interfaces_egg
[17.029s] [  8%] Built target navigation_interfaces__cpp
[17.286s] [ 11%] [32mBuilding C object CMakeFiles/navigation_interfaces__rosidl_generator_c.dir/rosidl_generator_c/navigation_interfaces/srv/detail/move_robot__functions.c.o[0m
[17.303s] [ 14%] [32mBuilding C object CMakeFiles/navigation_interfaces__rosidl_generator_c.dir/rosidl_generator_c/navigation_interfaces/srv/detail/move_robot__description.c.o[0m
[17.308s] [ 17%] [32mBuilding C object CMakeFiles/navigation_interfaces__rosidl_generator_c.dir/rosidl_generator_c/navigation_interfaces/srv/detail/move_robot__type_support.c.o[0m
[18.032s] [ 20%] [32m[1mLinking C shared library libnavigation_interfaces__rosidl_generator_c.so[0m
[18.199s] [ 20%] Built target navigation_interfaces__rosidl_generator_c
[18.251s] [ 23%] [34m[1mGenerating C++ introspection for ROS interfaces[0m
[19.882s] [ 26%] [32mBuilding CXX object CMakeFiles/navigation_interfaces__rosidl_typesupport_introspection_cpp.dir/rosidl_typesupport_introspection_cpp/navigation_interfaces/srv/detail/move_robot__type_support.cpp.o[0m
[23.442s] [ 29%] [32m[1mLinking CXX shared library libnavigation_interfaces__rosidl_typesupport_introspection_cpp.so[0m
[24.036s] [ 29%] Built target navigation_interfaces__rosidl_typesupport_introspection_cpp
[24.109s] [ 32%] [34m[1mGenerating C introspection for ROS interfaces[0m
[25.472s] [ 35%] [32mBuilding C object CMakeFiles/navigation_interfaces__rosidl_typesupport_introspection_c.dir/rosidl_typesupport_introspection_c/navigation_interfaces/srv/detail/move_robot__type_support.c.o[0m
[25.831s] [ 38%] [32m[1mLinking C shared library libnavigation_interfaces__rosidl_typesupport_introspection_c.so[0m
[26.034s] [ 38%] Built target navigation_interfaces__rosidl_typesupport_introspection_c
[26.079s] [ 41%] [34m[1mGenerating C type support dispatch for ROS interfaces[0m
[26.913s] [ 44%] [32mBuilding CXX object CMakeFiles/navigation_interfaces__rosidl_typesupport_c.dir/rosidl_typesupport_c/navigation_interfaces/srv/move_robot__type_support.cpp.o[0m
[27.103s] [ 47%] [32m[1mLinking CXX shared library libnavigation_interfaces__rosidl_typesupport_c.so[0m
[27.227s] [ 47%] Built target navigation_interfaces__rosidl_typesupport_c
[27.249s] [ 50%] [34m[1mGenerating C++ type support for eProsima Fast-RTPS[0m
[28.838s] [ 52%] [32mBuilding CXX object CMakeFiles/navigation_interfaces__rosidl_typesupport_fastrtps_cpp.dir/rosidl_typesupport_fastrtps_cpp/navigation_interfaces/srv/detail/dds_fastrtps/move_robot__type_support.cpp.o[0m
[31.826s] [ 55%] [32m[1mLinking CXX shared library libnavigation_interfaces__rosidl_typesupport_fastrtps_cpp.so[0m
[32.145s] [ 55%] Built target navigation_interfaces__rosidl_typesupport_fastrtps_cpp
[32.196s] [ 58%] [34m[1mGenerating C type support for eProsima Fast-RTPS[0m
[33.401s] [ 61%] [32mBuilding CXX object CMakeFiles/navigation_interfaces__rosidl_typesupport_fastrtps_c.dir/rosidl_typesupport_fastrtps_c/navigation_interfaces/srv/detail/move_robot__type_support_c.cpp.o[0m
[36.109s] [ 64%] [32m[1mLinking CXX shared library libnavigation_interfaces__rosidl_typesupport_fastrtps_c.so[0m
[36.440s] [ 64%] Built target navigation_interfaces__rosidl_typesupport_fastrtps_c
[36.484s] [ 67%] [34m[1mGenerating C++ type support dispatch for ROS interfaces[0m
[37.368s] [ 70%] [32mBuilding CXX object CMakeFiles/navigation_interfaces__rosidl_typesupport_cpp.dir/rosidl_typesupport_cpp/navigation_interfaces/srv/move_robot__type_support.cpp.o[0m
[39.266s] [ 73%] [32m[1mLinking CXX shared library libnavigation_interfaces__rosidl_typesupport_cpp.so[0m
[39.583s] [ 73%] Built target navigation_interfaces__rosidl_typesupport_cpp
[39.684s] [ 73%] Built target navigation_interfaces
[39.804s] [ 76%] [34m[1mGenerating Python code for ROS interfaces[0m
[41.348s] [ 76%] Built target navigation_interfaces__py
[41.435s] [ 79%] [32mBuilding C object CMakeFiles/navigation_interfaces__rosidl_generator_py.dir/rosidl_generator_py/navigation_interfaces/srv/_move_robot_s.c.o[0m
[42.458s] [ 82%] [32m[1mLinking C shared library libnavigation_interfaces__rosidl_generator_py.so[0m
[42.708s] [ 82%] Built target navigation_interfaces__rosidl_generator_py
[42.774s] [ 85%] [32mBuilding C object CMakeFiles/navigation_interfaces_s__rosidl_typesupport_fastrtps_c.dir/rosidl_generator_py/navigation_interfaces/_navigation_interfaces_s.ep.rosidl_typesupport_fastrtps_c.c.o[0m
[43.759s] [ 88%] [32m[1mLinking C shared module rosidl_generator_py/navigation_interfaces/navigation_interfaces_s__rosidl_typesupport_fastrtps_c.so[0m
[43.918s] [ 88%] Built target navigation_interfaces_s__rosidl_typesupport_fastrtps_c
[44.005s] [ 91%] [32mBuilding C object CMakeFiles/navigation_interfaces_s__rosidl_typesupport_c.dir/rosidl_generator_py/navigation_interfaces/_navigation_interfaces_s.ep.rosidl_typesupport_c.c.o[0m
[44.453s] [ 94%] [32m[1mLinking C shared module rosidl_generator_py/navigation_interfaces/navigation_interfaces_s__rosidl_typesupport_c.so[0m
[44.568s] [ 94%] Built target navigation_interfaces_s__rosidl_typesupport_c
[44.641s] [ 97%] [32mBuilding C object CMakeFiles/navigation_interfaces_s__rosidl_typesupport_introspection_c.dir/rosidl_generator_py/navigation_interfaces/_navigation_interfaces_s.ep.rosidl_typesupport_introspection_c.c.o[0m
[45.071s] [100%] [32m[1mLinking C shared module rosidl_generator_py/navigation_interfaces/navigation_interfaces_s__rosidl_typesupport_introspection_c.so[0m
[45.171s] [100%] Built target navigation_interfaces_s__rosidl_typesupport_introspection_c
[45.214s] Invoked command in '/home/fai/nao_ws/build/navigation_interfaces' returned '0': CMAKE_PREFIX_PATH=${CMAKE_PREFIX_PATH}:/home/fai/nao_ws/install/rest_api:/home/fai/nao_ws/install/web_controller:/home/fai/nao_ws/install/speech:/home/fai/nao_ws/install/nao_tasks:/home/fai/nao_ws/install/integration:/home/fai/nao_ws/install/perception:/home/fai/nao_ws/install/navigation:/home/fai/nao_ws/install/nao_qi_ros2_package:/home/fai/nao_ws/install/manipulation:/opt/ros/jazzy DEBUGINFOD_URLS=https://debuginfod.ubuntu.com /usr/bin/cmake --build /home/fai/nao_ws/build/navigation_interfaces -- -j4 -l4
[45.420s] Invoking command in '/home/fai/nao_ws/build/navigation_interfaces': CMAKE_PREFIX_PATH=${CMAKE_PREFIX_PATH}:/home/fai/nao_ws/install/rest_api:/home/fai/nao_ws/install/web_controller:/home/fai/nao_ws/install/speech:/home/fai/nao_ws/install/nao_tasks:/home/fai/nao_ws/install/integration:/home/fai/nao_ws/install/perception:/home/fai/nao_ws/install/navigation:/home/fai/nao_ws/install/nao_qi_ros2_package:/home/fai/nao_ws/install/manipulation:/opt/ros/jazzy DEBUGINFOD_URLS=https://debuginfod.ubuntu.com /usr/bin/cmake --install /home/fai/nao_ws/build/navigation_interfaces
[45.504s] -- Install configuration: ""
[45.504s] -- Installing: /home/fai/nao_ws/install/navigation_interfaces/share/ament_index/resource_index/rosidl_interfaces/navigation_interfaces
[45.504s] -- Installing: /home/fai/nao_ws/install/navigation_interfaces/share/navigation_interfaces/srv/MoveRobot.json
[45.504s] -- Installing: /home/fai/nao_ws/install/navigation_interfaces/include/navigation_interfaces/navigation_interfaces
[45.505s] -- Installing: /home/fai/nao_ws/install/navigation_interfaces/include/navigation_interfaces/navigation_interfaces/srv
[45.505s] -- Installing: /home/fai/nao_ws/install/navigation_interfaces/include/navigation_interfaces/navigation_interfaces/srv/detail
[45.505s] -- Installing: /home/fai/nao_ws/install/navigation_interfaces/include/navigation_interfaces/navigation_interfaces/srv/detail/move_robot__struct.h
[45.505s] -- Installing: /home/fai/nao_ws/install/navigation_interfaces/include/navigation_interfaces/navigation_interfaces/srv/detail/move_robot__description.c
[45.506s] -- Installing: /home/fai/nao_ws/install/navigation_interfaces/include/navigation_interfaces/navigation_interfaces/srv/detail/move_robot__type_support.c
[45.506s] -- Installing: /home/fai/nao_ws/install/navigation_interfaces/include/navigation_interfaces/navigation_interfaces/srv/detail/move_robot__functions.h
[45.509s] -- Installing: /home/fai/nao_ws/install/navigation_interfaces/include/navigation_interfaces/navigation_interfaces/srv/detail/move_robot__functions.c
[45.509s] -- Installing: /home/fai/nao_ws/install/navigation_interfaces/include/navigation_interfaces/navigation_interfaces/srv/detail/move_robot__type_support.h
[45.510s] -- Installing: /home/fai/nao_ws/install/navigation_interfaces/include/navigation_interfaces/navigation_interfaces/srv/move_robot.h
[45.510s] -- Installing: /home/fai/nao_ws/install/navigation_interfaces/include/navigation_interfaces/navigation_interfaces/msg
[45.510s] -- Installing: /home/fai/nao_ws/install/navigation_interfaces/include/navigation_interfaces/navigation_interfaces/msg/rosidl_generator_c__visibility_control.h
[45.511s] -- Installing: /home/fai/nao_ws/install/navigation_interfaces/share/navigation_interfaces/environment/library_path.sh
[45.513s] -- Installing: /home/fai/nao_ws/install/navigation_interfaces/share/navigation_interfaces/environment/library_path.dsv
[45.513s] -- Installing: /home/fai/nao_ws/install/navigation_interfaces/lib/libnavigation_interfaces__rosidl_generator_c.so
[45.518s] -- Set non-toolchain portion of runtime path of "/home/fai/nao_ws/install/navigation_interfaces/lib/libnavigation_interfaces__rosidl_generator_c.so" to ""
[45.518s] -- Up-to-date: /home/fai/nao_ws/install/navigation_interfaces/include/navigation_interfaces/navigation_interfaces
[45.518s] -- Up-to-date: /home/fai/nao_ws/install/navigation_interfaces/include/navigation_interfaces/navigation_interfaces/srv
[45.519s] -- Up-to-date: /home/fai/nao_ws/install/navigation_interfaces/include/navigation_interfaces/navigation_interfaces/srv/detail
[45.519s] -- Installing: /home/fai/nao_ws/install/navigation_interfaces/include/navigation_interfaces/navigation_interfaces/srv/detail/move_robot__rosidl_typesupport_fastrtps_c.h
[45.522s] -- Up-to-date: /home/fai/nao_ws/install/navigation_interfaces/include/navigation_interfaces/navigation_interfaces/msg
[45.523s] -- Installing: /home/fai/nao_ws/install/navigation_interfaces/include/navigation_interfaces/navigation_interfaces/msg/rosidl_typesupport_fastrtps_c__visibility_control.h
[45.523s] -- Installing: /home/fai/nao_ws/install/navigation_interfaces/lib/libnavigation_interfaces__rosidl_typesupport_fastrtps_c.so
[45.523s] -- Set non-toolchain portion of runtime path of "/home/fai/nao_ws/install/navigation_interfaces/lib/libnavigation_interfaces__rosidl_typesupport_fastrtps_c.so" to ""
[45.532s] -- Up-to-date: /home/fai/nao_ws/install/navigation_interfaces/include/navigation_interfaces/navigation_interfaces
[45.533s] -- Up-to-date: /home/fai/nao_ws/install/navigation_interfaces/include/navigation_interfaces/navigation_interfaces/srv
[45.533s] -- Up-to-date: /home/fai/nao_ws/install/navigation_interfaces/include/navigation_interfaces/navigation_interfaces/srv/detail
[45.533s] -- Installing: /home/fai/nao_ws/install/navigation_interfaces/include/navigation_interfaces/navigation_interfaces/srv/detail/move_robot__rosidl_typesupport_introspection_c.h
[45.534s] -- Installing: /home/fai/nao_ws/install/navigation_interfaces/include/navigation_interfaces/navigation_interfaces/srv/detail/move_robot__type_support.c
[45.534s] -- Up-to-date: /home/fai/nao_ws/install/navigation_interfaces/include/navigation_interfaces/navigation_interfaces/msg
[45.534s] -- Installing: /home/fai/nao_ws/install/navigation_interfaces/include/navigation_interfaces/navigation_interfaces/msg/rosidl_typesupport_introspection_c__visibility_control.h
[45.534s] -- Installing: /home/fai/nao_ws/install/navigation_interfaces/lib/libnavigation_interfaces__rosidl_typesupport_introspection_c.so
[45.535s] -- Set non-toolchain portion of runtime path of "/home/fai/nao_ws/install/navigation_interfaces/lib/libnavigation_interfaces__rosidl_typesupport_introspection_c.so" to ""
[45.538s] -- Installing: /home/fai/nao_ws/install/navigation_interfaces/lib/libnavigation_interfaces__rosidl_typesupport_c.so
[45.538s] -- Set non-toolchain portion of runtime path of "/home/fai/nao_ws/install/navigation_interfaces/lib/libnavigation_interfaces__rosidl_typesupport_c.so" to ""
[45.539s] -- Up-to-date: /home/fai/nao_ws/install/navigation_interfaces/include/navigation_interfaces/navigation_interfaces
[45.539s] -- Up-to-date: /home/fai/nao_ws/install/navigation_interfaces/include/navigation_interfaces/navigation_interfaces/srv
[45.539s] -- Installing: /home/fai/nao_ws/install/navigation_interfaces/include/navigation_interfaces/navigation_interfaces/srv/move_robot.hpp
[45.539s] -- Up-to-date: /home/fai/nao_ws/install/navigation_interfaces/include/navigation_interfaces/navigation_interfaces/srv/detail
[45.540s] -- Installing: /home/fai/nao_ws/install/navigation_interfaces/include/navigation_interfaces/navigation_interfaces/srv/detail/move_robot__type_support.hpp
[45.540s] -- Installing: /home/fai/nao_ws/install/navigation_interfaces/include/navigation_interfaces/navigation_interfaces/srv/detail/move_robot__traits.hpp
[45.540s] -- Installing: /home/fai/nao_ws/install/navigation_interfaces/include/navigation_interfaces/navigation_interfaces/srv/detail/move_robot__struct.hpp
[45.540s] -- Installing: /home/fai/nao_ws/install/navigation_interfaces/include/navigation_interfaces/navigation_interfaces/srv/detail/move_robot__builder.hpp
[45.541s] -- Up-to-date: /home/fai/nao_ws/install/navigation_interfaces/include/navigation_interfaces/navigation_interfaces/msg
[45.541s] -- Installing: /home/fai/nao_ws/install/navigation_interfaces/include/navigation_interfaces/navigation_interfaces/msg/rosidl_generator_cpp__visibility_control.hpp
[45.544s] -- Up-to-date: /home/fai/nao_ws/install/navigation_interfaces/include/navigation_interfaces/navigation_interfaces
[45.545s] -- Up-to-date: /home/fai/nao_ws/install/navigation_interfaces/include/navigation_interfaces/navigation_interfaces/srv
[45.545s] -- Up-to-date: /home/fai/nao_ws/install/navigation_interfaces/include/navigation_interfaces/navigation_interfaces/srv/detail
[45.550s] -- Installing: /home/fai/nao_ws/install/navigation_interfaces/include/navigation_interfaces/navigation_interfaces/srv/detail/move_robot__rosidl_typesupport_fastrtps_cpp.hpp
[45.550s] -- Installing: /home/fai/nao_ws/install/navigation_interfaces/include/navigation_interfaces/navigation_interfaces/srv/detail/dds_fastrtps
[45.550s] -- Up-to-date: /home/fai/nao_ws/install/navigation_interfaces/include/navigation_interfaces/navigation_interfaces/msg
[45.550s] -- Installing: /home/fai/nao_ws/install/navigation_interfaces/include/navigation_interfaces/navigation_interfaces/msg/rosidl_typesupport_fastrtps_cpp__visibility_control.h
[45.551s] -- Installing: /home/fai/nao_ws/install/navigation_interfaces/lib/libnavigation_interfaces__rosidl_typesupport_fastrtps_cpp.so
[45.552s] -- Set non-toolchain portion of runtime path of "/home/fai/nao_ws/install/navigation_interfaces/lib/libnavigation_interfaces__rosidl_typesupport_fastrtps_cpp.so" to ""
[45.552s] -- Up-to-date: /home/fai/nao_ws/install/navigation_interfaces/include/navigation_interfaces/navigation_interfaces
[45.556s] -- Up-to-date: /home/fai/nao_ws/install/navigation_interfaces/include/navigation_interfaces/navigation_interfaces/srv
[45.557s] -- Up-to-date: /home/fai/nao_ws/install/navigation_interfaces/include/navigation_interfaces/navigation_interfaces/srv/detail
[45.557s] -- Installing: /home/fai/nao_ws/install/navigation_interfaces/include/navigation_interfaces/navigation_interfaces/srv/detail/move_robot__rosidl_typesupport_introspection_cpp.hpp
[45.557s] -- Installing: /home/fai/nao_ws/install/navigation_interfaces/include/navigation_interfaces/navigation_interfaces/srv/detail/move_robot__type_support.cpp
[45.558s] -- Installing: /home/fai/nao_ws/install/navigation_interfaces/lib/libnavigation_interfaces__rosidl_typesupport_introspection_cpp.so
[45.560s] -- Set non-toolchain portion of runtime path of "/home/fai/nao_ws/install/navigation_interfaces/lib/libnavigation_interfaces__rosidl_typesupport_introspection_cpp.so" to ""
[45.561s] -- Installing: /home/fai/nao_ws/install/navigation_interfaces/lib/libnavigation_interfaces__rosidl_typesupport_cpp.so
[45.561s] -- Set non-toolchain portion of runtime path of "/home/fai/nao_ws/install/navigation_interfaces/lib/libnavigation_interfaces__rosidl_typesupport_cpp.so" to ""
[45.561s] -- Installing: /home/fai/nao_ws/install/navigation_interfaces/share/navigation_interfaces/environment/pythonpath.sh
[45.562s] -- Installing: /home/fai/nao_ws/install/navigation_interfaces/share/navigation_interfaces/environment/pythonpath.dsv
[45.562s] -- Installing: /home/fai/nao_ws/install/navigation_interfaces/lib/python3.12/site-packages/navigation_interfaces-0.0.0-py3.12.egg-info
[45.562s] -- Installing: /home/fai/nao_ws/install/navigation_interfaces/lib/python3.12/site-packages/navigation_interfaces-0.0.0-py3.12.egg-info/PKG-INFO
[45.563s] -- Installing: /home/fai/nao_ws/install/navigation_interfaces/lib/python3.12/site-packages/navigation_interfaces-0.0.0-py3.12.egg-info/top_level.txt
[45.563s] -- Installing: /home/fai/nao_ws/install/navigation_interfaces/lib/python3.12/site-packages/navigation_interfaces-0.0.0-py3.12.egg-info/dependency_links.txt
[45.569s] -- Installing: /home/fai/nao_ws/install/navigation_interfaces/lib/python3.12/site-packages/navigation_interfaces-0.0.0-py3.12.egg-info/SOURCES.txt
[45.570s] -- Installing: /home/fai/nao_ws/install/navigation_interfaces/lib/python3.12/site-packages/navigation_interfaces
[45.570s] -- Installing: /home/fai/nao_ws/install/navigation_interfaces/lib/python3.12/site-packages/navigation_interfaces/srv
[45.570s] -- Installing: /home/fai/nao_ws/install/navigation_interfaces/lib/python3.12/site-packages/navigation_interfaces/srv/_move_robot.py
[45.571s] -- Installing: /home/fai/nao_ws/install/navigation_interfaces/lib/python3.12/site-packages/navigation_interfaces/srv/_move_robot_s.c
[45.571s] -- Installing: /home/fai/nao_ws/install/navigation_interfaces/lib/python3.12/site-packages/navigation_interfaces/srv/__init__.py
[45.571s] -- Installing: /home/fai/nao_ws/install/navigation_interfaces/lib/python3.12/site-packages/navigation_interfaces/_navigation_interfaces_s.ep.rosidl_typesupport_introspection_c.c
[45.571s] -- Installing: /home/fai/nao_ws/install/navigation_interfaces/lib/python3.12/site-packages/navigation_interfaces/navigation_interfaces_s__rosidl_typesupport_introspection_c.so
[45.572s] -- Installing: /home/fai/nao_ws/install/navigation_interfaces/lib/python3.12/site-packages/navigation_interfaces/__init__.py
[45.578s] -- Installing: /home/fai/nao_ws/install/navigation_interfaces/lib/python3.12/site-packages/navigation_interfaces/_navigation_interfaces_s.ep.rosidl_typesupport_fastrtps_c.c
[45.579s] -- Installing: /home/fai/nao_ws/install/navigation_interfaces/lib/python3.12/site-packages/navigation_interfaces/navigation_interfaces_s__rosidl_typesupport_fastrtps_c.so
[45.579s] -- Installing: /home/fai/nao_ws/install/navigation_interfaces/lib/python3.12/site-packages/navigation_interfaces/navigation_interfaces_s__rosidl_typesupport_c.so
[45.579s] -- Installing: /home/fai/nao_ws/install/navigation_interfaces/lib/python3.12/site-packages/navigation_interfaces/_navigation_interfaces_s.ep.rosidl_typesupport_c.c
[45.750s] Listing '/home/fai/nao_ws/install/navigation_interfaces/lib/python3.12/site-packages/navigation_interfaces'...
[45.751s] Compiling '/home/fai/nao_ws/install/navigation_interfaces/lib/python3.12/site-packages/navigation_interfaces/__init__.py'...
[45.751s] Listing '/home/fai/nao_ws/install/navigation_interfaces/lib/python3.12/site-packages/navigation_interfaces/srv'...
[45.751s] Compiling '/home/fai/nao_ws/install/navigation_interfaces/lib/python3.12/site-packages/navigation_interfaces/srv/__init__.py'...
[45.751s] Compiling '/home/fai/nao_ws/install/navigation_interfaces/lib/python3.12/site-packages/navigation_interfaces/srv/_move_robot.py'...
[45.769s] -- Installing: /home/fai/nao_ws/install/navigation_interfaces/lib/python3.12/site-packages/navigation_interfaces/navigation_interfaces_s__rosidl_typesupport_fastrtps_c.so
[45.773s] -- Set non-toolchain portion of runtime path of "/home/fai/nao_ws/install/navigation_interfaces/lib/python3.12/site-packages/navigation_interfaces/navigation_interfaces_s__rosidl_typesupport_fastrtps_c.so" to ""
[45.773s] -- Installing: /home/fai/nao_ws/install/navigation_interfaces/lib/python3.12/site-packages/navigation_interfaces/navigation_interfaces_s__rosidl_typesupport_introspection_c.so
[45.775s] -- Set non-toolchain portion of runtime path of "/home/fai/nao_ws/install/navigation_interfaces/lib/python3.12/site-packages/navigation_interfaces/navigation_interfaces_s__rosidl_typesupport_introspection_c.so" to ""
[45.777s] -- Installing: /home/fai/nao_ws/install/navigation_interfaces/lib/python3.12/site-packages/navigation_interfaces/navigation_interfaces_s__rosidl_typesupport_c.so
[45.779s] -- Set non-toolchain portion of runtime path of "/home/fai/nao_ws/install/navigation_interfaces/lib/python3.12/site-packages/navigation_interfaces/navigation_interfaces_s__rosidl_typesupport_c.so" to ""
[45.781s] -- Installing: /home/fai/nao_ws/install/navigation_interfaces/lib/libnavigation_interfaces__rosidl_generator_py.so
[45.781s] -- Set non-toolchain portion of runtime path of "/home/fai/nao_ws/install/navigation_interfaces/lib/libnavigation_interfaces__rosidl_generator_py.so" to ""
[45.782s] -- Installing: /home/fai/nao_ws/install/navigation_interfaces/share/navigation_interfaces/srv/MoveRobot.idl
[45.783s] -- Installing: /home/fai/nao_ws/install/navigation_interfaces/share/navigation_interfaces/srv/MoveRobot.srv
[45.784s] -- Installing: /home/fai/nao_ws/install/navigation_interfaces/share/ament_index/resource_index/package_run_dependencies/navigation_interfaces
[45.787s] -- Installing: /home/fai/nao_ws/install/navigation_interfaces/share/ament_index/resource_index/parent_prefix_path/navigation_interfaces
[45.788s] -- Installing: /home/fai/nao_ws/install/navigation_interfaces/share/navigation_interfaces/environment/ament_prefix_path.sh
[45.791s] -- Installing: /home/fai/nao_ws/install/navigation_interfaces/share/navigation_interfaces/environment/ament_prefix_path.dsv
[45.792s] -- Installing: /home/fai/nao_ws/install/navigation_interfaces/share/navigation_interfaces/environment/path.sh
[45.793s] -- Installing: /home/fai/nao_ws/install/navigation_interfaces/share/navigation_interfaces/environment/path.dsv
[45.793s] -- Installing: /home/fai/nao_ws/install/navigation_interfaces/share/navigation_interfaces/local_setup.bash
[45.794s] -- Installing: /home/fai/nao_ws/install/navigation_interfaces/share/navigation_interfaces/local_setup.sh
[45.795s] -- Installing: /home/fai/nao_ws/install/navigation_interfaces/share/navigation_interfaces/local_setup.zsh
[45.796s] -- Installing: /home/fai/nao_ws/install/navigation_interfaces/share/navigation_interfaces/local_setup.dsv
[45.797s] -- Installing: /home/fai/nao_ws/install/navigation_interfaces/share/navigation_interfaces/package.dsv
[45.798s] -- Installing: /home/fai/nao_ws/install/navigation_interfaces/share/ament_index/resource_index/packages/navigation_interfaces
[45.799s] -- Installing: /home/fai/nao_ws/install/navigation_interfaces/share/navigation_interfaces/cmake/export_navigation_interfaces__rosidl_generator_cExport.cmake
[45.799s] -- Installing: /home/fai/nao_ws/install/navigation_interfaces/share/navigation_interfaces/cmake/export_navigation_interfaces__rosidl_generator_cExport-noconfig.cmake
[45.801s] -- Installing: /home/fai/nao_ws/install/navigation_interfaces/share/navigation_interfaces/cmake/export_navigation_interfaces__rosidl_typesupport_fastrtps_cExport.cmake
[45.801s] -- Installing: /home/fai/nao_ws/install/navigation_interfaces/share/navigation_interfaces/cmake/export_navigation_interfaces__rosidl_typesupport_fastrtps_cExport-noconfig.cmake
[45.803s] -- Installing: /home/fai/nao_ws/install/navigation_interfaces/share/navigation_interfaces/cmake/navigation_interfaces__rosidl_typesupport_introspection_cExport.cmake
[45.805s] -- Installing: /home/fai/nao_ws/install/navigation_interfaces/share/navigation_interfaces/cmake/navigation_interfaces__rosidl_typesupport_introspection_cExport-noconfig.cmake
[45.805s] -- Installing: /home/fai/nao_ws/install/navigation_interfaces/share/navigation_interfaces/cmake/navigation_interfaces__rosidl_typesupport_cExport.cmake
[45.806s] -- Installing: /home/fai/nao_ws/install/navigation_interfaces/share/navigation_interfaces/cmake/navigation_interfaces__rosidl_typesupport_cExport-noconfig.cmake
[45.806s] -- Installing: /home/fai/nao_ws/install/navigation_interfaces/share/navigation_interfaces/cmake/export_navigation_interfaces__rosidl_generator_cppExport.cmake
[45.807s] -- Installing: /home/fai/nao_ws/install/navigation_interfaces/share/navigation_interfaces/cmake/export_navigation_interfaces__rosidl_typesupport_fastrtps_cppExport.cmake
[45.809s] -- Installing: /home/fai/nao_ws/install/navigation_interfaces/share/navigation_interfaces/cmake/export_navigation_interfaces__rosidl_typesupport_fastrtps_cppExport-noconfig.cmake
[45.809s] -- Installing: /home/fai/nao_ws/install/navigation_interfaces/share/navigation_interfaces/cmake/navigation_interfaces__rosidl_typesupport_introspection_cppExport.cmake
[45.810s] -- Installing: /home/fai/nao_ws/install/navigation_interfaces/share/navigation_interfaces/cmake/navigation_interfaces__rosidl_typesupport_introspection_cppExport-noconfig.cmake
[45.811s] -- Installing: /home/fai/nao_ws/install/navigation_interfaces/share/navigation_interfaces/cmake/navigation_interfaces__rosidl_typesupport_cppExport.cmake
[45.813s] -- Installing: /home/fai/nao_ws/install/navigation_interfaces/share/navigation_interfaces/cmake/navigation_interfaces__rosidl_typesupport_cppExport-noconfig.cmake
[45.813s] -- Installing: /home/fai/nao_ws/install/navigation_interfaces/share/navigation_interfaces/cmake/export_navigation_interfaces__rosidl_generator_pyExport.cmake
[45.814s] -- Installing: /home/fai/nao_ws/install/navigation_interfaces/share/navigation_interfaces/cmake/export_navigation_interfaces__rosidl_generator_pyExport-noconfig.cmake
[45.815s] -- Installing: /home/fai/nao_ws/install/navigation_interfaces/share/navigation_interfaces/cmake/rosidl_cmake-extras.cmake
[45.816s] -- Installing: /home/fai/nao_ws/install/navigation_interfaces/share/navigation_interfaces/cmake/ament_cmake_export_dependencies-extras.cmake
[45.817s] -- Installing: /home/fai/nao_ws/install/navigation_interfaces/share/navigation_interfaces/cmake/ament_cmake_export_include_directories-extras.cmake
[45.818s] -- Installing: /home/fai/nao_ws/install/navigation_interfaces/share/navigation_interfaces/cmake/ament_cmake_export_libraries-extras.cmake
[45.820s] -- Installing: /home/fai/nao_ws/install/navigation_interfaces/share/navigation_interfaces/cmake/ament_cmake_export_targets-extras.cmake
[45.821s] -- Installing: /home/fai/nao_ws/install/navigation_interfaces/share/navigation_interfaces/cmake/rosidl_cmake_export_typesupport_targets-extras.cmake
[45.822s] -- Installing: /home/fai/nao_ws/install/navigation_interfaces/share/navigation_interfaces/cmake/rosidl_cmake_export_typesupport_libraries-extras.cmake
[45.822s] -- Installing: /home/fai/nao_ws/install/navigation_interfaces/share/navigation_interfaces/cmake/navigation_interfacesConfig.cmake
[45.823s] -- Installing: /home/fai/nao_ws/install/navigation_interfaces/share/navigation_interfaces/cmake/navigation_interfacesConfig-version.cmake
[45.825s] -- Installing: /home/fai/nao_ws/install/navigation_interfaces/share/navigation_interfaces/package.xml
[46.813s] Invoked command in '/home/fai/nao_ws/build/navigation_interfaces' returned '0': CMAKE_PREFIX_PATH=${CMAKE_PREFIX_PATH}:/home/fai/nao_ws/install/rest_api:/home/fai/nao_ws/install/web_controller:/home/fai/nao_ws/install/speech:/home/fai/nao_ws/install/nao_tasks:/home/fai/nao_ws/install/integration:/home/fai/nao_ws/install/perception:/home/fai/nao_ws/install/navigation:/home/fai/nao_ws/install/nao_qi_ros2_package:/home/fai/nao_ws/install/manipulation:/opt/ros/jazzy DEBUGINFOD_URLS=https://debuginfod.ubuntu.com /usr/bin/cmake --install /home/fai/nao_ws/build/navigation_interfaces
