[0.045s] Invoking command in '/home/robotica/nao_ws/src/build/perception_interfaces': CMAKE_PREFIX_PATH=${CMAKE_PREFIX_PATH}:/home/robotica/nao_ws/src/install/web_controller:/home/robotica/nao_ws/src/install/speech:/home/robotica/nao_ws/src/install/integration:/home/robotica/nao_ws/src/install/rest_api:/home/robotica/nao_ws/src/install/perception:/home/robotica/nao_ws/src/install/navigation:/home/robotica/nao_ws/src/install/nao_qi_ros2_package:/home/robotica/nao_ws/src/install/manipulation:/home/robotica/nao_ws/install/web_controller:/home/robotica/nao_ws/install/speech:/home/robotica/nao_ws/install/integration:/home/robotica/nao_ws/install/rest_api:/home/robotica/nao_ws/install/perception:/home/robotica/nao_ws/install/navigation:/home/robotica/nao_ws/install/nao_qi_ros2_package:/home/robotica/nao_ws/install/manipulation:/opt/ros/jazzy DEBUGINFOD_URLS=https://debuginfod.ubuntu.com /usr/bin/cmake /home/robotica/nao_ws/src/perception_interfaces -DCMAKE_INSTALL_PREFIX=/home/robotica/nao_ws/src/install/perception_interfaces
[0.246s] -- The C compiler identification is GNU 13.2.0
[0.447s] -- The CXX compiler identification is GNU 13.2.0
[0.494s] -- Detecting C compiler ABI info
[0.746s] -- Detecting C compiler ABI info - done
[0.770s] -- Check for working C compiler: /usr/bin/cc - skipped
[0.773s] -- Detecting C compile features
[0.777s] -- Detecting C compile features - done
[0.867s] -- Detecting CXX compiler ABI info
[1.349s] -- Detecting CXX compiler ABI info - done
[1.399s] -- Check for working CXX compiler: /usr/bin/c++ - skipped
[1.400s] -- Detecting CXX compile features
[1.400s] -- Detecting CXX compile features - done
[1.411s] -- Found ament_cmake: 2.5.2 (/opt/ros/jazzy/share/ament_cmake/cmake)
[2.014s] -- Found Python3: /usr/bin/python3 (found version "3.12.3") found components: Interpreter 
[2.766s] -- Found rosidl_default_generators: 1.6.0 (/opt/ros/jazzy/share/rosidl_default_generators/cmake)
[2.828s] -- Using all available rosidl_typesupport_c: rosidl_typesupport_fastrtps_c;rosidl_typesupport_introspection_c
[3.121s] -- Using all available rosidl_typesupport_cpp: rosidl_typesupport_fastrtps_cpp;rosidl_typesupport_introspection_cpp
[3.364s] -- Found rosidl_adapter: 4.6.4 (/opt/ros/jazzy/share/rosidl_adapter/cmake)
[3.376s] -- Found geometry_msgs: 5.3.5 (/opt/ros/jazzy/share/geometry_msgs/cmake)
[6.444s] -- Found ament_cmake_ros: 0.12.0 (/opt/ros/jazzy/share/ament_cmake_ros/cmake)
[8.559s] -- Using all available rosidl_typesupport_c: rosidl_typesupport_fastrtps_c;rosidl_typesupport_introspection_c
[10.704s] -- Using all available rosidl_typesupport_cpp: rosidl_typesupport_fastrtps_cpp;rosidl_typesupport_introspection_cpp
[10.713s] -- Found python_cmake_module: 0.11.1 (/opt/ros/jazzy/share/python_cmake_module/cmake)
[11.120s] -- Found PythonExtra: /usr/bin/python3  
[13.735s] -- Found Python3: /usr/bin/python3 (found version "3.12.3") found components: Interpreter Development NumPy Development.Module Development.Embed 
[14.208s] -- Found ament_lint_auto: 0.17.1 (/opt/ros/jazzy/share/ament_lint_auto/cmake)
[14.228s] -- Configuring done (14.2s)
[14.366s] -- Generating done (0.1s)
[14.374s] -- Build files have been written to: /home/robotica/nao_ws/src/build/perception_interfaces
[14.399s] Invoked command in '/home/robotica/nao_ws/src/build/perception_interfaces' returned '0': CMAKE_PREFIX_PATH=${CMAKE_PREFIX_PATH}:/home/robotica/nao_ws/src/install/web_controller:/home/robotica/nao_ws/src/install/speech:/home/robotica/nao_ws/src/install/integration:/home/robotica/nao_ws/src/install/rest_api:/home/robotica/nao_ws/src/install/perception:/home/robotica/nao_ws/src/install/navigation:/home/robotica/nao_ws/src/install/nao_qi_ros2_package:/home/robotica/nao_ws/src/install/manipulation:/home/robotica/nao_ws/install/web_controller:/home/robotica/nao_ws/install/speech:/home/robotica/nao_ws/install/integration:/home/robotica/nao_ws/install/rest_api:/home/robotica/nao_ws/install/perception:/home/robotica/nao_ws/install/navigation:/home/robotica/nao_ws/install/nao_qi_ros2_package:/home/robotica/nao_ws/install/manipulation:/opt/ros/jazzy DEBUGINFOD_URLS=https://debuginfod.ubuntu.com /usr/bin/cmake /home/robotica/nao_ws/src/perception_interfaces -DCMAKE_INSTALL_PREFIX=/home/robotica/nao_ws/src/install/perception_interfaces
[14.402s] Invoking command in '/home/robotica/nao_ws/src/build/perception_interfaces': CMAKE_PREFIX_PATH=${CMAKE_PREFIX_PATH}:/home/robotica/nao_ws/src/install/web_controller:/home/robotica/nao_ws/src/install/speech:/home/robotica/nao_ws/src/install/integration:/home/robotica/nao_ws/src/install/rest_api:/home/robotica/nao_ws/src/install/perception:/home/robotica/nao_ws/src/install/navigation:/home/robotica/nao_ws/src/install/nao_qi_ros2_package:/home/robotica/nao_ws/src/install/manipulation:/home/robotica/nao_ws/install/web_controller:/home/robotica/nao_ws/install/speech:/home/robotica/nao_ws/install/integration:/home/robotica/nao_ws/install/rest_api:/home/robotica/nao_ws/install/perception:/home/robotica/nao_ws/install/navigation:/home/robotica/nao_ws/install/nao_qi_ros2_package:/home/robotica/nao_ws/install/manipulation:/opt/ros/jazzy DEBUGINFOD_URLS=https://debuginfod.ubuntu.com /usr/bin/cmake --build /home/robotica/nao_ws/src/build/perception_interfaces -- -j4 -l4
[14.527s] [  2%] [34m[1mGenerating type hashes for ROS interfaces[0m
[14.628s] [  2%] Built target ament_cmake_python_copy_perception_interfaces
[15.700s] running egg_info
[15.701s] creating perception_interfaces.egg-info
[15.771s] writing perception_interfaces.egg-info/PKG-INFO
[15.771s] writing dependency_links to perception_interfaces.egg-info/dependency_links.txt
[15.771s] writing top-level names to perception_interfaces.egg-info/top_level.txt
[15.774s] writing manifest file 'perception_interfaces.egg-info/SOURCES.txt'
[15.984s] reading manifest file 'perception_interfaces.egg-info/SOURCES.txt'
[15.984s] writing manifest file 'perception_interfaces.egg-info/SOURCES.txt'
[16.074s] [  2%] Built target ament_cmake_python_build_perception_interfaces_egg
[16.162s] [  2%] Built target perception_interfaces__rosidl_generator_type_description
[16.265s] [  5%] [34m[1mGenerating C code for ROS interfaces[0m
[16.350s] [  8%] [34m[1mGenerating C++ code for ROS interfaces[0m
[18.098s] [ 11%] [32mBuilding C object CMakeFiles/perception_interfaces__rosidl_generator_c.dir/rosidl_generator_c/perception_interfaces/srv/detail/detect_objects__description.c.o[0m
[18.195s] [ 14%] [32mBuilding C object CMakeFiles/perception_interfaces__rosidl_generator_c.dir/rosidl_generator_c/perception_interfaces/srv/detail/detect_objects__functions.c.o[0m
[18.210s] [ 17%] [32mBuilding C object CMakeFiles/perception_interfaces__rosidl_generator_c.dir/rosidl_generator_c/perception_interfaces/srv/detail/detect_objects__type_support.c.o[0m
[18.851s] [ 17%] Built target perception_interfaces__cpp
[19.137s] [ 20%] [32m[1mLinking C shared library libperception_interfaces__rosidl_generator_c.so[0m
[19.464s] [ 20%] Built target perception_interfaces__rosidl_generator_c
[19.524s] [ 23%] [34m[1mGenerating C++ type support dispatch for ROS interfaces[0m
[20.620s] [ 26%] [32mBuilding CXX object CMakeFiles/perception_interfaces__rosidl_typesupport_cpp.dir/rosidl_typesupport_cpp/perception_interfaces/srv/detect_objects__type_support.cpp.o[0m
[23.120s] [ 29%] [32m[1mLinking CXX shared library libperception_interfaces__rosidl_typesupport_cpp.so[0m
[23.330s] [ 29%] Built target perception_interfaces__rosidl_typesupport_cpp
[23.351s] [ 32%] [34m[1mGenerating C type support dispatch for ROS interfaces[0m
[24.160s] [ 35%] [32mBuilding CXX object CMakeFiles/perception_interfaces__rosidl_typesupport_c.dir/rosidl_typesupport_c/perception_interfaces/srv/detect_objects__type_support.cpp.o[0m
[24.298s] [ 38%] [32m[1mLinking CXX shared library libperception_interfaces__rosidl_typesupport_c.so[0m
[24.394s] [ 38%] Built target perception_interfaces__rosidl_typesupport_c
[24.417s] [ 41%] [34m[1mGenerating C++ type support for eProsima Fast-RTPS[0m
[25.433s] [ 44%] [32mBuilding CXX object CMakeFiles/perception_interfaces__rosidl_typesupport_fastrtps_cpp.dir/rosidl_typesupport_fastrtps_cpp/perception_interfaces/srv/detail/dds_fastrtps/detect_objects__type_support.cpp.o[0m
[28.187s] [ 47%] [32m[1mLinking CXX shared library libperception_interfaces__rosidl_typesupport_fastrtps_cpp.so[0m
[28.454s] [ 47%] Built target perception_interfaces__rosidl_typesupport_fastrtps_cpp
[28.512s] [ 50%] [34m[1mGenerating C++ introspection for ROS interfaces[0m
[29.813s] [ 52%] [32mBuilding CXX object CMakeFiles/perception_interfaces__rosidl_typesupport_introspection_cpp.dir/rosidl_typesupport_introspection_cpp/perception_interfaces/srv/detail/detect_objects__type_support.cpp.o[0m
[31.790s] [ 55%] [32m[1mLinking CXX shared library libperception_interfaces__rosidl_typesupport_introspection_cpp.so[0m
[32.004s] [ 55%] Built target perception_interfaces__rosidl_typesupport_introspection_cpp
[32.027s] [ 58%] [34m[1mGenerating C introspection for ROS interfaces[0m
[32.959s] [ 61%] [32mBuilding C object CMakeFiles/perception_interfaces__rosidl_typesupport_introspection_c.dir/rosidl_typesupport_introspection_c/perception_interfaces/srv/detail/detect_objects__type_support.c.o[0m
[33.122s] [ 64%] [32m[1mLinking C shared library libperception_interfaces__rosidl_typesupport_introspection_c.so[0m
[33.199s] [ 64%] Built target perception_interfaces__rosidl_typesupport_introspection_c
[33.223s] [ 67%] [34m[1mGenerating C type support for eProsima Fast-RTPS[0m
[34.312s] [ 70%] [32mBuilding CXX object CMakeFiles/perception_interfaces__rosidl_typesupport_fastrtps_c.dir/rosidl_typesupport_fastrtps_c/perception_interfaces/srv/detail/detect_objects__type_support_c.cpp.o[0m
[36.238s] [ 73%] [32m[1mLinking CXX shared library libperception_interfaces__rosidl_typesupport_fastrtps_c.so[0m
[36.445s] [ 73%] Built target perception_interfaces__rosidl_typesupport_fastrtps_c
[36.486s] [ 73%] Built target perception_interfaces
[36.533s] [ 76%] [34m[1mGenerating Python code for ROS interfaces[0m
[37.943s] [ 76%] Built target perception_interfaces__py
[37.992s] [ 79%] [32mBuilding C object CMakeFiles/perception_interfaces__rosidl_generator_py.dir/rosidl_generator_py/perception_interfaces/srv/_detect_objects_s.c.o[0m
[38.579s] [ 82%] [32m[1mLinking C shared library libperception_interfaces__rosidl_generator_py.so[0m
[38.700s] [ 82%] Built target perception_interfaces__rosidl_generator_py
[38.747s] [ 85%] [32mBuilding C object CMakeFiles/perception_interfaces_s__rosidl_typesupport_fastrtps_c.dir/rosidl_generator_py/perception_interfaces/_perception_interfaces_s.ep.rosidl_typesupport_fastrtps_c.c.o[0m
[39.130s] [ 88%] [32m[1mLinking C shared module rosidl_generator_py/perception_interfaces/perception_interfaces_s__rosidl_typesupport_fastrtps_c.so[0m
[39.213s] [ 88%] Built target perception_interfaces_s__rosidl_typesupport_fastrtps_c
[39.267s] [ 91%] [32mBuilding C object CMakeFiles/perception_interfaces_s__rosidl_typesupport_c.dir/rosidl_generator_py/perception_interfaces/_perception_interfaces_s.ep.rosidl_typesupport_c.c.o[0m
[39.661s] [ 94%] [32m[1mLinking C shared module rosidl_generator_py/perception_interfaces/perception_interfaces_s__rosidl_typesupport_c.so[0m
[39.748s] [ 94%] Built target perception_interfaces_s__rosidl_typesupport_c
[39.795s] [ 97%] [32mBuilding C object CMakeFiles/perception_interfaces_s__rosidl_typesupport_introspection_c.dir/rosidl_generator_py/perception_interfaces/_perception_interfaces_s.ep.rosidl_typesupport_introspection_c.c.o[0m
[40.237s] [100%] [32m[1mLinking C shared module rosidl_generator_py/perception_interfaces/perception_interfaces_s__rosidl_typesupport_introspection_c.so[0m
[40.317s] [100%] Built target perception_interfaces_s__rosidl_typesupport_introspection_c
[40.352s] Invoked command in '/home/robotica/nao_ws/src/build/perception_interfaces' returned '0': CMAKE_PREFIX_PATH=${CMAKE_PREFIX_PATH}:/home/robotica/nao_ws/src/install/web_controller:/home/robotica/nao_ws/src/install/speech:/home/robotica/nao_ws/src/install/integration:/home/robotica/nao_ws/src/install/rest_api:/home/robotica/nao_ws/src/install/perception:/home/robotica/nao_ws/src/install/navigation:/home/robotica/nao_ws/src/install/nao_qi_ros2_package:/home/robotica/nao_ws/src/install/manipulation:/home/robotica/nao_ws/install/web_controller:/home/robotica/nao_ws/install/speech:/home/robotica/nao_ws/install/integration:/home/robotica/nao_ws/install/rest_api:/home/robotica/nao_ws/install/perception:/home/robotica/nao_ws/install/navigation:/home/robotica/nao_ws/install/nao_qi_ros2_package:/home/robotica/nao_ws/install/manipulation:/opt/ros/jazzy DEBUGINFOD_URLS=https://debuginfod.ubuntu.com /usr/bin/cmake --build /home/robotica/nao_ws/src/build/perception_interfaces -- -j4 -l4
[40.514s] Invoking command in '/home/robotica/nao_ws/src/build/perception_interfaces': CMAKE_PREFIX_PATH=${CMAKE_PREFIX_PATH}:/home/robotica/nao_ws/src/install/web_controller:/home/robotica/nao_ws/src/install/speech:/home/robotica/nao_ws/src/install/integration:/home/robotica/nao_ws/src/install/rest_api:/home/robotica/nao_ws/src/install/perception:/home/robotica/nao_ws/src/install/navigation:/home/robotica/nao_ws/src/install/nao_qi_ros2_package:/home/robotica/nao_ws/src/install/manipulation:/home/robotica/nao_ws/install/web_controller:/home/robotica/nao_ws/install/speech:/home/robotica/nao_ws/install/integration:/home/robotica/nao_ws/install/rest_api:/home/robotica/nao_ws/install/perception:/home/robotica/nao_ws/install/navigation:/home/robotica/nao_ws/install/nao_qi_ros2_package:/home/robotica/nao_ws/install/manipulation:/opt/ros/jazzy DEBUGINFOD_URLS=https://debuginfod.ubuntu.com /usr/bin/cmake --install /home/robotica/nao_ws/src/build/perception_interfaces
[40.534s] -- Install configuration: ""
[40.535s] -- Installing: /home/robotica/nao_ws/src/install/perception_interfaces/share/ament_index/resource_index/rosidl_interfaces/perception_interfaces
[40.536s] -- Installing: /home/robotica/nao_ws/src/install/perception_interfaces/share/perception_interfaces/srv/DetectObjects.json
[40.537s] -- Installing: /home/robotica/nao_ws/src/install/perception_interfaces/include/perception_interfaces/perception_interfaces
[40.537s] -- Installing: /home/robotica/nao_ws/src/install/perception_interfaces/include/perception_interfaces/perception_interfaces/srv
[40.539s] -- Installing: /home/robotica/nao_ws/src/install/perception_interfaces/include/perception_interfaces/perception_interfaces/srv/detect_objects.h
[40.540s] -- Installing: /home/robotica/nao_ws/src/install/perception_interfaces/include/perception_interfaces/perception_interfaces/srv/detail
[40.541s] -- Installing: /home/robotica/nao_ws/src/install/perception_interfaces/include/perception_interfaces/perception_interfaces/srv/detail/detect_objects__type_support.h
[40.543s] -- Installing: /home/robotica/nao_ws/src/install/perception_interfaces/include/perception_interfaces/perception_interfaces/srv/detail/detect_objects__description.c
[40.544s] -- Installing: /home/robotica/nao_ws/src/install/perception_interfaces/include/perception_interfaces/perception_interfaces/srv/detail/detect_objects__functions.c
[40.544s] -- Installing: /home/robotica/nao_ws/src/install/perception_interfaces/include/perception_interfaces/perception_interfaces/srv/detail/detect_objects__functions.h
[40.544s] -- Installing: /home/robotica/nao_ws/src/install/perception_interfaces/include/perception_interfaces/perception_interfaces/srv/detail/detect_objects__type_support.c
[40.545s] -- Installing: /home/robotica/nao_ws/src/install/perception_interfaces/include/perception_interfaces/perception_interfaces/srv/detail/detect_objects__struct.h
[40.548s] -- Installing: /home/robotica/nao_ws/src/install/perception_interfaces/include/perception_interfaces/perception_interfaces/msg
[40.549s] -- Installing: /home/robotica/nao_ws/src/install/perception_interfaces/include/perception_interfaces/perception_interfaces/msg/rosidl_generator_c__visibility_control.h
[40.549s] -- Installing: /home/robotica/nao_ws/src/install/perception_interfaces/share/perception_interfaces/environment/library_path.sh
[40.549s] -- Installing: /home/robotica/nao_ws/src/install/perception_interfaces/share/perception_interfaces/environment/library_path.dsv
[40.549s] -- Installing: /home/robotica/nao_ws/src/install/perception_interfaces/lib/libperception_interfaces__rosidl_generator_c.so
[40.550s] -- Set non-toolchain portion of runtime path of "/home/robotica/nao_ws/src/install/perception_interfaces/lib/libperception_interfaces__rosidl_generator_c.so" to ""
[40.552s] -- Up-to-date: /home/robotica/nao_ws/src/install/perception_interfaces/include/perception_interfaces/perception_interfaces
[40.552s] -- Up-to-date: /home/robotica/nao_ws/src/install/perception_interfaces/include/perception_interfaces/perception_interfaces/srv
[40.552s] -- Up-to-date: /home/robotica/nao_ws/src/install/perception_interfaces/include/perception_interfaces/perception_interfaces/srv/detail
[40.553s] -- Installing: /home/robotica/nao_ws/src/install/perception_interfaces/include/perception_interfaces/perception_interfaces/srv/detail/detect_objects__rosidl_typesupport_fastrtps_c.h
[40.553s] -- Up-to-date: /home/robotica/nao_ws/src/install/perception_interfaces/include/perception_interfaces/perception_interfaces/msg
[40.555s] -- Installing: /home/robotica/nao_ws/src/install/perception_interfaces/include/perception_interfaces/perception_interfaces/msg/rosidl_typesupport_fastrtps_c__visibility_control.h
[40.556s] -- Installing: /home/robotica/nao_ws/src/install/perception_interfaces/lib/libperception_interfaces__rosidl_typesupport_fastrtps_c.so
[40.556s] -- Set non-toolchain portion of runtime path of "/home/robotica/nao_ws/src/install/perception_interfaces/lib/libperception_interfaces__rosidl_typesupport_fastrtps_c.so" to ""
[40.557s] -- Up-to-date: /home/robotica/nao_ws/src/install/perception_interfaces/include/perception_interfaces/perception_interfaces
[40.557s] -- Up-to-date: /home/robotica/nao_ws/src/install/perception_interfaces/include/perception_interfaces/perception_interfaces/srv
[40.557s] -- Up-to-date: /home/robotica/nao_ws/src/install/perception_interfaces/include/perception_interfaces/perception_interfaces/srv/detail
[40.557s] -- Installing: /home/robotica/nao_ws/src/install/perception_interfaces/include/perception_interfaces/perception_interfaces/srv/detail/detect_objects__rosidl_typesupport_introspection_c.h
[40.558s] -- Installing: /home/robotica/nao_ws/src/install/perception_interfaces/include/perception_interfaces/perception_interfaces/srv/detail/detect_objects__type_support.c
[40.562s] -- Up-to-date: /home/robotica/nao_ws/src/install/perception_interfaces/include/perception_interfaces/perception_interfaces/msg
[40.562s] -- Installing: /home/robotica/nao_ws/src/install/perception_interfaces/include/perception_interfaces/perception_interfaces/msg/rosidl_typesupport_introspection_c__visibility_control.h
[40.562s] -- Installing: /home/robotica/nao_ws/src/install/perception_interfaces/lib/libperception_interfaces__rosidl_typesupport_introspection_c.so
[40.566s] -- Set non-toolchain portion of runtime path of "/home/robotica/nao_ws/src/install/perception_interfaces/lib/libperception_interfaces__rosidl_typesupport_introspection_c.so" to ""
[40.566s] -- Installing: /home/robotica/nao_ws/src/install/perception_interfaces/lib/libperception_interfaces__rosidl_typesupport_c.so
[40.573s] -- Set non-toolchain portion of runtime path of "/home/robotica/nao_ws/src/install/perception_interfaces/lib/libperception_interfaces__rosidl_typesupport_c.so" to ""
[40.573s] -- Up-to-date: /home/robotica/nao_ws/src/install/perception_interfaces/include/perception_interfaces/perception_interfaces
[40.573s] -- Up-to-date: /home/robotica/nao_ws/src/install/perception_interfaces/include/perception_interfaces/perception_interfaces/srv
[40.574s] -- Up-to-date: /home/robotica/nao_ws/src/install/perception_interfaces/include/perception_interfaces/perception_interfaces/srv/detail
[40.574s] -- Installing: /home/robotica/nao_ws/src/install/perception_interfaces/include/perception_interfaces/perception_interfaces/srv/detail/detect_objects__type_support.hpp
[40.574s] -- Installing: /home/robotica/nao_ws/src/install/perception_interfaces/include/perception_interfaces/perception_interfaces/srv/detail/detect_objects__struct.hpp
[40.574s] -- Installing: /home/robotica/nao_ws/src/install/perception_interfaces/include/perception_interfaces/perception_interfaces/srv/detail/detect_objects__builder.hpp
[40.575s] -- Installing: /home/robotica/nao_ws/src/install/perception_interfaces/include/perception_interfaces/perception_interfaces/srv/detail/detect_objects__traits.hpp
[40.575s] -- Installing: /home/robotica/nao_ws/src/install/perception_interfaces/include/perception_interfaces/perception_interfaces/srv/detect_objects.hpp
[40.575s] -- Up-to-date: /home/robotica/nao_ws/src/install/perception_interfaces/include/perception_interfaces/perception_interfaces/msg
[40.575s] -- Installing: /home/robotica/nao_ws/src/install/perception_interfaces/include/perception_interfaces/perception_interfaces/msg/rosidl_generator_cpp__visibility_control.hpp
[40.579s] -- Up-to-date: /home/robotica/nao_ws/src/install/perception_interfaces/include/perception_interfaces/perception_interfaces
[40.579s] -- Up-to-date: /home/robotica/nao_ws/src/install/perception_interfaces/include/perception_interfaces/perception_interfaces/srv
[40.579s] -- Up-to-date: /home/robotica/nao_ws/src/install/perception_interfaces/include/perception_interfaces/perception_interfaces/srv/detail
[40.580s] -- Installing: /home/robotica/nao_ws/src/install/perception_interfaces/include/perception_interfaces/perception_interfaces/srv/detail/detect_objects__rosidl_typesupport_fastrtps_cpp.hpp
[40.580s] -- Installing: /home/robotica/nao_ws/src/install/perception_interfaces/include/perception_interfaces/perception_interfaces/srv/detail/dds_fastrtps
[40.580s] -- Up-to-date: /home/robotica/nao_ws/src/install/perception_interfaces/include/perception_interfaces/perception_interfaces/msg
[40.581s] -- Installing: /home/robotica/nao_ws/src/install/perception_interfaces/include/perception_interfaces/perception_interfaces/msg/rosidl_typesupport_fastrtps_cpp__visibility_control.h
[40.581s] -- Installing: /home/robotica/nao_ws/src/install/perception_interfaces/lib/libperception_interfaces__rosidl_typesupport_fastrtps_cpp.so
[40.581s] -- Set non-toolchain portion of runtime path of "/home/robotica/nao_ws/src/install/perception_interfaces/lib/libperception_interfaces__rosidl_typesupport_fastrtps_cpp.so" to ""
[40.584s] -- Up-to-date: /home/robotica/nao_ws/src/install/perception_interfaces/include/perception_interfaces/perception_interfaces
[40.584s] -- Up-to-date: /home/robotica/nao_ws/src/install/perception_interfaces/include/perception_interfaces/perception_interfaces/srv
[40.584s] -- Up-to-date: /home/robotica/nao_ws/src/install/perception_interfaces/include/perception_interfaces/perception_interfaces/srv/detail
[40.585s] -- Installing: /home/robotica/nao_ws/src/install/perception_interfaces/include/perception_interfaces/perception_interfaces/srv/detail/detect_objects__type_support.cpp
[40.585s] -- Installing: /home/robotica/nao_ws/src/install/perception_interfaces/include/perception_interfaces/perception_interfaces/srv/detail/detect_objects__rosidl_typesupport_introspection_cpp.hpp
[40.585s] -- Installing: /home/robotica/nao_ws/src/install/perception_interfaces/lib/libperception_interfaces__rosidl_typesupport_introspection_cpp.so
[40.585s] -- Set non-toolchain portion of runtime path of "/home/robotica/nao_ws/src/install/perception_interfaces/lib/libperception_interfaces__rosidl_typesupport_introspection_cpp.so" to ""
[40.587s] -- Installing: /home/robotica/nao_ws/src/install/perception_interfaces/lib/libperception_interfaces__rosidl_typesupport_cpp.so
[40.590s] -- Set non-toolchain portion of runtime path of "/home/robotica/nao_ws/src/install/perception_interfaces/lib/libperception_interfaces__rosidl_typesupport_cpp.so" to ""
[40.590s] -- Installing: /home/robotica/nao_ws/src/install/perception_interfaces/share/perception_interfaces/environment/pythonpath.sh
[40.590s] -- Installing: /home/robotica/nao_ws/src/install/perception_interfaces/share/perception_interfaces/environment/pythonpath.dsv
[40.591s] -- Installing: /home/robotica/nao_ws/src/install/perception_interfaces/lib/python3.12/site-packages/perception_interfaces-0.0.1-py3.12.egg-info
[40.591s] -- Installing: /home/robotica/nao_ws/src/install/perception_interfaces/lib/python3.12/site-packages/perception_interfaces-0.0.1-py3.12.egg-info/PKG-INFO
[40.591s] -- Installing: /home/robotica/nao_ws/src/install/perception_interfaces/lib/python3.12/site-packages/perception_interfaces-0.0.1-py3.12.egg-info/top_level.txt
[40.591s] -- Installing: /home/robotica/nao_ws/src/install/perception_interfaces/lib/python3.12/site-packages/perception_interfaces-0.0.1-py3.12.egg-info/dependency_links.txt
[40.594s] -- Installing: /home/robotica/nao_ws/src/install/perception_interfaces/lib/python3.12/site-packages/perception_interfaces-0.0.1-py3.12.egg-info/SOURCES.txt
[40.594s] -- Installing: /home/robotica/nao_ws/src/install/perception_interfaces/lib/python3.12/site-packages/perception_interfaces
[40.595s] -- Installing: /home/robotica/nao_ws/src/install/perception_interfaces/lib/python3.12/site-packages/perception_interfaces/_perception_interfaces_s.ep.rosidl_typesupport_introspection_c.c
[40.595s] -- Installing: /home/robotica/nao_ws/src/install/perception_interfaces/lib/python3.12/site-packages/perception_interfaces/srv
[40.595s] -- Installing: /home/robotica/nao_ws/src/install/perception_interfaces/lib/python3.12/site-packages/perception_interfaces/srv/_detect_objects_s.c
[40.596s] -- Installing: /home/robotica/nao_ws/src/install/perception_interfaces/lib/python3.12/site-packages/perception_interfaces/srv/_detect_objects.py
[40.596s] -- Installing: /home/robotica/nao_ws/src/install/perception_interfaces/lib/python3.12/site-packages/perception_interfaces/srv/__init__.py
[40.596s] -- Installing: /home/robotica/nao_ws/src/install/perception_interfaces/lib/python3.12/site-packages/perception_interfaces/perception_interfaces_s__rosidl_typesupport_fastrtps_c.so
[40.597s] -- Installing: /home/robotica/nao_ws/src/install/perception_interfaces/lib/python3.12/site-packages/perception_interfaces/_perception_interfaces_s.ep.rosidl_typesupport_c.c
[40.597s] -- Installing: /home/robotica/nao_ws/src/install/perception_interfaces/lib/python3.12/site-packages/perception_interfaces/perception_interfaces_s__rosidl_typesupport_introspection_c.so
[40.597s] -- Installing: /home/robotica/nao_ws/src/install/perception_interfaces/lib/python3.12/site-packages/perception_interfaces/perception_interfaces_s__rosidl_typesupport_c.so
[40.598s] -- Installing: /home/robotica/nao_ws/src/install/perception_interfaces/lib/python3.12/site-packages/perception_interfaces/__init__.py
[40.599s] -- Installing: /home/robotica/nao_ws/src/install/perception_interfaces/lib/python3.12/site-packages/perception_interfaces/_perception_interfaces_s.ep.rosidl_typesupport_fastrtps_c.c
[40.747s] Listing '/home/robotica/nao_ws/src/install/perception_interfaces/lib/python3.12/site-packages/perception_interfaces'...
[40.747s] Compiling '/home/robotica/nao_ws/src/install/perception_interfaces/lib/python3.12/site-packages/perception_interfaces/__init__.py'...
[40.748s] Listing '/home/robotica/nao_ws/src/install/perception_interfaces/lib/python3.12/site-packages/perception_interfaces/srv'...
[40.748s] Compiling '/home/robotica/nao_ws/src/install/perception_interfaces/lib/python3.12/site-packages/perception_interfaces/srv/__init__.py'...
[40.748s] Compiling '/home/robotica/nao_ws/src/install/perception_interfaces/lib/python3.12/site-packages/perception_interfaces/srv/_detect_objects.py'...
[40.789s] -- Installing: /home/robotica/nao_ws/src/install/perception_interfaces/lib/python3.12/site-packages/perception_interfaces/perception_interfaces_s__rosidl_typesupport_fastrtps_c.so
[40.812s] -- Set non-toolchain portion of runtime path of "/home/robotica/nao_ws/src/install/perception_interfaces/lib/python3.12/site-packages/perception_interfaces/perception_interfaces_s__rosidl_typesupport_fastrtps_c.so" to ""
[40.813s] -- Installing: /home/robotica/nao_ws/src/install/perception_interfaces/lib/python3.12/site-packages/perception_interfaces/perception_interfaces_s__rosidl_typesupport_introspection_c.so
[40.829s] -- Set non-toolchain portion of runtime path of "/home/robotica/nao_ws/src/install/perception_interfaces/lib/python3.12/site-packages/perception_interfaces/perception_interfaces_s__rosidl_typesupport_introspection_c.so" to ""
[40.829s] -- Installing: /home/robotica/nao_ws/src/install/perception_interfaces/lib/python3.12/site-packages/perception_interfaces/perception_interfaces_s__rosidl_typesupport_c.so
[40.831s] -- Set non-toolchain portion of runtime path of "/home/robotica/nao_ws/src/install/perception_interfaces/lib/python3.12/site-packages/perception_interfaces/perception_interfaces_s__rosidl_typesupport_c.so" to ""
[40.847s] -- Installing: /home/robotica/nao_ws/src/install/perception_interfaces/lib/libperception_interfaces__rosidl_generator_py.so
[40.848s] -- Set non-toolchain portion of runtime path of "/home/robotica/nao_ws/src/install/perception_interfaces/lib/libperception_interfaces__rosidl_generator_py.so" to ""
[40.848s] -- Installing: /home/robotica/nao_ws/src/install/perception_interfaces/share/perception_interfaces/srv/DetectObjects.idl
[40.848s] -- Installing: /home/robotica/nao_ws/src/install/perception_interfaces/share/perception_interfaces/srv/DetectObjects.srv
[40.851s] -- Installing: /home/robotica/nao_ws/src/install/perception_interfaces/share/ament_index/resource_index/package_run_dependencies/perception_interfaces
[40.855s] -- Installing: /home/robotica/nao_ws/src/install/perception_interfaces/share/ament_index/resource_index/parent_prefix_path/perception_interfaces
[40.856s] -- Installing: /home/robotica/nao_ws/src/install/perception_interfaces/share/perception_interfaces/environment/ament_prefix_path.sh
[40.856s] -- Installing: /home/robotica/nao_ws/src/install/perception_interfaces/share/perception_interfaces/environment/ament_prefix_path.dsv
[40.856s] -- Installing: /home/robotica/nao_ws/src/install/perception_interfaces/share/perception_interfaces/environment/path.sh
[40.861s] -- Installing: /home/robotica/nao_ws/src/install/perception_interfaces/share/perception_interfaces/environment/path.dsv
[40.861s] -- Installing: /home/robotica/nao_ws/src/install/perception_interfaces/share/perception_interfaces/local_setup.bash
[40.861s] -- Installing: /home/robotica/nao_ws/src/install/perception_interfaces/share/perception_interfaces/local_setup.sh
[40.861s] -- Installing: /home/robotica/nao_ws/src/install/perception_interfaces/share/perception_interfaces/local_setup.zsh
[40.862s] -- Installing: /home/robotica/nao_ws/src/install/perception_interfaces/share/perception_interfaces/local_setup.dsv
[40.862s] -- Installing: /home/robotica/nao_ws/src/install/perception_interfaces/share/perception_interfaces/package.dsv
[40.862s] -- Installing: /home/robotica/nao_ws/src/install/perception_interfaces/share/ament_index/resource_index/packages/perception_interfaces
[40.862s] -- Installing: /home/robotica/nao_ws/src/install/perception_interfaces/share/perception_interfaces/cmake/export_perception_interfaces__rosidl_generator_cExport.cmake
[40.863s] -- Installing: /home/robotica/nao_ws/src/install/perception_interfaces/share/perception_interfaces/cmake/export_perception_interfaces__rosidl_generator_cExport-noconfig.cmake
[40.863s] -- Installing: /home/robotica/nao_ws/src/install/perception_interfaces/share/perception_interfaces/cmake/export_perception_interfaces__rosidl_typesupport_fastrtps_cExport.cmake
[40.863s] -- Installing: /home/robotica/nao_ws/src/install/perception_interfaces/share/perception_interfaces/cmake/export_perception_interfaces__rosidl_typesupport_fastrtps_cExport-noconfig.cmake
[40.869s] -- Installing: /home/robotica/nao_ws/src/install/perception_interfaces/share/perception_interfaces/cmake/perception_interfaces__rosidl_typesupport_introspection_cExport.cmake
[40.870s] -- Installing: /home/robotica/nao_ws/src/install/perception_interfaces/share/perception_interfaces/cmake/perception_interfaces__rosidl_typesupport_introspection_cExport-noconfig.cmake
[40.870s] -- Installing: /home/robotica/nao_ws/src/install/perception_interfaces/share/perception_interfaces/cmake/perception_interfaces__rosidl_typesupport_cExport.cmake
[40.870s] -- Installing: /home/robotica/nao_ws/src/install/perception_interfaces/share/perception_interfaces/cmake/perception_interfaces__rosidl_typesupport_cExport-noconfig.cmake
[40.871s] -- Installing: /home/robotica/nao_ws/src/install/perception_interfaces/share/perception_interfaces/cmake/export_perception_interfaces__rosidl_generator_cppExport.cmake
[40.871s] -- Installing: /home/robotica/nao_ws/src/install/perception_interfaces/share/perception_interfaces/cmake/export_perception_interfaces__rosidl_typesupport_fastrtps_cppExport.cmake
[40.871s] -- Installing: /home/robotica/nao_ws/src/install/perception_interfaces/share/perception_interfaces/cmake/export_perception_interfaces__rosidl_typesupport_fastrtps_cppExport-noconfig.cmake
[40.871s] -- Installing: /home/robotica/nao_ws/src/install/perception_interfaces/share/perception_interfaces/cmake/perception_interfaces__rosidl_typesupport_introspection_cppExport.cmake
[40.877s] -- Installing: /home/robotica/nao_ws/src/install/perception_interfaces/share/perception_interfaces/cmake/perception_interfaces__rosidl_typesupport_introspection_cppExport-noconfig.cmake
[40.877s] -- Installing: /home/robotica/nao_ws/src/install/perception_interfaces/share/perception_interfaces/cmake/perception_interfaces__rosidl_typesupport_cppExport.cmake
[40.877s] -- Installing: /home/robotica/nao_ws/src/install/perception_interfaces/share/perception_interfaces/cmake/perception_interfaces__rosidl_typesupport_cppExport-noconfig.cmake
[40.877s] -- Installing: /home/robotica/nao_ws/src/install/perception_interfaces/share/perception_interfaces/cmake/export_perception_interfaces__rosidl_generator_pyExport.cmake
[40.878s] -- Installing: /home/robotica/nao_ws/src/install/perception_interfaces/share/perception_interfaces/cmake/export_perception_interfaces__rosidl_generator_pyExport-noconfig.cmake
[40.878s] -- Installing: /home/robotica/nao_ws/src/install/perception_interfaces/share/perception_interfaces/cmake/rosidl_cmake-extras.cmake
[40.878s] -- Installing: /home/robotica/nao_ws/src/install/perception_interfaces/share/perception_interfaces/cmake/ament_cmake_export_dependencies-extras.cmake
[40.879s] -- Installing: /home/robotica/nao_ws/src/install/perception_interfaces/share/perception_interfaces/cmake/ament_cmake_export_include_directories-extras.cmake
[40.879s] -- Installing: /home/robotica/nao_ws/src/install/perception_interfaces/share/perception_interfaces/cmake/ament_cmake_export_libraries-extras.cmake
[40.879s] -- Installing: /home/robotica/nao_ws/src/install/perception_interfaces/share/perception_interfaces/cmake/ament_cmake_export_targets-extras.cmake
[40.879s] -- Installing: /home/robotica/nao_ws/src/install/perception_interfaces/share/perception_interfaces/cmake/rosidl_cmake_export_typesupport_targets-extras.cmake
[40.889s] -- Installing: /home/robotica/nao_ws/src/install/perception_interfaces/share/perception_interfaces/cmake/rosidl_cmake_export_typesupport_libraries-extras.cmake
[40.890s] -- Installing: /home/robotica/nao_ws/src/install/perception_interfaces/share/perception_interfaces/cmake/perception_interfacesConfig.cmake
[40.890s] -- Installing: /home/robotica/nao_ws/src/install/perception_interfaces/share/perception_interfaces/cmake/perception_interfacesConfig-version.cmake
[40.891s] -- Installing: /home/robotica/nao_ws/src/install/perception_interfaces/share/perception_interfaces/package.xml
[40.906s] Invoked command in '/home/robotica/nao_ws/src/build/perception_interfaces' returned '0': CMAKE_PREFIX_PATH=${CMAKE_PREFIX_PATH}:/home/robotica/nao_ws/src/install/web_controller:/home/robotica/nao_ws/src/install/speech:/home/robotica/nao_ws/src/install/integration:/home/robotica/nao_ws/src/install/rest_api:/home/robotica/nao_ws/src/install/perception:/home/robotica/nao_ws/src/install/navigation:/home/robotica/nao_ws/src/install/nao_qi_ros2_package:/home/robotica/nao_ws/src/install/manipulation:/home/robotica/nao_ws/install/web_controller:/home/robotica/nao_ws/install/speech:/home/robotica/nao_ws/install/integration:/home/robotica/nao_ws/install/rest_api:/home/robotica/nao_ws/install/perception:/home/robotica/nao_ws/install/navigation:/home/robotica/nao_ws/install/nao_qi_ros2_package:/home/robotica/nao_ws/install/manipulation:/opt/ros/jazzy DEBUGINFOD_URLS=https://debuginfod.ubuntu.com /usr/bin/cmake --install /home/robotica/nao_ws/src/build/perception_interfaces
