[0.043s] Invoking command in '/home/fai/nao_ws/build/manipulation_interfaces': CMAKE_PREFIX_PATH=${CMAKE_PREFIX_PATH}:/home/fai/nao_ws/install/nao_tasks:/home/fai/nao_ws/install/web_controller:/home/fai/nao_ws/install/speech:/home/fai/nao_ws/install/integration:/home/fai/nao_ws/install/perception:/home/fai/nao_ws/install/navigation:/home/fai/nao_ws/install/nao_qi_ros2_package:/home/fai/nao_ws/install/manipulation:/opt/ros/jazzy DEBUGINFOD_URLS=https://debuginfod.ubuntu.com /usr/bin/cmake --build /home/fai/nao_ws/build/manipulation_interfaces -- -j4 -l4
[0.197s] [  2%] Built target manipulation_interfaces__rosidl_generator_type_description
[0.262s] [  2%] Built target ament_cmake_python_copy_manipulation_interfaces
[0.300s] [  5%] Built target manipulation_interfaces__cpp
[0.388s] [ 20%] Built target manipulation_interfaces__rosidl_generator_c
[0.592s] [ 29%] Built target manipulation_interfaces__rosidl_typesupport_introspection_cpp
[0.613s] [ 38%] Built target manipulation_interfaces__rosidl_typesupport_fastrtps_cpp
[0.681s] [ 47%] Built target manipulation_interfaces__rosidl_typesupport_fastrtps_c
[0.749s] [ 55%] Built target manipulation_interfaces__rosidl_typesupport_cpp
[0.815s] [ 64%] Built target manipulation_interfaces__rosidl_typesupport_introspection_c
[0.872s] [ 73%] Built target manipulation_interfaces__rosidl_typesupport_c
[1.186s] [ 73%] Built target manipulation_interfaces
[1.307s] [ 76%] Built target manipulation_interfaces__py
[1.420s] [ 82%] Built target manipulation_interfaces__rosidl_generator_py
[1.541s] [ 88%] Built target manipulation_interfaces_s__rosidl_typesupport_fastrtps_c
[1.600s] [ 94%] Built target manipulation_interfaces_s__rosidl_typesupport_introspection_c
[1.650s] [100%] Built target manipulation_interfaces_s__rosidl_typesupport_c
[2.310s] running egg_info
[2.397s] writing manipulation_interfaces.egg-info/PKG-INFO
[2.398s] writing dependency_links to manipulation_interfaces.egg-info/dependency_links.txt
[2.398s] writing top-level names to manipulation_interfaces.egg-info/top_level.txt
[2.661s] reading manifest file 'manipulation_interfaces.egg-info/SOURCES.txt'
[2.662s] writing manifest file 'manipulation_interfaces.egg-info/SOURCES.txt'
[2.750s] [100%] Built target ament_cmake_python_build_manipulation_interfaces_egg
[2.790s] Invoked command in '/home/fai/nao_ws/build/manipulation_interfaces' returned '0': CMAKE_PREFIX_PATH=${CMAKE_PREFIX_PATH}:/home/fai/nao_ws/install/nao_tasks:/home/fai/nao_ws/install/web_controller:/home/fai/nao_ws/install/speech:/home/fai/nao_ws/install/integration:/home/fai/nao_ws/install/perception:/home/fai/nao_ws/install/navigation:/home/fai/nao_ws/install/nao_qi_ros2_package:/home/fai/nao_ws/install/manipulation:/opt/ros/jazzy DEBUGINFOD_URLS=https://debuginfod.ubuntu.com /usr/bin/cmake --build /home/fai/nao_ws/build/manipulation_interfaces -- -j4 -l4
[3.362s] Invoking command in '/home/fai/nao_ws/build/manipulation_interfaces': CMAKE_PREFIX_PATH=${CMAKE_PREFIX_PATH}:/home/fai/nao_ws/install/nao_tasks:/home/fai/nao_ws/install/web_controller:/home/fai/nao_ws/install/speech:/home/fai/nao_ws/install/integration:/home/fai/nao_ws/install/perception:/home/fai/nao_ws/install/navigation:/home/fai/nao_ws/install/nao_qi_ros2_package:/home/fai/nao_ws/install/manipulation:/opt/ros/jazzy DEBUGINFOD_URLS=https://debuginfod.ubuntu.com /usr/bin/cmake --install /home/fai/nao_ws/build/manipulation_interfaces
[3.389s] -- Install configuration: ""
[3.390s] -- Up-to-date: /home/fai/nao_ws/install/manipulation_interfaces/share/ament_index/resource_index/rosidl_interfaces/manipulation_interfaces
[3.390s] -- Up-to-date: /home/fai/nao_ws/install/manipulation_interfaces/share/manipulation_interfaces/srv/MoveArm.json
[3.390s] -- Up-to-date: /home/fai/nao_ws/install/manipulation_interfaces/include/manipulation_interfaces/manipulation_interfaces
[3.390s] -- Up-to-date: /home/fai/nao_ws/install/manipulation_interfaces/include/manipulation_interfaces/manipulation_interfaces/srv
[3.391s] -- Up-to-date: /home/fai/nao_ws/install/manipulation_interfaces/include/manipulation_interfaces/manipulation_interfaces/srv/move_arm.h
[3.391s] -- Up-to-date: /home/fai/nao_ws/install/manipulation_interfaces/include/manipulation_interfaces/manipulation_interfaces/srv/detail
[3.391s] -- Up-to-date: /home/fai/nao_ws/install/manipulation_interfaces/include/manipulation_interfaces/manipulation_interfaces/srv/detail/move_arm__struct.h
[3.392s] -- Installing: /home/fai/nao_ws/install/manipulation_interfaces/include/manipulation_interfaces/manipulation_interfaces/srv/detail/move_arm__type_support.c
[3.392s] -- Up-to-date: /home/fai/nao_ws/install/manipulation_interfaces/include/manipulation_interfaces/manipulation_interfaces/srv/detail/move_arm__functions.h
[3.392s] -- Up-to-date: /home/fai/nao_ws/install/manipulation_interfaces/include/manipulation_interfaces/manipulation_interfaces/srv/detail/move_arm__type_support.h
[3.392s] -- Up-to-date: /home/fai/nao_ws/install/manipulation_interfaces/include/manipulation_interfaces/manipulation_interfaces/srv/detail/move_arm__description.c
[3.393s] -- Up-to-date: /home/fai/nao_ws/install/manipulation_interfaces/include/manipulation_interfaces/manipulation_interfaces/srv/detail/move_arm__functions.c
[3.399s] -- Up-to-date: /home/fai/nao_ws/install/manipulation_interfaces/include/manipulation_interfaces/manipulation_interfaces/msg
[3.399s] -- Up-to-date: /home/fai/nao_ws/install/manipulation_interfaces/include/manipulation_interfaces/manipulation_interfaces/msg/rosidl_generator_c__visibility_control.h
[3.400s] -- Up-to-date: /home/fai/nao_ws/install/manipulation_interfaces/share/manipulation_interfaces/environment/library_path.sh
[3.400s] -- Up-to-date: /home/fai/nao_ws/install/manipulation_interfaces/share/manipulation_interfaces/environment/library_path.dsv
[3.400s] -- Up-to-date: /home/fai/nao_ws/install/manipulation_interfaces/lib/libmanipulation_interfaces__rosidl_generator_c.so
[3.400s] -- Up-to-date: /home/fai/nao_ws/install/manipulation_interfaces/include/manipulation_interfaces/manipulation_interfaces
[3.401s] -- Up-to-date: /home/fai/nao_ws/install/manipulation_interfaces/include/manipulation_interfaces/manipulation_interfaces/srv
[3.401s] -- Up-to-date: /home/fai/nao_ws/install/manipulation_interfaces/include/manipulation_interfaces/manipulation_interfaces/srv/detail
[3.401s] -- Up-to-date: /home/fai/nao_ws/install/manipulation_interfaces/include/manipulation_interfaces/manipulation_interfaces/srv/detail/move_arm__rosidl_typesupport_fastrtps_c.h
[3.401s] -- Up-to-date: /home/fai/nao_ws/install/manipulation_interfaces/include/manipulation_interfaces/manipulation_interfaces/msg
[3.401s] -- Up-to-date: /home/fai/nao_ws/install/manipulation_interfaces/include/manipulation_interfaces/manipulation_interfaces/msg/rosidl_typesupport_fastrtps_c__visibility_control.h
[3.406s] -- Up-to-date: /home/fai/nao_ws/install/manipulation_interfaces/lib/libmanipulation_interfaces__rosidl_typesupport_fastrtps_c.so
[3.406s] -- Up-to-date: /home/fai/nao_ws/install/manipulation_interfaces/include/manipulation_interfaces/manipulation_interfaces
[3.406s] -- Up-to-date: /home/fai/nao_ws/install/manipulation_interfaces/include/manipulation_interfaces/manipulation_interfaces/srv
[3.407s] -- Up-to-date: /home/fai/nao_ws/install/manipulation_interfaces/include/manipulation_interfaces/manipulation_interfaces/srv/detail
[3.407s] -- Up-to-date: /home/fai/nao_ws/install/manipulation_interfaces/include/manipulation_interfaces/manipulation_interfaces/srv/detail/move_arm__rosidl_typesupport_introspection_c.h
[3.407s] -- Installing: /home/fai/nao_ws/install/manipulation_interfaces/include/manipulation_interfaces/manipulation_interfaces/srv/detail/move_arm__type_support.c
[3.408s] -- Up-to-date: /home/fai/nao_ws/install/manipulation_interfaces/include/manipulation_interfaces/manipulation_interfaces/msg
[3.408s] -- Up-to-date: /home/fai/nao_ws/install/manipulation_interfaces/include/manipulation_interfaces/manipulation_interfaces/msg/rosidl_typesupport_introspection_c__visibility_control.h
[3.408s] -- Up-to-date: /home/fai/nao_ws/install/manipulation_interfaces/lib/libmanipulation_interfaces__rosidl_typesupport_introspection_c.so
[3.408s] -- Up-to-date: /home/fai/nao_ws/install/manipulation_interfaces/lib/libmanipulation_interfaces__rosidl_typesupport_c.so
[3.409s] -- Up-to-date: /home/fai/nao_ws/install/manipulation_interfaces/include/manipulation_interfaces/manipulation_interfaces
[3.409s] -- Up-to-date: /home/fai/nao_ws/install/manipulation_interfaces/include/manipulation_interfaces/manipulation_interfaces/srv
[3.409s] -- Up-to-date: /home/fai/nao_ws/install/manipulation_interfaces/include/manipulation_interfaces/manipulation_interfaces/srv/move_arm.hpp
[3.410s] -- Up-to-date: /home/fai/nao_ws/install/manipulation_interfaces/include/manipulation_interfaces/manipulation_interfaces/srv/detail
[3.410s] -- Up-to-date: /home/fai/nao_ws/install/manipulation_interfaces/include/manipulation_interfaces/manipulation_interfaces/srv/detail/move_arm__type_support.hpp
[3.410s] -- Up-to-date: /home/fai/nao_ws/install/manipulation_interfaces/include/manipulation_interfaces/manipulation_interfaces/srv/detail/move_arm__struct.hpp
[3.410s] -- Up-to-date: /home/fai/nao_ws/install/manipulation_interfaces/include/manipulation_interfaces/manipulation_interfaces/srv/detail/move_arm__builder.hpp
[3.411s] -- Up-to-date: /home/fai/nao_ws/install/manipulation_interfaces/include/manipulation_interfaces/manipulation_interfaces/srv/detail/move_arm__traits.hpp
[3.411s] -- Up-to-date: /home/fai/nao_ws/install/manipulation_interfaces/include/manipulation_interfaces/manipulation_interfaces/msg
[3.411s] -- Up-to-date: /home/fai/nao_ws/install/manipulation_interfaces/include/manipulation_interfaces/manipulation_interfaces/msg/rosidl_generator_cpp__visibility_control.hpp
[3.411s] -- Up-to-date: /home/fai/nao_ws/install/manipulation_interfaces/include/manipulation_interfaces/manipulation_interfaces
[3.411s] -- Up-to-date: /home/fai/nao_ws/install/manipulation_interfaces/include/manipulation_interfaces/manipulation_interfaces/srv
[3.412s] -- Up-to-date: /home/fai/nao_ws/install/manipulation_interfaces/include/manipulation_interfaces/manipulation_interfaces/srv/detail
[3.412s] -- Up-to-date: /home/fai/nao_ws/install/manipulation_interfaces/include/manipulation_interfaces/manipulation_interfaces/srv/detail/move_arm__rosidl_typesupport_fastrtps_cpp.hpp
[3.412s] -- Up-to-date: /home/fai/nao_ws/install/manipulation_interfaces/include/manipulation_interfaces/manipulation_interfaces/srv/detail/dds_fastrtps
[3.412s] -- Up-to-date: /home/fai/nao_ws/install/manipulation_interfaces/include/manipulation_interfaces/manipulation_interfaces/msg
[3.413s] -- Up-to-date: /home/fai/nao_ws/install/manipulation_interfaces/include/manipulation_interfaces/manipulation_interfaces/msg/rosidl_typesupport_fastrtps_cpp__visibility_control.h
[3.413s] -- Up-to-date: /home/fai/nao_ws/install/manipulation_interfaces/lib/libmanipulation_interfaces__rosidl_typesupport_fastrtps_cpp.so
[3.413s] -- Up-to-date: /home/fai/nao_ws/install/manipulation_interfaces/include/manipulation_interfaces/manipulation_interfaces
[3.414s] -- Up-to-date: /home/fai/nao_ws/install/manipulation_interfaces/include/manipulation_interfaces/manipulation_interfaces/srv
[3.414s] -- Up-to-date: /home/fai/nao_ws/install/manipulation_interfaces/include/manipulation_interfaces/manipulation_interfaces/srv/detail
[3.414s] -- Up-to-date: /home/fai/nao_ws/install/manipulation_interfaces/include/manipulation_interfaces/manipulation_interfaces/srv/detail/move_arm__rosidl_typesupport_introspection_cpp.hpp
[3.414s] -- Up-to-date: /home/fai/nao_ws/install/manipulation_interfaces/include/manipulation_interfaces/manipulation_interfaces/srv/detail/move_arm__type_support.cpp
[3.414s] -- Up-to-date: /home/fai/nao_ws/install/manipulation_interfaces/lib/libmanipulation_interfaces__rosidl_typesupport_introspection_cpp.so
[3.414s] -- Up-to-date: /home/fai/nao_ws/install/manipulation_interfaces/lib/libmanipulation_interfaces__rosidl_typesupport_cpp.so
[3.415s] -- Up-to-date: /home/fai/nao_ws/install/manipulation_interfaces/share/manipulation_interfaces/environment/pythonpath.sh
[3.415s] -- Up-to-date: /home/fai/nao_ws/install/manipulation_interfaces/share/manipulation_interfaces/environment/pythonpath.dsv
[3.415s] -- Up-to-date: /home/fai/nao_ws/install/manipulation_interfaces/lib/python3.12/site-packages/manipulation_interfaces-0.0.1-py3.12.egg-info
[3.415s] -- Installing: /home/fai/nao_ws/install/manipulation_interfaces/lib/python3.12/site-packages/manipulation_interfaces-0.0.1-py3.12.egg-info/PKG-INFO
[3.416s] -- Installing: /home/fai/nao_ws/install/manipulation_interfaces/lib/python3.12/site-packages/manipulation_interfaces-0.0.1-py3.12.egg-info/top_level.txt
[3.416s] -- Installing: /home/fai/nao_ws/install/manipulation_interfaces/lib/python3.12/site-packages/manipulation_interfaces-0.0.1-py3.12.egg-info/dependency_links.txt
[3.416s] -- Installing: /home/fai/nao_ws/install/manipulation_interfaces/lib/python3.12/site-packages/manipulation_interfaces-0.0.1-py3.12.egg-info/SOURCES.txt
[3.416s] -- Up-to-date: /home/fai/nao_ws/install/manipulation_interfaces/lib/python3.12/site-packages/manipulation_interfaces
[3.417s] -- Up-to-date: /home/fai/nao_ws/install/manipulation_interfaces/lib/python3.12/site-packages/manipulation_interfaces/srv
[3.417s] -- Up-to-date: /home/fai/nao_ws/install/manipulation_interfaces/lib/python3.12/site-packages/manipulation_interfaces/srv/_move_arm.py
[3.417s] -- Up-to-date: /home/fai/nao_ws/install/manipulation_interfaces/lib/python3.12/site-packages/manipulation_interfaces/srv/__init__.py
[3.417s] -- Up-to-date: /home/fai/nao_ws/install/manipulation_interfaces/lib/python3.12/site-packages/manipulation_interfaces/srv/_move_arm_s.c
[3.418s] -- Up-to-date: /home/fai/nao_ws/install/manipulation_interfaces/lib/python3.12/site-packages/manipulation_interfaces/_manipulation_interfaces_s.ep.rosidl_typesupport_introspection_c.c
[3.418s] -- Up-to-date: /home/fai/nao_ws/install/manipulation_interfaces/lib/python3.12/site-packages/manipulation_interfaces/manipulation_interfaces_s__rosidl_typesupport_c.so
[3.418s] -- Up-to-date: /home/fai/nao_ws/install/manipulation_interfaces/lib/python3.12/site-packages/manipulation_interfaces/manipulation_interfaces_s__rosidl_typesupport_fastrtps_c.so
[3.419s] -- Up-to-date: /home/fai/nao_ws/install/manipulation_interfaces/lib/python3.12/site-packages/manipulation_interfaces/_manipulation_interfaces_s.ep.rosidl_typesupport_fastrtps_c.c
[3.419s] -- Up-to-date: /home/fai/nao_ws/install/manipulation_interfaces/lib/python3.12/site-packages/manipulation_interfaces/__init__.py
[3.420s] -- Up-to-date: /home/fai/nao_ws/install/manipulation_interfaces/lib/python3.12/site-packages/manipulation_interfaces/_manipulation_interfaces_s.ep.rosidl_typesupport_c.c
[3.420s] -- Up-to-date: /home/fai/nao_ws/install/manipulation_interfaces/lib/python3.12/site-packages/manipulation_interfaces/manipulation_interfaces_s__rosidl_typesupport_introspection_c.so
[3.501s] Listing '/home/fai/nao_ws/install/manipulation_interfaces/lib/python3.12/site-packages/manipulation_interfaces'...
[3.501s] Listing '/home/fai/nao_ws/install/manipulation_interfaces/lib/python3.12/site-packages/manipulation_interfaces/srv'...
[3.515s] -- Up-to-date: /home/fai/nao_ws/install/manipulation_interfaces/lib/python3.12/site-packages/manipulation_interfaces/manipulation_interfaces_s__rosidl_typesupport_fastrtps_c.so
[3.515s] -- Up-to-date: /home/fai/nao_ws/install/manipulation_interfaces/lib/python3.12/site-packages/manipulation_interfaces/manipulation_interfaces_s__rosidl_typesupport_introspection_c.so
[3.515s] -- Up-to-date: /home/fai/nao_ws/install/manipulation_interfaces/lib/python3.12/site-packages/manipulation_interfaces/manipulation_interfaces_s__rosidl_typesupport_c.so
[3.516s] -- Up-to-date: /home/fai/nao_ws/install/manipulation_interfaces/lib/libmanipulation_interfaces__rosidl_generator_py.so
[3.518s] -- Up-to-date: /home/fai/nao_ws/install/manipulation_interfaces/share/manipulation_interfaces/srv/MoveArm.idl
[3.519s] -- Up-to-date: /home/fai/nao_ws/install/manipulation_interfaces/share/manipulation_interfaces/srv/MoveArm.srv
[3.519s] -- Up-to-date: /home/fai/nao_ws/install/manipulation_interfaces/share/ament_index/resource_index/package_run_dependencies/manipulation_interfaces
[3.520s] -- Up-to-date: /home/fai/nao_ws/install/manipulation_interfaces/share/ament_index/resource_index/parent_prefix_path/manipulation_interfaces
[3.520s] -- Up-to-date: /home/fai/nao_ws/install/manipulation_interfaces/share/manipulation_interfaces/environment/ament_prefix_path.sh
[3.521s] -- Up-to-date: /home/fai/nao_ws/install/manipulation_interfaces/share/manipulation_interfaces/environment/ament_prefix_path.dsv
[3.522s] -- Up-to-date: /home/fai/nao_ws/install/manipulation_interfaces/share/manipulation_interfaces/environment/path.sh
[3.522s] -- Up-to-date: /home/fai/nao_ws/install/manipulation_interfaces/share/manipulation_interfaces/environment/path.dsv
[3.522s] -- Up-to-date: /home/fai/nao_ws/install/manipulation_interfaces/share/manipulation_interfaces/local_setup.bash
[3.527s] -- Up-to-date: /home/fai/nao_ws/install/manipulation_interfaces/share/manipulation_interfaces/local_setup.sh
[3.528s] -- Up-to-date: /home/fai/nao_ws/install/manipulation_interfaces/share/manipulation_interfaces/local_setup.zsh
[3.528s] -- Up-to-date: /home/fai/nao_ws/install/manipulation_interfaces/share/manipulation_interfaces/local_setup.dsv
[3.528s] -- Installing: /home/fai/nao_ws/install/manipulation_interfaces/share/manipulation_interfaces/package.dsv
[3.530s] -- Up-to-date: /home/fai/nao_ws/install/manipulation_interfaces/share/ament_index/resource_index/packages/manipulation_interfaces
[3.531s] -- Up-to-date: /home/fai/nao_ws/install/manipulation_interfaces/share/manipulation_interfaces/cmake/export_manipulation_interfaces__rosidl_generator_cExport.cmake
[3.531s] -- Up-to-date: /home/fai/nao_ws/install/manipulation_interfaces/share/manipulation_interfaces/cmake/export_manipulation_interfaces__rosidl_generator_cExport-noconfig.cmake
[3.531s] -- Up-to-date: /home/fai/nao_ws/install/manipulation_interfaces/share/manipulation_interfaces/cmake/export_manipulation_interfaces__rosidl_typesupport_fastrtps_cExport.cmake
[3.531s] -- Up-to-date: /home/fai/nao_ws/install/manipulation_interfaces/share/manipulation_interfaces/cmake/export_manipulation_interfaces__rosidl_typesupport_fastrtps_cExport-noconfig.cmake
[3.532s] -- Up-to-date: /home/fai/nao_ws/install/manipulation_interfaces/share/manipulation_interfaces/cmake/manipulation_interfaces__rosidl_typesupport_introspection_cExport.cmake
[3.532s] -- Up-to-date: /home/fai/nao_ws/install/manipulation_interfaces/share/manipulation_interfaces/cmake/manipulation_interfaces__rosidl_typesupport_introspection_cExport-noconfig.cmake
[3.532s] -- Up-to-date: /home/fai/nao_ws/install/manipulation_interfaces/share/manipulation_interfaces/cmake/manipulation_interfaces__rosidl_typesupport_cExport.cmake
[3.532s] -- Up-to-date: /home/fai/nao_ws/install/manipulation_interfaces/share/manipulation_interfaces/cmake/manipulation_interfaces__rosidl_typesupport_cExport-noconfig.cmake
[3.533s] -- Up-to-date: /home/fai/nao_ws/install/manipulation_interfaces/share/manipulation_interfaces/cmake/export_manipulation_interfaces__rosidl_generator_cppExport.cmake
[3.533s] -- Up-to-date: /home/fai/nao_ws/install/manipulation_interfaces/share/manipulation_interfaces/cmake/export_manipulation_interfaces__rosidl_typesupport_fastrtps_cppExport.cmake
[3.533s] -- Up-to-date: /home/fai/nao_ws/install/manipulation_interfaces/share/manipulation_interfaces/cmake/export_manipulation_interfaces__rosidl_typesupport_fastrtps_cppExport-noconfig.cmake
[3.533s] -- Up-to-date: /home/fai/nao_ws/install/manipulation_interfaces/share/manipulation_interfaces/cmake/manipulation_interfaces__rosidl_typesupport_introspection_cppExport.cmake
[3.538s] -- Up-to-date: /home/fai/nao_ws/install/manipulation_interfaces/share/manipulation_interfaces/cmake/manipulation_interfaces__rosidl_typesupport_introspection_cppExport-noconfig.cmake
[3.538s] -- Up-to-date: /home/fai/nao_ws/install/manipulation_interfaces/share/manipulation_interfaces/cmake/manipulation_interfaces__rosidl_typesupport_cppExport.cmake
[3.539s] -- Up-to-date: /home/fai/nao_ws/install/manipulation_interfaces/share/manipulation_interfaces/cmake/manipulation_interfaces__rosidl_typesupport_cppExport-noconfig.cmake
[3.539s] -- Up-to-date: /home/fai/nao_ws/install/manipulation_interfaces/share/manipulation_interfaces/cmake/export_manipulation_interfaces__rosidl_generator_pyExport.cmake
[3.539s] -- Up-to-date: /home/fai/nao_ws/install/manipulation_interfaces/share/manipulation_interfaces/cmake/export_manipulation_interfaces__rosidl_generator_pyExport-noconfig.cmake
[3.539s] -- Up-to-date: /home/fai/nao_ws/install/manipulation_interfaces/share/manipulation_interfaces/cmake/rosidl_cmake-extras.cmake
[3.540s] -- Up-to-date: /home/fai/nao_ws/install/manipulation_interfaces/share/manipulation_interfaces/cmake/ament_cmake_export_dependencies-extras.cmake
[3.540s] -- Up-to-date: /home/fai/nao_ws/install/manipulation_interfaces/share/manipulation_interfaces/cmake/ament_cmake_export_include_directories-extras.cmake
[3.540s] -- Up-to-date: /home/fai/nao_ws/install/manipulation_interfaces/share/manipulation_interfaces/cmake/ament_cmake_export_libraries-extras.cmake
[3.540s] -- Up-to-date: /home/fai/nao_ws/install/manipulation_interfaces/share/manipulation_interfaces/cmake/ament_cmake_export_targets-extras.cmake
[3.541s] -- Up-to-date: /home/fai/nao_ws/install/manipulation_interfaces/share/manipulation_interfaces/cmake/rosidl_cmake_export_typesupport_targets-extras.cmake
[3.541s] -- Up-to-date: /home/fai/nao_ws/install/manipulation_interfaces/share/manipulation_interfaces/cmake/rosidl_cmake_export_typesupport_libraries-extras.cmake
[3.542s] -- Up-to-date: /home/fai/nao_ws/install/manipulation_interfaces/share/manipulation_interfaces/cmake/manipulation_interfacesConfig.cmake
[3.542s] -- Up-to-date: /home/fai/nao_ws/install/manipulation_interfaces/share/manipulation_interfaces/cmake/manipulation_interfacesConfig-version.cmake
[3.542s] -- Up-to-date: /home/fai/nao_ws/install/manipulation_interfaces/share/manipulation_interfaces/package.xml
[3.961s] Invoked command in '/home/fai/nao_ws/build/manipulation_interfaces' returned '0': CMAKE_PREFIX_PATH=${CMAKE_PREFIX_PATH}:/home/fai/nao_ws/install/nao_tasks:/home/fai/nao_ws/install/web_controller:/home/fai/nao_ws/install/speech:/home/fai/nao_ws/install/integration:/home/fai/nao_ws/install/perception:/home/fai/nao_ws/install/navigation:/home/fai/nao_ws/install/nao_qi_ros2_package:/home/fai/nao_ws/install/manipulation:/opt/ros/jazzy DEBUGINFOD_URLS=https://debuginfod.ubuntu.com /usr/bin/cmake --install /home/fai/nao_ws/build/manipulation_interfaces
