[3.007s] Invoking command in '/home/fai/nao_ws/src/speech': DEBUGINFOD_URLS=https://debuginfod.ubuntu.com PYTHONPATH=/home/fai/nao_ws/build/speech/prefix_override:/usr/lib/python3/dist-packages/colcon_core/task/python/colcon_distutils_commands:/home/fai/nao_ws/install/speech/lib/python3.12/site-packages:/home/fai/nao_ws/install/speech_interfaces/lib/python3.12/site-packages:/home/fai/nao_ws/install/rest_api/lib/python3.12/site-packages:/home/fai/nao_ws/install/web_controller/lib/python3.12/site-packages:/home/fai/nao_ws/install/speech/lib/python3.12/site-packages:/home/fai/nao_ws/install/nao_tasks/lib/python3.12/site-packages:/home/fai/nao_ws/install/integration/lib/python3.12/site-packages:/home/fai/nao_ws/install/perception/lib/python3.12/site-packages:/home/fai/nao_ws/install/perception_interfaces/lib/python3.12/site-packages:/home/fai/nao_ws/install/navigation/lib/python3.12/site-packages:/home/fai/nao_ws/install/navigation_interfaces/lib/python3.12/site-packages:/home/fai/nao_ws/install/nao_qi_ros2_package/lib/python3.12/site-packages:/home/fai/nao_ws/install/manipulation/lib/python3.12/site-packages:/home/fai/nao_ws/install/manipulation_interfaces/lib/python3.12/site-packages:/opt/ros/jazzy/lib/python3.12/site-packages /usr/bin/python3 -W ignore:setup.py install is deprecated setup.py egg_info --egg-base ../../build/speech build --build-base /home/fai/nao_ws/build/speech/build install --record /home/fai/nao_ws/build/speech/install.log --single-version-externally-managed install_data
[4.044s] running egg_info
[4.045s] creating ../../build/speech/speech.egg-info
[4.124s] writing ../../build/speech/speech.egg-info/PKG-INFO
[4.125s] writing dependency_links to ../../build/speech/speech.egg-info/dependency_links.txt
[4.125s] writing entry points to ../../build/speech/speech.egg-info/entry_points.txt
[4.127s] writing requirements to ../../build/speech/speech.egg-info/requires.txt
[4.128s] writing top-level names to ../../build/speech/speech.egg-info/top_level.txt
[4.128s] writing manifest file '../../build/speech/speech.egg-info/SOURCES.txt'
[4.281s] reading manifest file '../../build/speech/speech.egg-info/SOURCES.txt'
[4.283s] writing manifest file '../../build/speech/speech.egg-info/SOURCES.txt'
[4.284s] running build
[4.284s] running build_py
[4.284s] creating /home/fai/nao_ws/build/speech/build
[4.285s] creating /home/fai/nao_ws/build/speech/build/lib
[4.285s] creating /home/fai/nao_ws/build/speech/build/lib/speech
[4.285s] copying speech/__init__.py -> /home/fai/nao_ws/build/speech/build/lib/speech
[4.285s] copying speech/speech_node.py -> /home/fai/nao_ws/build/speech/build/lib/speech
[4.286s] running install
[4.309s] running install_lib
[4.354s] creating /home/fai/nao_ws/install/speech/lib/python3.12/site-packages/speech
[4.354s] copying /home/fai/nao_ws/build/speech/build/lib/speech/__init__.py -> /home/fai/nao_ws/install/speech/lib/python3.12/site-packages/speech
[4.355s] copying /home/fai/nao_ws/build/speech/build/lib/speech/speech_node.py -> /home/fai/nao_ws/install/speech/lib/python3.12/site-packages/speech
[4.356s] byte-compiling /home/fai/nao_ws/install/speech/lib/python3.12/site-packages/speech/__init__.py to __init__.cpython-312.pyc
[4.356s] byte-compiling /home/fai/nao_ws/install/speech/lib/python3.12/site-packages/speech/speech_node.py to speech_node.cpython-312.pyc
[4.358s] running install_data
[4.359s] creating /home/fai/nao_ws/install/speech/share/ament_index
[4.359s] creating /home/fai/nao_ws/install/speech/share/ament_index/resource_index
[4.359s] creating /home/fai/nao_ws/install/speech/share/ament_index/resource_index/packages
[4.359s] copying resource/speech -> /home/fai/nao_ws/install/speech/share/ament_index/resource_index/packages
[4.360s] copying package.xml -> /home/fai/nao_ws/install/speech/share/speech
[4.360s] running install_egg_info
[4.401s] Copying ../../build/speech/speech.egg-info to /home/fai/nao_ws/install/speech/lib/python3.12/site-packages/speech-0.0.0-py3.12.egg-info
[4.403s] running install_scripts
[4.657s] Installing speech_node script to /home/fai/nao_ws/install/speech/lib/speech
[4.658s] writing list of installed files to '/home/fai/nao_ws/build/speech/install.log'
[4.709s] Invoked command in '/home/fai/nao_ws/src/speech' returned '0': DEBUGINFOD_URLS=https://debuginfod.ubuntu.com PYTHONPATH=/home/fai/nao_ws/build/speech/prefix_override:/usr/lib/python3/dist-packages/colcon_core/task/python/colcon_distutils_commands:/home/fai/nao_ws/install/speech/lib/python3.12/site-packages:/home/fai/nao_ws/install/speech_interfaces/lib/python3.12/site-packages:/home/fai/nao_ws/install/rest_api/lib/python3.12/site-packages:/home/fai/nao_ws/install/web_controller/lib/python3.12/site-packages:/home/fai/nao_ws/install/speech/lib/python3.12/site-packages:/home/fai/nao_ws/install/nao_tasks/lib/python3.12/site-packages:/home/fai/nao_ws/install/integration/lib/python3.12/site-packages:/home/fai/nao_ws/install/perception/lib/python3.12/site-packages:/home/fai/nao_ws/install/perception_interfaces/lib/python3.12/site-packages:/home/fai/nao_ws/install/navigation/lib/python3.12/site-packages:/home/fai/nao_ws/install/navigation_interfaces/lib/python3.12/site-packages:/home/fai/nao_ws/install/nao_qi_ros2_package/lib/python3.12/site-packages:/home/fai/nao_ws/install/manipulation/lib/python3.12/site-packages:/home/fai/nao_ws/install/manipulation_interfaces/lib/python3.12/site-packages:/opt/ros/jazzy/lib/python3.12/site-packages /usr/bin/python3 -W ignore:setup.py install is deprecated setup.py egg_info --egg-base ../../build/speech build --build-base /home/fai/nao_ws/build/speech/build install --record /home/fai/nao_ws/build/speech/install.log --single-version-externally-managed install_data
