[0.035s] Invoking command in '/home/fai/nao_ws/build/manipulation_interfaces': CMAKE_PREFIX_PATH=${CMAKE_PREFIX_PATH}:/home/fai/nao_ws/install/web_controller:/home/fai/nao_ws/install/speech:/home/fai/nao_ws/install/nao_tasks:/home/fai/nao_ws/install/integration:/home/fai/nao_ws/install/perception:/home/fai/nao_ws/install/navigation:/home/fai/nao_ws/install/nao_qi_ros2_package:/home/fai/nao_ws/install/manipulation:/opt/ros/jazzy DEBUGINFOD_URLS=https://debuginfod.ubuntu.com /usr/bin/cmake /home/fai/nao_ws/src/manipulation_interfaces -DCMAKE_INSTALL_PREFIX=/home/fai/nao_ws/install/manipulation_interfaces
[0.185s] -- The C compiler identification is GNU 13.2.0
[0.377s] -- The CXX compiler identification is GNU 13.2.0
[0.438s] -- Detecting C compiler ABI info
[0.787s] -- Detecting C compiler ABI info - done
[0.836s] -- Check for working C compiler: /usr/bin/cc - skipped
[0.836s] -- Detecting C compile features
[0.842s] -- Detecting C compile features - done
[0.884s] -- Detecting CXX compiler ABI info
[1.358s] -- Detecting CXX compiler ABI info - done
[1.436s] -- Check for working CXX compiler: /usr/bin/c++ - skipped
[1.439s] -- Detecting CXX compile features
[1.443s] -- Detecting CXX compile features - done
[1.456s] -- Found ament_cmake: 2.5.2 (/opt/ros/jazzy/share/ament_cmake/cmake)
[2.137s] -- Found Python3: /usr/bin/python3 (found version "3.12.3") found components: Interpreter 
[2.429s] -- Found rosidl_default_generators: 1.6.0 (/opt/ros/jazzy/share/rosidl_default_generators/cmake)
[2.480s] -- Using all available rosidl_typesupport_c: rosidl_typesupport_fastrtps_c;rosidl_typesupport_introspection_c
[2.680s] -- Using all available rosidl_typesupport_cpp: rosidl_typesupport_fastrtps_cpp;rosidl_typesupport_introspection_cpp
[2.805s] -- Found rosidl_adapter: 4.6.4 (/opt/ros/jazzy/share/rosidl_adapter/cmake)
[2.806s] -- Found geometry_msgs: 5.3.5 (/opt/ros/jazzy/share/geometry_msgs/cmake)
[4.949s] -- Found ament_cmake_ros: 0.12.0 (/opt/ros/jazzy/share/ament_cmake_ros/cmake)
[6.355s] -- Using all available rosidl_typesupport_c: rosidl_typesupport_fastrtps_c;rosidl_typesupport_introspection_c
[8.348s] -- Using all available rosidl_typesupport_cpp: rosidl_typesupport_fastrtps_cpp;rosidl_typesupport_introspection_cpp
[8.354s] -- Found python_cmake_module: 0.11.1 (/opt/ros/jazzy/share/python_cmake_module/cmake)
[8.704s] -- Found PythonExtra: /usr/bin/python3  
[9.862s] -- Found Python3: /usr/bin/python3 (found version "3.12.3") found components: Interpreter Development NumPy Development.Module Development.Embed 
[10.102s] -- Configuring done (10.0s)
[10.288s] -- Generating done (0.2s)
[10.291s] -- Build files have been written to: /home/fai/nao_ws/build/manipulation_interfaces
[10.315s] Invoked command in '/home/fai/nao_ws/build/manipulation_interfaces' returned '0': CMAKE_PREFIX_PATH=${CMAKE_PREFIX_PATH}:/home/fai/nao_ws/install/web_controller:/home/fai/nao_ws/install/speech:/home/fai/nao_ws/install/nao_tasks:/home/fai/nao_ws/install/integration:/home/fai/nao_ws/install/perception:/home/fai/nao_ws/install/navigation:/home/fai/nao_ws/install/nao_qi_ros2_package:/home/fai/nao_ws/install/manipulation:/opt/ros/jazzy DEBUGINFOD_URLS=https://debuginfod.ubuntu.com /usr/bin/cmake /home/fai/nao_ws/src/manipulation_interfaces -DCMAKE_INSTALL_PREFIX=/home/fai/nao_ws/install/manipulation_interfaces
[10.316s] Invoking command in '/home/fai/nao_ws/build/manipulation_interfaces': CMAKE_PREFIX_PATH=${CMAKE_PREFIX_PATH}:/home/fai/nao_ws/install/web_controller:/home/fai/nao_ws/install/speech:/home/fai/nao_ws/install/nao_tasks:/home/fai/nao_ws/install/integration:/home/fai/nao_ws/install/perception:/home/fai/nao_ws/install/navigation:/home/fai/nao_ws/install/nao_qi_ros2_package:/home/fai/nao_ws/install/manipulation:/opt/ros/jazzy DEBUGINFOD_URLS=https://debuginfod.ubuntu.com /usr/bin/cmake --build /home/fai/nao_ws/build/manipulation_interfaces -- -j4 -l4
[10.463s] [  1%] [34m[1mGenerating type hashes for ROS interfaces[0m
[10.524s] [  1%] Built target ament_cmake_python_copy_manipulation_interfaces
[11.674s] [  1%] Built target manipulation_interfaces__rosidl_generator_type_description
[11.717s] [  3%] [34m[1mGenerating C code for ROS interfaces[0m
[11.778s] [  4%] [34m[1mGenerating C++ code for ROS interfaces[0m
[12.078s] running egg_info
[12.085s] creating manipulation_interfaces.egg-info
[12.211s] writing manipulation_interfaces.egg-info/PKG-INFO
[12.211s] writing dependency_links to manipulation_interfaces.egg-info/dependency_links.txt
[12.220s] writing top-level names to manipulation_interfaces.egg-info/top_level.txt
[12.221s] writing manifest file 'manipulation_interfaces.egg-info/SOURCES.txt'
[12.593s] reading manifest file 'manipulation_interfaces.egg-info/SOURCES.txt'
[12.595s] writing manifest file 'manipulation_interfaces.egg-info/SOURCES.txt'
[12.762s] [  4%] Built target ament_cmake_python_build_manipulation_interfaces_egg
[16.065s] [  4%] Built target manipulation_interfaces__cpp
[17.233s] [  6%] [32mBuilding C object CMakeFiles/manipulation_interfaces__rosidl_generator_c.dir/rosidl_generator_c/manipulation_interfaces/srv/detail/move_arm__description.c.o[0m
[17.265s] [  9%] [32mBuilding C object CMakeFiles/manipulation_interfaces__rosidl_generator_c.dir/rosidl_generator_c/manipulation_interfaces/srv/detail/move_arm__functions.c.o[0m
[17.265s] [  9%] [32mBuilding C object CMakeFiles/manipulation_interfaces__rosidl_generator_c.dir/rosidl_generator_c/manipulation_interfaces/srv/detail/move_arm__type_support.c.o[0m
[17.269s] [ 10%] [32mBuilding C object CMakeFiles/manipulation_interfaces__rosidl_generator_c.dir/rosidl_generator_c/manipulation_interfaces/srv/detail/stand_up__description.c.o[0m
[17.710s] [ 12%] [32mBuilding C object CMakeFiles/manipulation_interfaces__rosidl_generator_c.dir/rosidl_generator_c/manipulation_interfaces/srv/detail/stand_up__functions.c.o[0m
[17.751s] [ 14%] [32mBuilding C object CMakeFiles/manipulation_interfaces__rosidl_generator_c.dir/rosidl_generator_c/manipulation_interfaces/srv/detail/stand_up__type_support.c.o[0m
[17.774s] [ 15%] [32mBuilding C object CMakeFiles/manipulation_interfaces__rosidl_generator_c.dir/rosidl_generator_c/manipulation_interfaces/srv/detail/set_posture__description.c.o[0m
[17.822s] [ 17%] [32mBuilding C object CMakeFiles/manipulation_interfaces__rosidl_generator_c.dir/rosidl_generator_c/manipulation_interfaces/srv/detail/set_posture__functions.c.o[0m
[18.186s] [ 18%] [32mBuilding C object CMakeFiles/manipulation_interfaces__rosidl_generator_c.dir/rosidl_generator_c/manipulation_interfaces/srv/detail/set_posture__type_support.c.o[0m
[18.236s] [ 20%] [32mBuilding C object CMakeFiles/manipulation_interfaces__rosidl_generator_c.dir/rosidl_generator_c/manipulation_interfaces/srv/detail/set_mode__description.c.o[0m
[18.285s] [ 21%] [32mBuilding C object CMakeFiles/manipulation_interfaces__rosidl_generator_c.dir/rosidl_generator_c/manipulation_interfaces/srv/detail/set_mode__functions.c.o[0m
[18.492s] [ 23%] [32mBuilding C object CMakeFiles/manipulation_interfaces__rosidl_generator_c.dir/rosidl_generator_c/manipulation_interfaces/srv/detail/set_mode__type_support.c.o[0m
[19.127s] [ 25%] [32m[1mLinking C shared library libmanipulation_interfaces__rosidl_generator_c.so[0m
[19.523s] [ 25%] Built target manipulation_interfaces__rosidl_generator_c
[19.606s] [ 28%] [34m[1mGenerating C type support for eProsima Fast-RTPS[0m
[19.616s] [ 28%] [34m[1mGenerating C introspection for ROS interfaces[0m
[19.625s] [ 29%] [34m[1mGenerating C++ type support dispatch for ROS interfaces[0m
[20.619s] [ 31%] [34m[1mGenerating C type support dispatch for ROS interfaces[0m
[24.080s] [ 32%] [32mBuilding CXX object CMakeFiles/manipulation_interfaces__rosidl_typesupport_c.dir/rosidl_typesupport_c/manipulation_interfaces/srv/move_arm__type_support.cpp.o[0m
[24.799s] [ 34%] [32mBuilding CXX object CMakeFiles/manipulation_interfaces__rosidl_typesupport_cpp.dir/rosidl_typesupport_cpp/manipulation_interfaces/srv/move_arm__type_support.cpp.o[0m
[24.815s] [ 35%] [32mBuilding CXX object CMakeFiles/manipulation_interfaces__rosidl_typesupport_c.dir/rosidl_typesupport_c/manipulation_interfaces/srv/stand_up__type_support.cpp.o[0m
[25.212s] [ 37%] [32mBuilding CXX object CMakeFiles/manipulation_interfaces__rosidl_typesupport_c.dir/rosidl_typesupport_c/manipulation_interfaces/srv/set_posture__type_support.cpp.o[0m
[25.604s] [ 39%] [32mBuilding C object CMakeFiles/manipulation_interfaces__rosidl_typesupport_introspection_c.dir/rosidl_typesupport_introspection_c/manipulation_interfaces/srv/detail/move_arm__type_support.c.o[0m
[25.843s] [ 40%] [32mBuilding CXX object CMakeFiles/manipulation_interfaces__rosidl_typesupport_c.dir/rosidl_typesupport_c/manipulation_interfaces/srv/set_mode__type_support.cpp.o[0m
[26.212s] [ 42%] [32mBuilding C object CMakeFiles/manipulation_interfaces__rosidl_typesupport_introspection_c.dir/rosidl_typesupport_introspection_c/manipulation_interfaces/srv/detail/stand_up__type_support.c.o[0m
[26.237s] [ 43%] [32m[1mLinking CXX shared library libmanipulation_interfaces__rosidl_typesupport_c.so[0m
[26.650s] [ 43%] Built target manipulation_interfaces__rosidl_typesupport_c
[26.801s] [ 45%] [32mBuilding CXX object CMakeFiles/manipulation_interfaces__rosidl_typesupport_fastrtps_c.dir/rosidl_typesupport_fastrtps_c/manipulation_interfaces/srv/detail/move_arm__type_support_c.cpp.o[0m
[26.832s] [ 46%] [32mBuilding C object CMakeFiles/manipulation_interfaces__rosidl_typesupport_introspection_c.dir/rosidl_typesupport_introspection_c/manipulation_interfaces/srv/detail/set_posture__type_support.c.o[0m
[27.349s] [ 48%] [32mBuilding C object CMakeFiles/manipulation_interfaces__rosidl_typesupport_introspection_c.dir/rosidl_typesupport_introspection_c/manipulation_interfaces/srv/detail/set_mode__type_support.c.o[0m
[27.672s] [ 50%] [32m[1mLinking C shared library libmanipulation_interfaces__rosidl_typesupport_introspection_c.so[0m
[27.836s] [ 50%] Built target manipulation_interfaces__rosidl_typesupport_introspection_c
[28.754s] [ 51%] [32mBuilding CXX object CMakeFiles/manipulation_interfaces__rosidl_typesupport_cpp.dir/rosidl_typesupport_cpp/manipulation_interfaces/srv/stand_up__type_support.cpp.o[0m
[31.368s] [ 53%] [32mBuilding CXX object CMakeFiles/manipulation_interfaces__rosidl_typesupport_cpp.dir/rosidl_typesupport_cpp/manipulation_interfaces/srv/set_posture__type_support.cpp.o[0m
[31.853s] [ 54%] [32mBuilding CXX object CMakeFiles/manipulation_interfaces__rosidl_typesupport_fastrtps_c.dir/rosidl_typesupport_fastrtps_c/manipulation_interfaces/srv/detail/stand_up__type_support_c.cpp.o[0m
[32.936s] [ 56%] [32mBuilding CXX object CMakeFiles/manipulation_interfaces__rosidl_typesupport_cpp.dir/rosidl_typesupport_cpp/manipulation_interfaces/srv/set_mode__type_support.cpp.o[0m
[34.526s] [ 57%] [32m[1mLinking CXX shared library libmanipulation_interfaces__rosidl_typesupport_cpp.so[0m
[34.570s] [ 59%] [32mBuilding CXX object CMakeFiles/manipulation_interfaces__rosidl_typesupport_fastrtps_c.dir/rosidl_typesupport_fastrtps_c/manipulation_interfaces/srv/detail/set_posture__type_support_c.cpp.o[0m
[34.816s] [ 59%] Built target manipulation_interfaces__rosidl_typesupport_cpp
[36.452s] [ 60%] [32mBuilding CXX object CMakeFiles/manipulation_interfaces__rosidl_typesupport_fastrtps_c.dir/rosidl_typesupport_fastrtps_c/manipulation_interfaces/srv/detail/set_mode__type_support_c.cpp.o[0m
[39.436s] [ 62%] [32m[1mLinking CXX shared library libmanipulation_interfaces__rosidl_typesupport_fastrtps_c.so[0m
[39.776s] [ 62%] Built target manipulation_interfaces__rosidl_typesupport_fastrtps_c
[39.838s] [ 64%] [34m[1mGenerating C++ introspection for ROS interfaces[0m
[41.650s] [ 65%] [32mBuilding CXX object CMakeFiles/manipulation_interfaces__rosidl_typesupport_introspection_cpp.dir/rosidl_typesupport_introspection_cpp/manipulation_interfaces/srv/detail/move_arm__type_support.cpp.o[0m
[43.921s] [ 67%] [32mBuilding CXX object CMakeFiles/manipulation_interfaces__rosidl_typesupport_introspection_cpp.dir/rosidl_typesupport_introspection_cpp/manipulation_interfaces/srv/detail/set_posture__type_support.cpp.o[0m
[45.926s] [ 68%] [32mBuilding CXX object CMakeFiles/manipulation_interfaces__rosidl_typesupport_introspection_cpp.dir/rosidl_typesupport_introspection_cpp/manipulation_interfaces/srv/detail/set_mode__type_support.cpp.o[0m
[47.455s] [ 70%] [32mBuilding CXX object CMakeFiles/manipulation_interfaces__rosidl_typesupport_introspection_cpp.dir/rosidl_typesupport_introspection_cpp/manipulation_interfaces/srv/detail/stand_up__type_support.cpp.o[0m
[48.940s] [ 71%] [32m[1mLinking CXX shared library libmanipulation_interfaces__rosidl_typesupport_introspection_cpp.so[0m
[49.175s] [ 71%] Built target manipulation_interfaces__rosidl_typesupport_introspection_cpp
[49.202s] [ 73%] [34m[1mGenerating C++ type support for eProsima Fast-RTPS[0m
[50.852s] [ 75%] [32mBuilding CXX object CMakeFiles/manipulation_interfaces__rosidl_typesupport_fastrtps_cpp.dir/rosidl_typesupport_fastrtps_cpp/manipulation_interfaces/srv/detail/dds_fastrtps/move_arm__type_support.cpp.o[0m
[52.155s] [ 76%] [32mBuilding CXX object CMakeFiles/manipulation_interfaces__rosidl_typesupport_fastrtps_cpp.dir/rosidl_typesupport_fastrtps_cpp/manipulation_interfaces/srv/detail/dds_fastrtps/set_mode__type_support.cpp.o[0m
[53.416s] [ 78%] [32mBuilding CXX object CMakeFiles/manipulation_interfaces__rosidl_typesupport_fastrtps_cpp.dir/rosidl_typesupport_fastrtps_cpp/manipulation_interfaces/srv/detail/dds_fastrtps/set_posture__type_support.cpp.o[0m
[54.571s] [ 79%] [32mBuilding CXX object CMakeFiles/manipulation_interfaces__rosidl_typesupport_fastrtps_cpp.dir/rosidl_typesupport_fastrtps_cpp/manipulation_interfaces/srv/detail/dds_fastrtps/stand_up__type_support.cpp.o[0m
[55.707s] [ 81%] [32m[1mLinking CXX shared library libmanipulation_interfaces__rosidl_typesupport_fastrtps_cpp.so[0m
[55.846s] [ 81%] Built target manipulation_interfaces__rosidl_typesupport_fastrtps_cpp
[55.875s] [ 81%] Built target manipulation_interfaces
[55.906s] [ 82%] [34m[1mGenerating Python code for ROS interfaces[0m
[57.343s] [ 82%] Built target manipulation_interfaces__py
[57.381s] [ 84%] [32mBuilding C object CMakeFiles/manipulation_interfaces__rosidl_generator_py.dir/rosidl_generator_py/manipulation_interfaces/srv/_move_arm_s.c.o[0m
[57.641s] [ 85%] [32mBuilding C object CMakeFiles/manipulation_interfaces__rosidl_generator_py.dir/rosidl_generator_py/manipulation_interfaces/srv/_set_mode_s.c.o[0m
[57.906s] [ 87%] [32mBuilding C object CMakeFiles/manipulation_interfaces__rosidl_generator_py.dir/rosidl_generator_py/manipulation_interfaces/srv/_set_posture_s.c.o[0m
[58.169s] [ 89%] [32mBuilding C object CMakeFiles/manipulation_interfaces__rosidl_generator_py.dir/rosidl_generator_py/manipulation_interfaces/srv/_stand_up_s.c.o[0m
[58.427s] [ 90%] [32m[1mLinking C shared library libmanipulation_interfaces__rosidl_generator_py.so[0m
[58.497s] [ 90%] Built target manipulation_interfaces__rosidl_generator_py
[58.529s] [ 92%] [32mBuilding C object CMakeFiles/manipulation_interfaces_s__rosidl_typesupport_fastrtps_c.dir/rosidl_generator_py/manipulation_interfaces/_manipulation_interfaces_s.ep.rosidl_typesupport_fastrtps_c.c.o[0m
[58.785s] [ 93%] [32m[1mLinking C shared module rosidl_generator_py/manipulation_interfaces/manipulation_interfaces_s__rosidl_typesupport_fastrtps_c.so[0m
[58.835s] [ 93%] Built target manipulation_interfaces_s__rosidl_typesupport_fastrtps_c
[58.862s] [ 95%] [32mBuilding C object CMakeFiles/manipulation_interfaces_s__rosidl_typesupport_c.dir/rosidl_generator_py/manipulation_interfaces/_manipulation_interfaces_s.ep.rosidl_typesupport_c.c.o[0m
[59.114s] [ 96%] [32m[1mLinking C shared module rosidl_generator_py/manipulation_interfaces/manipulation_interfaces_s__rosidl_typesupport_c.so[0m
[59.160s] [ 96%] Built target manipulation_interfaces_s__rosidl_typesupport_c
[59.188s] [ 98%] [32mBuilding C object CMakeFiles/manipulation_interfaces_s__rosidl_typesupport_introspection_c.dir/rosidl_generator_py/manipulation_interfaces/_manipulation_interfaces_s.ep.rosidl_typesupport_introspection_c.c.o[0m
[59.441s] [100%] [32m[1mLinking C shared module rosidl_generator_py/manipulation_interfaces/manipulation_interfaces_s__rosidl_typesupport_introspection_c.so[0m
[59.490s] [100%] Built target manipulation_interfaces_s__rosidl_typesupport_introspection_c
[59.508s] Invoked command in '/home/fai/nao_ws/build/manipulation_interfaces' returned '0': CMAKE_PREFIX_PATH=${CMAKE_PREFIX_PATH}:/home/fai/nao_ws/install/web_controller:/home/fai/nao_ws/install/speech:/home/fai/nao_ws/install/nao_tasks:/home/fai/nao_ws/install/integration:/home/fai/nao_ws/install/perception:/home/fai/nao_ws/install/navigation:/home/fai/nao_ws/install/nao_qi_ros2_package:/home/fai/nao_ws/install/manipulation:/opt/ros/jazzy DEBUGINFOD_URLS=https://debuginfod.ubuntu.com /usr/bin/cmake --build /home/fai/nao_ws/build/manipulation_interfaces -- -j4 -l4
[59.666s] Invoking command in '/home/fai/nao_ws/build/manipulation_interfaces': CMAKE_PREFIX_PATH=${CMAKE_PREFIX_PATH}:/home/fai/nao_ws/install/web_controller:/home/fai/nao_ws/install/speech:/home/fai/nao_ws/install/nao_tasks:/home/fai/nao_ws/install/integration:/home/fai/nao_ws/install/perception:/home/fai/nao_ws/install/navigation:/home/fai/nao_ws/install/nao_qi_ros2_package:/home/fai/nao_ws/install/manipulation:/opt/ros/jazzy DEBUGINFOD_URLS=https://debuginfod.ubuntu.com /usr/bin/cmake --install /home/fai/nao_ws/build/manipulation_interfaces
[59.678s] -- Install configuration: ""
[59.679s] -- Installing: /home/fai/nao_ws/install/manipulation_interfaces/share/ament_index/resource_index/rosidl_interfaces/manipulation_interfaces
[59.679s] -- Installing: /home/fai/nao_ws/install/manipulation_interfaces/share/manipulation_interfaces/srv/MoveArm.json
[59.679s] -- Installing: /home/fai/nao_ws/install/manipulation_interfaces/share/manipulation_interfaces/srv/StandUp.json
[59.680s] -- Installing: /home/fai/nao_ws/install/manipulation_interfaces/share/manipulation_interfaces/srv/SetPosture.json
[59.680s] -- Installing: /home/fai/nao_ws/install/manipulation_interfaces/share/manipulation_interfaces/srv/SetMode.json
[59.680s] -- Installing: /home/fai/nao_ws/install/manipulation_interfaces/include/manipulation_interfaces/manipulation_interfaces
[59.681s] -- Installing: /home/fai/nao_ws/install/manipulation_interfaces/include/manipulation_interfaces/manipulation_interfaces/srv
[59.681s] -- Installing: /home/fai/nao_ws/install/manipulation_interfaces/include/manipulation_interfaces/manipulation_interfaces/srv/set_posture.h
[59.681s] -- Installing: /home/fai/nao_ws/install/manipulation_interfaces/include/manipulation_interfaces/manipulation_interfaces/srv/stand_up.h
[59.681s] -- Installing: /home/fai/nao_ws/install/manipulation_interfaces/include/manipulation_interfaces/manipulation_interfaces/srv/move_arm.h
[59.681s] -- Installing: /home/fai/nao_ws/install/manipulation_interfaces/include/manipulation_interfaces/manipulation_interfaces/srv/set_mode.h
[59.682s] -- Installing: /home/fai/nao_ws/install/manipulation_interfaces/include/manipulation_interfaces/manipulation_interfaces/srv/detail
[59.682s] -- Installing: /home/fai/nao_ws/install/manipulation_interfaces/include/manipulation_interfaces/manipulation_interfaces/srv/detail/set_mode__type_support.h
[59.682s] -- Installing: /home/fai/nao_ws/install/manipulation_interfaces/include/manipulation_interfaces/manipulation_interfaces/srv/detail/set_mode__type_support.c
[59.682s] -- Installing: /home/fai/nao_ws/install/manipulation_interfaces/include/manipulation_interfaces/manipulation_interfaces/srv/detail/set_posture__type_support.h
[59.683s] -- Installing: /home/fai/nao_ws/install/manipulation_interfaces/include/manipulation_interfaces/manipulation_interfaces/srv/detail/move_arm__struct.h
[59.683s] -- Installing: /home/fai/nao_ws/install/manipulation_interfaces/include/manipulation_interfaces/manipulation_interfaces/srv/detail/set_mode__functions.c
[59.683s] -- Installing: /home/fai/nao_ws/install/manipulation_interfaces/include/manipulation_interfaces/manipulation_interfaces/srv/detail/move_arm__type_support.c
[59.683s] -- Installing: /home/fai/nao_ws/install/manipulation_interfaces/include/manipulation_interfaces/manipulation_interfaces/srv/detail/stand_up__functions.c
[59.683s] -- Installing: /home/fai/nao_ws/install/manipulation_interfaces/include/manipulation_interfaces/manipulation_interfaces/srv/detail/set_posture__functions.h
[59.684s] -- Installing: /home/fai/nao_ws/install/manipulation_interfaces/include/manipulation_interfaces/manipulation_interfaces/srv/detail/move_arm__functions.h
[59.684s] -- Installing: /home/fai/nao_ws/install/manipulation_interfaces/include/manipulation_interfaces/manipulation_interfaces/srv/detail/stand_up__functions.h
[59.684s] -- Installing: /home/fai/nao_ws/install/manipulation_interfaces/include/manipulation_interfaces/manipulation_interfaces/srv/detail/move_arm__type_support.h
[59.684s] -- Installing: /home/fai/nao_ws/install/manipulation_interfaces/include/manipulation_interfaces/manipulation_interfaces/srv/detail/move_arm__description.c
[59.685s] -- Installing: /home/fai/nao_ws/install/manipulation_interfaces/include/manipulation_interfaces/manipulation_interfaces/srv/detail/set_mode__struct.h
[59.685s] -- Installing: /home/fai/nao_ws/install/manipulation_interfaces/include/manipulation_interfaces/manipulation_interfaces/srv/detail/stand_up__description.c
[59.685s] -- Installing: /home/fai/nao_ws/install/manipulation_interfaces/include/manipulation_interfaces/manipulation_interfaces/srv/detail/set_posture__struct.h
[59.685s] -- Installing: /home/fai/nao_ws/install/manipulation_interfaces/include/manipulation_interfaces/manipulation_interfaces/srv/detail/stand_up__struct.h
[59.685s] -- Installing: /home/fai/nao_ws/install/manipulation_interfaces/include/manipulation_interfaces/manipulation_interfaces/srv/detail/stand_up__type_support.c
[59.686s] -- Installing: /home/fai/nao_ws/install/manipulation_interfaces/include/manipulation_interfaces/manipulation_interfaces/srv/detail/set_mode__functions.h
[59.686s] -- Installing: /home/fai/nao_ws/install/manipulation_interfaces/include/manipulation_interfaces/manipulation_interfaces/srv/detail/set_posture__description.c
[59.686s] -- Installing: /home/fai/nao_ws/install/manipulation_interfaces/include/manipulation_interfaces/manipulation_interfaces/srv/detail/stand_up__type_support.h
[59.686s] -- Installing: /home/fai/nao_ws/install/manipulation_interfaces/include/manipulation_interfaces/manipulation_interfaces/srv/detail/set_posture__functions.c
[59.686s] -- Installing: /home/fai/nao_ws/install/manipulation_interfaces/include/manipulation_interfaces/manipulation_interfaces/srv/detail/move_arm__functions.c
[59.687s] -- Installing: /home/fai/nao_ws/install/manipulation_interfaces/include/manipulation_interfaces/manipulation_interfaces/srv/detail/set_mode__description.c
[59.687s] -- Installing: /home/fai/nao_ws/install/manipulation_interfaces/include/manipulation_interfaces/manipulation_interfaces/srv/detail/set_posture__type_support.c
[59.687s] -- Installing: /home/fai/nao_ws/install/manipulation_interfaces/include/manipulation_interfaces/manipulation_interfaces/msg
[59.687s] -- Installing: /home/fai/nao_ws/install/manipulation_interfaces/include/manipulation_interfaces/manipulation_interfaces/msg/rosidl_generator_c__visibility_control.h
[59.688s] -- Installing: /home/fai/nao_ws/install/manipulation_interfaces/share/manipulation_interfaces/environment/library_path.sh
[59.688s] -- Installing: /home/fai/nao_ws/install/manipulation_interfaces/share/manipulation_interfaces/environment/library_path.dsv
[59.688s] -- Installing: /home/fai/nao_ws/install/manipulation_interfaces/lib/libmanipulation_interfaces__rosidl_generator_c.so
[59.689s] -- Set non-toolchain portion of runtime path of "/home/fai/nao_ws/install/manipulation_interfaces/lib/libmanipulation_interfaces__rosidl_generator_c.so" to ""
[59.690s] -- Up-to-date: /home/fai/nao_ws/install/manipulation_interfaces/include/manipulation_interfaces/manipulation_interfaces
[59.690s] -- Up-to-date: /home/fai/nao_ws/install/manipulation_interfaces/include/manipulation_interfaces/manipulation_interfaces/srv
[59.690s] -- Up-to-date: /home/fai/nao_ws/install/manipulation_interfaces/include/manipulation_interfaces/manipulation_interfaces/srv/detail
[59.691s] -- Installing: /home/fai/nao_ws/install/manipulation_interfaces/include/manipulation_interfaces/manipulation_interfaces/srv/detail/set_mode__rosidl_typesupport_fastrtps_c.h
[59.691s] -- Installing: /home/fai/nao_ws/install/manipulation_interfaces/include/manipulation_interfaces/manipulation_interfaces/srv/detail/set_posture__rosidl_typesupport_fastrtps_c.h
[59.691s] -- Installing: /home/fai/nao_ws/install/manipulation_interfaces/include/manipulation_interfaces/manipulation_interfaces/srv/detail/move_arm__rosidl_typesupport_fastrtps_c.h
[59.691s] -- Installing: /home/fai/nao_ws/install/manipulation_interfaces/include/manipulation_interfaces/manipulation_interfaces/srv/detail/stand_up__rosidl_typesupport_fastrtps_c.h
[59.691s] -- Up-to-date: /home/fai/nao_ws/install/manipulation_interfaces/include/manipulation_interfaces/manipulation_interfaces/msg
[59.691s] -- Installing: /home/fai/nao_ws/install/manipulation_interfaces/include/manipulation_interfaces/manipulation_interfaces/msg/rosidl_typesupport_fastrtps_c__visibility_control.h
[59.692s] -- Installing: /home/fai/nao_ws/install/manipulation_interfaces/lib/libmanipulation_interfaces__rosidl_typesupport_fastrtps_c.so
[59.692s] -- Set non-toolchain portion of runtime path of "/home/fai/nao_ws/install/manipulation_interfaces/lib/libmanipulation_interfaces__rosidl_typesupport_fastrtps_c.so" to ""
[59.692s] -- Up-to-date: /home/fai/nao_ws/install/manipulation_interfaces/include/manipulation_interfaces/manipulation_interfaces
[59.692s] -- Up-to-date: /home/fai/nao_ws/install/manipulation_interfaces/include/manipulation_interfaces/manipulation_interfaces/srv
[59.693s] -- Up-to-date: /home/fai/nao_ws/install/manipulation_interfaces/include/manipulation_interfaces/manipulation_interfaces/srv/detail
[59.693s] -- Installing: /home/fai/nao_ws/install/manipulation_interfaces/include/manipulation_interfaces/manipulation_interfaces/srv/detail/set_posture__rosidl_typesupport_introspection_c.h
[59.693s] -- Installing: /home/fai/nao_ws/install/manipulation_interfaces/include/manipulation_interfaces/manipulation_interfaces/srv/detail/set_mode__type_support.c
[59.693s] -- Installing: /home/fai/nao_ws/install/manipulation_interfaces/include/manipulation_interfaces/manipulation_interfaces/srv/detail/move_arm__rosidl_typesupport_introspection_c.h
[59.693s] -- Installing: /home/fai/nao_ws/install/manipulation_interfaces/include/manipulation_interfaces/manipulation_interfaces/srv/detail/stand_up__rosidl_typesupport_introspection_c.h
[59.694s] -- Installing: /home/fai/nao_ws/install/manipulation_interfaces/include/manipulation_interfaces/manipulation_interfaces/srv/detail/move_arm__type_support.c
[59.694s] -- Installing: /home/fai/nao_ws/install/manipulation_interfaces/include/manipulation_interfaces/manipulation_interfaces/srv/detail/set_mode__rosidl_typesupport_introspection_c.h
[59.694s] -- Installing: /home/fai/nao_ws/install/manipulation_interfaces/include/manipulation_interfaces/manipulation_interfaces/srv/detail/stand_up__type_support.c
[59.694s] -- Installing: /home/fai/nao_ws/install/manipulation_interfaces/include/manipulation_interfaces/manipulation_interfaces/srv/detail/set_posture__type_support.c
[59.695s] -- Up-to-date: /home/fai/nao_ws/install/manipulation_interfaces/include/manipulation_interfaces/manipulation_interfaces/msg
[59.695s] -- Installing: /home/fai/nao_ws/install/manipulation_interfaces/include/manipulation_interfaces/manipulation_interfaces/msg/rosidl_typesupport_introspection_c__visibility_control.h
[59.695s] -- Installing: /home/fai/nao_ws/install/manipulation_interfaces/lib/libmanipulation_interfaces__rosidl_typesupport_introspection_c.so
[59.696s] -- Set non-toolchain portion of runtime path of "/home/fai/nao_ws/install/manipulation_interfaces/lib/libmanipulation_interfaces__rosidl_typesupport_introspection_c.so" to ""
[59.696s] -- Installing: /home/fai/nao_ws/install/manipulation_interfaces/lib/libmanipulation_interfaces__rosidl_typesupport_c.so
[59.697s] -- Set non-toolchain portion of runtime path of "/home/fai/nao_ws/install/manipulation_interfaces/lib/libmanipulation_interfaces__rosidl_typesupport_c.so" to ""
[59.697s] -- Up-to-date: /home/fai/nao_ws/install/manipulation_interfaces/include/manipulation_interfaces/manipulation_interfaces
[59.697s] -- Up-to-date: /home/fai/nao_ws/install/manipulation_interfaces/include/manipulation_interfaces/manipulation_interfaces/srv
[59.697s] -- Installing: /home/fai/nao_ws/install/manipulation_interfaces/include/manipulation_interfaces/manipulation_interfaces/srv/move_arm.hpp
[59.697s] -- Installing: /home/fai/nao_ws/install/manipulation_interfaces/include/manipulation_interfaces/manipulation_interfaces/srv/stand_up.hpp
[59.698s] -- Installing: /home/fai/nao_ws/install/manipulation_interfaces/include/manipulation_interfaces/manipulation_interfaces/srv/set_posture.hpp
[59.698s] -- Up-to-date: /home/fai/nao_ws/install/manipulation_interfaces/include/manipulation_interfaces/manipulation_interfaces/srv/detail
[59.698s] -- Installing: /home/fai/nao_ws/install/manipulation_interfaces/include/manipulation_interfaces/manipulation_interfaces/srv/detail/set_posture__struct.hpp
[59.698s] -- Installing: /home/fai/nao_ws/install/manipulation_interfaces/include/manipulation_interfaces/manipulation_interfaces/srv/detail/set_posture__type_support.hpp
[59.698s] -- Installing: /home/fai/nao_ws/install/manipulation_interfaces/include/manipulation_interfaces/manipulation_interfaces/srv/detail/stand_up__traits.hpp
[59.699s] -- Installing: /home/fai/nao_ws/install/manipulation_interfaces/include/manipulation_interfaces/manipulation_interfaces/srv/detail/set_posture__traits.hpp
[59.699s] -- Installing: /home/fai/nao_ws/install/manipulation_interfaces/include/manipulation_interfaces/manipulation_interfaces/srv/detail/set_mode__builder.hpp
[59.699s] -- Installing: /home/fai/nao_ws/install/manipulation_interfaces/include/manipulation_interfaces/manipulation_interfaces/srv/detail/set_mode__struct.hpp
[59.699s] -- Installing: /home/fai/nao_ws/install/manipulation_interfaces/include/manipulation_interfaces/manipulation_interfaces/srv/detail/move_arm__type_support.hpp
[59.699s] -- Installing: /home/fai/nao_ws/install/manipulation_interfaces/include/manipulation_interfaces/manipulation_interfaces/srv/detail/set_mode__type_support.hpp
[59.700s] -- Installing: /home/fai/nao_ws/install/manipulation_interfaces/include/manipulation_interfaces/manipulation_interfaces/srv/detail/move_arm__struct.hpp
[59.700s] -- Installing: /home/fai/nao_ws/install/manipulation_interfaces/include/manipulation_interfaces/manipulation_interfaces/srv/detail/set_mode__traits.hpp
[59.700s] -- Installing: /home/fai/nao_ws/install/manipulation_interfaces/include/manipulation_interfaces/manipulation_interfaces/srv/detail/move_arm__builder.hpp
[59.700s] -- Installing: /home/fai/nao_ws/install/manipulation_interfaces/include/manipulation_interfaces/manipulation_interfaces/srv/detail/stand_up__builder.hpp
[59.700s] -- Installing: /home/fai/nao_ws/install/manipulation_interfaces/include/manipulation_interfaces/manipulation_interfaces/srv/detail/set_posture__builder.hpp
[59.701s] -- Installing: /home/fai/nao_ws/install/manipulation_interfaces/include/manipulation_interfaces/manipulation_interfaces/srv/detail/stand_up__type_support.hpp
[59.701s] -- Installing: /home/fai/nao_ws/install/manipulation_interfaces/include/manipulation_interfaces/manipulation_interfaces/srv/detail/move_arm__traits.hpp
[59.701s] -- Installing: /home/fai/nao_ws/install/manipulation_interfaces/include/manipulation_interfaces/manipulation_interfaces/srv/detail/stand_up__struct.hpp
[59.701s] -- Installing: /home/fai/nao_ws/install/manipulation_interfaces/include/manipulation_interfaces/manipulation_interfaces/srv/set_mode.hpp
[59.702s] -- Up-to-date: /home/fai/nao_ws/install/manipulation_interfaces/include/manipulation_interfaces/manipulation_interfaces/msg
[59.702s] -- Installing: /home/fai/nao_ws/install/manipulation_interfaces/include/manipulation_interfaces/manipulation_interfaces/msg/rosidl_generator_cpp__visibility_control.hpp
[59.702s] -- Up-to-date: /home/fai/nao_ws/install/manipulation_interfaces/include/manipulation_interfaces/manipulation_interfaces
[59.702s] -- Up-to-date: /home/fai/nao_ws/install/manipulation_interfaces/include/manipulation_interfaces/manipulation_interfaces/srv
[59.702s] -- Up-to-date: /home/fai/nao_ws/install/manipulation_interfaces/include/manipulation_interfaces/manipulation_interfaces/srv/detail
[59.703s] -- Installing: /home/fai/nao_ws/install/manipulation_interfaces/include/manipulation_interfaces/manipulation_interfaces/srv/detail/move_arm__rosidl_typesupport_fastrtps_cpp.hpp
[59.703s] -- Installing: /home/fai/nao_ws/install/manipulation_interfaces/include/manipulation_interfaces/manipulation_interfaces/srv/detail/stand_up__rosidl_typesupport_fastrtps_cpp.hpp
[59.703s] -- Installing: /home/fai/nao_ws/install/manipulation_interfaces/include/manipulation_interfaces/manipulation_interfaces/srv/detail/set_posture__rosidl_typesupport_fastrtps_cpp.hpp
[59.703s] -- Installing: /home/fai/nao_ws/install/manipulation_interfaces/include/manipulation_interfaces/manipulation_interfaces/srv/detail/set_mode__rosidl_typesupport_fastrtps_cpp.hpp
[59.703s] -- Installing: /home/fai/nao_ws/install/manipulation_interfaces/include/manipulation_interfaces/manipulation_interfaces/srv/detail/dds_fastrtps
[59.704s] -- Up-to-date: /home/fai/nao_ws/install/manipulation_interfaces/include/manipulation_interfaces/manipulation_interfaces/msg
[59.704s] -- Installing: /home/fai/nao_ws/install/manipulation_interfaces/include/manipulation_interfaces/manipulation_interfaces/msg/rosidl_typesupport_fastrtps_cpp__visibility_control.h
[59.704s] -- Installing: /home/fai/nao_ws/install/manipulation_interfaces/lib/libmanipulation_interfaces__rosidl_typesupport_fastrtps_cpp.so
[59.705s] -- Set non-toolchain portion of runtime path of "/home/fai/nao_ws/install/manipulation_interfaces/lib/libmanipulation_interfaces__rosidl_typesupport_fastrtps_cpp.so" to ""
[59.705s] -- Up-to-date: /home/fai/nao_ws/install/manipulation_interfaces/include/manipulation_interfaces/manipulation_interfaces
[59.705s] -- Up-to-date: /home/fai/nao_ws/install/manipulation_interfaces/include/manipulation_interfaces/manipulation_interfaces/srv
[59.706s] -- Up-to-date: /home/fai/nao_ws/install/manipulation_interfaces/include/manipulation_interfaces/manipulation_interfaces/srv/detail
[59.706s] -- Installing: /home/fai/nao_ws/install/manipulation_interfaces/include/manipulation_interfaces/manipulation_interfaces/srv/detail/set_mode__rosidl_typesupport_introspection_cpp.hpp
[59.706s] -- Installing: /home/fai/nao_ws/install/manipulation_interfaces/include/manipulation_interfaces/manipulation_interfaces/srv/detail/stand_up__rosidl_typesupport_introspection_cpp.hpp
[59.706s] -- Installing: /home/fai/nao_ws/install/manipulation_interfaces/include/manipulation_interfaces/manipulation_interfaces/srv/detail/stand_up__type_support.cpp
[59.706s] -- Installing: /home/fai/nao_ws/install/manipulation_interfaces/include/manipulation_interfaces/manipulation_interfaces/srv/detail/set_mode__type_support.cpp
[59.707s] -- Installing: /home/fai/nao_ws/install/manipulation_interfaces/include/manipulation_interfaces/manipulation_interfaces/srv/detail/move_arm__rosidl_typesupport_introspection_cpp.hpp
[59.707s] -- Installing: /home/fai/nao_ws/install/manipulation_interfaces/include/manipulation_interfaces/manipulation_interfaces/srv/detail/set_posture__type_support.cpp
[59.707s] -- Installing: /home/fai/nao_ws/install/manipulation_interfaces/include/manipulation_interfaces/manipulation_interfaces/srv/detail/move_arm__type_support.cpp
[59.707s] -- Installing: /home/fai/nao_ws/install/manipulation_interfaces/include/manipulation_interfaces/manipulation_interfaces/srv/detail/set_posture__rosidl_typesupport_introspection_cpp.hpp
[59.707s] -- Installing: /home/fai/nao_ws/install/manipulation_interfaces/lib/libmanipulation_interfaces__rosidl_typesupport_introspection_cpp.so
[59.709s] -- Set non-toolchain portion of runtime path of "/home/fai/nao_ws/install/manipulation_interfaces/lib/libmanipulation_interfaces__rosidl_typesupport_introspection_cpp.so" to ""
[59.709s] -- Installing: /home/fai/nao_ws/install/manipulation_interfaces/lib/libmanipulation_interfaces__rosidl_typesupport_cpp.so
[59.710s] -- Set non-toolchain portion of runtime path of "/home/fai/nao_ws/install/manipulation_interfaces/lib/libmanipulation_interfaces__rosidl_typesupport_cpp.so" to ""
[59.710s] -- Installing: /home/fai/nao_ws/install/manipulation_interfaces/share/manipulation_interfaces/environment/pythonpath.sh
[59.710s] -- Installing: /home/fai/nao_ws/install/manipulation_interfaces/share/manipulation_interfaces/environment/pythonpath.dsv
[59.711s] -- Installing: /home/fai/nao_ws/install/manipulation_interfaces/lib/python3.12/site-packages/manipulation_interfaces-0.0.1-py3.12.egg-info
[59.711s] -- Installing: /home/fai/nao_ws/install/manipulation_interfaces/lib/python3.12/site-packages/manipulation_interfaces-0.0.1-py3.12.egg-info/PKG-INFO
[59.711s] -- Installing: /home/fai/nao_ws/install/manipulation_interfaces/lib/python3.12/site-packages/manipulation_interfaces-0.0.1-py3.12.egg-info/top_level.txt
[59.711s] -- Installing: /home/fai/nao_ws/install/manipulation_interfaces/lib/python3.12/site-packages/manipulation_interfaces-0.0.1-py3.12.egg-info/dependency_links.txt
[59.711s] -- Installing: /home/fai/nao_ws/install/manipulation_interfaces/lib/python3.12/site-packages/manipulation_interfaces-0.0.1-py3.12.egg-info/SOURCES.txt
[59.712s] -- Installing: /home/fai/nao_ws/install/manipulation_interfaces/lib/python3.12/site-packages/manipulation_interfaces
[59.712s] -- Installing: /home/fai/nao_ws/install/manipulation_interfaces/lib/python3.12/site-packages/manipulation_interfaces/srv
[59.712s] -- Installing: /home/fai/nao_ws/install/manipulation_interfaces/lib/python3.12/site-packages/manipulation_interfaces/srv/_set_mode_s.c
[59.712s] -- Installing: /home/fai/nao_ws/install/manipulation_interfaces/lib/python3.12/site-packages/manipulation_interfaces/srv/_stand_up.py
[59.713s] -- Installing: /home/fai/nao_ws/install/manipulation_interfaces/lib/python3.12/site-packages/manipulation_interfaces/srv/_move_arm.py
[59.713s] -- Installing: /home/fai/nao_ws/install/manipulation_interfaces/lib/python3.12/site-packages/manipulation_interfaces/srv/__init__.py
[59.713s] -- Installing: /home/fai/nao_ws/install/manipulation_interfaces/lib/python3.12/site-packages/manipulation_interfaces/srv/_set_posture.py
[59.713s] -- Installing: /home/fai/nao_ws/install/manipulation_interfaces/lib/python3.12/site-packages/manipulation_interfaces/srv/_set_mode.py
[59.713s] -- Installing: /home/fai/nao_ws/install/manipulation_interfaces/lib/python3.12/site-packages/manipulation_interfaces/srv/_move_arm_s.c
[59.714s] -- Installing: /home/fai/nao_ws/install/manipulation_interfaces/lib/python3.12/site-packages/manipulation_interfaces/srv/_set_posture_s.c
[59.714s] -- Installing: /home/fai/nao_ws/install/manipulation_interfaces/lib/python3.12/site-packages/manipulation_interfaces/srv/_stand_up_s.c
[59.714s] -- Installing: /home/fai/nao_ws/install/manipulation_interfaces/lib/python3.12/site-packages/manipulation_interfaces/_manipulation_interfaces_s.ep.rosidl_typesupport_introspection_c.c
[59.714s] -- Installing: /home/fai/nao_ws/install/manipulation_interfaces/lib/python3.12/site-packages/manipulation_interfaces/manipulation_interfaces_s__rosidl_typesupport_c.so
[59.715s] -- Installing: /home/fai/nao_ws/install/manipulation_interfaces/lib/python3.12/site-packages/manipulation_interfaces/manipulation_interfaces_s__rosidl_typesupport_fastrtps_c.so
[59.715s] -- Installing: /home/fai/nao_ws/install/manipulation_interfaces/lib/python3.12/site-packages/manipulation_interfaces/_manipulation_interfaces_s.ep.rosidl_typesupport_fastrtps_c.c
[59.715s] -- Installing: /home/fai/nao_ws/install/manipulation_interfaces/lib/python3.12/site-packages/manipulation_interfaces/__init__.py
[59.716s] -- Installing: /home/fai/nao_ws/install/manipulation_interfaces/lib/python3.12/site-packages/manipulation_interfaces/_manipulation_interfaces_s.ep.rosidl_typesupport_c.c
[59.716s] -- Installing: /home/fai/nao_ws/install/manipulation_interfaces/lib/python3.12/site-packages/manipulation_interfaces/manipulation_interfaces_s__rosidl_typesupport_introspection_c.so
[59.796s] Listing '/home/fai/nao_ws/install/manipulation_interfaces/lib/python3.12/site-packages/manipulation_interfaces'...
[59.797s] Compiling '/home/fai/nao_ws/install/manipulation_interfaces/lib/python3.12/site-packages/manipulation_interfaces/__init__.py'...
[59.797s] Listing '/home/fai/nao_ws/install/manipulation_interfaces/lib/python3.12/site-packages/manipulation_interfaces/srv'...
[59.797s] Compiling '/home/fai/nao_ws/install/manipulation_interfaces/lib/python3.12/site-packages/manipulation_interfaces/srv/__init__.py'...
[59.797s] Compiling '/home/fai/nao_ws/install/manipulation_interfaces/lib/python3.12/site-packages/manipulation_interfaces/srv/_move_arm.py'...
[59.798s] Compiling '/home/fai/nao_ws/install/manipulation_interfaces/lib/python3.12/site-packages/manipulation_interfaces/srv/_set_mode.py'...
[59.798s] Compiling '/home/fai/nao_ws/install/manipulation_interfaces/lib/python3.12/site-packages/manipulation_interfaces/srv/_set_posture.py'...
[59.798s] Compiling '/home/fai/nao_ws/install/manipulation_interfaces/lib/python3.12/site-packages/manipulation_interfaces/srv/_stand_up.py'...
[59.805s] -- Installing: /home/fai/nao_ws/install/manipulation_interfaces/lib/python3.12/site-packages/manipulation_interfaces/manipulation_interfaces_s__rosidl_typesupport_fastrtps_c.so
[59.806s] -- Set non-toolchain portion of runtime path of "/home/fai/nao_ws/install/manipulation_interfaces/lib/python3.12/site-packages/manipulation_interfaces/manipulation_interfaces_s__rosidl_typesupport_fastrtps_c.so" to ""
[59.807s] -- Installing: /home/fai/nao_ws/install/manipulation_interfaces/lib/python3.12/site-packages/manipulation_interfaces/manipulation_interfaces_s__rosidl_typesupport_introspection_c.so
[59.807s] -- Set non-toolchain portion of runtime path of "/home/fai/nao_ws/install/manipulation_interfaces/lib/python3.12/site-packages/manipulation_interfaces/manipulation_interfaces_s__rosidl_typesupport_introspection_c.so" to ""
[59.808s] -- Installing: /home/fai/nao_ws/install/manipulation_interfaces/lib/python3.12/site-packages/manipulation_interfaces/manipulation_interfaces_s__rosidl_typesupport_c.so
[59.809s] -- Set non-toolchain portion of runtime path of "/home/fai/nao_ws/install/manipulation_interfaces/lib/python3.12/site-packages/manipulation_interfaces/manipulation_interfaces_s__rosidl_typesupport_c.so" to ""
[59.809s] -- Installing: /home/fai/nao_ws/install/manipulation_interfaces/lib/libmanipulation_interfaces__rosidl_generator_py.so
[59.810s] -- Set non-toolchain portion of runtime path of "/home/fai/nao_ws/install/manipulation_interfaces/lib/libmanipulation_interfaces__rosidl_generator_py.so" to ""
[59.810s] -- Installing: /home/fai/nao_ws/install/manipulation_interfaces/share/manipulation_interfaces/srv/MoveArm.idl
[59.810s] -- Installing: /home/fai/nao_ws/install/manipulation_interfaces/share/manipulation_interfaces/srv/StandUp.idl
[59.810s] -- Installing: /home/fai/nao_ws/install/manipulation_interfaces/share/manipulation_interfaces/srv/SetPosture.idl
[59.811s] -- Installing: /home/fai/nao_ws/install/manipulation_interfaces/share/manipulation_interfaces/srv/SetMode.idl
[59.811s] -- Installing: /home/fai/nao_ws/install/manipulation_interfaces/share/manipulation_interfaces/srv/MoveArm.srv
[59.811s] -- Installing: /home/fai/nao_ws/install/manipulation_interfaces/share/manipulation_interfaces/srv/StandUp.srv
[59.811s] -- Installing: /home/fai/nao_ws/install/manipulation_interfaces/share/manipulation_interfaces/srv/SetPosture.srv
[59.812s] -- Installing: /home/fai/nao_ws/install/manipulation_interfaces/share/manipulation_interfaces/srv/SetMode.srv
[59.812s] -- Installing: /home/fai/nao_ws/install/manipulation_interfaces/share/ament_index/resource_index/package_run_dependencies/manipulation_interfaces
[59.812s] -- Installing: /home/fai/nao_ws/install/manipulation_interfaces/share/ament_index/resource_index/parent_prefix_path/manipulation_interfaces
[59.813s] -- Installing: /home/fai/nao_ws/install/manipulation_interfaces/share/manipulation_interfaces/environment/ament_prefix_path.sh
[59.813s] -- Installing: /home/fai/nao_ws/install/manipulation_interfaces/share/manipulation_interfaces/environment/ament_prefix_path.dsv
[59.813s] -- Installing: /home/fai/nao_ws/install/manipulation_interfaces/share/manipulation_interfaces/environment/path.sh
[59.813s] -- Installing: /home/fai/nao_ws/install/manipulation_interfaces/share/manipulation_interfaces/environment/path.dsv
[59.814s] -- Installing: /home/fai/nao_ws/install/manipulation_interfaces/share/manipulation_interfaces/local_setup.bash
[59.814s] -- Installing: /home/fai/nao_ws/install/manipulation_interfaces/share/manipulation_interfaces/local_setup.sh
[59.814s] -- Installing: /home/fai/nao_ws/install/manipulation_interfaces/share/manipulation_interfaces/local_setup.zsh
[59.815s] -- Installing: /home/fai/nao_ws/install/manipulation_interfaces/share/manipulation_interfaces/local_setup.dsv
[59.815s] -- Installing: /home/fai/nao_ws/install/manipulation_interfaces/share/manipulation_interfaces/package.dsv
[59.815s] -- Installing: /home/fai/nao_ws/install/manipulation_interfaces/share/ament_index/resource_index/packages/manipulation_interfaces
[59.815s] -- Installing: /home/fai/nao_ws/install/manipulation_interfaces/share/manipulation_interfaces/cmake/export_manipulation_interfaces__rosidl_generator_cExport.cmake
[59.816s] -- Installing: /home/fai/nao_ws/install/manipulation_interfaces/share/manipulation_interfaces/cmake/export_manipulation_interfaces__rosidl_generator_cExport-noconfig.cmake
[59.816s] -- Installing: /home/fai/nao_ws/install/manipulation_interfaces/share/manipulation_interfaces/cmake/export_manipulation_interfaces__rosidl_typesupport_fastrtps_cExport.cmake
[59.816s] -- Installing: /home/fai/nao_ws/install/manipulation_interfaces/share/manipulation_interfaces/cmake/export_manipulation_interfaces__rosidl_typesupport_fastrtps_cExport-noconfig.cmake
[59.817s] -- Installing: /home/fai/nao_ws/install/manipulation_interfaces/share/manipulation_interfaces/cmake/manipulation_interfaces__rosidl_typesupport_introspection_cExport.cmake
[59.817s] -- Installing: /home/fai/nao_ws/install/manipulation_interfaces/share/manipulation_interfaces/cmake/manipulation_interfaces__rosidl_typesupport_introspection_cExport-noconfig.cmake
[59.817s] -- Installing: /home/fai/nao_ws/install/manipulation_interfaces/share/manipulation_interfaces/cmake/manipulation_interfaces__rosidl_typesupport_cExport.cmake
[59.818s] -- Installing: /home/fai/nao_ws/install/manipulation_interfaces/share/manipulation_interfaces/cmake/manipulation_interfaces__rosidl_typesupport_cExport-noconfig.cmake
[59.818s] -- Installing: /home/fai/nao_ws/install/manipulation_interfaces/share/manipulation_interfaces/cmake/export_manipulation_interfaces__rosidl_generator_cppExport.cmake
[59.818s] -- Installing: /home/fai/nao_ws/install/manipulation_interfaces/share/manipulation_interfaces/cmake/export_manipulation_interfaces__rosidl_typesupport_fastrtps_cppExport.cmake
[59.819s] -- Installing: /home/fai/nao_ws/install/manipulation_interfaces/share/manipulation_interfaces/cmake/export_manipulation_interfaces__rosidl_typesupport_fastrtps_cppExport-noconfig.cmake
[59.819s] -- Installing: /home/fai/nao_ws/install/manipulation_interfaces/share/manipulation_interfaces/cmake/manipulation_interfaces__rosidl_typesupport_introspection_cppExport.cmake
[59.819s] -- Installing: /home/fai/nao_ws/install/manipulation_interfaces/share/manipulation_interfaces/cmake/manipulation_interfaces__rosidl_typesupport_introspection_cppExport-noconfig.cmake
[59.819s] -- Installing: /home/fai/nao_ws/install/manipulation_interfaces/share/manipulation_interfaces/cmake/manipulation_interfaces__rosidl_typesupport_cppExport.cmake
[59.820s] -- Installing: /home/fai/nao_ws/install/manipulation_interfaces/share/manipulation_interfaces/cmake/manipulation_interfaces__rosidl_typesupport_cppExport-noconfig.cmake
[59.820s] -- Installing: /home/fai/nao_ws/install/manipulation_interfaces/share/manipulation_interfaces/cmake/export_manipulation_interfaces__rosidl_generator_pyExport.cmake
[59.820s] -- Installing: /home/fai/nao_ws/install/manipulation_interfaces/share/manipulation_interfaces/cmake/export_manipulation_interfaces__rosidl_generator_pyExport-noconfig.cmake
[59.821s] -- Installing: /home/fai/nao_ws/install/manipulation_interfaces/share/manipulation_interfaces/cmake/rosidl_cmake-extras.cmake
[59.821s] -- Installing: /home/fai/nao_ws/install/manipulation_interfaces/share/manipulation_interfaces/cmake/ament_cmake_export_dependencies-extras.cmake
[59.821s] -- Installing: /home/fai/nao_ws/install/manipulation_interfaces/share/manipulation_interfaces/cmake/ament_cmake_export_include_directories-extras.cmake
[59.821s] -- Installing: /home/fai/nao_ws/install/manipulation_interfaces/share/manipulation_interfaces/cmake/ament_cmake_export_libraries-extras.cmake
[59.822s] -- Installing: /home/fai/nao_ws/install/manipulation_interfaces/share/manipulation_interfaces/cmake/ament_cmake_export_targets-extras.cmake
[59.822s] -- Installing: /home/fai/nao_ws/install/manipulation_interfaces/share/manipulation_interfaces/cmake/rosidl_cmake_export_typesupport_targets-extras.cmake
[59.822s] -- Installing: /home/fai/nao_ws/install/manipulation_interfaces/share/manipulation_interfaces/cmake/rosidl_cmake_export_typesupport_libraries-extras.cmake
[59.823s] -- Installing: /home/fai/nao_ws/install/manipulation_interfaces/share/manipulation_interfaces/cmake/manipulation_interfacesConfig.cmake
[59.823s] -- Installing: /home/fai/nao_ws/install/manipulation_interfaces/share/manipulation_interfaces/cmake/manipulation_interfacesConfig-version.cmake
[59.823s] -- Installing: /home/fai/nao_ws/install/manipulation_interfaces/share/manipulation_interfaces/package.xml
[59.827s] Invoked command in '/home/fai/nao_ws/build/manipulation_interfaces' returned '0': CMAKE_PREFIX_PATH=${CMAKE_PREFIX_PATH}:/home/fai/nao_ws/install/web_controller:/home/fai/nao_ws/install/speech:/home/fai/nao_ws/install/nao_tasks:/home/fai/nao_ws/install/integration:/home/fai/nao_ws/install/perception:/home/fai/nao_ws/install/navigation:/home/fai/nao_ws/install/nao_qi_ros2_package:/home/fai/nao_ws/install/manipulation:/opt/ros/jazzy DEBUGINFOD_URLS=https://debuginfod.ubuntu.com /usr/bin/cmake --install /home/fai/nao_ws/build/manipulation_interfaces
